[2026-06-10T23:19:58.099+0000] {local_task_job_runner.py:120} INFO - ::group::Pre task execution logs
[2026-06-10T23:19:58.129+0000] {taskinstance.py:2076} INFO - Dependencies all met for dep_context=non-requeueable deps ti=<TaskInstance: clima_etl.verificar manual__2026-06-10T23:19:52.464386+00:00 [queued]>
[2026-06-10T23:19:58.137+0000] {taskinstance.py:2076} INFO - Dependencies all met for dep_context=requeueable deps ti=<TaskInstance: clima_etl.verificar manual__2026-06-10T23:19:52.464386+00:00 [queued]>
[2026-06-10T23:19:58.137+0000] {taskinstance.py:2306} INFO - Starting attempt 1 of 3
[2026-06-10T23:19:58.150+0000] {taskinstance.py:2330} INFO - Executing <Task(_PythonDecoratedOperator): verificar> on 2026-06-10 23:19:52.464386+00:00
[2026-06-10T23:19:58.156+0000] {standard_task_runner.py:64} INFO - Started process 13793 to run task
[2026-06-10T23:19:58.159+0000] {standard_task_runner.py:90} INFO - Running: ['***', 'tasks', 'run', 'clima_etl', 'verificar', 'manual__2026-06-10T23:19:52.464386+00:00', '--job-id', '2488', '--raw', '--subdir', 'DAGS_FOLDER/clima_etl.py', '--cfg-path', '/tmp/tmpx_tnw8n6']
[2026-06-10T23:19:58.160+0000] {standard_task_runner.py:91} INFO - Job 2488: Subtask verificar
[2026-06-10T23:19:58.213+0000] {task_command.py:426} INFO - Running <TaskInstance: clima_etl.verificar manual__2026-06-10T23:19:52.464386+00:00 [running]> on host 924392a8df6f
[2026-06-10T23:19:58.452+0000] {taskinstance.py:2648} INFO - Exporting env vars: AIRFLOW_CTX_DAG_OWNER='lab' AIRFLOW_CTX_DAG_ID='clima_etl' AIRFLOW_CTX_TASK_ID='verificar' AIRFLOW_CTX_EXECUTION_DATE='2026-06-10T23:19:52.464386+00:00' AIRFLOW_CTX_TRY_NUMBER='1' AIRFLOW_CTX_DAG_RUN_ID='manual__2026-06-10T23:19:52.464386+00:00'
[2026-06-10T23:19:58.452+0000] {taskinstance.py:430} INFO - ::endgroup::
[2026-06-10T23:19:58.480+0000] {base.py:84} INFO - Using connection ID 'postgres_lab' for task execution.
[2026-06-10T23:19:58.486+0000] {sql.py:495} INFO - Running statement: SELECT COUNT(*), ROUND(AVG(temperatura_c)::numeric, 2) FROM clima WHERE dag_run_id = %s, parameters: ('manual__2026-06-10T23:19:52.464386+00:00',)
[2026-06-10T23:19:58.488+0000] {sql.py:504} INFO - Rows affected: 1
[2026-06-10T23:19:58.489+0000] {clima_etl.py:256} INFO - === VERIFICAÇÃO ===
[2026-06-10T23:19:58.489+0000] {clima_etl.py:257} INFO - Registros na tabela para manual__2026-06-10T23:19:52.464386+00:00: 72 (esperado: 72)
[2026-06-10T23:19:58.489+0000] {clima_etl.py:258} INFO - Temperatura média geral: 20.08°C
[2026-06-10T23:19:58.490+0000] {clima_etl.py:265} INFO - ✓ Verificação OK!
[2026-06-10T23:19:58.490+0000] {python.py:237} INFO - Done. Returned value was: None
[2026-06-10T23:19:58.490+0000] {taskinstance.py:441} INFO - ::group::Post task execution logs
[2026-06-10T23:19:58.501+0000] {taskinstance.py:1206} INFO - Marking task as SUCCESS. dag_id=clima_etl, task_id=verificar, run_id=manual__2026-06-10T23:19:52.464386+00:00, execution_date=20260610T231952, start_date=20260610T231958, end_date=20260610T231958
[2026-06-10T23:19:58.531+0000] {local_task_job_runner.py:243} INFO - Task exited with return code 0
[2026-06-10T23:19:58.551+0000] {taskinstance.py:3503} INFO - 0 downstream tasks scheduled from follow-on schedule check
[2026-06-10T23:19:58.552+0000] {local_task_job_runner.py:222} INFO - ::endgroup::
