[2026-06-27T17:40:13.124+0000] {local_task_job_runner.py:120} INFO - ::group::Pre task execution logs
[2026-06-27T17:40:13.167+0000] {taskinstance.py:2076} INFO - Dependencies all met for dep_context=non-requeueable deps ti=<TaskInstance: clima_etl_corrigido2.carregar scheduled__2026-06-26T06:00:00+00:00 [queued]>
[2026-06-27T17:40:13.180+0000] {taskinstance.py:2076} INFO - Dependencies all met for dep_context=requeueable deps ti=<TaskInstance: clima_etl_corrigido2.carregar scheduled__2026-06-26T06:00:00+00:00 [queued]>
[2026-06-27T17:40:13.181+0000] {taskinstance.py:2306} INFO - Starting attempt 1 of 3
[2026-06-27T17:40:13.205+0000] {taskinstance.py:2330} INFO - Executing <Task(_PythonDecoratedOperator): carregar> on 2026-06-26 06:00:00+00:00
[2026-06-27T17:40:13.209+0000] {standard_task_runner.py:64} INFO - Started process 5397 to run task
[2026-06-27T17:40:13.215+0000] {standard_task_runner.py:90} INFO - Running: ['***', 'tasks', 'run', 'clima_etl_corrigido2', 'carregar', 'scheduled__2026-06-26T06:00:00+00:00', '--job-id', '740', '--raw', '--subdir', 'DAGS_FOLDER/clima_etl_corrigido2.py', '--cfg-path', '/tmp/tmp_p5dg003']
[2026-06-27T17:40:13.217+0000] {standard_task_runner.py:91} INFO - Job 740: Subtask carregar
[2026-06-27T17:40:13.305+0000] {task_command.py:426} INFO - Running <TaskInstance: clima_etl_corrigido2.carregar scheduled__2026-06-26T06:00:00+00:00 [running]> on host 111e4500e751
[2026-06-27T17:40:13.653+0000] {taskinstance.py:2648} INFO - Exporting env vars: AIRFLOW_CTX_DAG_OWNER='lab' AIRFLOW_CTX_DAG_ID='clima_etl_corrigido2' AIRFLOW_CTX_TASK_ID='carregar' AIRFLOW_CTX_EXECUTION_DATE='2026-06-26T06:00:00+00:00' AIRFLOW_CTX_TRY_NUMBER='1' AIRFLOW_CTX_DAG_RUN_ID='scheduled__2026-06-26T06:00:00+00:00'
[2026-06-27T17:40:13.654+0000] {taskinstance.py:430} INFO - ::endgroup::
[2026-06-27T17:40:13.792+0000] {base.py:84} INFO - Using connection ID 'postgres_lab' for task execution.
[2026-06-27T17:40:14.424+0000] {clima_etl_corrigido2.py:222} INFO - ✓ 72 registros inseridos na tabela 'clima'
[2026-06-27T17:40:14.425+0000] {clima_etl_corrigido2.py:223} INFO -   run_id: scheduled__2026-06-26T06:00:00+00:00 | data: 2026-06-26
[2026-06-27T17:40:14.425+0000] {python.py:237} INFO - Done. Returned value was: 72
[2026-06-27T17:40:14.425+0000] {taskinstance.py:441} INFO - ::group::Post task execution logs
[2026-06-27T17:40:14.465+0000] {taskinstance.py:1206} INFO - Marking task as SUCCESS. dag_id=clima_etl_corrigido2, task_id=carregar, run_id=scheduled__2026-06-26T06:00:00+00:00, execution_date=20260626T060000, start_date=20260627T174013, end_date=20260627T174014
[2026-06-27T17:40:14.494+0000] {local_task_job_runner.py:243} INFO - Task exited with return code 0
[2026-06-27T17:40:14.527+0000] {taskinstance.py:3503} INFO - 1 downstream tasks scheduled from follow-on schedule check
[2026-06-27T17:40:14.533+0000] {local_task_job_runner.py:222} INFO - ::endgroup::
