[2026-06-28T17:42:32.090+0000] {local_task_job_runner.py:120} INFO - ::group::Pre task execution logs
[2026-06-28T17:42:32.166+0000] {taskinstance.py:2076} INFO - Dependencies all met for dep_context=non-requeueable deps ti=<TaskInstance: shopbrasil_panorama_precos.buscar_produtos manual__2026-06-28T17:42:30.997049+00:00 [queued]>
[2026-06-28T17:42:32.181+0000] {taskinstance.py:2076} INFO - Dependencies all met for dep_context=requeueable deps ti=<TaskInstance: shopbrasil_panorama_precos.buscar_produtos manual__2026-06-28T17:42:30.997049+00:00 [queued]>
[2026-06-28T17:42:32.182+0000] {taskinstance.py:2306} INFO - Starting attempt 1 of 4
[2026-06-28T17:42:32.211+0000] {taskinstance.py:2330} INFO - Executing <Task(_PythonDecoratedOperator): buscar_produtos> on 2026-06-28 17:42:30.997049+00:00
[2026-06-28T17:42:32.227+0000] {standard_task_runner.py:64} INFO - Started process 17544 to run task
[2026-06-28T17:42:32.234+0000] {standard_task_runner.py:90} INFO - Running: ['***', 'tasks', 'run', 'shopbrasil_panorama_precos', 'buscar_produtos', 'manual__2026-06-28T17:42:30.997049+00:00', '--job-id', '766', '--raw', '--subdir', 'DAGS_FOLDER/shopbrasil_panorama_precos.py', '--cfg-path', '/tmp/tmpexzyzh9j']
[2026-06-28T17:42:32.235+0000] {standard_task_runner.py:91} INFO - Job 766: Subtask buscar_produtos
[2026-06-28T17:42:32.319+0000] {task_command.py:426} INFO - Running <TaskInstance: shopbrasil_panorama_precos.buscar_produtos manual__2026-06-28T17:42:30.997049+00:00 [running]> on host cc8c651b391b
[2026-06-28T17:42:32.635+0000] {taskinstance.py:2648} INFO - Exporting env vars: AIRFLOW_CTX_DAG_OWNER='shopbrasil_data' AIRFLOW_CTX_DAG_ID='shopbrasil_panorama_precos' AIRFLOW_CTX_TASK_ID='buscar_produtos' AIRFLOW_CTX_EXECUTION_DATE='2026-06-28T17:42:30.997049+00:00' AIRFLOW_CTX_TRY_NUMBER='1' AIRFLOW_CTX_DAG_RUN_ID='manual__2026-06-28T17:42:30.997049+00:00'
[2026-06-28T17:42:32.636+0000] {taskinstance.py:430} INFO - ::endgroup::
[2026-06-28T17:42:32.636+0000] {shopbrasil_panorama_precos.py:131} INFO - Buscando produtos na FakeStore API: https://fakestoreapi222222.com/products
[2026-06-28T17:42:32.888+0000] {shopbrasil_panorama_precos.py:163} ERROR - Erro HTTP ao consultar FakeStore API: HTTPSConnectionPool(host='fakestoreapi222222.com', port=443): Max retries exceeded with url: /products (Caused by NameResolutionError("<urllib3.connection.HTTPSConnection object at 0x7fb9fd8c1790>: Failed to resolve 'fakestoreapi222222.com' ([Errno -2] Name or service not known)"))
[2026-06-28T17:42:32.888+0000] {taskinstance.py:441} INFO - ::group::Post task execution logs
[2026-06-28T17:42:32.888+0000] {taskinstance.py:2905} ERROR - Task failed with exception
Traceback (most recent call last):
  File "/home/airflow/.local/lib/python3.11/site-packages/urllib3/connection.py", line 203, in _new_conn
    sock = connection.create_connection(
           ^^^^^^^^^^^^^^^^^^^^^^^^^^^^^
  File "/home/airflow/.local/lib/python3.11/site-packages/urllib3/util/connection.py", line 60, in create_connection
    for res in socket.getaddrinfo(host, port, family, socket.SOCK_STREAM):
               ^^^^^^^^^^^^^^^^^^^^^^^^^^^^^^^^^^^^^^^^^^^^^^^^^^^^^^^^^^
  File "/usr/local/lib/python3.11/socket.py", line 962, in getaddrinfo
    for res in _socket.getaddrinfo(host, port, family, type, proto, flags):
               ^^^^^^^^^^^^^^^^^^^^^^^^^^^^^^^^^^^^^^^^^^^^^^^^^^^^^^^^^^^
socket.gaierror: [Errno -2] Name or service not known

The above exception was the direct cause of the following exception:

Traceback (most recent call last):
  File "/home/airflow/.local/lib/python3.11/site-packages/urllib3/connectionpool.py", line 791, in urlopen
    response = self._make_request(
               ^^^^^^^^^^^^^^^^^^^
  File "/home/airflow/.local/lib/python3.11/site-packages/urllib3/connectionpool.py", line 492, in _make_request
    raise new_e
  File "/home/airflow/.local/lib/python3.11/site-packages/urllib3/connectionpool.py", line 468, in _make_request
    self._validate_conn(conn)
  File "/home/airflow/.local/lib/python3.11/site-packages/urllib3/connectionpool.py", line 1097, in _validate_conn
    conn.connect()
  File "/home/airflow/.local/lib/python3.11/site-packages/urllib3/connection.py", line 611, in connect
    self.sock = sock = self._new_conn()
                       ^^^^^^^^^^^^^^^^
  File "/home/airflow/.local/lib/python3.11/site-packages/urllib3/connection.py", line 210, in _new_conn
    raise NameResolutionError(self.host, self, e) from e
urllib3.exceptions.NameResolutionError: <urllib3.connection.HTTPSConnection object at 0x7fb9fd8c1790>: Failed to resolve 'fakestoreapi222222.com' ([Errno -2] Name or service not known)

The above exception was the direct cause of the following exception:

Traceback (most recent call last):
  File "/home/airflow/.local/lib/python3.11/site-packages/requests/adapters.py", line 667, in send
    resp = conn.urlopen(
           ^^^^^^^^^^^^^
  File "/home/airflow/.local/lib/python3.11/site-packages/urllib3/connectionpool.py", line 845, in urlopen
    retries = retries.increment(
              ^^^^^^^^^^^^^^^^^^
  File "/home/airflow/.local/lib/python3.11/site-packages/urllib3/util/retry.py", line 515, in increment
    raise MaxRetryError(_pool, url, reason) from reason  # type: ignore[arg-type]
    ^^^^^^^^^^^^^^^^^^^^^^^^^^^^^^^^^^^^^^^^^^^^^^^^^^^
urllib3.exceptions.MaxRetryError: HTTPSConnectionPool(host='fakestoreapi222222.com', port=443): Max retries exceeded with url: /products (Caused by NameResolutionError("<urllib3.connection.HTTPSConnection object at 0x7fb9fd8c1790>: Failed to resolve 'fakestoreapi222222.com' ([Errno -2] Name or service not known)"))

During handling of the above exception, another exception occurred:

Traceback (most recent call last):
  File "/home/airflow/.local/lib/python3.11/site-packages/airflow/models/taskinstance.py", line 460, in _execute_task
    result = _execute_callable(context=context, **execute_callable_kwargs)
             ^^^^^^^^^^^^^^^^^^^^^^^^^^^^^^^^^^^^^^^^^^^^^^^^^^^^^^^^^^^^^
  File "/home/airflow/.local/lib/python3.11/site-packages/airflow/models/taskinstance.py", line 432, in _execute_callable
    return execute_callable(context=context, **execute_callable_kwargs)
           ^^^^^^^^^^^^^^^^^^^^^^^^^^^^^^^^^^^^^^^^^^^^^^^^^^^^^^^^^^^^
  File "/home/airflow/.local/lib/python3.11/site-packages/airflow/models/baseoperator.py", line 401, in wrapper
    return func(self, *args, **kwargs)
           ^^^^^^^^^^^^^^^^^^^^^^^^^^^
  File "/home/airflow/.local/lib/python3.11/site-packages/airflow/decorators/base.py", line 265, in execute
    return_value = super().execute(context)
                   ^^^^^^^^^^^^^^^^^^^^^^^^
  File "/home/airflow/.local/lib/python3.11/site-packages/airflow/models/baseoperator.py", line 401, in wrapper
    return func(self, *args, **kwargs)
           ^^^^^^^^^^^^^^^^^^^^^^^^^^^
  File "/home/airflow/.local/lib/python3.11/site-packages/airflow/operators/python.py", line 235, in execute
    return_value = self.execute_callable()
                   ^^^^^^^^^^^^^^^^^^^^^^^
  File "/home/airflow/.local/lib/python3.11/site-packages/airflow/operators/python.py", line 252, in execute_callable
    return self.python_callable(*self.op_args, **self.op_kwargs)
           ^^^^^^^^^^^^^^^^^^^^^^^^^^^^^^^^^^^^^^^^^^^^^^^^^^^^^
  File "/opt/airflow/dags/shopbrasil_panorama_precos.py", line 134, in buscar_produtos
    response = requests.get(
               ^^^^^^^^^^^^^
  File "/home/airflow/.local/lib/python3.11/site-packages/requests/api.py", line 73, in get
    return request("get", url, params=params, **kwargs)
           ^^^^^^^^^^^^^^^^^^^^^^^^^^^^^^^^^^^^^^^^^^^^
  File "/home/airflow/.local/lib/python3.11/site-packages/requests/api.py", line 59, in request
    return session.request(method=method, url=url, **kwargs)
           ^^^^^^^^^^^^^^^^^^^^^^^^^^^^^^^^^^^^^^^^^^^^^^^^^
  File "/home/airflow/.local/lib/python3.11/site-packages/requests/sessions.py", line 589, in request
    resp = self.send(prep, **send_kwargs)
           ^^^^^^^^^^^^^^^^^^^^^^^^^^^^^^
  File "/home/airflow/.local/lib/python3.11/site-packages/requests/sessions.py", line 703, in send
    r = adapter.send(request, **kwargs)
        ^^^^^^^^^^^^^^^^^^^^^^^^^^^^^^^
  File "/home/airflow/.local/lib/python3.11/site-packages/requests/adapters.py", line 700, in send
    raise ConnectionError(e, request=request)
requests.exceptions.ConnectionError: HTTPSConnectionPool(host='fakestoreapi222222.com', port=443): Max retries exceeded with url: /products (Caused by NameResolutionError("<urllib3.connection.HTTPSConnection object at 0x7fb9fd8c1790>: Failed to resolve 'fakestoreapi222222.com' ([Errno -2] Name or service not known)"))
[2026-06-28T17:42:32.934+0000] {taskinstance.py:1206} INFO - Marking task as UP_FOR_RETRY. dag_id=shopbrasil_panorama_precos, task_id=buscar_produtos, run_id=manual__2026-06-28T17:42:30.997049+00:00, execution_date=20260628T174230, start_date=20260628T174232, end_date=20260628T174232
[2026-06-28T17:42:32.955+0000] {standard_task_runner.py:110} ERROR - Failed to execute job 766 for task buscar_produtos (HTTPSConnectionPool(host='fakestoreapi222222.com', port=443): Max retries exceeded with url: /products (Caused by NameResolutionError("<urllib3.connection.HTTPSConnection object at 0x7fb9fd8c1790>: Failed to resolve 'fakestoreapi222222.com' ([Errno -2] Name or service not known)")); 17544)
[2026-06-28T17:42:32.994+0000] {local_task_job_runner.py:243} INFO - Task exited with return code 1
[2026-06-28T17:42:33.030+0000] {taskinstance.py:3503} INFO - 0 downstream tasks scheduled from follow-on schedule check
[2026-06-28T17:42:33.034+0000] {local_task_job_runner.py:222} INFO - ::endgroup::
