[2026-06-28T18:33:38.606+0000] {local_task_job_runner.py:120} INFO - ::group::Pre task execution logs
[2026-06-28T18:33:38.646+0000] {taskinstance.py:2076} INFO - Dependencies all met for dep_context=non-requeueable deps ti=<TaskInstance: shopbrasil_panorama_precos.buscar_produtos manual__2026-06-28T17:42:30.997049+00:00 [queued]>
[2026-06-28T18:33:38.657+0000] {taskinstance.py:2076} INFO - Dependencies all met for dep_context=requeueable deps ti=<TaskInstance: shopbrasil_panorama_precos.buscar_produtos manual__2026-06-28T17:42:30.997049+00:00 [queued]>
[2026-06-28T18:33:38.658+0000] {taskinstance.py:2306} INFO - Starting attempt 4 of 4
[2026-06-28T18:33:38.679+0000] {taskinstance.py:2330} INFO - Executing <Task(_PythonDecoratedOperator): buscar_produtos> on 2026-06-28 17:42:30.997049+00:00
[2026-06-28T18:33:38.684+0000] {standard_task_runner.py:64} INFO - Started process 23326 to run task
[2026-06-28T18:33:38.688+0000] {standard_task_runner.py:90} INFO - Running: ['***', 'tasks', 'run', 'shopbrasil_panorama_precos', 'buscar_produtos', 'manual__2026-06-28T17:42:30.997049+00:00', '--job-id', '769', '--raw', '--subdir', 'DAGS_FOLDER/shopbrasil_panorama_precos.py', '--cfg-path', '/tmp/tmpr0idjn3z']
[2026-06-28T18:33:38.689+0000] {standard_task_runner.py:91} INFO - Job 769: Subtask buscar_produtos
[2026-06-28T18:33:38.761+0000] {task_command.py:426} INFO - Running <TaskInstance: shopbrasil_panorama_precos.buscar_produtos manual__2026-06-28T17:42:30.997049+00:00 [running]> on host cc8c651b391b
[2026-06-28T18:33:39.050+0000] {taskinstance.py:2648} INFO - Exporting env vars: AIRFLOW_CTX_DAG_OWNER='shopbrasil_data' AIRFLOW_CTX_DAG_ID='shopbrasil_panorama_precos' AIRFLOW_CTX_TASK_ID='buscar_produtos' AIRFLOW_CTX_EXECUTION_DATE='2026-06-28T17:42:30.997049+00:00' AIRFLOW_CTX_TRY_NUMBER='4' AIRFLOW_CTX_DAG_RUN_ID='manual__2026-06-28T17:42:30.997049+00:00'
[2026-06-28T18:33:39.051+0000] {taskinstance.py:430} INFO - ::endgroup::
[2026-06-28T18:33:39.051+0000] {shopbrasil_panorama_precos.py:141} INFO - Buscando produtos na FakeStore API: https://fakestoreapi.com/products
[2026-06-28T18:33:40.283+0000] {shopbrasil_panorama_precos.py:165} INFO - ✓ produto id=1 — categoria=men's clothing — preço=109.95
[2026-06-28T18:33:40.284+0000] {shopbrasil_panorama_precos.py:165} INFO - ✓ produto id=2 — categoria=men's clothing — preço=22.30
[2026-06-28T18:33:40.284+0000] {shopbrasil_panorama_precos.py:165} INFO - ✓ produto id=3 — categoria=men's clothing — preço=55.99
[2026-06-28T18:33:40.284+0000] {shopbrasil_panorama_precos.py:165} INFO - ✓ produto id=4 — categoria=men's clothing — preço=15.99
[2026-06-28T18:33:40.284+0000] {shopbrasil_panorama_precos.py:165} INFO - ✓ produto id=5 — categoria=jewelery — preço=695.00
[2026-06-28T18:33:40.285+0000] {shopbrasil_panorama_precos.py:165} INFO - ✓ produto id=6 — categoria=jewelery — preço=168.00
[2026-06-28T18:33:40.285+0000] {shopbrasil_panorama_precos.py:165} INFO - ✓ produto id=7 — categoria=jewelery — preço=9.99
[2026-06-28T18:33:40.285+0000] {shopbrasil_panorama_precos.py:165} INFO - ✓ produto id=8 — categoria=jewelery — preço=10.99
[2026-06-28T18:33:40.285+0000] {shopbrasil_panorama_precos.py:165} INFO - ✓ produto id=9 — categoria=electronics — preço=64.00
[2026-06-28T18:33:40.285+0000] {shopbrasil_panorama_precos.py:165} INFO - ✓ produto id=10 — categoria=electronics — preço=109.00
[2026-06-28T18:33:40.285+0000] {shopbrasil_panorama_precos.py:165} INFO - ✓ produto id=11 — categoria=electronics — preço=109.00
[2026-06-28T18:33:40.285+0000] {shopbrasil_panorama_precos.py:165} INFO - ✓ produto id=12 — categoria=electronics — preço=114.00
[2026-06-28T18:33:40.285+0000] {shopbrasil_panorama_precos.py:165} INFO - ✓ produto id=13 — categoria=electronics — preço=599.00
[2026-06-28T18:33:40.285+0000] {shopbrasil_panorama_precos.py:165} INFO - ✓ produto id=14 — categoria=electronics — preço=999.99
[2026-06-28T18:33:40.286+0000] {shopbrasil_panorama_precos.py:165} INFO - ✓ produto id=15 — categoria=women's clothing — preço=56.99
[2026-06-28T18:33:40.286+0000] {shopbrasil_panorama_precos.py:165} INFO - ✓ produto id=16 — categoria=women's clothing — preço=29.95
[2026-06-28T18:33:40.286+0000] {shopbrasil_panorama_precos.py:165} INFO - ✓ produto id=17 — categoria=women's clothing — preço=39.99
[2026-06-28T18:33:40.286+0000] {shopbrasil_panorama_precos.py:165} INFO - ✓ produto id=18 — categoria=women's clothing — preço=9.85
[2026-06-28T18:33:40.286+0000] {shopbrasil_panorama_precos.py:165} INFO - ✓ produto id=19 — categoria=women's clothing — preço=7.95
[2026-06-28T18:33:40.286+0000] {shopbrasil_panorama_precos.py:165} INFO - ✓ produto id=20 — categoria=women's clothing — preço=12.99
[2026-06-28T18:33:40.286+0000] {shopbrasil_panorama_precos.py:179} INFO - Total de produtos coletados: 20
[2026-06-28T18:33:40.288+0000] {python.py:237} INFO - Done. Returned value was: [{'id': 1, 'price': 109.95, 'category': "men's clothing"}, {'id': 2, 'price': 22.3, 'category': "men's clothing"}, {'id': 3, 'price': 55.99, 'category': "men's clothing"}, {'id': 4, 'price': 15.99, 'category': "men's clothing"}, {'id': 5, 'price': 695.0, 'category': 'jewelery'}, {'id': 6, 'price': 168.0, 'category': 'jewelery'}, {'id': 7, 'price': 9.99, 'category': 'jewelery'}, {'id': 8, 'price': 10.99, 'category': 'jewelery'}, {'id': 9, 'price': 64.0, 'category': 'electronics'}, {'id': 10, 'price': 109.0, 'category': 'electronics'}, {'id': 11, 'price': 109.0, 'category': 'electronics'}, {'id': 12, 'price': 114.0, 'category': 'electronics'}, {'id': 13, 'price': 599.0, 'category': 'electronics'}, {'id': 14, 'price': 999.99, 'category': 'electronics'}, {'id': 15, 'price': 56.99, 'category': "women's clothing"}, {'id': 16, 'price': 29.95, 'category': "women's clothing"}, {'id': 17, 'price': 39.99, 'category': "women's clothing"}, {'id': 18, 'price': 9.85, 'category': "women's clothing"}, {'id': 19, 'price': 7.95, 'category': "women's clothing"}, {'id': 20, 'price': 12.99, 'category': "women's clothing"}]
[2026-06-28T18:33:40.288+0000] {taskinstance.py:441} INFO - ::group::Post task execution logs
[2026-06-28T18:33:40.328+0000] {taskinstance.py:1206} INFO - Marking task as SUCCESS. dag_id=shopbrasil_panorama_precos, task_id=buscar_produtos, run_id=manual__2026-06-28T17:42:30.997049+00:00, execution_date=20260628T174230, start_date=20260628T183338, end_date=20260628T183340
[2026-06-28T18:33:40.329+0000] {callbacks.py:46} INFO - SHOPBRASIL ✓ SUCESSO | task=buscar_produtos | run=manual__2026-06-28T17:42:30.997049+00:00 | tentativa=5
[2026-06-28T18:33:40.351+0000] {base.py:84} INFO - Using connection ID 'postgres_lab' for task execution.
[2026-06-28T18:33:40.360+0000] {sql.py:495} INFO - Running statement: 
            INSERT INTO etl_log (dag_id, run_id, task_id, status, registros, mensagem)
            VALUES (%s, %s, %s, %s, %s, %s)
            , parameters: ('shopbrasil_panorama_precos', 'manual__2026-06-28T17:42:30.997049+00:00', 'buscar_produtos', 'success', 0, 'Ingestão concluída na tentativa 5')
[2026-06-28T18:33:40.363+0000] {sql.py:504} INFO - Rows affected: 1
[2026-06-28T18:33:40.406+0000] {local_task_job_runner.py:243} INFO - Task exited with return code 0
[2026-06-28T18:33:40.440+0000] {taskinstance.py:3503} INFO - 1 downstream tasks scheduled from follow-on schedule check
[2026-06-28T18:33:40.446+0000] {local_task_job_runner.py:222} INFO - ::endgroup::
