[2026-06-21T00:00:02.517+0000] {processor.py:161} INFO - Started process (PID=5870) to work on /opt/airflow/dags/clima_etl_corrigido.py
[2026-06-21T00:00:02.526+0000] {processor.py:830} INFO - Processing file /opt/airflow/dags/clima_etl_corrigido.py for tasks to queue
[2026-06-21T00:00:02.539+0000] {logging_mixin.py:188} INFO - [2026-06-21T00:00:02.539+0000] {dagbag.py:545} INFO - Filling up the DagBag from /opt/airflow/dags/clima_etl_corrigido.py
[2026-06-21T00:00:02.578+0000] {processor.py:840} INFO - DAG(s) 'clima_etl_corrigido' retrieved from /opt/airflow/dags/clima_etl_corrigido.py
[2026-06-21T00:00:02.661+0000] {logging_mixin.py:188} INFO - [2026-06-21T00:00:02.661+0000] {dag.py:3089} INFO - Sync 1 DAGs
[2026-06-21T00:00:02.708+0000] {logging_mixin.py:188} INFO - [2026-06-21T00:00:02.708+0000] {dag.py:3947} INFO - Setting next_dagrun for clima_etl_corrigido to 2026-06-20 06:00:00+00:00, run_after=2026-06-21 06:00:00+00:00
[2026-06-21T00:00:02.771+0000] {processor.py:183} INFO - Processing /opt/airflow/dags/clima_etl_corrigido.py took 0.272 seconds
[2026-06-21T00:00:33.156+0000] {processor.py:161} INFO - Started process (PID=5924) to work on /opt/airflow/dags/clima_etl_corrigido.py
[2026-06-21T00:00:33.159+0000] {processor.py:830} INFO - Processing file /opt/airflow/dags/clima_etl_corrigido.py for tasks to queue
[2026-06-21T00:00:33.161+0000] {logging_mixin.py:188} INFO - [2026-06-21T00:00:33.160+0000] {dagbag.py:545} INFO - Filling up the DagBag from /opt/airflow/dags/clima_etl_corrigido.py
[2026-06-21T00:00:33.199+0000] {processor.py:840} INFO - DAG(s) 'clima_etl_corrigido' retrieved from /opt/airflow/dags/clima_etl_corrigido.py
[2026-06-21T00:00:33.293+0000] {logging_mixin.py:188} INFO - [2026-06-21T00:00:33.293+0000] {dag.py:3089} INFO - Sync 1 DAGs
[2026-06-21T00:00:33.359+0000] {logging_mixin.py:188} INFO - [2026-06-21T00:00:33.359+0000] {dag.py:3947} INFO - Setting next_dagrun for clima_etl_corrigido to 2026-06-20 06:00:00+00:00, run_after=2026-06-21 06:00:00+00:00
[2026-06-21T00:00:33.437+0000] {processor.py:183} INFO - Processing /opt/airflow/dags/clima_etl_corrigido.py took 0.295 seconds
[2026-06-21T00:01:03.842+0000] {processor.py:161} INFO - Started process (PID=5971) to work on /opt/airflow/dags/clima_etl_corrigido.py
[2026-06-21T00:01:03.845+0000] {processor.py:830} INFO - Processing file /opt/airflow/dags/clima_etl_corrigido.py for tasks to queue
[2026-06-21T00:01:03.850+0000] {logging_mixin.py:188} INFO - [2026-06-21T00:01:03.849+0000] {dagbag.py:545} INFO - Filling up the DagBag from /opt/airflow/dags/clima_etl_corrigido.py
[2026-06-21T00:01:03.913+0000] {processor.py:840} INFO - DAG(s) 'clima_etl_corrigido' retrieved from /opt/airflow/dags/clima_etl_corrigido.py
[2026-06-21T00:01:04.056+0000] {logging_mixin.py:188} INFO - [2026-06-21T00:01:04.055+0000] {dag.py:3089} INFO - Sync 1 DAGs
[2026-06-21T00:01:04.124+0000] {logging_mixin.py:188} INFO - [2026-06-21T00:01:04.123+0000] {dag.py:3947} INFO - Setting next_dagrun for clima_etl_corrigido to 2026-06-20 06:00:00+00:00, run_after=2026-06-21 06:00:00+00:00
[2026-06-21T00:01:04.188+0000] {processor.py:183} INFO - Processing /opt/airflow/dags/clima_etl_corrigido.py took 0.364 seconds
[2026-06-21T00:01:34.598+0000] {processor.py:161} INFO - Started process (PID=6023) to work on /opt/airflow/dags/clima_etl_corrigido.py
[2026-06-21T00:01:34.600+0000] {processor.py:830} INFO - Processing file /opt/airflow/dags/clima_etl_corrigido.py for tasks to queue
[2026-06-21T00:01:34.603+0000] {logging_mixin.py:188} INFO - [2026-06-21T00:01:34.602+0000] {dagbag.py:545} INFO - Filling up the DagBag from /opt/airflow/dags/clima_etl_corrigido.py
[2026-06-21T00:01:34.636+0000] {processor.py:840} INFO - DAG(s) 'clima_etl_corrigido' retrieved from /opt/airflow/dags/clima_etl_corrigido.py
[2026-06-21T00:01:34.739+0000] {logging_mixin.py:188} INFO - [2026-06-21T00:01:34.739+0000] {dag.py:3089} INFO - Sync 1 DAGs
[2026-06-21T00:01:34.823+0000] {logging_mixin.py:188} INFO - [2026-06-21T00:01:34.822+0000] {dag.py:3947} INFO - Setting next_dagrun for clima_etl_corrigido to 2026-06-20 06:00:00+00:00, run_after=2026-06-21 06:00:00+00:00
[2026-06-21T00:01:34.900+0000] {processor.py:183} INFO - Processing /opt/airflow/dags/clima_etl_corrigido.py took 0.322 seconds
[2026-06-21T00:02:05.160+0000] {processor.py:161} INFO - Started process (PID=6074) to work on /opt/airflow/dags/clima_etl_corrigido.py
[2026-06-21T00:02:05.167+0000] {processor.py:830} INFO - Processing file /opt/airflow/dags/clima_etl_corrigido.py for tasks to queue
[2026-06-21T00:02:05.171+0000] {logging_mixin.py:188} INFO - [2026-06-21T00:02:05.170+0000] {dagbag.py:545} INFO - Filling up the DagBag from /opt/airflow/dags/clima_etl_corrigido.py
[2026-06-21T00:02:05.209+0000] {processor.py:840} INFO - DAG(s) 'clima_etl_corrigido' retrieved from /opt/airflow/dags/clima_etl_corrigido.py
[2026-06-21T00:02:05.332+0000] {logging_mixin.py:188} INFO - [2026-06-21T00:02:05.331+0000] {dag.py:3089} INFO - Sync 1 DAGs
[2026-06-21T00:02:05.416+0000] {logging_mixin.py:188} INFO - [2026-06-21T00:02:05.415+0000] {dag.py:3947} INFO - Setting next_dagrun for clima_etl_corrigido to 2026-06-20 06:00:00+00:00, run_after=2026-06-21 06:00:00+00:00
[2026-06-21T00:02:05.494+0000] {processor.py:183} INFO - Processing /opt/airflow/dags/clima_etl_corrigido.py took 0.352 seconds
[2026-06-21T00:02:36.164+0000] {processor.py:161} INFO - Started process (PID=6126) to work on /opt/airflow/dags/clima_etl_corrigido.py
[2026-06-21T00:02:36.174+0000] {processor.py:830} INFO - Processing file /opt/airflow/dags/clima_etl_corrigido.py for tasks to queue
[2026-06-21T00:02:36.182+0000] {logging_mixin.py:188} INFO - [2026-06-21T00:02:36.181+0000] {dagbag.py:545} INFO - Filling up the DagBag from /opt/airflow/dags/clima_etl_corrigido.py
[2026-06-21T00:02:36.263+0000] {processor.py:840} INFO - DAG(s) 'clima_etl_corrigido' retrieved from /opt/airflow/dags/clima_etl_corrigido.py
[2026-06-21T00:02:36.463+0000] {logging_mixin.py:188} INFO - [2026-06-21T00:02:36.463+0000] {dag.py:3089} INFO - Sync 1 DAGs
[2026-06-21T00:02:36.571+0000] {logging_mixin.py:188} INFO - [2026-06-21T00:02:36.570+0000] {dag.py:3947} INFO - Setting next_dagrun for clima_etl_corrigido to 2026-06-20 06:00:00+00:00, run_after=2026-06-21 06:00:00+00:00
[2026-06-21T00:02:36.655+0000] {processor.py:183} INFO - Processing /opt/airflow/dags/clima_etl_corrigido.py took 0.531 seconds
[2026-06-21T00:03:06.944+0000] {processor.py:161} INFO - Started process (PID=6172) to work on /opt/airflow/dags/clima_etl_corrigido.py
[2026-06-21T00:03:06.947+0000] {processor.py:830} INFO - Processing file /opt/airflow/dags/clima_etl_corrigido.py for tasks to queue
[2026-06-21T00:03:06.954+0000] {logging_mixin.py:188} INFO - [2026-06-21T00:03:06.953+0000] {dagbag.py:545} INFO - Filling up the DagBag from /opt/airflow/dags/clima_etl_corrigido.py
[2026-06-21T00:03:07.008+0000] {processor.py:840} INFO - DAG(s) 'clima_etl_corrigido' retrieved from /opt/airflow/dags/clima_etl_corrigido.py
[2026-06-21T00:03:07.121+0000] {logging_mixin.py:188} INFO - [2026-06-21T00:03:07.120+0000] {dag.py:3089} INFO - Sync 1 DAGs
[2026-06-21T00:03:07.193+0000] {logging_mixin.py:188} INFO - [2026-06-21T00:03:07.193+0000] {dag.py:3947} INFO - Setting next_dagrun for clima_etl_corrigido to 2026-06-20 06:00:00+00:00, run_after=2026-06-21 06:00:00+00:00
[2026-06-21T00:03:07.264+0000] {processor.py:183} INFO - Processing /opt/airflow/dags/clima_etl_corrigido.py took 0.341 seconds
[2026-06-21T00:03:37.760+0000] {processor.py:161} INFO - Started process (PID=6224) to work on /opt/airflow/dags/clima_etl_corrigido.py
[2026-06-21T00:03:37.762+0000] {processor.py:830} INFO - Processing file /opt/airflow/dags/clima_etl_corrigido.py for tasks to queue
[2026-06-21T00:03:37.765+0000] {logging_mixin.py:188} INFO - [2026-06-21T00:03:37.764+0000] {dagbag.py:545} INFO - Filling up the DagBag from /opt/airflow/dags/clima_etl_corrigido.py
[2026-06-21T00:03:37.807+0000] {processor.py:840} INFO - DAG(s) 'clima_etl_corrigido' retrieved from /opt/airflow/dags/clima_etl_corrigido.py
[2026-06-21T00:03:37.898+0000] {logging_mixin.py:188} INFO - [2026-06-21T00:03:37.897+0000] {dag.py:3089} INFO - Sync 1 DAGs
[2026-06-21T00:03:37.984+0000] {logging_mixin.py:188} INFO - [2026-06-21T00:03:37.983+0000] {dag.py:3947} INFO - Setting next_dagrun for clima_etl_corrigido to 2026-06-20 06:00:00+00:00, run_after=2026-06-21 06:00:00+00:00
[2026-06-21T00:03:38.077+0000] {processor.py:183} INFO - Processing /opt/airflow/dags/clima_etl_corrigido.py took 0.334 seconds
[2026-06-21T00:04:09.168+0000] {processor.py:161} INFO - Started process (PID=6277) to work on /opt/airflow/dags/clima_etl_corrigido.py
[2026-06-21T00:04:09.169+0000] {processor.py:830} INFO - Processing file /opt/airflow/dags/clima_etl_corrigido.py for tasks to queue
[2026-06-21T00:04:09.172+0000] {logging_mixin.py:188} INFO - [2026-06-21T00:04:09.172+0000] {dagbag.py:545} INFO - Filling up the DagBag from /opt/airflow/dags/clima_etl_corrigido.py
[2026-06-21T00:04:09.206+0000] {processor.py:840} INFO - DAG(s) 'clima_etl_corrigido' retrieved from /opt/airflow/dags/clima_etl_corrigido.py
[2026-06-21T00:04:09.295+0000] {logging_mixin.py:188} INFO - [2026-06-21T00:04:09.294+0000] {dag.py:3089} INFO - Sync 1 DAGs
[2026-06-21T00:04:09.346+0000] {logging_mixin.py:188} INFO - [2026-06-21T00:04:09.346+0000] {dag.py:3947} INFO - Setting next_dagrun for clima_etl_corrigido to 2026-06-20 06:00:00+00:00, run_after=2026-06-21 06:00:00+00:00
[2026-06-21T00:04:09.422+0000] {processor.py:183} INFO - Processing /opt/airflow/dags/clima_etl_corrigido.py took 0.273 seconds
[2026-06-21T00:04:41.618+0000] {processor.py:161} INFO - Started process (PID=6328) to work on /opt/airflow/dags/clima_etl_corrigido.py
[2026-06-21T00:04:41.684+0000] {processor.py:830} INFO - Processing file /opt/airflow/dags/clima_etl_corrigido.py for tasks to queue
[2026-06-21T00:04:41.922+0000] {logging_mixin.py:188} INFO - [2026-06-21T00:04:41.893+0000] {dagbag.py:545} INFO - Filling up the DagBag from /opt/airflow/dags/clima_etl_corrigido.py
[2026-06-21T00:04:42.756+0000] {processor.py:840} INFO - DAG(s) 'clima_etl_corrigido' retrieved from /opt/airflow/dags/clima_etl_corrigido.py
[2026-06-21T00:04:43.179+0000] {logging_mixin.py:188} INFO - [2026-06-21T00:04:43.178+0000] {dag.py:3089} INFO - Sync 1 DAGs
[2026-06-21T00:04:43.525+0000] {logging_mixin.py:188} INFO - [2026-06-21T00:04:43.521+0000] {dag.py:3947} INFO - Setting next_dagrun for clima_etl_corrigido to 2026-06-20 06:00:00+00:00, run_after=2026-06-21 06:00:00+00:00
[2026-06-21T00:04:43.805+0000] {processor.py:183} INFO - Processing /opt/airflow/dags/clima_etl_corrigido.py took 2.639 seconds
[2026-06-21T00:05:14.268+0000] {processor.py:161} INFO - Started process (PID=6380) to work on /opt/airflow/dags/clima_etl_corrigido.py
[2026-06-21T00:05:14.270+0000] {processor.py:830} INFO - Processing file /opt/airflow/dags/clima_etl_corrigido.py for tasks to queue
[2026-06-21T00:05:14.277+0000] {logging_mixin.py:188} INFO - [2026-06-21T00:05:14.275+0000] {dagbag.py:545} INFO - Filling up the DagBag from /opt/airflow/dags/clima_etl_corrigido.py
[2026-06-21T00:05:14.324+0000] {processor.py:840} INFO - DAG(s) 'clima_etl_corrigido' retrieved from /opt/airflow/dags/clima_etl_corrigido.py
[2026-06-21T00:05:14.456+0000] {logging_mixin.py:188} INFO - [2026-06-21T00:05:14.456+0000] {dag.py:3089} INFO - Sync 1 DAGs
[2026-06-21T00:05:14.548+0000] {logging_mixin.py:188} INFO - [2026-06-21T00:05:14.547+0000] {dag.py:3947} INFO - Setting next_dagrun for clima_etl_corrigido to 2026-06-20 06:00:00+00:00, run_after=2026-06-21 06:00:00+00:00
[2026-06-21T00:05:14.606+0000] {processor.py:183} INFO - Processing /opt/airflow/dags/clima_etl_corrigido.py took 0.356 seconds
[2026-06-21T00:05:45.018+0000] {processor.py:161} INFO - Started process (PID=6426) to work on /opt/airflow/dags/clima_etl_corrigido.py
[2026-06-21T00:05:45.069+0000] {processor.py:830} INFO - Processing file /opt/airflow/dags/clima_etl_corrigido.py for tasks to queue
[2026-06-21T00:05:45.075+0000] {logging_mixin.py:188} INFO - [2026-06-21T00:05:45.072+0000] {dagbag.py:545} INFO - Filling up the DagBag from /opt/airflow/dags/clima_etl_corrigido.py
[2026-06-21T00:05:45.119+0000] {processor.py:840} INFO - DAG(s) 'clima_etl_corrigido' retrieved from /opt/airflow/dags/clima_etl_corrigido.py
[2026-06-21T00:05:45.245+0000] {logging_mixin.py:188} INFO - [2026-06-21T00:05:45.244+0000] {dag.py:3089} INFO - Sync 1 DAGs
[2026-06-21T00:05:45.425+0000] {logging_mixin.py:188} INFO - [2026-06-21T00:05:45.424+0000] {dag.py:3947} INFO - Setting next_dagrun for clima_etl_corrigido to 2026-06-20 06:00:00+00:00, run_after=2026-06-21 06:00:00+00:00
[2026-06-21T00:05:45.594+0000] {processor.py:183} INFO - Processing /opt/airflow/dags/clima_etl_corrigido.py took 0.581 seconds
[2026-06-21T00:06:16.330+0000] {processor.py:161} INFO - Started process (PID=6478) to work on /opt/airflow/dags/clima_etl_corrigido.py
[2026-06-21T00:06:16.335+0000] {processor.py:830} INFO - Processing file /opt/airflow/dags/clima_etl_corrigido.py for tasks to queue
[2026-06-21T00:06:16.345+0000] {logging_mixin.py:188} INFO - [2026-06-21T00:06:16.342+0000] {dagbag.py:545} INFO - Filling up the DagBag from /opt/airflow/dags/clima_etl_corrigido.py
[2026-06-21T00:06:16.402+0000] {processor.py:840} INFO - DAG(s) 'clima_etl_corrigido' retrieved from /opt/airflow/dags/clima_etl_corrigido.py
[2026-06-21T00:06:16.654+0000] {logging_mixin.py:188} INFO - [2026-06-21T00:06:16.653+0000] {dag.py:3089} INFO - Sync 1 DAGs
[2026-06-21T00:06:16.752+0000] {logging_mixin.py:188} INFO - [2026-06-21T00:06:16.751+0000] {dag.py:3947} INFO - Setting next_dagrun for clima_etl_corrigido to 2026-06-20 06:00:00+00:00, run_after=2026-06-21 06:00:00+00:00
[2026-06-21T00:06:16.830+0000] {processor.py:183} INFO - Processing /opt/airflow/dags/clima_etl_corrigido.py took 0.536 seconds
[2026-06-21T00:06:47.208+0000] {processor.py:161} INFO - Started process (PID=6535) to work on /opt/airflow/dags/clima_etl_corrigido.py
[2026-06-21T00:06:47.210+0000] {processor.py:830} INFO - Processing file /opt/airflow/dags/clima_etl_corrigido.py for tasks to queue
[2026-06-21T00:06:47.213+0000] {logging_mixin.py:188} INFO - [2026-06-21T00:06:47.213+0000] {dagbag.py:545} INFO - Filling up the DagBag from /opt/airflow/dags/clima_etl_corrigido.py
[2026-06-21T00:06:47.244+0000] {processor.py:840} INFO - DAG(s) 'clima_etl_corrigido' retrieved from /opt/airflow/dags/clima_etl_corrigido.py
[2026-06-21T00:06:47.337+0000] {logging_mixin.py:188} INFO - [2026-06-21T00:06:47.337+0000] {dag.py:3089} INFO - Sync 1 DAGs
[2026-06-21T00:06:47.411+0000] {logging_mixin.py:188} INFO - [2026-06-21T00:06:47.410+0000] {dag.py:3947} INFO - Setting next_dagrun for clima_etl_corrigido to 2026-06-20 06:00:00+00:00, run_after=2026-06-21 06:00:00+00:00
[2026-06-21T00:06:47.472+0000] {processor.py:183} INFO - Processing /opt/airflow/dags/clima_etl_corrigido.py took 0.276 seconds
[2026-06-21T00:07:18.023+0000] {processor.py:161} INFO - Started process (PID=6587) to work on /opt/airflow/dags/clima_etl_corrigido.py
[2026-06-21T00:07:18.025+0000] {processor.py:830} INFO - Processing file /opt/airflow/dags/clima_etl_corrigido.py for tasks to queue
[2026-06-21T00:07:18.028+0000] {logging_mixin.py:188} INFO - [2026-06-21T00:07:18.028+0000] {dagbag.py:545} INFO - Filling up the DagBag from /opt/airflow/dags/clima_etl_corrigido.py
[2026-06-21T00:07:18.055+0000] {processor.py:840} INFO - DAG(s) 'clima_etl_corrigido' retrieved from /opt/airflow/dags/clima_etl_corrigido.py
[2026-06-21T00:07:18.128+0000] {logging_mixin.py:188} INFO - [2026-06-21T00:07:18.127+0000] {dag.py:3089} INFO - Sync 1 DAGs
[2026-06-21T00:07:18.167+0000] {logging_mixin.py:188} INFO - [2026-06-21T00:07:18.167+0000] {dag.py:3947} INFO - Setting next_dagrun for clima_etl_corrigido to 2026-06-20 06:00:00+00:00, run_after=2026-06-21 06:00:00+00:00
[2026-06-21T00:07:18.217+0000] {processor.py:183} INFO - Processing /opt/airflow/dags/clima_etl_corrigido.py took 0.210 seconds
[2026-06-21T00:07:49.222+0000] {processor.py:161} INFO - Started process (PID=6634) to work on /opt/airflow/dags/clima_etl_corrigido.py
[2026-06-21T00:07:49.231+0000] {processor.py:830} INFO - Processing file /opt/airflow/dags/clima_etl_corrigido.py for tasks to queue
[2026-06-21T00:07:49.234+0000] {logging_mixin.py:188} INFO - [2026-06-21T00:07:49.233+0000] {dagbag.py:545} INFO - Filling up the DagBag from /opt/airflow/dags/clima_etl_corrigido.py
[2026-06-21T00:07:49.280+0000] {processor.py:840} INFO - DAG(s) 'clima_etl_corrigido' retrieved from /opt/airflow/dags/clima_etl_corrigido.py
[2026-06-21T00:07:49.364+0000] {logging_mixin.py:188} INFO - [2026-06-21T00:07:49.363+0000] {dag.py:3089} INFO - Sync 1 DAGs
[2026-06-21T00:07:49.421+0000] {logging_mixin.py:188} INFO - [2026-06-21T00:07:49.421+0000] {dag.py:3947} INFO - Setting next_dagrun for clima_etl_corrigido to 2026-06-20 06:00:00+00:00, run_after=2026-06-21 06:00:00+00:00
[2026-06-21T00:07:49.458+0000] {processor.py:183} INFO - Processing /opt/airflow/dags/clima_etl_corrigido.py took 1.036 seconds
[2026-06-21T00:08:20.281+0000] {processor.py:161} INFO - Started process (PID=6689) to work on /opt/airflow/dags/clima_etl_corrigido.py
[2026-06-21T00:08:20.283+0000] {processor.py:830} INFO - Processing file /opt/airflow/dags/clima_etl_corrigido.py for tasks to queue
[2026-06-21T00:08:20.285+0000] {logging_mixin.py:188} INFO - [2026-06-21T00:08:20.285+0000] {dagbag.py:545} INFO - Filling up the DagBag from /opt/airflow/dags/clima_etl_corrigido.py
[2026-06-21T00:08:20.308+0000] {processor.py:840} INFO - DAG(s) 'clima_etl_corrigido' retrieved from /opt/airflow/dags/clima_etl_corrigido.py
[2026-06-21T00:08:20.467+0000] {logging_mixin.py:188} INFO - [2026-06-21T00:08:20.467+0000] {dag.py:3089} INFO - Sync 1 DAGs
[2026-06-21T00:08:20.553+0000] {logging_mixin.py:188} INFO - [2026-06-21T00:08:20.552+0000] {dag.py:3947} INFO - Setting next_dagrun for clima_etl_corrigido to 2026-06-20 06:00:00+00:00, run_after=2026-06-21 06:00:00+00:00
[2026-06-21T00:08:20.795+0000] {processor.py:183} INFO - Processing /opt/airflow/dags/clima_etl_corrigido.py took 0.542 seconds
[2026-06-21T00:08:50.907+0000] {processor.py:161} INFO - Started process (PID=6732) to work on /opt/airflow/dags/clima_etl_corrigido.py
[2026-06-21T00:08:50.929+0000] {processor.py:830} INFO - Processing file /opt/airflow/dags/clima_etl_corrigido.py for tasks to queue
[2026-06-21T00:08:50.932+0000] {logging_mixin.py:188} INFO - [2026-06-21T00:08:50.931+0000] {dagbag.py:545} INFO - Filling up the DagBag from /opt/airflow/dags/clima_etl_corrigido.py
[2026-06-21T00:08:50.959+0000] {processor.py:840} INFO - DAG(s) 'clima_etl_corrigido' retrieved from /opt/airflow/dags/clima_etl_corrigido.py
[2026-06-21T00:08:51.018+0000] {logging_mixin.py:188} INFO - [2026-06-21T00:08:51.017+0000] {dag.py:3089} INFO - Sync 1 DAGs
[2026-06-21T00:08:51.051+0000] {logging_mixin.py:188} INFO - [2026-06-21T00:08:51.051+0000] {dag.py:3947} INFO - Setting next_dagrun for clima_etl_corrigido to 2026-06-20 06:00:00+00:00, run_after=2026-06-21 06:00:00+00:00
[2026-06-21T00:08:51.105+0000] {processor.py:183} INFO - Processing /opt/airflow/dags/clima_etl_corrigido.py took 0.210 seconds
[2026-06-21T00:09:21.675+0000] {processor.py:161} INFO - Started process (PID=6785) to work on /opt/airflow/dags/clima_etl_corrigido.py
[2026-06-21T00:09:21.698+0000] {processor.py:830} INFO - Processing file /opt/airflow/dags/clima_etl_corrigido.py for tasks to queue
[2026-06-21T00:09:21.701+0000] {logging_mixin.py:188} INFO - [2026-06-21T00:09:21.700+0000] {dagbag.py:545} INFO - Filling up the DagBag from /opt/airflow/dags/clima_etl_corrigido.py
[2026-06-21T00:09:21.742+0000] {processor.py:840} INFO - DAG(s) 'clima_etl_corrigido' retrieved from /opt/airflow/dags/clima_etl_corrigido.py
[2026-06-21T00:09:21.850+0000] {logging_mixin.py:188} INFO - [2026-06-21T00:09:21.849+0000] {dag.py:3089} INFO - Sync 1 DAGs
[2026-06-21T00:09:21.894+0000] {logging_mixin.py:188} INFO - [2026-06-21T00:09:21.892+0000] {dag.py:3947} INFO - Setting next_dagrun for clima_etl_corrigido to 2026-06-20 06:00:00+00:00, run_after=2026-06-21 06:00:00+00:00
[2026-06-21T00:09:21.969+0000] {processor.py:183} INFO - Processing /opt/airflow/dags/clima_etl_corrigido.py took 0.303 seconds
[2026-06-21T00:09:52.445+0000] {processor.py:161} INFO - Started process (PID=6838) to work on /opt/airflow/dags/clima_etl_corrigido.py
[2026-06-21T00:09:52.446+0000] {processor.py:830} INFO - Processing file /opt/airflow/dags/clima_etl_corrigido.py for tasks to queue
[2026-06-21T00:09:52.447+0000] {logging_mixin.py:188} INFO - [2026-06-21T00:09:52.447+0000] {dagbag.py:545} INFO - Filling up the DagBag from /opt/airflow/dags/clima_etl_corrigido.py
[2026-06-21T00:09:52.465+0000] {processor.py:840} INFO - DAG(s) 'clima_etl_corrigido' retrieved from /opt/airflow/dags/clima_etl_corrigido.py
[2026-06-21T00:09:52.627+0000] {logging_mixin.py:188} INFO - [2026-06-21T00:09:52.627+0000] {dag.py:3089} INFO - Sync 1 DAGs
[2026-06-21T00:09:52.651+0000] {logging_mixin.py:188} INFO - [2026-06-21T00:09:52.651+0000] {dag.py:3947} INFO - Setting next_dagrun for clima_etl_corrigido to 2026-06-20 06:00:00+00:00, run_after=2026-06-21 06:00:00+00:00
[2026-06-21T00:09:56.835+0000] {processor.py:183} INFO - Processing /opt/airflow/dags/clima_etl_corrigido.py took 4.400 seconds
