[2026-06-21T00:00:16.433+0000] {processor.py:161} INFO - Started process (PID=5914) to work on /opt/airflow/dags/clima_etl_corrigido2.py
[2026-06-21T00:00:16.436+0000] {processor.py:830} INFO - Processing file /opt/airflow/dags/clima_etl_corrigido2.py for tasks to queue
[2026-06-21T00:00:16.441+0000] {logging_mixin.py:188} INFO - [2026-06-21T00:00:16.440+0000] {dagbag.py:545} INFO - Filling up the DagBag from /opt/airflow/dags/clima_etl_corrigido2.py
[2026-06-21T00:00:16.469+0000] {processor.py:840} INFO - DAG(s) 'clima_etl_corrigido2' retrieved from /opt/airflow/dags/clima_etl_corrigido2.py
[2026-06-21T00:00:16.543+0000] {logging_mixin.py:188} INFO - [2026-06-21T00:00:16.543+0000] {dag.py:3089} INFO - Sync 1 DAGs
[2026-06-21T00:00:16.587+0000] {logging_mixin.py:188} INFO - [2026-06-21T00:00:16.586+0000] {dag.py:3947} INFO - Setting next_dagrun for clima_etl_corrigido2 to 2026-06-19 06:00:00+00:00, run_after=2026-06-20 06:00:00+00:00
[2026-06-21T00:00:16.651+0000] {processor.py:183} INFO - Processing /opt/airflow/dags/clima_etl_corrigido2.py took 0.232 seconds
[2026-06-21T00:00:47.508+0000] {processor.py:161} INFO - Started process (PID=5966) to work on /opt/airflow/dags/clima_etl_corrigido2.py
[2026-06-21T00:00:47.510+0000] {processor.py:830} INFO - Processing file /opt/airflow/dags/clima_etl_corrigido2.py for tasks to queue
[2026-06-21T00:00:47.513+0000] {logging_mixin.py:188} INFO - [2026-06-21T00:00:47.513+0000] {dagbag.py:545} INFO - Filling up the DagBag from /opt/airflow/dags/clima_etl_corrigido2.py
[2026-06-21T00:00:47.537+0000] {processor.py:840} INFO - DAG(s) 'clima_etl_corrigido2' retrieved from /opt/airflow/dags/clima_etl_corrigido2.py
[2026-06-21T00:00:47.615+0000] {logging_mixin.py:188} INFO - [2026-06-21T00:00:47.615+0000] {dag.py:3089} INFO - Sync 1 DAGs
[2026-06-21T00:00:47.671+0000] {logging_mixin.py:188} INFO - [2026-06-21T00:00:47.670+0000] {dag.py:3947} INFO - Setting next_dagrun for clima_etl_corrigido2 to 2026-06-19 06:00:00+00:00, run_after=2026-06-20 06:00:00+00:00
[2026-06-21T00:00:47.740+0000] {processor.py:183} INFO - Processing /opt/airflow/dags/clima_etl_corrigido2.py took 0.242 seconds
[2026-06-21T00:01:17.903+0000] {processor.py:161} INFO - Started process (PID=6012) to work on /opt/airflow/dags/clima_etl_corrigido2.py
[2026-06-21T00:01:17.906+0000] {processor.py:830} INFO - Processing file /opt/airflow/dags/clima_etl_corrigido2.py for tasks to queue
[2026-06-21T00:01:17.915+0000] {logging_mixin.py:188} INFO - [2026-06-21T00:01:17.914+0000] {dagbag.py:545} INFO - Filling up the DagBag from /opt/airflow/dags/clima_etl_corrigido2.py
[2026-06-21T00:01:17.961+0000] {processor.py:840} INFO - DAG(s) 'clima_etl_corrigido2' retrieved from /opt/airflow/dags/clima_etl_corrigido2.py
[2026-06-21T00:01:18.078+0000] {logging_mixin.py:188} INFO - [2026-06-21T00:01:18.077+0000] {dag.py:3089} INFO - Sync 1 DAGs
[2026-06-21T00:01:18.157+0000] {logging_mixin.py:188} INFO - [2026-06-21T00:01:18.155+0000] {dag.py:3947} INFO - Setting next_dagrun for clima_etl_corrigido2 to 2026-06-19 06:00:00+00:00, run_after=2026-06-20 06:00:00+00:00
[2026-06-21T00:01:18.214+0000] {processor.py:183} INFO - Processing /opt/airflow/dags/clima_etl_corrigido2.py took 0.333 seconds
[2026-06-21T00:01:48.760+0000] {processor.py:161} INFO - Started process (PID=6064) to work on /opt/airflow/dags/clima_etl_corrigido2.py
[2026-06-21T00:01:48.763+0000] {processor.py:830} INFO - Processing file /opt/airflow/dags/clima_etl_corrigido2.py for tasks to queue
[2026-06-21T00:01:48.767+0000] {logging_mixin.py:188} INFO - [2026-06-21T00:01:48.766+0000] {dagbag.py:545} INFO - Filling up the DagBag from /opt/airflow/dags/clima_etl_corrigido2.py
[2026-06-21T00:01:48.798+0000] {processor.py:840} INFO - DAG(s) 'clima_etl_corrigido2' retrieved from /opt/airflow/dags/clima_etl_corrigido2.py
[2026-06-21T00:01:48.899+0000] {logging_mixin.py:188} INFO - [2026-06-21T00:01:48.899+0000] {dag.py:3089} INFO - Sync 1 DAGs
[2026-06-21T00:01:48.950+0000] {logging_mixin.py:188} INFO - [2026-06-21T00:01:48.949+0000] {dag.py:3947} INFO - Setting next_dagrun for clima_etl_corrigido2 to 2026-06-19 06:00:00+00:00, run_after=2026-06-20 06:00:00+00:00
[2026-06-21T00:01:49.058+0000] {processor.py:183} INFO - Processing /opt/airflow/dags/clima_etl_corrigido2.py took 0.312 seconds
[2026-06-21T00:02:19.806+0000] {processor.py:161} INFO - Started process (PID=6115) to work on /opt/airflow/dags/clima_etl_corrigido2.py
[2026-06-21T00:02:19.809+0000] {processor.py:830} INFO - Processing file /opt/airflow/dags/clima_etl_corrigido2.py for tasks to queue
[2026-06-21T00:02:19.812+0000] {logging_mixin.py:188} INFO - [2026-06-21T00:02:19.812+0000] {dagbag.py:545} INFO - Filling up the DagBag from /opt/airflow/dags/clima_etl_corrigido2.py
[2026-06-21T00:02:19.841+0000] {processor.py:840} INFO - DAG(s) 'clima_etl_corrigido2' retrieved from /opt/airflow/dags/clima_etl_corrigido2.py
[2026-06-21T00:02:19.937+0000] {logging_mixin.py:188} INFO - [2026-06-21T00:02:19.937+0000] {dag.py:3089} INFO - Sync 1 DAGs
[2026-06-21T00:02:19.990+0000] {logging_mixin.py:188} INFO - [2026-06-21T00:02:19.990+0000] {dag.py:3947} INFO - Setting next_dagrun for clima_etl_corrigido2 to 2026-06-19 06:00:00+00:00, run_after=2026-06-20 06:00:00+00:00
[2026-06-21T00:02:20.038+0000] {processor.py:183} INFO - Processing /opt/airflow/dags/clima_etl_corrigido2.py took 0.248 seconds
[2026-06-21T00:02:50.384+0000] {processor.py:161} INFO - Started process (PID=6167) to work on /opt/airflow/dags/clima_etl_corrigido2.py
[2026-06-21T00:02:50.387+0000] {processor.py:830} INFO - Processing file /opt/airflow/dags/clima_etl_corrigido2.py for tasks to queue
[2026-06-21T00:02:50.394+0000] {logging_mixin.py:188} INFO - [2026-06-21T00:02:50.393+0000] {dagbag.py:545} INFO - Filling up the DagBag from /opt/airflow/dags/clima_etl_corrigido2.py
[2026-06-21T00:02:50.448+0000] {processor.py:840} INFO - DAG(s) 'clima_etl_corrigido2' retrieved from /opt/airflow/dags/clima_etl_corrigido2.py
[2026-06-21T00:02:50.623+0000] {logging_mixin.py:188} INFO - [2026-06-21T00:02:50.622+0000] {dag.py:3089} INFO - Sync 1 DAGs
[2026-06-21T00:02:50.675+0000] {logging_mixin.py:188} INFO - [2026-06-21T00:02:50.674+0000] {dag.py:3947} INFO - Setting next_dagrun for clima_etl_corrigido2 to 2026-06-19 06:00:00+00:00, run_after=2026-06-20 06:00:00+00:00
[2026-06-21T00:02:50.733+0000] {processor.py:183} INFO - Processing /opt/airflow/dags/clima_etl_corrigido2.py took 0.368 seconds
[2026-06-21T00:03:21.224+0000] {processor.py:161} INFO - Started process (PID=6219) to work on /opt/airflow/dags/clima_etl_corrigido2.py
[2026-06-21T00:03:21.228+0000] {processor.py:830} INFO - Processing file /opt/airflow/dags/clima_etl_corrigido2.py for tasks to queue
[2026-06-21T00:03:21.231+0000] {logging_mixin.py:188} INFO - [2026-06-21T00:03:21.231+0000] {dagbag.py:545} INFO - Filling up the DagBag from /opt/airflow/dags/clima_etl_corrigido2.py
[2026-06-21T00:03:21.262+0000] {processor.py:840} INFO - DAG(s) 'clima_etl_corrigido2' retrieved from /opt/airflow/dags/clima_etl_corrigido2.py
[2026-06-21T00:03:21.421+0000] {logging_mixin.py:188} INFO - [2026-06-21T00:03:21.420+0000] {dag.py:3089} INFO - Sync 1 DAGs
[2026-06-21T00:03:21.490+0000] {logging_mixin.py:188} INFO - [2026-06-21T00:03:21.489+0000] {dag.py:3947} INFO - Setting next_dagrun for clima_etl_corrigido2 to 2026-06-19 06:00:00+00:00, run_after=2026-06-20 06:00:00+00:00
[2026-06-21T00:03:21.576+0000] {processor.py:183} INFO - Processing /opt/airflow/dags/clima_etl_corrigido2.py took 0.371 seconds
[2026-06-21T00:03:51.938+0000] {processor.py:161} INFO - Started process (PID=6272) to work on /opt/airflow/dags/clima_etl_corrigido2.py
[2026-06-21T00:03:51.942+0000] {processor.py:830} INFO - Processing file /opt/airflow/dags/clima_etl_corrigido2.py for tasks to queue
[2026-06-21T00:03:51.948+0000] {logging_mixin.py:188} INFO - [2026-06-21T00:03:51.947+0000] {dagbag.py:545} INFO - Filling up the DagBag from /opt/airflow/dags/clima_etl_corrigido2.py
[2026-06-21T00:03:52.047+0000] {processor.py:840} INFO - DAG(s) 'clima_etl_corrigido2' retrieved from /opt/airflow/dags/clima_etl_corrigido2.py
[2026-06-21T00:03:52.201+0000] {logging_mixin.py:188} INFO - [2026-06-21T00:03:52.201+0000] {dag.py:3089} INFO - Sync 1 DAGs
[2026-06-21T00:03:52.305+0000] {logging_mixin.py:188} INFO - [2026-06-21T00:03:52.304+0000] {dag.py:3947} INFO - Setting next_dagrun for clima_etl_corrigido2 to 2026-06-19 06:00:00+00:00, run_after=2026-06-20 06:00:00+00:00
[2026-06-21T00:03:52.429+0000] {processor.py:183} INFO - Processing /opt/airflow/dags/clima_etl_corrigido2.py took 0.513 seconds
[2026-06-21T00:04:22.797+0000] {processor.py:161} INFO - Started process (PID=6318) to work on /opt/airflow/dags/clima_etl_corrigido2.py
[2026-06-21T00:04:22.802+0000] {processor.py:830} INFO - Processing file /opt/airflow/dags/clima_etl_corrigido2.py for tasks to queue
[2026-06-21T00:04:22.807+0000] {logging_mixin.py:188} INFO - [2026-06-21T00:04:22.806+0000] {dagbag.py:545} INFO - Filling up the DagBag from /opt/airflow/dags/clima_etl_corrigido2.py
[2026-06-21T00:04:22.864+0000] {processor.py:840} INFO - DAG(s) 'clima_etl_corrigido2' retrieved from /opt/airflow/dags/clima_etl_corrigido2.py
[2026-06-21T00:04:22.978+0000] {logging_mixin.py:188} INFO - [2026-06-21T00:04:22.978+0000] {dag.py:3089} INFO - Sync 1 DAGs
[2026-06-21T00:04:23.053+0000] {logging_mixin.py:188} INFO - [2026-06-21T00:04:23.053+0000] {dag.py:3947} INFO - Setting next_dagrun for clima_etl_corrigido2 to 2026-06-19 06:00:00+00:00, run_after=2026-06-20 06:00:00+00:00
[2026-06-21T00:04:23.148+0000] {processor.py:183} INFO - Processing /opt/airflow/dags/clima_etl_corrigido2.py took 0.377 seconds
[2026-06-21T00:04:54.264+0000] {processor.py:161} INFO - Started process (PID=6367) to work on /opt/airflow/dags/clima_etl_corrigido2.py
[2026-06-21T00:04:54.283+0000] {processor.py:830} INFO - Processing file /opt/airflow/dags/clima_etl_corrigido2.py for tasks to queue
[2026-06-21T00:04:54.308+0000] {logging_mixin.py:188} INFO - [2026-06-21T00:04:54.300+0000] {dagbag.py:545} INFO - Filling up the DagBag from /opt/airflow/dags/clima_etl_corrigido2.py
[2026-06-21T00:04:54.439+0000] {processor.py:840} INFO - DAG(s) 'clima_etl_corrigido2' retrieved from /opt/airflow/dags/clima_etl_corrigido2.py
[2026-06-21T00:04:54.752+0000] {logging_mixin.py:188} INFO - [2026-06-21T00:04:54.750+0000] {dag.py:3089} INFO - Sync 1 DAGs
[2026-06-21T00:04:54.905+0000] {logging_mixin.py:188} INFO - [2026-06-21T00:04:54.904+0000] {dag.py:3947} INFO - Setting next_dagrun for clima_etl_corrigido2 to 2026-06-19 06:00:00+00:00, run_after=2026-06-20 06:00:00+00:00
[2026-06-21T00:04:55.024+0000] {processor.py:183} INFO - Processing /opt/airflow/dags/clima_etl_corrigido2.py took 0.829 seconds
[2026-06-21T00:05:25.516+0000] {processor.py:161} INFO - Started process (PID=6415) to work on /opt/airflow/dags/clima_etl_corrigido2.py
[2026-06-21T00:05:25.517+0000] {processor.py:830} INFO - Processing file /opt/airflow/dags/clima_etl_corrigido2.py for tasks to queue
[2026-06-21T00:05:25.525+0000] {logging_mixin.py:188} INFO - [2026-06-21T00:05:25.524+0000] {dagbag.py:545} INFO - Filling up the DagBag from /opt/airflow/dags/clima_etl_corrigido2.py
[2026-06-21T00:05:25.570+0000] {processor.py:840} INFO - DAG(s) 'clima_etl_corrigido2' retrieved from /opt/airflow/dags/clima_etl_corrigido2.py
[2026-06-21T00:05:25.720+0000] {logging_mixin.py:188} INFO - [2026-06-21T00:05:25.720+0000] {dag.py:3089} INFO - Sync 1 DAGs
[2026-06-21T00:05:25.779+0000] {logging_mixin.py:188} INFO - [2026-06-21T00:05:25.778+0000] {dag.py:3947} INFO - Setting next_dagrun for clima_etl_corrigido2 to 2026-06-19 06:00:00+00:00, run_after=2026-06-20 06:00:00+00:00
[2026-06-21T00:05:25.839+0000] {processor.py:183} INFO - Processing /opt/airflow/dags/clima_etl_corrigido2.py took 0.340 seconds
[2026-06-21T00:05:57.281+0000] {processor.py:161} INFO - Started process (PID=6467) to work on /opt/airflow/dags/clima_etl_corrigido2.py
[2026-06-21T00:05:57.345+0000] {processor.py:830} INFO - Processing file /opt/airflow/dags/clima_etl_corrigido2.py for tasks to queue
[2026-06-21T00:05:57.394+0000] {logging_mixin.py:188} INFO - [2026-06-21T00:05:57.393+0000] {dagbag.py:545} INFO - Filling up the DagBag from /opt/airflow/dags/clima_etl_corrigido2.py
[2026-06-21T00:05:57.587+0000] {processor.py:840} INFO - DAG(s) 'clima_etl_corrigido2' retrieved from /opt/airflow/dags/clima_etl_corrigido2.py
[2026-06-21T00:05:57.793+0000] {logging_mixin.py:188} INFO - [2026-06-21T00:05:57.792+0000] {dag.py:3089} INFO - Sync 1 DAGs
[2026-06-21T00:05:57.914+0000] {logging_mixin.py:188} INFO - [2026-06-21T00:05:57.913+0000] {dag.py:3947} INFO - Setting next_dagrun for clima_etl_corrigido2 to 2026-06-19 06:00:00+00:00, run_after=2026-06-20 06:00:00+00:00
[2026-06-21T00:05:58.023+0000] {processor.py:183} INFO - Processing /opt/airflow/dags/clima_etl_corrigido2.py took 0.804 seconds
[2026-06-21T00:06:28.396+0000] {processor.py:161} INFO - Started process (PID=6519) to work on /opt/airflow/dags/clima_etl_corrigido2.py
[2026-06-21T00:06:28.403+0000] {processor.py:830} INFO - Processing file /opt/airflow/dags/clima_etl_corrigido2.py for tasks to queue
[2026-06-21T00:06:28.414+0000] {logging_mixin.py:188} INFO - [2026-06-21T00:06:28.412+0000] {dagbag.py:545} INFO - Filling up the DagBag from /opt/airflow/dags/clima_etl_corrigido2.py
[2026-06-21T00:06:28.520+0000] {processor.py:840} INFO - DAG(s) 'clima_etl_corrigido2' retrieved from /opt/airflow/dags/clima_etl_corrigido2.py
[2026-06-21T00:06:28.682+0000] {logging_mixin.py:188} INFO - [2026-06-21T00:06:28.681+0000] {dag.py:3089} INFO - Sync 1 DAGs
[2026-06-21T00:06:28.810+0000] {logging_mixin.py:188} INFO - [2026-06-21T00:06:28.810+0000] {dag.py:3947} INFO - Setting next_dagrun for clima_etl_corrigido2 to 2026-06-19 06:00:00+00:00, run_after=2026-06-20 06:00:00+00:00
[2026-06-21T00:06:28.924+0000] {processor.py:183} INFO - Processing /opt/airflow/dags/clima_etl_corrigido2.py took 0.579 seconds
[2026-06-21T00:06:59.239+0000] {processor.py:161} INFO - Started process (PID=6565) to work on /opt/airflow/dags/clima_etl_corrigido2.py
[2026-06-21T00:06:59.257+0000] {processor.py:830} INFO - Processing file /opt/airflow/dags/clima_etl_corrigido2.py for tasks to queue
[2026-06-21T00:06:59.272+0000] {logging_mixin.py:188} INFO - [2026-06-21T00:06:59.270+0000] {dagbag.py:545} INFO - Filling up the DagBag from /opt/airflow/dags/clima_etl_corrigido2.py
[2026-06-21T00:06:59.350+0000] {processor.py:840} INFO - DAG(s) 'clima_etl_corrigido2' retrieved from /opt/airflow/dags/clima_etl_corrigido2.py
[2026-06-21T00:06:59.463+0000] {logging_mixin.py:188} INFO - [2026-06-21T00:06:59.462+0000] {dag.py:3089} INFO - Sync 1 DAGs
[2026-06-21T00:06:59.546+0000] {logging_mixin.py:188} INFO - [2026-06-21T00:06:59.545+0000] {dag.py:3947} INFO - Setting next_dagrun for clima_etl_corrigido2 to 2026-06-19 06:00:00+00:00, run_after=2026-06-20 06:00:00+00:00
[2026-06-21T00:06:59.641+0000] {processor.py:183} INFO - Processing /opt/airflow/dags/clima_etl_corrigido2.py took 0.420 seconds
[2026-06-21T00:07:29.896+0000] {processor.py:161} INFO - Started process (PID=6617) to work on /opt/airflow/dags/clima_etl_corrigido2.py
[2026-06-21T00:07:29.923+0000] {processor.py:830} INFO - Processing file /opt/airflow/dags/clima_etl_corrigido2.py for tasks to queue
[2026-06-21T00:07:29.925+0000] {logging_mixin.py:188} INFO - [2026-06-21T00:07:29.925+0000] {dagbag.py:545} INFO - Filling up the DagBag from /opt/airflow/dags/clima_etl_corrigido2.py
[2026-06-21T00:07:29.943+0000] {processor.py:840} INFO - DAG(s) 'clima_etl_corrigido2' retrieved from /opt/airflow/dags/clima_etl_corrigido2.py
[2026-06-21T00:07:29.987+0000] {logging_mixin.py:188} INFO - [2026-06-21T00:07:29.987+0000] {dag.py:3089} INFO - Sync 1 DAGs
[2026-06-21T00:07:30.017+0000] {logging_mixin.py:188} INFO - [2026-06-21T00:07:30.017+0000] {dag.py:3947} INFO - Setting next_dagrun for clima_etl_corrigido2 to 2026-06-19 06:00:00+00:00, run_after=2026-06-20 06:00:00+00:00
[2026-06-21T00:07:30.110+0000] {processor.py:183} INFO - Processing /opt/airflow/dags/clima_etl_corrigido2.py took 0.220 seconds
[2026-06-21T00:08:00.924+0000] {processor.py:161} INFO - Started process (PID=6669) to work on /opt/airflow/dags/clima_etl_corrigido2.py
[2026-06-21T00:08:00.926+0000] {processor.py:830} INFO - Processing file /opt/airflow/dags/clima_etl_corrigido2.py for tasks to queue
[2026-06-21T00:08:00.928+0000] {logging_mixin.py:188} INFO - [2026-06-21T00:08:00.928+0000] {dagbag.py:545} INFO - Filling up the DagBag from /opt/airflow/dags/clima_etl_corrigido2.py
[2026-06-21T00:08:00.949+0000] {processor.py:840} INFO - DAG(s) 'clima_etl_corrigido2' retrieved from /opt/airflow/dags/clima_etl_corrigido2.py
[2026-06-21T00:08:01.027+0000] {logging_mixin.py:188} INFO - [2026-06-21T00:08:01.027+0000] {dag.py:3089} INFO - Sync 1 DAGs
[2026-06-21T00:08:01.066+0000] {logging_mixin.py:188} INFO - [2026-06-21T00:08:01.066+0000] {dag.py:3947} INFO - Setting next_dagrun for clima_etl_corrigido2 to 2026-06-19 06:00:00+00:00, run_after=2026-06-20 06:00:00+00:00
[2026-06-21T00:08:01.128+0000] {processor.py:183} INFO - Processing /opt/airflow/dags/clima_etl_corrigido2.py took 0.216 seconds
[2026-06-21T00:08:31.926+0000] {processor.py:161} INFO - Started process (PID=6721) to work on /opt/airflow/dags/clima_etl_corrigido2.py
[2026-06-21T00:08:31.929+0000] {processor.py:830} INFO - Processing file /opt/airflow/dags/clima_etl_corrigido2.py for tasks to queue
[2026-06-21T00:08:31.933+0000] {logging_mixin.py:188} INFO - [2026-06-21T00:08:31.932+0000] {dagbag.py:545} INFO - Filling up the DagBag from /opt/airflow/dags/clima_etl_corrigido2.py
[2026-06-21T00:08:31.957+0000] {processor.py:840} INFO - DAG(s) 'clima_etl_corrigido2' retrieved from /opt/airflow/dags/clima_etl_corrigido2.py
[2026-06-21T00:08:32.041+0000] {logging_mixin.py:188} INFO - [2026-06-21T00:08:32.041+0000] {dag.py:3089} INFO - Sync 1 DAGs
[2026-06-21T00:08:32.082+0000] {logging_mixin.py:188} INFO - [2026-06-21T00:08:32.081+0000] {dag.py:3947} INFO - Setting next_dagrun for clima_etl_corrigido2 to 2026-06-19 06:00:00+00:00, run_after=2026-06-20 06:00:00+00:00
[2026-06-21T00:08:32.119+0000] {processor.py:183} INFO - Processing /opt/airflow/dags/clima_etl_corrigido2.py took 0.218 seconds
[2026-06-21T00:09:02.656+0000] {processor.py:161} INFO - Started process (PID=6774) to work on /opt/airflow/dags/clima_etl_corrigido2.py
[2026-06-21T00:09:02.658+0000] {processor.py:830} INFO - Processing file /opt/airflow/dags/clima_etl_corrigido2.py for tasks to queue
[2026-06-21T00:09:02.661+0000] {logging_mixin.py:188} INFO - [2026-06-21T00:09:02.660+0000] {dagbag.py:545} INFO - Filling up the DagBag from /opt/airflow/dags/clima_etl_corrigido2.py
[2026-06-21T00:09:02.682+0000] {processor.py:840} INFO - DAG(s) 'clima_etl_corrigido2' retrieved from /opt/airflow/dags/clima_etl_corrigido2.py
[2026-06-21T00:09:02.754+0000] {logging_mixin.py:188} INFO - [2026-06-21T00:09:02.754+0000] {dag.py:3089} INFO - Sync 1 DAGs
[2026-06-21T00:09:02.802+0000] {logging_mixin.py:188} INFO - [2026-06-21T00:09:02.802+0000] {dag.py:3947} INFO - Setting next_dagrun for clima_etl_corrigido2 to 2026-06-19 06:00:00+00:00, run_after=2026-06-20 06:00:00+00:00
[2026-06-21T00:09:03.066+0000] {processor.py:183} INFO - Processing /opt/airflow/dags/clima_etl_corrigido2.py took 0.421 seconds
[2026-06-21T00:09:33.389+0000] {processor.py:161} INFO - Started process (PID=6827) to work on /opt/airflow/dags/clima_etl_corrigido2.py
[2026-06-21T00:09:33.391+0000] {processor.py:830} INFO - Processing file /opt/airflow/dags/clima_etl_corrigido2.py for tasks to queue
[2026-06-21T00:09:33.392+0000] {logging_mixin.py:188} INFO - [2026-06-21T00:09:33.392+0000] {dagbag.py:545} INFO - Filling up the DagBag from /opt/airflow/dags/clima_etl_corrigido2.py
[2026-06-21T00:09:33.410+0000] {processor.py:840} INFO - DAG(s) 'clima_etl_corrigido2' retrieved from /opt/airflow/dags/clima_etl_corrigido2.py
[2026-06-21T00:09:33.470+0000] {logging_mixin.py:188} INFO - [2026-06-21T00:09:33.470+0000] {dag.py:3089} INFO - Sync 1 DAGs
[2026-06-21T00:09:33.502+0000] {logging_mixin.py:188} INFO - [2026-06-21T00:09:33.502+0000] {dag.py:3947} INFO - Setting next_dagrun for clima_etl_corrigido2 to 2026-06-19 06:00:00+00:00, run_after=2026-06-20 06:00:00+00:00
[2026-06-21T00:09:33.537+0000] {processor.py:183} INFO - Processing /opt/airflow/dags/clima_etl_corrigido2.py took 0.155 seconds
