[2026-06-21T00:00:05.057+0000] {processor.py:161} INFO - Started process (PID=5890) to work on /opt/airflow/dags/com_dinamic_mapping.py
[2026-06-21T00:00:05.060+0000] {processor.py:830} INFO - Processing file /opt/airflow/dags/com_dinamic_mapping.py for tasks to queue
[2026-06-21T00:00:05.062+0000] {logging_mixin.py:188} INFO - [2026-06-21T00:00:05.061+0000] {dagbag.py:545} INFO - Filling up the DagBag from /opt/airflow/dags/com_dinamic_mapping.py
[2026-06-21T00:00:05.084+0000] {processor.py:840} INFO - DAG(s) 'process_files_dynamic' retrieved from /opt/airflow/dags/com_dinamic_mapping.py
[2026-06-21T00:00:05.215+0000] {logging_mixin.py:188} INFO - [2026-06-21T00:00:05.214+0000] {dag.py:3089} INFO - Sync 1 DAGs
[2026-06-21T00:00:05.253+0000] {logging_mixin.py:188} INFO - [2026-06-21T00:00:05.253+0000] {dag.py:3947} INFO - Setting next_dagrun for process_files_dynamic to None, run_after=None
[2026-06-21T00:00:05.358+0000] {processor.py:183} INFO - Processing /opt/airflow/dags/com_dinamic_mapping.py took 0.317 seconds
[2026-06-21T00:00:35.556+0000] {processor.py:161} INFO - Started process (PID=5942) to work on /opt/airflow/dags/com_dinamic_mapping.py
[2026-06-21T00:00:35.558+0000] {processor.py:830} INFO - Processing file /opt/airflow/dags/com_dinamic_mapping.py for tasks to queue
[2026-06-21T00:00:35.561+0000] {logging_mixin.py:188} INFO - [2026-06-21T00:00:35.560+0000] {dagbag.py:545} INFO - Filling up the DagBag from /opt/airflow/dags/com_dinamic_mapping.py
[2026-06-21T00:00:35.584+0000] {processor.py:840} INFO - DAG(s) 'process_files_dynamic' retrieved from /opt/airflow/dags/com_dinamic_mapping.py
[2026-06-21T00:00:35.662+0000] {logging_mixin.py:188} INFO - [2026-06-21T00:00:35.662+0000] {dag.py:3089} INFO - Sync 1 DAGs
[2026-06-21T00:00:35.684+0000] {logging_mixin.py:188} INFO - [2026-06-21T00:00:35.684+0000] {dag.py:3947} INFO - Setting next_dagrun for process_files_dynamic to None, run_after=None
[2026-06-21T00:00:35.756+0000] {processor.py:183} INFO - Processing /opt/airflow/dags/com_dinamic_mapping.py took 0.218 seconds
[2026-06-21T00:01:06.411+0000] {processor.py:161} INFO - Started process (PID=5994) to work on /opt/airflow/dags/com_dinamic_mapping.py
[2026-06-21T00:01:06.414+0000] {processor.py:830} INFO - Processing file /opt/airflow/dags/com_dinamic_mapping.py for tasks to queue
[2026-06-21T00:01:06.419+0000] {logging_mixin.py:188} INFO - [2026-06-21T00:01:06.419+0000] {dagbag.py:545} INFO - Filling up the DagBag from /opt/airflow/dags/com_dinamic_mapping.py
[2026-06-21T00:01:06.452+0000] {processor.py:840} INFO - DAG(s) 'process_files_dynamic' retrieved from /opt/airflow/dags/com_dinamic_mapping.py
[2026-06-21T00:01:06.583+0000] {logging_mixin.py:188} INFO - [2026-06-21T00:01:06.583+0000] {dag.py:3089} INFO - Sync 1 DAGs
[2026-06-21T00:01:06.619+0000] {logging_mixin.py:188} INFO - [2026-06-21T00:01:06.618+0000] {dag.py:3947} INFO - Setting next_dagrun for process_files_dynamic to None, run_after=None
[2026-06-21T00:01:06.680+0000] {processor.py:183} INFO - Processing /opt/airflow/dags/com_dinamic_mapping.py took 0.295 seconds
[2026-06-21T00:01:37.049+0000] {processor.py:161} INFO - Started process (PID=6046) to work on /opt/airflow/dags/com_dinamic_mapping.py
[2026-06-21T00:01:37.050+0000] {processor.py:830} INFO - Processing file /opt/airflow/dags/com_dinamic_mapping.py for tasks to queue
[2026-06-21T00:01:37.053+0000] {logging_mixin.py:188} INFO - [2026-06-21T00:01:37.052+0000] {dagbag.py:545} INFO - Filling up the DagBag from /opt/airflow/dags/com_dinamic_mapping.py
[2026-06-21T00:01:37.076+0000] {processor.py:840} INFO - DAG(s) 'process_files_dynamic' retrieved from /opt/airflow/dags/com_dinamic_mapping.py
[2026-06-21T00:01:37.169+0000] {logging_mixin.py:188} INFO - [2026-06-21T00:01:37.168+0000] {dag.py:3089} INFO - Sync 1 DAGs
[2026-06-21T00:01:37.211+0000] {logging_mixin.py:188} INFO - [2026-06-21T00:01:37.210+0000] {dag.py:3947} INFO - Setting next_dagrun for process_files_dynamic to None, run_after=None
[2026-06-21T00:01:37.294+0000] {processor.py:183} INFO - Processing /opt/airflow/dags/com_dinamic_mapping.py took 0.259 seconds
[2026-06-21T00:02:08.025+0000] {processor.py:161} INFO - Started process (PID=6097) to work on /opt/airflow/dags/com_dinamic_mapping.py
[2026-06-21T00:02:08.029+0000] {processor.py:830} INFO - Processing file /opt/airflow/dags/com_dinamic_mapping.py for tasks to queue
[2026-06-21T00:02:08.033+0000] {logging_mixin.py:188} INFO - [2026-06-21T00:02:08.033+0000] {dagbag.py:545} INFO - Filling up the DagBag from /opt/airflow/dags/com_dinamic_mapping.py
[2026-06-21T00:02:08.075+0000] {processor.py:840} INFO - DAG(s) 'process_files_dynamic' retrieved from /opt/airflow/dags/com_dinamic_mapping.py
[2026-06-21T00:02:08.150+0000] {logging_mixin.py:188} INFO - [2026-06-21T00:02:08.149+0000] {dag.py:3089} INFO - Sync 1 DAGs
[2026-06-21T00:02:08.197+0000] {logging_mixin.py:188} INFO - [2026-06-21T00:02:08.192+0000] {dag.py:3947} INFO - Setting next_dagrun for process_files_dynamic to None, run_after=None
[2026-06-21T00:02:08.311+0000] {processor.py:183} INFO - Processing /opt/airflow/dags/com_dinamic_mapping.py took 0.310 seconds
[2026-06-21T00:02:40.000+0000] {processor.py:161} INFO - Started process (PID=6148) to work on /opt/airflow/dags/com_dinamic_mapping.py
[2026-06-21T00:02:40.002+0000] {processor.py:830} INFO - Processing file /opt/airflow/dags/com_dinamic_mapping.py for tasks to queue
[2026-06-21T00:02:40.007+0000] {logging_mixin.py:188} INFO - [2026-06-21T00:02:40.006+0000] {dagbag.py:545} INFO - Filling up the DagBag from /opt/airflow/dags/com_dinamic_mapping.py
[2026-06-21T00:02:40.033+0000] {processor.py:840} INFO - DAG(s) 'process_files_dynamic' retrieved from /opt/airflow/dags/com_dinamic_mapping.py
[2026-06-21T00:02:40.276+0000] {logging_mixin.py:188} INFO - [2026-06-21T00:02:40.272+0000] {dag.py:3089} INFO - Sync 1 DAGs
[2026-06-21T00:02:40.333+0000] {logging_mixin.py:188} INFO - [2026-06-21T00:02:40.332+0000] {dag.py:3947} INFO - Setting next_dagrun for process_files_dynamic to None, run_after=None
[2026-06-21T00:02:40.408+0000] {processor.py:183} INFO - Processing /opt/airflow/dags/com_dinamic_mapping.py took 0.432 seconds
[2026-06-21T00:03:10.787+0000] {processor.py:161} INFO - Started process (PID=6195) to work on /opt/airflow/dags/com_dinamic_mapping.py
[2026-06-21T00:03:10.803+0000] {processor.py:830} INFO - Processing file /opt/airflow/dags/com_dinamic_mapping.py for tasks to queue
[2026-06-21T00:03:10.822+0000] {logging_mixin.py:188} INFO - [2026-06-21T00:03:10.820+0000] {dagbag.py:545} INFO - Filling up the DagBag from /opt/airflow/dags/com_dinamic_mapping.py
[2026-06-21T00:03:10.849+0000] {processor.py:840} INFO - DAG(s) 'process_files_dynamic' retrieved from /opt/airflow/dags/com_dinamic_mapping.py
[2026-06-21T00:03:10.945+0000] {logging_mixin.py:188} INFO - [2026-06-21T00:03:10.944+0000] {dag.py:3089} INFO - Sync 1 DAGs
[2026-06-21T00:03:10.983+0000] {logging_mixin.py:188} INFO - [2026-06-21T00:03:10.982+0000] {dag.py:3947} INFO - Setting next_dagrun for process_files_dynamic to None, run_after=None
[2026-06-21T00:03:11.124+0000] {processor.py:183} INFO - Processing /opt/airflow/dags/com_dinamic_mapping.py took 0.354 seconds
[2026-06-21T00:03:41.768+0000] {processor.py:161} INFO - Started process (PID=6247) to work on /opt/airflow/dags/com_dinamic_mapping.py
[2026-06-21T00:03:41.772+0000] {processor.py:830} INFO - Processing file /opt/airflow/dags/com_dinamic_mapping.py for tasks to queue
[2026-06-21T00:03:41.777+0000] {logging_mixin.py:188} INFO - [2026-06-21T00:03:41.777+0000] {dagbag.py:545} INFO - Filling up the DagBag from /opt/airflow/dags/com_dinamic_mapping.py
[2026-06-21T00:03:41.807+0000] {processor.py:840} INFO - DAG(s) 'process_files_dynamic' retrieved from /opt/airflow/dags/com_dinamic_mapping.py
[2026-06-21T00:03:41.901+0000] {logging_mixin.py:188} INFO - [2026-06-21T00:03:41.901+0000] {dag.py:3089} INFO - Sync 1 DAGs
[2026-06-21T00:03:41.934+0000] {logging_mixin.py:188} INFO - [2026-06-21T00:03:41.933+0000] {dag.py:3947} INFO - Setting next_dagrun for process_files_dynamic to None, run_after=None
[2026-06-21T00:03:42.030+0000] {processor.py:183} INFO - Processing /opt/airflow/dags/com_dinamic_mapping.py took 0.282 seconds
[2026-06-21T00:04:12.651+0000] {processor.py:161} INFO - Started process (PID=6300) to work on /opt/airflow/dags/com_dinamic_mapping.py
[2026-06-21T00:04:12.653+0000] {processor.py:830} INFO - Processing file /opt/airflow/dags/com_dinamic_mapping.py for tasks to queue
[2026-06-21T00:04:12.658+0000] {logging_mixin.py:188} INFO - [2026-06-21T00:04:12.657+0000] {dagbag.py:545} INFO - Filling up the DagBag from /opt/airflow/dags/com_dinamic_mapping.py
[2026-06-21T00:04:12.677+0000] {processor.py:840} INFO - DAG(s) 'process_files_dynamic' retrieved from /opt/airflow/dags/com_dinamic_mapping.py
[2026-06-21T00:04:12.754+0000] {logging_mixin.py:188} INFO - [2026-06-21T00:04:12.754+0000] {dag.py:3089} INFO - Sync 1 DAGs
[2026-06-21T00:04:12.790+0000] {logging_mixin.py:188} INFO - [2026-06-21T00:04:12.789+0000] {dag.py:3947} INFO - Setting next_dagrun for process_files_dynamic to None, run_after=None
[2026-06-21T00:04:12.881+0000] {processor.py:183} INFO - Processing /opt/airflow/dags/com_dinamic_mapping.py took 0.248 seconds
[2026-06-21T00:04:46.747+0000] {processor.py:161} INFO - Started process (PID=6352) to work on /opt/airflow/dags/com_dinamic_mapping.py
[2026-06-21T00:04:46.760+0000] {processor.py:830} INFO - Processing file /opt/airflow/dags/com_dinamic_mapping.py for tasks to queue
[2026-06-21T00:04:46.790+0000] {logging_mixin.py:188} INFO - [2026-06-21T00:04:46.783+0000] {dagbag.py:545} INFO - Filling up the DagBag from /opt/airflow/dags/com_dinamic_mapping.py
[2026-06-21T00:04:46.910+0000] {processor.py:840} INFO - DAG(s) 'process_files_dynamic' retrieved from /opt/airflow/dags/com_dinamic_mapping.py
[2026-06-21T00:04:47.423+0000] {logging_mixin.py:188} INFO - [2026-06-21T00:04:47.423+0000] {dag.py:3089} INFO - Sync 1 DAGs
[2026-06-21T00:04:47.548+0000] {logging_mixin.py:188} INFO - [2026-06-21T00:04:47.548+0000] {dag.py:3947} INFO - Setting next_dagrun for process_files_dynamic to None, run_after=None
[2026-06-21T00:04:47.815+0000] {processor.py:183} INFO - Processing /opt/airflow/dags/com_dinamic_mapping.py took 1.206 seconds
[2026-06-21T00:05:18.148+0000] {processor.py:161} INFO - Started process (PID=6405) to work on /opt/airflow/dags/com_dinamic_mapping.py
[2026-06-21T00:05:18.152+0000] {processor.py:830} INFO - Processing file /opt/airflow/dags/com_dinamic_mapping.py for tasks to queue
[2026-06-21T00:05:18.155+0000] {logging_mixin.py:188} INFO - [2026-06-21T00:05:18.155+0000] {dagbag.py:545} INFO - Filling up the DagBag from /opt/airflow/dags/com_dinamic_mapping.py
[2026-06-21T00:05:18.175+0000] {processor.py:840} INFO - DAG(s) 'process_files_dynamic' retrieved from /opt/airflow/dags/com_dinamic_mapping.py
[2026-06-21T00:05:18.251+0000] {logging_mixin.py:188} INFO - [2026-06-21T00:05:18.250+0000] {dag.py:3089} INFO - Sync 1 DAGs
[2026-06-21T00:05:18.281+0000] {logging_mixin.py:188} INFO - [2026-06-21T00:05:18.281+0000] {dag.py:3947} INFO - Setting next_dagrun for process_files_dynamic to None, run_after=None
[2026-06-21T00:05:18.323+0000] {processor.py:183} INFO - Processing /opt/airflow/dags/com_dinamic_mapping.py took 0.190 seconds
[2026-06-21T00:05:48.954+0000] {processor.py:161} INFO - Started process (PID=6457) to work on /opt/airflow/dags/com_dinamic_mapping.py
[2026-06-21T00:05:48.961+0000] {processor.py:830} INFO - Processing file /opt/airflow/dags/com_dinamic_mapping.py for tasks to queue
[2026-06-21T00:05:48.968+0000] {logging_mixin.py:188} INFO - [2026-06-21T00:05:48.967+0000] {dagbag.py:545} INFO - Filling up the DagBag from /opt/airflow/dags/com_dinamic_mapping.py
[2026-06-21T00:05:48.993+0000] {processor.py:840} INFO - DAG(s) 'process_files_dynamic' retrieved from /opt/airflow/dags/com_dinamic_mapping.py
[2026-06-21T00:05:49.136+0000] {logging_mixin.py:188} INFO - [2026-06-21T00:05:49.135+0000] {dag.py:3089} INFO - Sync 1 DAGs
[2026-06-21T00:05:49.183+0000] {logging_mixin.py:188} INFO - [2026-06-21T00:05:49.182+0000] {dag.py:3947} INFO - Setting next_dagrun for process_files_dynamic to None, run_after=None
[2026-06-21T00:05:49.253+0000] {processor.py:183} INFO - Processing /opt/airflow/dags/com_dinamic_mapping.py took 0.334 seconds
[2026-06-21T00:06:19.404+0000] {processor.py:161} INFO - Started process (PID=6503) to work on /opt/airflow/dags/com_dinamic_mapping.py
[2026-06-21T00:06:19.407+0000] {processor.py:830} INFO - Processing file /opt/airflow/dags/com_dinamic_mapping.py for tasks to queue
[2026-06-21T00:06:19.411+0000] {logging_mixin.py:188} INFO - [2026-06-21T00:06:19.410+0000] {dagbag.py:545} INFO - Filling up the DagBag from /opt/airflow/dags/com_dinamic_mapping.py
[2026-06-21T00:06:19.436+0000] {processor.py:840} INFO - DAG(s) 'process_files_dynamic' retrieved from /opt/airflow/dags/com_dinamic_mapping.py
[2026-06-21T00:06:19.529+0000] {logging_mixin.py:188} INFO - [2026-06-21T00:06:19.529+0000] {dag.py:3089} INFO - Sync 1 DAGs
[2026-06-21T00:06:19.558+0000] {logging_mixin.py:188} INFO - [2026-06-21T00:06:19.557+0000] {dag.py:3947} INFO - Setting next_dagrun for process_files_dynamic to None, run_after=None
[2026-06-21T00:06:19.635+0000] {processor.py:183} INFO - Processing /opt/airflow/dags/com_dinamic_mapping.py took 0.249 seconds
[2026-06-21T00:06:49.859+0000] {processor.py:161} INFO - Started process (PID=6555) to work on /opt/airflow/dags/com_dinamic_mapping.py
[2026-06-21T00:06:49.862+0000] {processor.py:830} INFO - Processing file /opt/airflow/dags/com_dinamic_mapping.py for tasks to queue
[2026-06-21T00:06:49.864+0000] {logging_mixin.py:188} INFO - [2026-06-21T00:06:49.864+0000] {dagbag.py:545} INFO - Filling up the DagBag from /opt/airflow/dags/com_dinamic_mapping.py
[2026-06-21T00:06:49.882+0000] {processor.py:840} INFO - DAG(s) 'process_files_dynamic' retrieved from /opt/airflow/dags/com_dinamic_mapping.py
[2026-06-21T00:06:49.951+0000] {logging_mixin.py:188} INFO - [2026-06-21T00:06:49.951+0000] {dag.py:3089} INFO - Sync 1 DAGs
[2026-06-21T00:06:49.974+0000] {logging_mixin.py:188} INFO - [2026-06-21T00:06:49.974+0000] {dag.py:3947} INFO - Setting next_dagrun for process_files_dynamic to None, run_after=None
[2026-06-21T00:06:50.012+0000] {processor.py:183} INFO - Processing /opt/airflow/dags/com_dinamic_mapping.py took 0.169 seconds
[2026-06-21T00:07:20.320+0000] {processor.py:161} INFO - Started process (PID=6605) to work on /opt/airflow/dags/com_dinamic_mapping.py
[2026-06-21T00:07:20.322+0000] {processor.py:830} INFO - Processing file /opt/airflow/dags/com_dinamic_mapping.py for tasks to queue
[2026-06-21T00:07:20.327+0000] {logging_mixin.py:188} INFO - [2026-06-21T00:07:20.326+0000] {dagbag.py:545} INFO - Filling up the DagBag from /opt/airflow/dags/com_dinamic_mapping.py
[2026-06-21T00:07:20.349+0000] {processor.py:840} INFO - DAG(s) 'process_files_dynamic' retrieved from /opt/airflow/dags/com_dinamic_mapping.py
[2026-06-21T00:07:20.416+0000] {logging_mixin.py:188} INFO - [2026-06-21T00:07:20.416+0000] {dag.py:3089} INFO - Sync 1 DAGs
[2026-06-21T00:07:20.436+0000] {logging_mixin.py:188} INFO - [2026-06-21T00:07:20.435+0000] {dag.py:3947} INFO - Setting next_dagrun for process_files_dynamic to None, run_after=None
[2026-06-21T00:07:20.460+0000] {processor.py:183} INFO - Processing /opt/airflow/dags/com_dinamic_mapping.py took 0.153 seconds
[2026-06-21T00:07:50.660+0000] {processor.py:161} INFO - Started process (PID=6657) to work on /opt/airflow/dags/com_dinamic_mapping.py
[2026-06-21T00:07:50.662+0000] {processor.py:830} INFO - Processing file /opt/airflow/dags/com_dinamic_mapping.py for tasks to queue
[2026-06-21T00:07:50.664+0000] {logging_mixin.py:188} INFO - [2026-06-21T00:07:50.664+0000] {dagbag.py:545} INFO - Filling up the DagBag from /opt/airflow/dags/com_dinamic_mapping.py
[2026-06-21T00:07:50.680+0000] {processor.py:840} INFO - DAG(s) 'process_files_dynamic' retrieved from /opt/airflow/dags/com_dinamic_mapping.py
[2026-06-21T00:07:50.747+0000] {logging_mixin.py:188} INFO - [2026-06-21T00:07:50.747+0000] {dag.py:3089} INFO - Sync 1 DAGs
[2026-06-21T00:07:50.767+0000] {logging_mixin.py:188} INFO - [2026-06-21T00:07:50.767+0000] {dag.py:3947} INFO - Setting next_dagrun for process_files_dynamic to None, run_after=None
[2026-06-21T00:07:50.823+0000] {processor.py:183} INFO - Processing /opt/airflow/dags/com_dinamic_mapping.py took 0.172 seconds
[2026-06-21T00:08:21.794+0000] {processor.py:161} INFO - Started process (PID=6709) to work on /opt/airflow/dags/com_dinamic_mapping.py
[2026-06-21T00:08:21.801+0000] {processor.py:830} INFO - Processing file /opt/airflow/dags/com_dinamic_mapping.py for tasks to queue
[2026-06-21T00:08:21.807+0000] {logging_mixin.py:188} INFO - [2026-06-21T00:08:21.803+0000] {dagbag.py:545} INFO - Filling up the DagBag from /opt/airflow/dags/com_dinamic_mapping.py
[2026-06-21T00:08:21.855+0000] {processor.py:840} INFO - DAG(s) 'process_files_dynamic' retrieved from /opt/airflow/dags/com_dinamic_mapping.py
[2026-06-21T00:08:22.006+0000] {logging_mixin.py:188} INFO - [2026-06-21T00:08:22.006+0000] {dag.py:3089} INFO - Sync 1 DAGs
[2026-06-21T00:08:22.041+0000] {logging_mixin.py:188} INFO - [2026-06-21T00:08:22.041+0000] {dag.py:3947} INFO - Setting next_dagrun for process_files_dynamic to None, run_after=None
[2026-06-21T00:08:22.109+0000] {processor.py:183} INFO - Processing /opt/airflow/dags/com_dinamic_mapping.py took 0.346 seconds
[2026-06-21T00:08:52.399+0000] {processor.py:161} INFO - Started process (PID=6755) to work on /opt/airflow/dags/com_dinamic_mapping.py
[2026-06-21T00:08:52.402+0000] {processor.py:830} INFO - Processing file /opt/airflow/dags/com_dinamic_mapping.py for tasks to queue
[2026-06-21T00:08:52.405+0000] {logging_mixin.py:188} INFO - [2026-06-21T00:08:52.404+0000] {dagbag.py:545} INFO - Filling up the DagBag from /opt/airflow/dags/com_dinamic_mapping.py
[2026-06-21T00:08:52.417+0000] {processor.py:840} INFO - DAG(s) 'process_files_dynamic' retrieved from /opt/airflow/dags/com_dinamic_mapping.py
[2026-06-21T00:08:52.480+0000] {logging_mixin.py:188} INFO - [2026-06-21T00:08:52.479+0000] {dag.py:3089} INFO - Sync 1 DAGs
[2026-06-21T00:08:52.499+0000] {logging_mixin.py:188} INFO - [2026-06-21T00:08:52.498+0000] {dag.py:3947} INFO - Setting next_dagrun for process_files_dynamic to None, run_after=None
[2026-06-21T00:08:52.538+0000] {processor.py:183} INFO - Processing /opt/airflow/dags/com_dinamic_mapping.py took 0.150 seconds
[2026-06-21T00:09:23.594+0000] {processor.py:161} INFO - Started process (PID=6807) to work on /opt/airflow/dags/com_dinamic_mapping.py
[2026-06-21T00:09:23.597+0000] {processor.py:830} INFO - Processing file /opt/airflow/dags/com_dinamic_mapping.py for tasks to queue
[2026-06-21T00:09:23.600+0000] {logging_mixin.py:188} INFO - [2026-06-21T00:09:23.599+0000] {dagbag.py:545} INFO - Filling up the DagBag from /opt/airflow/dags/com_dinamic_mapping.py
[2026-06-21T00:09:23.616+0000] {processor.py:840} INFO - DAG(s) 'process_files_dynamic' retrieved from /opt/airflow/dags/com_dinamic_mapping.py
[2026-06-21T00:09:23.682+0000] {logging_mixin.py:188} INFO - [2026-06-21T00:09:23.681+0000] {dag.py:3089} INFO - Sync 1 DAGs
[2026-06-21T00:09:23.704+0000] {logging_mixin.py:188} INFO - [2026-06-21T00:09:23.704+0000] {dag.py:3947} INFO - Setting next_dagrun for process_files_dynamic to None, run_after=None
[2026-06-21T00:09:23.741+0000] {processor.py:183} INFO - Processing /opt/airflow/dags/com_dinamic_mapping.py took 0.162 seconds
