[2026-06-21T00:00:07.875+0000] {processor.py:161} INFO - Started process (PID=5908) to work on /opt/airflow/dags/dag_monolitico.py
[2026-06-21T00:00:07.877+0000] {processor.py:830} INFO - Processing file /opt/airflow/dags/dag_monolitico.py for tasks to queue
[2026-06-21T00:00:07.881+0000] {logging_mixin.py:188} INFO - [2026-06-21T00:00:07.880+0000] {dagbag.py:545} INFO - Filling up the DagBag from /opt/airflow/dags/dag_monolitico.py
[2026-06-21T00:00:08.706+0000] {processor.py:840} INFO - DAG(s) 'pipeline_clima_monolitico' retrieved from /opt/airflow/dags/dag_monolitico.py
[2026-06-21T00:00:08.782+0000] {logging_mixin.py:188} INFO - [2026-06-21T00:00:08.782+0000] {dag.py:3089} INFO - Sync 1 DAGs
[2026-06-21T00:00:08.861+0000] {logging_mixin.py:188} INFO - [2026-06-21T00:00:08.860+0000] {dag.py:3947} INFO - Setting next_dagrun for pipeline_clima_monolitico to 2024-01-01 00:00:00+00:00, run_after=2024-01-02 00:00:00+00:00
[2026-06-21T00:00:08.919+0000] {processor.py:183} INFO - Processing /opt/airflow/dags/dag_monolitico.py took 1.054 seconds
[2026-06-21T00:00:39.159+0000] {processor.py:161} INFO - Started process (PID=5954) to work on /opt/airflow/dags/dag_monolitico.py
[2026-06-21T00:00:39.161+0000] {processor.py:830} INFO - Processing file /opt/airflow/dags/dag_monolitico.py for tasks to queue
[2026-06-21T00:00:39.165+0000] {logging_mixin.py:188} INFO - [2026-06-21T00:00:39.164+0000] {dagbag.py:545} INFO - Filling up the DagBag from /opt/airflow/dags/dag_monolitico.py
[2026-06-21T00:00:40.180+0000] {processor.py:840} INFO - DAG(s) 'pipeline_clima_monolitico' retrieved from /opt/airflow/dags/dag_monolitico.py
[2026-06-21T00:00:40.279+0000] {logging_mixin.py:188} INFO - [2026-06-21T00:00:40.275+0000] {dag.py:3089} INFO - Sync 1 DAGs
[2026-06-21T00:00:40.333+0000] {logging_mixin.py:188} INFO - [2026-06-21T00:00:40.333+0000] {dag.py:3947} INFO - Setting next_dagrun for pipeline_clima_monolitico to 2024-01-01 00:00:00+00:00, run_after=2024-01-02 00:00:00+00:00
[2026-06-21T00:00:40.396+0000] {processor.py:183} INFO - Processing /opt/airflow/dags/dag_monolitico.py took 1.252 seconds
[2026-06-21T00:01:10.791+0000] {processor.py:161} INFO - Started process (PID=6006) to work on /opt/airflow/dags/dag_monolitico.py
[2026-06-21T00:01:10.798+0000] {processor.py:830} INFO - Processing file /opt/airflow/dags/dag_monolitico.py for tasks to queue
[2026-06-21T00:01:10.805+0000] {logging_mixin.py:188} INFO - [2026-06-21T00:01:10.803+0000] {dagbag.py:545} INFO - Filling up the DagBag from /opt/airflow/dags/dag_monolitico.py
[2026-06-21T00:01:11.740+0000] {processor.py:840} INFO - DAG(s) 'pipeline_clima_monolitico' retrieved from /opt/airflow/dags/dag_monolitico.py
[2026-06-21T00:01:11.848+0000] {logging_mixin.py:188} INFO - [2026-06-21T00:01:11.847+0000] {dag.py:3089} INFO - Sync 1 DAGs
[2026-06-21T00:01:11.904+0000] {logging_mixin.py:188} INFO - [2026-06-21T00:01:11.903+0000] {dag.py:3947} INFO - Setting next_dagrun for pipeline_clima_monolitico to 2024-01-01 00:00:00+00:00, run_after=2024-01-02 00:00:00+00:00
[2026-06-21T00:01:11.954+0000] {processor.py:183} INFO - Processing /opt/airflow/dags/dag_monolitico.py took 1.182 seconds
[2026-06-21T00:01:42.413+0000] {processor.py:161} INFO - Started process (PID=6058) to work on /opt/airflow/dags/dag_monolitico.py
[2026-06-21T00:01:42.415+0000] {processor.py:830} INFO - Processing file /opt/airflow/dags/dag_monolitico.py for tasks to queue
[2026-06-21T00:01:42.419+0000] {logging_mixin.py:188} INFO - [2026-06-21T00:01:42.418+0000] {dagbag.py:545} INFO - Filling up the DagBag from /opt/airflow/dags/dag_monolitico.py
[2026-06-21T00:01:43.484+0000] {processor.py:840} INFO - DAG(s) 'pipeline_clima_monolitico' retrieved from /opt/airflow/dags/dag_monolitico.py
[2026-06-21T00:01:43.576+0000] {logging_mixin.py:188} INFO - [2026-06-21T00:01:43.574+0000] {dag.py:3089} INFO - Sync 1 DAGs
[2026-06-21T00:01:43.627+0000] {logging_mixin.py:188} INFO - [2026-06-21T00:01:43.626+0000] {dag.py:3947} INFO - Setting next_dagrun for pipeline_clima_monolitico to 2024-01-01 00:00:00+00:00, run_after=2024-01-02 00:00:00+00:00
[2026-06-21T00:01:43.688+0000] {processor.py:183} INFO - Processing /opt/airflow/dags/dag_monolitico.py took 1.288 seconds
[2026-06-21T00:02:14.470+0000] {processor.py:161} INFO - Started process (PID=6109) to work on /opt/airflow/dags/dag_monolitico.py
[2026-06-21T00:02:14.475+0000] {processor.py:830} INFO - Processing file /opt/airflow/dags/dag_monolitico.py for tasks to queue
[2026-06-21T00:02:14.481+0000] {logging_mixin.py:188} INFO - [2026-06-21T00:02:14.481+0000] {dagbag.py:545} INFO - Filling up the DagBag from /opt/airflow/dags/dag_monolitico.py
[2026-06-21T00:02:15.579+0000] {processor.py:840} INFO - DAG(s) 'pipeline_clima_monolitico' retrieved from /opt/airflow/dags/dag_monolitico.py
[2026-06-21T00:02:15.651+0000] {logging_mixin.py:188} INFO - [2026-06-21T00:02:15.650+0000] {dag.py:3089} INFO - Sync 1 DAGs
[2026-06-21T00:02:15.701+0000] {logging_mixin.py:188} INFO - [2026-06-21T00:02:15.701+0000] {dag.py:3947} INFO - Setting next_dagrun for pipeline_clima_monolitico to 2024-01-01 00:00:00+00:00, run_after=2024-01-02 00:00:00+00:00
[2026-06-21T00:02:15.761+0000] {processor.py:183} INFO - Processing /opt/airflow/dags/dag_monolitico.py took 1.305 seconds
[2026-06-21T00:02:46.030+0000] {processor.py:161} INFO - Started process (PID=6161) to work on /opt/airflow/dags/dag_monolitico.py
[2026-06-21T00:02:46.034+0000] {processor.py:830} INFO - Processing file /opt/airflow/dags/dag_monolitico.py for tasks to queue
[2026-06-21T00:02:46.040+0000] {logging_mixin.py:188} INFO - [2026-06-21T00:02:46.039+0000] {dagbag.py:545} INFO - Filling up the DagBag from /opt/airflow/dags/dag_monolitico.py
[2026-06-21T00:02:47.008+0000] {processor.py:840} INFO - DAG(s) 'pipeline_clima_monolitico' retrieved from /opt/airflow/dags/dag_monolitico.py
[2026-06-21T00:02:47.113+0000] {logging_mixin.py:188} INFO - [2026-06-21T00:02:47.111+0000] {dag.py:3089} INFO - Sync 1 DAGs
[2026-06-21T00:02:47.175+0000] {logging_mixin.py:188} INFO - [2026-06-21T00:02:47.174+0000] {dag.py:3947} INFO - Setting next_dagrun for pipeline_clima_monolitico to 2024-01-01 00:00:00+00:00, run_after=2024-01-02 00:00:00+00:00
[2026-06-21T00:02:47.261+0000] {processor.py:183} INFO - Processing /opt/airflow/dags/dag_monolitico.py took 1.246 seconds
[2026-06-21T00:03:17.581+0000] {processor.py:161} INFO - Started process (PID=6213) to work on /opt/airflow/dags/dag_monolitico.py
[2026-06-21T00:03:17.583+0000] {processor.py:830} INFO - Processing file /opt/airflow/dags/dag_monolitico.py for tasks to queue
[2026-06-21T00:03:17.596+0000] {logging_mixin.py:188} INFO - [2026-06-21T00:03:17.590+0000] {dagbag.py:545} INFO - Filling up the DagBag from /opt/airflow/dags/dag_monolitico.py
[2026-06-21T00:03:18.558+0000] {processor.py:840} INFO - DAG(s) 'pipeline_clima_monolitico' retrieved from /opt/airflow/dags/dag_monolitico.py
[2026-06-21T00:03:18.758+0000] {logging_mixin.py:188} INFO - [2026-06-21T00:03:18.757+0000] {dag.py:3089} INFO - Sync 1 DAGs
[2026-06-21T00:03:18.838+0000] {logging_mixin.py:188} INFO - [2026-06-21T00:03:18.837+0000] {dag.py:3947} INFO - Setting next_dagrun for pipeline_clima_monolitico to 2024-01-01 00:00:00+00:00, run_after=2024-01-02 00:00:00+00:00
[2026-06-21T00:03:18.894+0000] {processor.py:183} INFO - Processing /opt/airflow/dags/dag_monolitico.py took 1.330 seconds
[2026-06-21T00:03:49.211+0000] {processor.py:161} INFO - Started process (PID=6259) to work on /opt/airflow/dags/dag_monolitico.py
[2026-06-21T00:03:49.216+0000] {processor.py:830} INFO - Processing file /opt/airflow/dags/dag_monolitico.py for tasks to queue
[2026-06-21T00:03:49.223+0000] {logging_mixin.py:188} INFO - [2026-06-21T00:03:49.222+0000] {dagbag.py:545} INFO - Filling up the DagBag from /opt/airflow/dags/dag_monolitico.py
[2026-06-21T00:03:50.156+0000] {processor.py:840} INFO - DAG(s) 'pipeline_clima_monolitico' retrieved from /opt/airflow/dags/dag_monolitico.py
[2026-06-21T00:03:50.337+0000] {logging_mixin.py:188} INFO - [2026-06-21T00:03:50.332+0000] {dag.py:3089} INFO - Sync 1 DAGs
[2026-06-21T00:03:50.410+0000] {logging_mixin.py:188} INFO - [2026-06-21T00:03:50.409+0000] {dag.py:3947} INFO - Setting next_dagrun for pipeline_clima_monolitico to 2024-01-01 00:00:00+00:00, run_after=2024-01-02 00:00:00+00:00
[2026-06-21T00:03:50.472+0000] {processor.py:183} INFO - Processing /opt/airflow/dags/dag_monolitico.py took 1.293 seconds
[2026-06-21T00:04:21.086+0000] {processor.py:161} INFO - Started process (PID=6312) to work on /opt/airflow/dags/dag_monolitico.py
[2026-06-21T00:04:21.093+0000] {processor.py:830} INFO - Processing file /opt/airflow/dags/dag_monolitico.py for tasks to queue
[2026-06-21T00:04:21.107+0000] {logging_mixin.py:188} INFO - [2026-06-21T00:04:21.102+0000] {dagbag.py:545} INFO - Filling up the DagBag from /opt/airflow/dags/dag_monolitico.py
[2026-06-21T00:04:22.166+0000] {processor.py:840} INFO - DAG(s) 'pipeline_clima_monolitico' retrieved from /opt/airflow/dags/dag_monolitico.py
[2026-06-21T00:04:22.379+0000] {logging_mixin.py:188} INFO - [2026-06-21T00:04:22.374+0000] {dag.py:3089} INFO - Sync 1 DAGs
[2026-06-21T00:04:22.483+0000] {logging_mixin.py:188} INFO - [2026-06-21T00:04:22.481+0000] {dag.py:3947} INFO - Setting next_dagrun for pipeline_clima_monolitico to 2024-01-01 00:00:00+00:00, run_after=2024-01-02 00:00:00+00:00
[2026-06-21T00:04:22.616+0000] {processor.py:183} INFO - Processing /opt/airflow/dags/dag_monolitico.py took 1.572 seconds
[2026-06-21T00:04:53.294+0000] {processor.py:161} INFO - Started process (PID=6363) to work on /opt/airflow/dags/dag_monolitico.py
[2026-06-21T00:04:53.307+0000] {processor.py:830} INFO - Processing file /opt/airflow/dags/dag_monolitico.py for tasks to queue
[2026-06-21T00:04:53.326+0000] {logging_mixin.py:188} INFO - [2026-06-21T00:04:53.319+0000] {dagbag.py:545} INFO - Filling up the DagBag from /opt/airflow/dags/dag_monolitico.py
[2026-06-21T00:04:56.126+0000] {processor.py:840} INFO - DAG(s) 'pipeline_clima_monolitico' retrieved from /opt/airflow/dags/dag_monolitico.py
[2026-06-21T00:04:56.520+0000] {logging_mixin.py:188} INFO - [2026-06-21T00:04:56.518+0000] {dag.py:3089} INFO - Sync 1 DAGs
[2026-06-21T00:04:56.678+0000] {logging_mixin.py:188} INFO - [2026-06-21T00:04:56.677+0000] {dag.py:3947} INFO - Setting next_dagrun for pipeline_clima_monolitico to 2024-01-01 00:00:00+00:00, run_after=2024-01-02 00:00:00+00:00
[2026-06-21T00:04:56.830+0000] {processor.py:183} INFO - Processing /opt/airflow/dags/dag_monolitico.py took 3.672 seconds
[2026-06-21T00:05:27.707+0000] {processor.py:161} INFO - Started process (PID=6420) to work on /opt/airflow/dags/dag_monolitico.py
[2026-06-21T00:05:27.712+0000] {processor.py:830} INFO - Processing file /opt/airflow/dags/dag_monolitico.py for tasks to queue
[2026-06-21T00:05:27.717+0000] {logging_mixin.py:188} INFO - [2026-06-21T00:05:27.716+0000] {dagbag.py:545} INFO - Filling up the DagBag from /opt/airflow/dags/dag_monolitico.py
[2026-06-21T00:05:28.374+0000] {processor.py:840} INFO - DAG(s) 'pipeline_clima_monolitico' retrieved from /opt/airflow/dags/dag_monolitico.py
[2026-06-21T00:05:28.540+0000] {logging_mixin.py:188} INFO - [2026-06-21T00:05:28.539+0000] {dag.py:3089} INFO - Sync 1 DAGs
[2026-06-21T00:05:28.606+0000] {logging_mixin.py:188} INFO - [2026-06-21T00:05:28.605+0000] {dag.py:3947} INFO - Setting next_dagrun for pipeline_clima_monolitico to 2024-01-01 00:00:00+00:00, run_after=2024-01-02 00:00:00+00:00
[2026-06-21T00:05:28.650+0000] {processor.py:183} INFO - Processing /opt/airflow/dags/dag_monolitico.py took 0.954 seconds
[2026-06-21T00:05:59.163+0000] {processor.py:161} INFO - Started process (PID=6472) to work on /opt/airflow/dags/dag_monolitico.py
[2026-06-21T00:05:59.166+0000] {processor.py:830} INFO - Processing file /opt/airflow/dags/dag_monolitico.py for tasks to queue
[2026-06-21T00:05:59.177+0000] {logging_mixin.py:188} INFO - [2026-06-21T00:05:59.175+0000] {dagbag.py:545} INFO - Filling up the DagBag from /opt/airflow/dags/dag_monolitico.py
[2026-06-21T00:06:01.499+0000] {processor.py:840} INFO - DAG(s) 'pipeline_clima_monolitico' retrieved from /opt/airflow/dags/dag_monolitico.py
[2026-06-21T00:06:01.645+0000] {logging_mixin.py:188} INFO - [2026-06-21T00:06:01.643+0000] {dag.py:3089} INFO - Sync 1 DAGs
[2026-06-21T00:06:01.753+0000] {logging_mixin.py:188} INFO - [2026-06-21T00:06:01.749+0000] {dag.py:3947} INFO - Setting next_dagrun for pipeline_clima_monolitico to 2024-01-01 00:00:00+00:00, run_after=2024-01-02 00:00:00+00:00
[2026-06-21T00:06:01.855+0000] {processor.py:183} INFO - Processing /opt/airflow/dags/dag_monolitico.py took 2.728 seconds
[2026-06-21T00:06:32.101+0000] {processor.py:161} INFO - Started process (PID=6524) to work on /opt/airflow/dags/dag_monolitico.py
[2026-06-21T00:06:32.103+0000] {processor.py:830} INFO - Processing file /opt/airflow/dags/dag_monolitico.py for tasks to queue
[2026-06-21T00:06:32.109+0000] {logging_mixin.py:188} INFO - [2026-06-21T00:06:32.108+0000] {dagbag.py:545} INFO - Filling up the DagBag from /opt/airflow/dags/dag_monolitico.py
[2026-06-21T00:06:33.398+0000] {processor.py:840} INFO - DAG(s) 'pipeline_clima_monolitico' retrieved from /opt/airflow/dags/dag_monolitico.py
[2026-06-21T00:06:33.512+0000] {logging_mixin.py:188} INFO - [2026-06-21T00:06:33.511+0000] {dag.py:3089} INFO - Sync 1 DAGs
[2026-06-21T00:06:33.577+0000] {logging_mixin.py:188} INFO - [2026-06-21T00:06:33.576+0000] {dag.py:3947} INFO - Setting next_dagrun for pipeline_clima_monolitico to 2024-01-01 00:00:00+00:00, run_after=2024-01-02 00:00:00+00:00
[2026-06-21T00:06:33.657+0000] {processor.py:183} INFO - Processing /opt/airflow/dags/dag_monolitico.py took 1.571 seconds
[2026-06-21T00:07:04.282+0000] {processor.py:161} INFO - Started process (PID=6570) to work on /opt/airflow/dags/dag_monolitico.py
[2026-06-21T00:07:04.286+0000] {processor.py:830} INFO - Processing file /opt/airflow/dags/dag_monolitico.py for tasks to queue
[2026-06-21T00:07:04.289+0000] {logging_mixin.py:188} INFO - [2026-06-21T00:07:04.289+0000] {dagbag.py:545} INFO - Filling up the DagBag from /opt/airflow/dags/dag_monolitico.py
[2026-06-21T00:07:04.995+0000] {processor.py:840} INFO - DAG(s) 'pipeline_clima_monolitico' retrieved from /opt/airflow/dags/dag_monolitico.py
[2026-06-21T00:07:05.039+0000] {logging_mixin.py:188} INFO - [2026-06-21T00:07:05.038+0000] {dag.py:3089} INFO - Sync 1 DAGs
[2026-06-21T00:07:05.064+0000] {logging_mixin.py:188} INFO - [2026-06-21T00:07:05.064+0000] {dag.py:3947} INFO - Setting next_dagrun for pipeline_clima_monolitico to 2024-01-01 00:00:00+00:00, run_after=2024-01-02 00:00:00+00:00
[2026-06-21T00:07:05.095+0000] {processor.py:183} INFO - Processing /opt/airflow/dags/dag_monolitico.py took 0.824 seconds
[2026-06-21T00:07:35.566+0000] {processor.py:161} INFO - Started process (PID=6622) to work on /opt/airflow/dags/dag_monolitico.py
[2026-06-21T00:07:35.568+0000] {processor.py:830} INFO - Processing file /opt/airflow/dags/dag_monolitico.py for tasks to queue
[2026-06-21T00:07:35.570+0000] {logging_mixin.py:188} INFO - [2026-06-21T00:07:35.570+0000] {dagbag.py:545} INFO - Filling up the DagBag from /opt/airflow/dags/dag_monolitico.py
[2026-06-21T00:07:36.853+0000] {processor.py:840} INFO - DAG(s) 'pipeline_clima_monolitico' retrieved from /opt/airflow/dags/dag_monolitico.py
[2026-06-21T00:07:37.039+0000] {logging_mixin.py:188} INFO - [2026-06-21T00:07:37.038+0000] {dag.py:3089} INFO - Sync 1 DAGs
[2026-06-21T00:07:37.108+0000] {logging_mixin.py:188} INFO - [2026-06-21T00:07:37.108+0000] {dag.py:3947} INFO - Setting next_dagrun for pipeline_clima_monolitico to 2024-01-01 00:00:00+00:00, run_after=2024-01-02 00:00:00+00:00
[2026-06-21T00:07:37.210+0000] {processor.py:183} INFO - Processing /opt/airflow/dags/dag_monolitico.py took 1.719 seconds
[2026-06-21T00:08:07.980+0000] {processor.py:161} INFO - Started process (PID=6674) to work on /opt/airflow/dags/dag_monolitico.py
[2026-06-21T00:08:07.982+0000] {processor.py:830} INFO - Processing file /opt/airflow/dags/dag_monolitico.py for tasks to queue
[2026-06-21T00:08:07.985+0000] {logging_mixin.py:188} INFO - [2026-06-21T00:08:07.985+0000] {dagbag.py:545} INFO - Filling up the DagBag from /opt/airflow/dags/dag_monolitico.py
[2026-06-21T00:08:10.634+0000] {processor.py:840} INFO - DAG(s) 'pipeline_clima_monolitico' retrieved from /opt/airflow/dags/dag_monolitico.py
[2026-06-21T00:08:10.784+0000] {logging_mixin.py:188} INFO - [2026-06-21T00:08:10.782+0000] {dag.py:3089} INFO - Sync 1 DAGs
[2026-06-21T00:08:10.824+0000] {logging_mixin.py:188} INFO - [2026-06-21T00:08:10.823+0000] {dag.py:3947} INFO - Setting next_dagrun for pipeline_clima_monolitico to 2024-01-01 00:00:00+00:00, run_after=2024-01-02 00:00:00+00:00
[2026-06-21T00:08:11.143+0000] {processor.py:183} INFO - Processing /opt/airflow/dags/dag_monolitico.py took 3.177 seconds
[2026-06-21T00:08:41.475+0000] {processor.py:161} INFO - Started process (PID=6726) to work on /opt/airflow/dags/dag_monolitico.py
[2026-06-21T00:08:41.888+0000] {processor.py:830} INFO - Processing file /opt/airflow/dags/dag_monolitico.py for tasks to queue
[2026-06-21T00:08:41.892+0000] {logging_mixin.py:188} INFO - [2026-06-21T00:08:41.891+0000] {dagbag.py:545} INFO - Filling up the DagBag from /opt/airflow/dags/dag_monolitico.py
[2026-06-21T00:08:43.190+0000] {processor.py:840} INFO - DAG(s) 'pipeline_clima_monolitico' retrieved from /opt/airflow/dags/dag_monolitico.py
[2026-06-21T00:08:43.269+0000] {logging_mixin.py:188} INFO - [2026-06-21T00:08:43.268+0000] {dag.py:3089} INFO - Sync 1 DAGs
[2026-06-21T00:08:43.316+0000] {logging_mixin.py:188} INFO - [2026-06-21T00:08:43.315+0000] {dag.py:3947} INFO - Setting next_dagrun for pipeline_clima_monolitico to 2024-01-01 00:00:00+00:00, run_after=2024-01-02 00:00:00+00:00
[2026-06-21T00:08:43.370+0000] {processor.py:183} INFO - Processing /opt/airflow/dags/dag_monolitico.py took 1.906 seconds
[2026-06-21T00:09:14.035+0000] {processor.py:161} INFO - Started process (PID=6779) to work on /opt/airflow/dags/dag_monolitico.py
[2026-06-21T00:09:14.065+0000] {processor.py:830} INFO - Processing file /opt/airflow/dags/dag_monolitico.py for tasks to queue
[2026-06-21T00:09:14.068+0000] {logging_mixin.py:188} INFO - [2026-06-21T00:09:14.067+0000] {dagbag.py:545} INFO - Filling up the DagBag from /opt/airflow/dags/dag_monolitico.py
[2026-06-21T00:09:15.129+0000] {processor.py:840} INFO - DAG(s) 'pipeline_clima_monolitico' retrieved from /opt/airflow/dags/dag_monolitico.py
[2026-06-21T00:09:15.198+0000] {logging_mixin.py:188} INFO - [2026-06-21T00:09:15.197+0000] {dag.py:3089} INFO - Sync 1 DAGs
[2026-06-21T00:09:15.231+0000] {logging_mixin.py:188} INFO - [2026-06-21T00:09:15.230+0000] {dag.py:3947} INFO - Setting next_dagrun for pipeline_clima_monolitico to 2024-01-01 00:00:00+00:00, run_after=2024-01-02 00:00:00+00:00
[2026-06-21T00:09:15.272+0000] {processor.py:183} INFO - Processing /opt/airflow/dags/dag_monolitico.py took 1.250 seconds
[2026-06-21T00:09:45.637+0000] {processor.py:161} INFO - Started process (PID=6832) to work on /opt/airflow/dags/dag_monolitico.py
[2026-06-21T00:09:45.698+0000] {processor.py:830} INFO - Processing file /opt/airflow/dags/dag_monolitico.py for tasks to queue
[2026-06-21T00:09:45.701+0000] {logging_mixin.py:188} INFO - [2026-06-21T00:09:45.701+0000] {dagbag.py:545} INFO - Filling up the DagBag from /opt/airflow/dags/dag_monolitico.py
[2026-06-21T00:09:46.107+0000] {processor.py:840} INFO - DAG(s) 'pipeline_clima_monolitico' retrieved from /opt/airflow/dags/dag_monolitico.py
[2026-06-21T00:09:46.143+0000] {logging_mixin.py:188} INFO - [2026-06-21T00:09:46.142+0000] {dag.py:3089} INFO - Sync 1 DAGs
[2026-06-21T00:09:46.162+0000] {logging_mixin.py:188} INFO - [2026-06-21T00:09:46.162+0000] {dag.py:3947} INFO - Setting next_dagrun for pipeline_clima_monolitico to 2024-01-01 00:00:00+00:00, run_after=2024-01-02 00:00:00+00:00
[2026-06-21T00:09:46.195+0000] {processor.py:183} INFO - Processing /opt/airflow/dags/dag_monolitico.py took 0.564 seconds
