[2026-06-21T00:00:05.048+0000] {processor.py:161} INFO - Started process (PID=5887) to work on /opt/airflow/dags/retry_backoff.py
[2026-06-21T00:00:05.050+0000] {processor.py:830} INFO - Processing file /opt/airflow/dags/retry_backoff.py for tasks to queue
[2026-06-21T00:00:05.055+0000] {logging_mixin.py:188} INFO - [2026-06-21T00:00:05.054+0000] {dagbag.py:545} INFO - Filling up the DagBag from /opt/airflow/dags/retry_backoff.py
[2026-06-21T00:00:05.076+0000] {processor.py:840} INFO - DAG(s) 'retry_backoff' retrieved from /opt/airflow/dags/retry_backoff.py
[2026-06-21T00:00:05.203+0000] {logging_mixin.py:188} INFO - [2026-06-21T00:00:05.201+0000] {dag.py:3089} INFO - Sync 1 DAGs
[2026-06-21T00:00:05.254+0000] {logging_mixin.py:188} INFO - [2026-06-21T00:00:05.253+0000] {dag.py:3947} INFO - Setting next_dagrun for retry_backoff to None, run_after=None
[2026-06-21T00:00:05.379+0000] {processor.py:183} INFO - Processing /opt/airflow/dags/retry_backoff.py took 0.353 seconds
[2026-06-21T00:00:35.537+0000] {processor.py:161} INFO - Started process (PID=5939) to work on /opt/airflow/dags/retry_backoff.py
[2026-06-21T00:00:35.539+0000] {processor.py:830} INFO - Processing file /opt/airflow/dags/retry_backoff.py for tasks to queue
[2026-06-21T00:00:35.547+0000] {logging_mixin.py:188} INFO - [2026-06-21T00:00:35.546+0000] {dagbag.py:545} INFO - Filling up the DagBag from /opt/airflow/dags/retry_backoff.py
[2026-06-21T00:00:35.572+0000] {processor.py:840} INFO - DAG(s) 'retry_backoff' retrieved from /opt/airflow/dags/retry_backoff.py
[2026-06-21T00:00:35.642+0000] {logging_mixin.py:188} INFO - [2026-06-21T00:00:35.642+0000] {dag.py:3089} INFO - Sync 1 DAGs
[2026-06-21T00:00:35.674+0000] {logging_mixin.py:188} INFO - [2026-06-21T00:00:35.674+0000] {dag.py:3947} INFO - Setting next_dagrun for retry_backoff to None, run_after=None
[2026-06-21T00:00:35.727+0000] {processor.py:183} INFO - Processing /opt/airflow/dags/retry_backoff.py took 0.205 seconds
[2026-06-21T00:01:06.392+0000] {processor.py:161} INFO - Started process (PID=5991) to work on /opt/airflow/dags/retry_backoff.py
[2026-06-21T00:01:06.398+0000] {processor.py:830} INFO - Processing file /opt/airflow/dags/retry_backoff.py for tasks to queue
[2026-06-21T00:01:06.413+0000] {logging_mixin.py:188} INFO - [2026-06-21T00:01:06.405+0000] {dagbag.py:545} INFO - Filling up the DagBag from /opt/airflow/dags/retry_backoff.py
[2026-06-21T00:01:06.434+0000] {processor.py:840} INFO - DAG(s) 'retry_backoff' retrieved from /opt/airflow/dags/retry_backoff.py
[2026-06-21T00:01:06.572+0000] {logging_mixin.py:188} INFO - [2026-06-21T00:01:06.572+0000] {dag.py:3089} INFO - Sync 1 DAGs
[2026-06-21T00:01:06.603+0000] {logging_mixin.py:188} INFO - [2026-06-21T00:01:06.602+0000] {dag.py:3947} INFO - Setting next_dagrun for retry_backoff to None, run_after=None
[2026-06-21T00:01:06.665+0000] {processor.py:183} INFO - Processing /opt/airflow/dags/retry_backoff.py took 0.302 seconds
[2026-06-21T00:01:37.039+0000] {processor.py:161} INFO - Started process (PID=6043) to work on /opt/airflow/dags/retry_backoff.py
[2026-06-21T00:01:37.041+0000] {processor.py:830} INFO - Processing file /opt/airflow/dags/retry_backoff.py for tasks to queue
[2026-06-21T00:01:37.044+0000] {logging_mixin.py:188} INFO - [2026-06-21T00:01:37.043+0000] {dagbag.py:545} INFO - Filling up the DagBag from /opt/airflow/dags/retry_backoff.py
[2026-06-21T00:01:37.066+0000] {processor.py:840} INFO - DAG(s) 'retry_backoff' retrieved from /opt/airflow/dags/retry_backoff.py
[2026-06-21T00:01:37.154+0000] {logging_mixin.py:188} INFO - [2026-06-21T00:01:37.154+0000] {dag.py:3089} INFO - Sync 1 DAGs
[2026-06-21T00:01:37.193+0000] {logging_mixin.py:188} INFO - [2026-06-21T00:01:37.192+0000] {dag.py:3947} INFO - Setting next_dagrun for retry_backoff to None, run_after=None
[2026-06-21T00:01:37.276+0000] {processor.py:183} INFO - Processing /opt/airflow/dags/retry_backoff.py took 0.254 seconds
[2026-06-21T00:02:08.000+0000] {processor.py:161} INFO - Started process (PID=6094) to work on /opt/airflow/dags/retry_backoff.py
[2026-06-21T00:02:08.007+0000] {processor.py:830} INFO - Processing file /opt/airflow/dags/retry_backoff.py for tasks to queue
[2026-06-21T00:02:08.014+0000] {logging_mixin.py:188} INFO - [2026-06-21T00:02:08.013+0000] {dagbag.py:545} INFO - Filling up the DagBag from /opt/airflow/dags/retry_backoff.py
[2026-06-21T00:02:08.040+0000] {processor.py:840} INFO - DAG(s) 'retry_backoff' retrieved from /opt/airflow/dags/retry_backoff.py
[2026-06-21T00:02:08.143+0000] {logging_mixin.py:188} INFO - [2026-06-21T00:02:08.142+0000] {dag.py:3089} INFO - Sync 1 DAGs
[2026-06-21T00:02:08.179+0000] {logging_mixin.py:188} INFO - [2026-06-21T00:02:08.178+0000] {dag.py:3947} INFO - Setting next_dagrun for retry_backoff to None, run_after=None
[2026-06-21T00:02:08.244+0000] {processor.py:183} INFO - Processing /opt/airflow/dags/retry_backoff.py took 0.264 seconds
[2026-06-21T00:02:39.893+0000] {processor.py:161} INFO - Started process (PID=6146) to work on /opt/airflow/dags/retry_backoff.py
[2026-06-21T00:02:39.895+0000] {processor.py:830} INFO - Processing file /opt/airflow/dags/retry_backoff.py for tasks to queue
[2026-06-21T00:02:39.898+0000] {logging_mixin.py:188} INFO - [2026-06-21T00:02:39.898+0000] {dagbag.py:545} INFO - Filling up the DagBag from /opt/airflow/dags/retry_backoff.py
[2026-06-21T00:02:39.913+0000] {processor.py:840} INFO - DAG(s) 'retry_backoff' retrieved from /opt/airflow/dags/retry_backoff.py
[2026-06-21T00:02:40.211+0000] {logging_mixin.py:188} INFO - [2026-06-21T00:02:40.210+0000] {dag.py:3089} INFO - Sync 1 DAGs
[2026-06-21T00:02:40.310+0000] {logging_mixin.py:188} INFO - [2026-06-21T00:02:40.310+0000] {dag.py:3947} INFO - Setting next_dagrun for retry_backoff to None, run_after=None
[2026-06-21T00:02:40.492+0000] {processor.py:183} INFO - Processing /opt/airflow/dags/retry_backoff.py took 0.618 seconds
[2026-06-21T00:03:10.754+0000] {processor.py:161} INFO - Started process (PID=6192) to work on /opt/airflow/dags/retry_backoff.py
[2026-06-21T00:03:10.757+0000] {processor.py:830} INFO - Processing file /opt/airflow/dags/retry_backoff.py for tasks to queue
[2026-06-21T00:03:10.766+0000] {logging_mixin.py:188} INFO - [2026-06-21T00:03:10.764+0000] {dagbag.py:545} INFO - Filling up the DagBag from /opt/airflow/dags/retry_backoff.py
[2026-06-21T00:03:10.787+0000] {processor.py:840} INFO - DAG(s) 'retry_backoff' retrieved from /opt/airflow/dags/retry_backoff.py
[2026-06-21T00:03:10.913+0000] {logging_mixin.py:188} INFO - [2026-06-21T00:03:10.912+0000] {dag.py:3089} INFO - Sync 1 DAGs
[2026-06-21T00:03:10.945+0000] {logging_mixin.py:188} INFO - [2026-06-21T00:03:10.944+0000] {dag.py:3947} INFO - Setting next_dagrun for retry_backoff to None, run_after=None
[2026-06-21T00:03:11.039+0000] {processor.py:183} INFO - Processing /opt/airflow/dags/retry_backoff.py took 0.300 seconds
[2026-06-21T00:03:41.751+0000] {processor.py:161} INFO - Started process (PID=6244) to work on /opt/airflow/dags/retry_backoff.py
[2026-06-21T00:03:41.753+0000] {processor.py:830} INFO - Processing file /opt/airflow/dags/retry_backoff.py for tasks to queue
[2026-06-21T00:03:41.761+0000] {logging_mixin.py:188} INFO - [2026-06-21T00:03:41.759+0000] {dagbag.py:545} INFO - Filling up the DagBag from /opt/airflow/dags/retry_backoff.py
[2026-06-21T00:03:41.780+0000] {processor.py:840} INFO - DAG(s) 'retry_backoff' retrieved from /opt/airflow/dags/retry_backoff.py
[2026-06-21T00:03:41.880+0000] {logging_mixin.py:188} INFO - [2026-06-21T00:03:41.880+0000] {dag.py:3089} INFO - Sync 1 DAGs
[2026-06-21T00:03:41.917+0000] {logging_mixin.py:188} INFO - [2026-06-21T00:03:41.917+0000] {dag.py:3947} INFO - Setting next_dagrun for retry_backoff to None, run_after=None
[2026-06-21T00:03:41.997+0000] {processor.py:183} INFO - Processing /opt/airflow/dags/retry_backoff.py took 0.267 seconds
[2026-06-21T00:04:12.631+0000] {processor.py:161} INFO - Started process (PID=6297) to work on /opt/airflow/dags/retry_backoff.py
[2026-06-21T00:04:12.632+0000] {processor.py:830} INFO - Processing file /opt/airflow/dags/retry_backoff.py for tasks to queue
[2026-06-21T00:04:12.636+0000] {logging_mixin.py:188} INFO - [2026-06-21T00:04:12.636+0000] {dagbag.py:545} INFO - Filling up the DagBag from /opt/airflow/dags/retry_backoff.py
[2026-06-21T00:04:12.655+0000] {processor.py:840} INFO - DAG(s) 'retry_backoff' retrieved from /opt/airflow/dags/retry_backoff.py
[2026-06-21T00:04:12.734+0000] {logging_mixin.py:188} INFO - [2026-06-21T00:04:12.734+0000] {dag.py:3089} INFO - Sync 1 DAGs
[2026-06-21T00:04:12.765+0000] {logging_mixin.py:188} INFO - [2026-06-21T00:04:12.764+0000] {dag.py:3947} INFO - Setting next_dagrun for retry_backoff to None, run_after=None
[2026-06-21T00:04:12.865+0000] {processor.py:183} INFO - Processing /opt/airflow/dags/retry_backoff.py took 0.249 seconds
[2026-06-21T00:04:45.621+0000] {processor.py:161} INFO - Started process (PID=6348) to work on /opt/airflow/dags/retry_backoff.py
[2026-06-21T00:04:45.629+0000] {processor.py:830} INFO - Processing file /opt/airflow/dags/retry_backoff.py for tasks to queue
[2026-06-21T00:04:45.642+0000] {logging_mixin.py:188} INFO - [2026-06-21T00:04:45.641+0000] {dagbag.py:545} INFO - Filling up the DagBag from /opt/airflow/dags/retry_backoff.py
[2026-06-21T00:04:45.753+0000] {processor.py:840} INFO - DAG(s) 'retry_backoff' retrieved from /opt/airflow/dags/retry_backoff.py
[2026-06-21T00:04:45.994+0000] {logging_mixin.py:188} INFO - [2026-06-21T00:04:45.993+0000] {dag.py:3089} INFO - Sync 1 DAGs
[2026-06-21T00:04:46.061+0000] {logging_mixin.py:188} INFO - [2026-06-21T00:04:46.058+0000] {dag.py:3947} INFO - Setting next_dagrun for retry_backoff to None, run_after=None
[2026-06-21T00:04:46.341+0000] {processor.py:183} INFO - Processing /opt/airflow/dags/retry_backoff.py took 0.819 seconds
[2026-06-21T00:05:17.104+0000] {processor.py:161} INFO - Started process (PID=6400) to work on /opt/airflow/dags/retry_backoff.py
[2026-06-21T00:05:17.107+0000] {processor.py:830} INFO - Processing file /opt/airflow/dags/retry_backoff.py for tasks to queue
[2026-06-21T00:05:17.110+0000] {logging_mixin.py:188} INFO - [2026-06-21T00:05:17.108+0000] {dagbag.py:545} INFO - Filling up the DagBag from /opt/airflow/dags/retry_backoff.py
[2026-06-21T00:05:17.126+0000] {processor.py:840} INFO - DAG(s) 'retry_backoff' retrieved from /opt/airflow/dags/retry_backoff.py
[2026-06-21T00:05:17.185+0000] {logging_mixin.py:188} INFO - [2026-06-21T00:05:17.185+0000] {dag.py:3089} INFO - Sync 1 DAGs
[2026-06-21T00:05:17.217+0000] {logging_mixin.py:188} INFO - [2026-06-21T00:05:17.216+0000] {dag.py:3947} INFO - Setting next_dagrun for retry_backoff to None, run_after=None
[2026-06-21T00:05:17.254+0000] {processor.py:183} INFO - Processing /opt/airflow/dags/retry_backoff.py took 0.167 seconds
[2026-06-21T00:05:47.379+0000] {processor.py:161} INFO - Started process (PID=6452) to work on /opt/airflow/dags/retry_backoff.py
[2026-06-21T00:05:47.387+0000] {processor.py:830} INFO - Processing file /opt/airflow/dags/retry_backoff.py for tasks to queue
[2026-06-21T00:05:47.397+0000] {logging_mixin.py:188} INFO - [2026-06-21T00:05:47.396+0000] {dagbag.py:545} INFO - Filling up the DagBag from /opt/airflow/dags/retry_backoff.py
[2026-06-21T00:05:47.418+0000] {processor.py:840} INFO - DAG(s) 'retry_backoff' retrieved from /opt/airflow/dags/retry_backoff.py
[2026-06-21T00:05:47.603+0000] {logging_mixin.py:188} INFO - [2026-06-21T00:05:47.602+0000] {dag.py:3089} INFO - Sync 1 DAGs
[2026-06-21T00:05:47.649+0000] {logging_mixin.py:188} INFO - [2026-06-21T00:05:47.648+0000] {dag.py:3947} INFO - Setting next_dagrun for retry_backoff to None, run_after=None
[2026-06-21T00:05:47.764+0000] {processor.py:183} INFO - Processing /opt/airflow/dags/retry_backoff.py took 0.435 seconds
[2026-06-21T00:06:18.258+0000] {processor.py:161} INFO - Started process (PID=6496) to work on /opt/airflow/dags/retry_backoff.py
[2026-06-21T00:06:18.262+0000] {processor.py:830} INFO - Processing file /opt/airflow/dags/retry_backoff.py for tasks to queue
[2026-06-21T00:06:18.271+0000] {logging_mixin.py:188} INFO - [2026-06-21T00:06:18.269+0000] {dagbag.py:545} INFO - Filling up the DagBag from /opt/airflow/dags/retry_backoff.py
[2026-06-21T00:06:18.337+0000] {processor.py:840} INFO - DAG(s) 'retry_backoff' retrieved from /opt/airflow/dags/retry_backoff.py
[2026-06-21T00:06:18.478+0000] {logging_mixin.py:188} INFO - [2026-06-21T00:06:18.477+0000] {dag.py:3089} INFO - Sync 1 DAGs
[2026-06-21T00:06:18.515+0000] {logging_mixin.py:188} INFO - [2026-06-21T00:06:18.514+0000] {dag.py:3947} INFO - Setting next_dagrun for retry_backoff to None, run_after=None
[2026-06-21T00:06:18.565+0000] {processor.py:183} INFO - Processing /opt/airflow/dags/retry_backoff.py took 0.333 seconds
[2026-06-21T00:06:48.837+0000] {processor.py:161} INFO - Started process (PID=6550) to work on /opt/airflow/dags/retry_backoff.py
[2026-06-21T00:06:48.840+0000] {processor.py:830} INFO - Processing file /opt/airflow/dags/retry_backoff.py for tasks to queue
[2026-06-21T00:06:48.844+0000] {logging_mixin.py:188} INFO - [2026-06-21T00:06:48.843+0000] {dagbag.py:545} INFO - Filling up the DagBag from /opt/airflow/dags/retry_backoff.py
[2026-06-21T00:06:48.860+0000] {processor.py:840} INFO - DAG(s) 'retry_backoff' retrieved from /opt/airflow/dags/retry_backoff.py
[2026-06-21T00:06:48.938+0000] {logging_mixin.py:188} INFO - [2026-06-21T00:06:48.938+0000] {dag.py:3089} INFO - Sync 1 DAGs
[2026-06-21T00:06:48.968+0000] {logging_mixin.py:188} INFO - [2026-06-21T00:06:48.968+0000] {dag.py:3947} INFO - Setting next_dagrun for retry_backoff to None, run_after=None
[2026-06-21T00:06:49.049+0000] {processor.py:183} INFO - Processing /opt/airflow/dags/retry_backoff.py took 0.234 seconds
[2026-06-21T00:07:20.069+0000] {processor.py:161} INFO - Started process (PID=6602) to work on /opt/airflow/dags/retry_backoff.py
[2026-06-21T00:07:20.074+0000] {processor.py:830} INFO - Processing file /opt/airflow/dags/retry_backoff.py for tasks to queue
[2026-06-21T00:07:20.077+0000] {logging_mixin.py:188} INFO - [2026-06-21T00:07:20.076+0000] {dagbag.py:545} INFO - Filling up the DagBag from /opt/airflow/dags/retry_backoff.py
[2026-06-21T00:07:20.090+0000] {processor.py:840} INFO - DAG(s) 'retry_backoff' retrieved from /opt/airflow/dags/retry_backoff.py
[2026-06-21T00:07:20.178+0000] {logging_mixin.py:188} INFO - [2026-06-21T00:07:20.178+0000] {dag.py:3089} INFO - Sync 1 DAGs
[2026-06-21T00:07:20.216+0000] {logging_mixin.py:188} INFO - [2026-06-21T00:07:20.216+0000] {dag.py:3947} INFO - Setting next_dagrun for retry_backoff to None, run_after=None
[2026-06-21T00:07:20.342+0000] {processor.py:183} INFO - Processing /opt/airflow/dags/retry_backoff.py took 0.292 seconds
[2026-06-21T00:07:50.650+0000] {processor.py:161} INFO - Started process (PID=6654) to work on /opt/airflow/dags/retry_backoff.py
[2026-06-21T00:07:50.652+0000] {processor.py:830} INFO - Processing file /opt/airflow/dags/retry_backoff.py for tasks to queue
[2026-06-21T00:07:50.654+0000] {logging_mixin.py:188} INFO - [2026-06-21T00:07:50.654+0000] {dagbag.py:545} INFO - Filling up the DagBag from /opt/airflow/dags/retry_backoff.py
[2026-06-21T00:07:50.666+0000] {processor.py:840} INFO - DAG(s) 'retry_backoff' retrieved from /opt/airflow/dags/retry_backoff.py
[2026-06-21T00:07:50.730+0000] {logging_mixin.py:188} INFO - [2026-06-21T00:07:50.730+0000] {dag.py:3089} INFO - Sync 1 DAGs
[2026-06-21T00:07:50.750+0000] {logging_mixin.py:188} INFO - [2026-06-21T00:07:50.750+0000] {dag.py:3947} INFO - Setting next_dagrun for retry_backoff to None, run_after=None
[2026-06-21T00:07:50.806+0000] {processor.py:183} INFO - Processing /opt/airflow/dags/retry_backoff.py took 0.166 seconds
[2026-06-21T00:08:21.396+0000] {processor.py:161} INFO - Started process (PID=6704) to work on /opt/airflow/dags/retry_backoff.py
[2026-06-21T00:08:21.442+0000] {processor.py:830} INFO - Processing file /opt/airflow/dags/retry_backoff.py for tasks to queue
[2026-06-21T00:08:21.445+0000] {logging_mixin.py:188} INFO - [2026-06-21T00:08:21.445+0000] {dagbag.py:545} INFO - Filling up the DagBag from /opt/airflow/dags/retry_backoff.py
[2026-06-21T00:08:21.460+0000] {processor.py:840} INFO - DAG(s) 'retry_backoff' retrieved from /opt/airflow/dags/retry_backoff.py
[2026-06-21T00:08:21.654+0000] {logging_mixin.py:188} INFO - [2026-06-21T00:08:21.654+0000] {dag.py:3089} INFO - Sync 1 DAGs
[2026-06-21T00:08:21.684+0000] {logging_mixin.py:188} INFO - [2026-06-21T00:08:21.683+0000] {dag.py:3947} INFO - Setting next_dagrun for retry_backoff to None, run_after=None
[2026-06-21T00:08:21.798+0000] {processor.py:183} INFO - Processing /opt/airflow/dags/retry_backoff.py took 0.444 seconds
[2026-06-21T00:08:52.369+0000] {processor.py:161} INFO - Started process (PID=6752) to work on /opt/airflow/dags/retry_backoff.py
[2026-06-21T00:08:52.371+0000] {processor.py:830} INFO - Processing file /opt/airflow/dags/retry_backoff.py for tasks to queue
[2026-06-21T00:08:52.373+0000] {logging_mixin.py:188} INFO - [2026-06-21T00:08:52.373+0000] {dagbag.py:545} INFO - Filling up the DagBag from /opt/airflow/dags/retry_backoff.py
[2026-06-21T00:08:52.387+0000] {processor.py:840} INFO - DAG(s) 'retry_backoff' retrieved from /opt/airflow/dags/retry_backoff.py
[2026-06-21T00:08:52.440+0000] {logging_mixin.py:188} INFO - [2026-06-21T00:08:52.440+0000] {dag.py:3089} INFO - Sync 1 DAGs
[2026-06-21T00:08:52.459+0000] {logging_mixin.py:188} INFO - [2026-06-21T00:08:52.459+0000] {dag.py:3947} INFO - Setting next_dagrun for retry_backoff to None, run_after=None
[2026-06-21T00:08:52.495+0000] {processor.py:183} INFO - Processing /opt/airflow/dags/retry_backoff.py took 0.136 seconds
[2026-06-21T00:09:23.607+0000] {processor.py:161} INFO - Started process (PID=6805) to work on /opt/airflow/dags/retry_backoff.py
[2026-06-21T00:09:23.610+0000] {processor.py:830} INFO - Processing file /opt/airflow/dags/retry_backoff.py for tasks to queue
[2026-06-21T00:09:23.645+0000] {logging_mixin.py:188} INFO - [2026-06-21T00:09:23.644+0000] {dagbag.py:545} INFO - Filling up the DagBag from /opt/airflow/dags/retry_backoff.py
[2026-06-21T00:09:23.661+0000] {processor.py:840} INFO - DAG(s) 'retry_backoff' retrieved from /opt/airflow/dags/retry_backoff.py
[2026-06-21T00:09:23.750+0000] {logging_mixin.py:188} INFO - [2026-06-21T00:09:23.749+0000] {dag.py:3089} INFO - Sync 1 DAGs
[2026-06-21T00:09:23.799+0000] {logging_mixin.py:188} INFO - [2026-06-21T00:09:23.799+0000] {dag.py:3947} INFO - Setting next_dagrun for retry_backoff to None, run_after=None
[2026-06-21T00:09:23.838+0000] {processor.py:183} INFO - Processing /opt/airflow/dags/retry_backoff.py took 0.243 seconds
