[2026-06-28T15:08:27.833+0000] {local_task_job_runner.py:120} INFO - ::group::Pre task execution logs
[2026-06-28T15:08:27.880+0000] {taskinstance.py:2076} INFO - Dependencies all met for dep_context=non-requeueable deps ti=<TaskInstance: clima_etl_corrigido2.buscar_clima scheduled__2026-06-27T06:00:00+00:00 [queued]>
[2026-06-28T15:08:27.897+0000] {taskinstance.py:2076} INFO - Dependencies all met for dep_context=requeueable deps ti=<TaskInstance: clima_etl_corrigido2.buscar_clima scheduled__2026-06-27T06:00:00+00:00 [queued]>
[2026-06-28T15:08:27.897+0000] {taskinstance.py:2306} INFO - Starting attempt 1 of 3
[2026-06-28T15:08:27.921+0000] {taskinstance.py:2330} INFO - Executing <Task(_PythonDecoratedOperator): buscar_clima> on 2026-06-27 06:00:00+00:00
[2026-06-28T15:08:27.926+0000] {standard_task_runner.py:64} INFO - Started process 242 to run task
[2026-06-28T15:08:27.932+0000] {standard_task_runner.py:90} INFO - Running: ['***', 'tasks', 'run', 'clima_etl_corrigido2', 'buscar_clima', 'scheduled__2026-06-27T06:00:00+00:00', '--job-id', '751', '--raw', '--subdir', 'DAGS_FOLDER/clima_etl_corrigido2.py', '--cfg-path', '/tmp/tmpmt6k4klc']
[2026-06-28T15:08:27.933+0000] {standard_task_runner.py:91} INFO - Job 751: Subtask buscar_clima
[2026-06-28T15:08:28.030+0000] {task_command.py:426} INFO - Running <TaskInstance: clima_etl_corrigido2.buscar_clima scheduled__2026-06-27T06:00:00+00:00 [running]> on host cc8c651b391b
[2026-06-28T15:08:28.801+0000] {taskinstance.py:2648} INFO - Exporting env vars: AIRFLOW_CTX_DAG_OWNER='lab' AIRFLOW_CTX_DAG_ID='clima_etl_corrigido2' AIRFLOW_CTX_TASK_ID='buscar_clima' AIRFLOW_CTX_EXECUTION_DATE='2026-06-27T06:00:00+00:00' AIRFLOW_CTX_TRY_NUMBER='1' AIRFLOW_CTX_DAG_RUN_ID='scheduled__2026-06-27T06:00:00+00:00'
[2026-06-28T15:08:28.801+0000] {taskinstance.py:430} INFO - ::endgroup::
[2026-06-28T15:08:28.802+0000] {clima_etl_corrigido2.py:90} INFO - Buscando dados para São Paulo (-23.5505, -46.6333)
[2026-06-28T15:08:29.818+0000] {clima_etl_corrigido2.py:108} INFO - ✓ São Paulo — 24 horas coletadas
[2026-06-28T15:08:29.818+0000] {clima_etl_corrigido2.py:90} INFO - Buscando dados para Rio de Janeiro (-22.9068, -43.1729)
[2026-06-28T15:08:30.786+0000] {clima_etl_corrigido2.py:108} INFO - ✓ Rio de Janeiro — 24 horas coletadas
[2026-06-28T15:08:30.786+0000] {clima_etl_corrigido2.py:90} INFO - Buscando dados para Brasília (-15.7801, -47.9292)
[2026-06-28T15:08:31.743+0000] {clima_etl_corrigido2.py:108} INFO - ✓ Brasília — 24 horas coletadas
[2026-06-28T15:08:31.743+0000] {clima_etl_corrigido2.py:114} INFO - Total de cidades coletadas: 3
[2026-06-28T15:08:31.744+0000] {python.py:237} INFO - Done. Returned value was: [{'latitude': -23.514938, 'longitude': -46.610504, 'generationtime_ms': 0.03063678741455078, 'utc_offset_seconds': -10800, 'timezone': 'America/Sao_Paulo', 'timezone_abbreviation': 'GMT-3', 'elevation': 758.0, 'hourly_units': {'time': 'iso8601', 'temperature_2m': '°C'}, 'hourly': {'time': ['2026-06-28T00:00', '2026-06-28T01:00', '2026-06-28T02:00', '2026-06-28T03:00', '2026-06-28T04:00', '2026-06-28T05:00', '2026-06-28T06:00', '2026-06-28T07:00', '2026-06-28T08:00', '2026-06-28T09:00', '2026-06-28T10:00', '2026-06-28T11:00', '2026-06-28T12:00', '2026-06-28T13:00', '2026-06-28T14:00', '2026-06-28T15:00', '2026-06-28T16:00', '2026-06-28T17:00', '2026-06-28T18:00', '2026-06-28T19:00', '2026-06-28T20:00', '2026-06-28T21:00', '2026-06-28T22:00', '2026-06-28T23:00'], 'temperature_2m': [16.8, 16.4, 15.9, 15.5, 15.3, 15.0, 14.8, 14.7, 15.0, 16.8, 19.4, 21.8, 23.9, 24.9, 25.0, 24.8, 24.2, 22.7, 20.8, 19.9, 18.9, 18.1, 17.7, 17.6]}, '_cidade': 'São Paulo'}, {'latitude': -22.952549, 'longitude': -43.215027, 'generationtime_ms': 0.03910064697265625, 'utc_offset_seconds': -10800, 'timezone': 'America/Sao_Paulo', 'timezone_abbreviation': 'GMT-3', 'elevation': 12.0, 'hourly_units': {'time': 'iso8601', 'temperature_2m': '°C'}, 'hourly': {'time': ['2026-06-28T00:00', '2026-06-28T01:00', '2026-06-28T02:00', '2026-06-28T03:00', '2026-06-28T04:00', '2026-06-28T05:00', '2026-06-28T06:00', '2026-06-28T07:00', '2026-06-28T08:00', '2026-06-28T09:00', '2026-06-28T10:00', '2026-06-28T11:00', '2026-06-28T12:00', '2026-06-28T13:00', '2026-06-28T14:00', '2026-06-28T15:00', '2026-06-28T16:00', '2026-06-28T17:00', '2026-06-28T18:00', '2026-06-28T19:00', '2026-06-28T20:00', '2026-06-28T21:00', '2026-06-28T22:00', '2026-06-28T23:00'], 'temperature_2m': [20.1, 19.9, 19.8, 19.8, 19.8, 19.9, 19.9, 19.9, 20.3, 21.0, 22.2, 23.7, 24.9, 25.4, 25.3, 25.0, 24.4, 23.3, 22.6, 22.5, 22.3, 22.0, 21.9, 21.5]}, '_cidade': 'Rio de Janeiro'}, {'latitude': -15.782073, 'longitude': -47.88678, 'generationtime_ms': 0.020623207092285156, 'utc_offset_seconds': -10800, 'timezone': 'America/Sao_Paulo', 'timezone_abbreviation': 'GMT-3', 'elevation': 1136.0, 'hourly_units': {'time': 'iso8601', 'temperature_2m': '°C'}, 'hourly': {'time': ['2026-06-28T00:00', '2026-06-28T01:00', '2026-06-28T02:00', '2026-06-28T03:00', '2026-06-28T04:00', '2026-06-28T05:00', '2026-06-28T06:00', '2026-06-28T07:00', '2026-06-28T08:00', '2026-06-28T09:00', '2026-06-28T10:00', '2026-06-28T11:00', '2026-06-28T12:00', '2026-06-28T13:00', '2026-06-28T14:00', '2026-06-28T15:00', '2026-06-28T16:00', '2026-06-28T17:00', '2026-06-28T18:00', '2026-06-28T19:00', '2026-06-28T20:00', '2026-06-28T21:00', '2026-06-28T22:00', '2026-06-28T23:00'], 'temperature_2m': [17.8, 17.5, 17.1, 16.6, 16.0, 15.6, 15.3, 15.0, 16.3, 17.9, 19.9, 21.5, 22.7, 23.6, 24.0, 23.9, 23.4, 22.5, 20.9, 20.1, 19.5, 18.9, 18.3, 17.7]}, '_cidade': 'Brasília'}]
[2026-06-28T15:08:31.745+0000] {taskinstance.py:441} INFO - ::group::Post task execution logs
[2026-06-28T15:08:32.035+0000] {taskinstance.py:1206} INFO - Marking task as SUCCESS. dag_id=clima_etl_corrigido2, task_id=buscar_clima, run_id=scheduled__2026-06-27T06:00:00+00:00, execution_date=20260627T060000, start_date=20260628T150827, end_date=20260628T150832
[2026-06-28T15:08:32.158+0000] {local_task_job_runner.py:243} INFO - Task exited with return code 0
[2026-06-28T15:08:32.184+0000] {taskinstance.py:3503} INFO - 1 downstream tasks scheduled from follow-on schedule check
[2026-06-28T15:08:32.198+0000] {local_task_job_runner.py:222} INFO - ::endgroup::
