[2026-06-28T18:33:41.845+0000] {local_task_job_runner.py:120} INFO - ::group::Pre task execution logs
[2026-06-28T18:33:41.885+0000] {taskinstance.py:2076} INFO - Dependencies all met for dep_context=non-requeueable deps ti=<TaskInstance: shopbrasil_panorama_precos.listar_categorias manual__2026-06-28T17:42:30.997049+00:00 [queued]>
[2026-06-28T18:33:41.894+0000] {taskinstance.py:2076} INFO - Dependencies all met for dep_context=requeueable deps ti=<TaskInstance: shopbrasil_panorama_precos.listar_categorias manual__2026-06-28T17:42:30.997049+00:00 [queued]>
[2026-06-28T18:33:41.895+0000] {taskinstance.py:2306} INFO - Starting attempt 1 of 4
[2026-06-28T18:33:41.909+0000] {taskinstance.py:2330} INFO - Executing <Task(_PythonDecoratedOperator): listar_categorias> on 2026-06-28 17:42:30.997049+00:00
[2026-06-28T18:33:41.913+0000] {standard_task_runner.py:64} INFO - Started process 23335 to run task
[2026-06-28T18:33:41.916+0000] {standard_task_runner.py:90} INFO - Running: ['***', 'tasks', 'run', 'shopbrasil_panorama_precos', 'listar_categorias', 'manual__2026-06-28T17:42:30.997049+00:00', '--job-id', '771', '--raw', '--subdir', 'DAGS_FOLDER/shopbrasil_panorama_precos.py', '--cfg-path', '/tmp/tmp5e_6sdjw']
[2026-06-28T18:33:41.917+0000] {standard_task_runner.py:91} INFO - Job 771: Subtask listar_categorias
[2026-06-28T18:33:41.982+0000] {task_command.py:426} INFO - Running <TaskInstance: shopbrasil_panorama_precos.listar_categorias manual__2026-06-28T17:42:30.997049+00:00 [running]> on host cc8c651b391b
[2026-06-28T18:33:42.257+0000] {taskinstance.py:2648} INFO - Exporting env vars: AIRFLOW_CTX_DAG_OWNER='shopbrasil_data' AIRFLOW_CTX_DAG_ID='shopbrasil_panorama_precos' AIRFLOW_CTX_TASK_ID='listar_categorias' AIRFLOW_CTX_EXECUTION_DATE='2026-06-28T17:42:30.997049+00:00' AIRFLOW_CTX_TRY_NUMBER='1' AIRFLOW_CTX_DAG_RUN_ID='manual__2026-06-28T17:42:30.997049+00:00'
[2026-06-28T18:33:42.258+0000] {taskinstance.py:430} INFO - ::endgroup::
[2026-06-28T18:33:42.259+0000] {shopbrasil_panorama_precos.py:222} INFO - Listando categorias a partir de 20 produtos
[2026-06-28T18:33:42.259+0000] {categories.py:29} INFO - ✓ categoria=electronics — 6 produto(s)
[2026-06-28T18:33:42.260+0000] {categories.py:29} INFO - ✓ categoria=jewelery — 4 produto(s)
[2026-06-28T18:33:42.260+0000] {categories.py:29} INFO - ✓ categoria=men's clothing — 4 produto(s)
[2026-06-28T18:33:42.260+0000] {categories.py:29} INFO - ✓ categoria=women's clothing — 6 produto(s)
[2026-06-28T18:33:42.260+0000] {categories.py:31} INFO - Total de categorias listadas: 4
[2026-06-28T18:33:42.261+0000] {shopbrasil_panorama_precos.py:230} INFO - Categorias para fan-out: ['electronics', 'jewelery', "men's clothing", "women's clothing"]
[2026-06-28T18:33:42.261+0000] {python.py:237} INFO - Done. Returned value was: ['electronics', 'jewelery', "men's clothing", "women's clothing"]
[2026-06-28T18:33:42.261+0000] {taskinstance.py:441} INFO - ::group::Post task execution logs
[2026-06-28T18:33:42.300+0000] {taskinstance.py:1206} INFO - Marking task as SUCCESS. dag_id=shopbrasil_panorama_precos, task_id=listar_categorias, run_id=manual__2026-06-28T17:42:30.997049+00:00, execution_date=20260628T174230, start_date=20260628T183341, end_date=20260628T183342
[2026-06-28T18:33:42.338+0000] {local_task_job_runner.py:243} INFO - Task exited with return code 0
[2026-06-28T18:33:42.564+0000] {taskinstance.py:3503} INFO - 4 downstream tasks scheduled from follow-on schedule check
[2026-06-28T18:33:42.569+0000] {local_task_job_runner.py:222} INFO - ::endgroup::
