[2026-06-10T23:11:45.486+0000] {local_task_job_runner.py:120} INFO - ::group::Pre task execution logs
[2026-06-10T23:11:45.521+0000] {taskinstance.py:2076} INFO - Dependencies all met for dep_context=non-requeueable deps ti=<TaskInstance: clima_etl.verificar scheduled__2026-06-09T06:00:00+00:00 [queued]>
[2026-06-10T23:11:45.527+0000] {taskinstance.py:2076} INFO - Dependencies all met for dep_context=requeueable deps ti=<TaskInstance: clima_etl.verificar scheduled__2026-06-09T06:00:00+00:00 [queued]>
[2026-06-10T23:11:45.527+0000] {taskinstance.py:2306} INFO - Starting attempt 1 of 3
[2026-06-10T23:11:45.536+0000] {taskinstance.py:2330} INFO - Executing <Task(_PythonDecoratedOperator): verificar> on 2026-06-09 06:00:00+00:00
[2026-06-10T23:11:45.539+0000] {standard_task_runner.py:64} INFO - Started process 13094 to run task
[2026-06-10T23:11:45.543+0000] {standard_task_runner.py:90} INFO - Running: ['***', 'tasks', 'run', 'clima_etl', 'verificar', 'scheduled__2026-06-09T06:00:00+00:00', '--job-id', '2484', '--raw', '--subdir', 'DAGS_FOLDER/clima_etl.py', '--cfg-path', '/tmp/tmprwyg6xdz']
[2026-06-10T23:11:45.544+0000] {standard_task_runner.py:91} INFO - Job 2484: Subtask verificar
[2026-06-10T23:11:45.609+0000] {task_command.py:426} INFO - Running <TaskInstance: clima_etl.verificar scheduled__2026-06-09T06:00:00+00:00 [running]> on host 924392a8df6f
[2026-06-10T23:11:45.849+0000] {taskinstance.py:2648} INFO - Exporting env vars: AIRFLOW_CTX_DAG_OWNER='lab' AIRFLOW_CTX_DAG_ID='clima_etl' AIRFLOW_CTX_TASK_ID='verificar' AIRFLOW_CTX_EXECUTION_DATE='2026-06-09T06:00:00+00:00' AIRFLOW_CTX_TRY_NUMBER='1' AIRFLOW_CTX_DAG_RUN_ID='scheduled__2026-06-09T06:00:00+00:00'
[2026-06-10T23:11:45.850+0000] {taskinstance.py:430} INFO - ::endgroup::
[2026-06-10T23:11:45.879+0000] {base.py:84} INFO - Using connection ID 'postgres_lab' for task execution.
[2026-06-10T23:11:45.886+0000] {sql.py:495} INFO - Running statement: SELECT COUNT(*), ROUND(AVG(temperatura_c)::numeric, 2) FROM clima WHERE dag_run_id = %s, parameters: ('scheduled__2026-06-09T06:00:00+00:00',)
[2026-06-10T23:11:45.893+0000] {sql.py:504} INFO - Rows affected: 1
[2026-06-10T23:11:45.894+0000] {clima_etl.py:256} INFO - === VERIFICAÇÃO ===
[2026-06-10T23:11:45.894+0000] {clima_etl.py:257} INFO - Registros na tabela para scheduled__2026-06-09T06:00:00+00:00: 72 (esperado: 72)
[2026-06-10T23:11:45.894+0000] {clima_etl.py:258} INFO - Temperatura média geral: 20.08°C
[2026-06-10T23:11:45.894+0000] {clima_etl.py:265} INFO - ✓ Verificação OK!
[2026-06-10T23:11:45.894+0000] {python.py:237} INFO - Done. Returned value was: None
[2026-06-10T23:11:45.894+0000] {taskinstance.py:441} INFO - ::group::Post task execution logs
[2026-06-10T23:11:45.907+0000] {taskinstance.py:1206} INFO - Marking task as SUCCESS. dag_id=clima_etl, task_id=verificar, run_id=scheduled__2026-06-09T06:00:00+00:00, execution_date=20260609T060000, start_date=20260610T231145, end_date=20260610T231145
[2026-06-10T23:11:45.955+0000] {local_task_job_runner.py:243} INFO - Task exited with return code 0
[2026-06-10T23:11:45.980+0000] {taskinstance.py:3503} INFO - 0 downstream tasks scheduled from follow-on schedule check
[2026-06-10T23:11:45.983+0000] {local_task_job_runner.py:222} INFO - ::endgroup::
