[2026-06-28T19:01:11.098+0000] {local_task_job_runner.py:120} INFO - ::group::Pre task execution logs
[2026-06-28T19:01:11.130+0000] {taskinstance.py:2076} INFO - Dependencies all met for dep_context=non-requeueable deps ti=<TaskInstance: shopbrasil_panorama_precos.analise.verificar manual__2026-06-28T19:00:59.793875+00:00 [queued]>
[2026-06-28T19:01:11.141+0000] {taskinstance.py:2076} INFO - Dependencies all met for dep_context=requeueable deps ti=<TaskInstance: shopbrasil_panorama_precos.analise.verificar manual__2026-06-28T19:00:59.793875+00:00 [queued]>
[2026-06-28T19:01:11.141+0000] {taskinstance.py:2306} INFO - Starting attempt 1 of 4
[2026-06-28T19:01:11.155+0000] {taskinstance.py:2330} INFO - Executing <Task(_PythonDecoratedOperator): analise.verificar> on 2026-06-28 19:00:59.793875+00:00
[2026-06-28T19:01:11.160+0000] {standard_task_runner.py:64} INFO - Started process 26708 to run task
[2026-06-28T19:01:11.163+0000] {standard_task_runner.py:90} INFO - Running: ['***', 'tasks', 'run', 'shopbrasil_panorama_precos', 'analise.verificar', 'manual__2026-06-28T19:00:59.793875+00:00', '--job-id', '832', '--raw', '--subdir', 'DAGS_FOLDER/shopbrasil_panorama_precos.py', '--cfg-path', '/tmp/tmpkzmt4417']
[2026-06-28T19:01:11.164+0000] {standard_task_runner.py:91} INFO - Job 832: Subtask analise.verificar
[2026-06-28T19:01:11.228+0000] {task_command.py:426} INFO - Running <TaskInstance: shopbrasil_panorama_precos.analise.verificar manual__2026-06-28T19:00:59.793875+00:00 [running]> on host cc8c651b391b
[2026-06-28T19:01:11.491+0000] {taskinstance.py:2648} INFO - Exporting env vars: AIRFLOW_CTX_DAG_OWNER='shopbrasil_data' AIRFLOW_CTX_DAG_ID='shopbrasil_panorama_precos' AIRFLOW_CTX_TASK_ID='analise.verificar' AIRFLOW_CTX_EXECUTION_DATE='2026-06-28T19:00:59.793875+00:00' AIRFLOW_CTX_TRY_NUMBER='1' AIRFLOW_CTX_DAG_RUN_ID='manual__2026-06-28T19:00:59.793875+00:00'
[2026-06-28T19:01:11.492+0000] {taskinstance.py:430} INFO - ::endgroup::
[2026-06-28T19:01:11.520+0000] {base.py:84} INFO - Using connection ID 'postgres_lab' for task execution.
[2026-06-28T19:01:11.528+0000] {sql.py:495} INFO - Running statement: 
        SELECT COUNT(*)
        FROM precos_categoria
        WHERE data_referencia = %s AND dag_run_id = %s
        , parameters: ('2026-06-28', 'manual__2026-06-28T19:00:59.793875+00:00')
[2026-06-28T19:01:11.531+0000] {sql.py:504} INFO - Rows affected: 1
[2026-06-28T19:01:11.532+0000] {load.py:140} INFO - === VERIFICAÇÃO SHOPBRASIL ===
[2026-06-28T19:01:11.532+0000] {load.py:141} INFO - Registros para 2026-06-28 (run manual__2026-06-28T19:00:59.793875+00:00): 4 (esperado: 4)
[2026-06-28T19:01:11.543+0000] {base.py:84} INFO - Using connection ID 'postgres_lab' for task execution.
[2026-06-28T19:01:11.550+0000] {sql.py:495} INFO - Running statement: 
        SELECT categoria, preco_medio, preco_min, preco_max, qtd_produtos
        FROM precos_categoria
        WHERE data_referencia = %s AND dag_run_id = %s
        ORDER BY categoria
        , parameters: ('2026-06-28', 'manual__2026-06-28T19:00:59.793875+00:00')
[2026-06-28T19:01:11.552+0000] {sql.py:504} INFO - Rows affected: 4
[2026-06-28T19:01:11.553+0000] {load.py:164} INFO -   electronics | médio=332.50 | min=64.00 | max=999.99 | qtd=6
[2026-06-28T19:01:11.553+0000] {load.py:164} INFO -   jewelery | médio=221.00 | min=9.99 | max=695.00 | qtd=4
[2026-06-28T19:01:11.553+0000] {load.py:164} INFO -   men's clothing | médio=51.06 | min=15.99 | max=109.95 | qtd=4
[2026-06-28T19:01:11.553+0000] {load.py:164} INFO -   women's clothing | médio=26.29 | min=7.95 | max=56.99 | qtd=6
[2026-06-28T19:01:11.554+0000] {load.py:173} INFO - ✓ Verificação OK — painel pronto para o time de pricing
[2026-06-28T19:01:11.554+0000] {python.py:237} INFO - Done. Returned value was: None
[2026-06-28T19:01:11.554+0000] {taskinstance.py:441} INFO - ::group::Post task execution logs
[2026-06-28T19:01:11.566+0000] {taskinstance.py:1206} INFO - Marking task as SUCCESS. dag_id=shopbrasil_panorama_precos, task_id=analise.verificar, run_id=manual__2026-06-28T19:00:59.793875+00:00, execution_date=20260628T190059, start_date=20260628T190111, end_date=20260628T190111
[2026-06-28T19:01:11.628+0000] {local_task_job_runner.py:243} INFO - Task exited with return code 0
[2026-06-28T19:01:11.664+0000] {taskinstance.py:3503} INFO - 0 downstream tasks scheduled from follow-on schedule check
[2026-06-28T19:01:11.669+0000] {local_task_job_runner.py:222} INFO - ::endgroup::
