[2026-06-28T18:39:20.754+0000] {local_task_job_runner.py:120} INFO - ::group::Pre task execution logs
[2026-06-28T18:39:20.814+0000] {taskinstance.py:2076} INFO - Dependencies all met for dep_context=non-requeueable deps ti=<TaskInstance: shopbrasil_panorama_precos.calcular_metricas manual__2026-06-28T18:33:37.649899+00:00 map_index=3 [queued]>
[2026-06-28T18:39:20.826+0000] {taskinstance.py:2066} INFO - Dependencies not met for <TaskInstance: shopbrasil_panorama_precos.calcular_metricas manual__2026-06-28T18:33:37.649899+00:00 map_index=3 [queued]>, dependency 'Pool Slots Available' FAILED: Not scheduling since there are 0 open slots in pool ecommerce_pool and require 1 pool slots
[2026-06-28T18:39:20.827+0000] {taskinstance.py:2291} WARNING - Rescheduling due to concurrency limits reached at task runtime. Attempt 2 of 4. State set to NONE.
[2026-06-28T18:39:20.860+0000] {local_task_job_runner.py:163} INFO - Task is not able to be run
[2026-06-28T18:39:23.182+0000] {local_task_job_runner.py:120} INFO - ::group::Pre task execution logs
[2026-06-28T18:39:23.369+0000] {taskinstance.py:2076} INFO - Dependencies all met for dep_context=non-requeueable deps ti=<TaskInstance: shopbrasil_panorama_precos.calcular_metricas manual__2026-06-28T18:33:37.649899+00:00 map_index=3 [queued]>
[2026-06-28T18:39:23.396+0000] {taskinstance.py:2076} INFO - Dependencies all met for dep_context=requeueable deps ti=<TaskInstance: shopbrasil_panorama_precos.calcular_metricas manual__2026-06-28T18:33:37.649899+00:00 map_index=3 [queued]>
[2026-06-28T18:39:23.396+0000] {taskinstance.py:2306} INFO - Starting attempt 2 of 4
[2026-06-28T18:39:23.414+0000] {taskinstance.py:2330} INFO - Executing <Mapped(_PythonDecoratedOperator): calcular_metricas> on 2026-06-28 18:33:37.649899+00:00
[2026-06-28T18:39:23.418+0000] {standard_task_runner.py:64} INFO - Started process 24052 to run task
[2026-06-28T18:39:23.423+0000] {standard_task_runner.py:90} INFO - Running: ['***', 'tasks', 'run', 'shopbrasil_panorama_precos', 'calcular_metricas', 'manual__2026-06-28T18:33:37.649899+00:00', '--job-id', '789', '--raw', '--subdir', 'DAGS_FOLDER/shopbrasil_panorama_precos.py', '--cfg-path', '/tmp/tmpjxwvd9p0', '--map-index', '3']
[2026-06-28T18:39:23.425+0000] {standard_task_runner.py:91} INFO - Job 789: Subtask calcular_metricas
[2026-06-28T18:39:23.597+0000] {task_command.py:426} INFO - Running <TaskInstance: shopbrasil_panorama_precos.calcular_metricas manual__2026-06-28T18:33:37.649899+00:00 map_index=3 [running]> on host cc8c651b391b
[2026-06-28T18:39:24.076+0000] {taskinstance.py:2648} INFO - Exporting env vars: AIRFLOW_CTX_DAG_OWNER='shopbrasil_data' AIRFLOW_CTX_DAG_ID='shopbrasil_panorama_precos' AIRFLOW_CTX_TASK_ID='calcular_metricas' AIRFLOW_CTX_EXECUTION_DATE='2026-06-28T18:33:37.649899+00:00' AIRFLOW_CTX_TRY_NUMBER='2' AIRFLOW_CTX_DAG_RUN_ID='manual__2026-06-28T18:33:37.649899+00:00'
[2026-06-28T18:39:24.077+0000] {taskinstance.py:430} INFO - ::endgroup::
[2026-06-28T18:39:24.080+0000] {shopbrasil_panorama_precos.py:253} INFO - Calculando métricas — categoria=women's clothing | pool=ecommerce_pool
[2026-06-28T18:39:24.082+0000] {transform.py:40} INFO - ✓ women's clothing — médio=26.29 | min=7.95 | max=56.99 | qtd=6
[2026-06-28T18:39:24.082+0000] {python.py:237} INFO - Done. Returned value was: {'categoria': "women's clothing", 'preco_medio': 26.29, 'preco_min': 7.95, 'preco_max': 56.99, 'qtd_produtos': 6}
[2026-06-28T18:39:24.082+0000] {taskinstance.py:441} INFO - ::group::Post task execution logs
[2026-06-28T18:39:24.149+0000] {taskinstance.py:1206} INFO - Marking task as SUCCESS. dag_id=shopbrasil_panorama_precos, task_id=calcular_metricas, run_id=manual__2026-06-28T18:33:37.649899+00:00, map_index=3, execution_date=20260628T183337, start_date=20260628T183923, end_date=20260628T183924
[2026-06-28T18:39:24.215+0000] {local_task_job_runner.py:243} INFO - Task exited with return code 0
[2026-06-28T18:39:24.278+0000] {taskinstance.py:3503} INFO - 1 downstream tasks scheduled from follow-on schedule check
[2026-06-28T18:39:24.284+0000] {local_task_job_runner.py:222} INFO - ::endgroup::
