[2026-06-20T23:12:55.062+0000] {local_task_job_runner.py:120} INFO - ::group::Pre task execution logs
[2026-06-20T23:12:55.189+0000] {taskinstance.py:2076} INFO - Dependencies all met for dep_context=non-requeueable deps ti=<TaskInstance: clima_etl_corrigido.carregar manual__2026-06-20T23:12:29.724297+00:00 [queued]>
[2026-06-20T23:12:55.231+0000] {taskinstance.py:2076} INFO - Dependencies all met for dep_context=requeueable deps ti=<TaskInstance: clima_etl_corrigido.carregar manual__2026-06-20T23:12:29.724297+00:00 [queued]>
[2026-06-20T23:12:55.232+0000] {taskinstance.py:2306} INFO - Starting attempt 1 of 3
[2026-06-20T23:12:55.281+0000] {taskinstance.py:2330} INFO - Executing <Task(_PythonDecoratedOperator): carregar> on 2026-06-20 23:12:29.724297+00:00
[2026-06-20T23:12:55.300+0000] {standard_task_runner.py:64} INFO - Started process 1242 to run task
[2026-06-20T23:12:55.307+0000] {standard_task_runner.py:90} INFO - Running: ['***', 'tasks', 'run', 'clima_etl_corrigido', 'carregar', 'manual__2026-06-20T23:12:29.724297+00:00', '--job-id', '734', '--raw', '--subdir', 'DAGS_FOLDER/clima_etl_corrigido.py', '--cfg-path', '/tmp/tmpk8l911yl']
[2026-06-20T23:12:55.309+0000] {standard_task_runner.py:91} INFO - Job 734: Subtask carregar
[2026-06-20T23:12:55.512+0000] {task_command.py:426} INFO - Running <TaskInstance: clima_etl_corrigido.carregar manual__2026-06-20T23:12:29.724297+00:00 [running]> on host cab3a2a0a567
[2026-06-20T23:12:55.851+0000] {taskinstance.py:2648} INFO - Exporting env vars: AIRFLOW_CTX_DAG_OWNER='lab' AIRFLOW_CTX_DAG_ID='clima_etl_corrigido' AIRFLOW_CTX_TASK_ID='carregar' AIRFLOW_CTX_EXECUTION_DATE='2026-06-20T23:12:29.724297+00:00' AIRFLOW_CTX_TRY_NUMBER='1' AIRFLOW_CTX_DAG_RUN_ID='manual__2026-06-20T23:12:29.724297+00:00'
[2026-06-20T23:12:55.853+0000] {taskinstance.py:430} INFO - ::endgroup::
[2026-06-20T23:12:56.145+0000] {base.py:84} INFO - Using connection ID 'postgres_lab' for task execution.
[2026-06-20T23:12:56.157+0000] {clima_etl_corrigido.py:200} INFO - Idempotência: 72 registros anteriores removidos para 2026-06-20
[2026-06-20T23:12:56.260+0000] {clima_etl_corrigido.py:222} INFO - ✓ 72 registros inseridos na tabela 'clima'
[2026-06-20T23:12:56.262+0000] {clima_etl_corrigido.py:223} INFO -   run_id: manual__2026-06-20T23:12:29.724297+00:00 | data: 2026-06-20
[2026-06-20T23:12:56.264+0000] {python.py:237} INFO - Done. Returned value was: 72
[2026-06-20T23:12:56.264+0000] {taskinstance.py:441} INFO - ::group::Post task execution logs
[2026-06-20T23:12:56.323+0000] {taskinstance.py:1206} INFO - Marking task as SUCCESS. dag_id=clima_etl_corrigido, task_id=carregar, run_id=manual__2026-06-20T23:12:29.724297+00:00, execution_date=20260620T231229, start_date=20260620T231255, end_date=20260620T231256
[2026-06-20T23:12:56.378+0000] {local_task_job_runner.py:243} INFO - Task exited with return code 0
[2026-06-20T23:12:56.425+0000] {taskinstance.py:3503} INFO - 1 downstream tasks scheduled from follow-on schedule check
[2026-06-20T23:12:56.432+0000] {local_task_job_runner.py:222} INFO - ::endgroup::
