[2026-06-27T17:40:15.742+0000] {local_task_job_runner.py:120} INFO - ::group::Pre task execution logs
[2026-06-27T17:40:15.786+0000] {taskinstance.py:2076} INFO - Dependencies all met for dep_context=non-requeueable deps ti=<TaskInstance: clima_etl_corrigido2.verificar scheduled__2026-06-26T06:00:00+00:00 [queued]>
[2026-06-27T17:40:15.799+0000] {taskinstance.py:2076} INFO - Dependencies all met for dep_context=requeueable deps ti=<TaskInstance: clima_etl_corrigido2.verificar scheduled__2026-06-26T06:00:00+00:00 [queued]>
[2026-06-27T17:40:15.800+0000] {taskinstance.py:2306} INFO - Starting attempt 1 of 3
[2026-06-27T17:40:15.816+0000] {taskinstance.py:2330} INFO - Executing <Task(_PythonDecoratedOperator): verificar> on 2026-06-26 06:00:00+00:00
[2026-06-27T17:40:15.820+0000] {standard_task_runner.py:64} INFO - Started process 5399 to run task
[2026-06-27T17:40:15.825+0000] {standard_task_runner.py:90} INFO - Running: ['***', 'tasks', 'run', 'clima_etl_corrigido2', 'verificar', 'scheduled__2026-06-26T06:00:00+00:00', '--job-id', '741', '--raw', '--subdir', 'DAGS_FOLDER/clima_etl_corrigido2.py', '--cfg-path', '/tmp/tmpbdzjlomn']
[2026-06-27T17:40:15.833+0000] {standard_task_runner.py:91} INFO - Job 741: Subtask verificar
[2026-06-27T17:40:15.937+0000] {task_command.py:426} INFO - Running <TaskInstance: clima_etl_corrigido2.verificar scheduled__2026-06-26T06:00:00+00:00 [running]> on host 111e4500e751
[2026-06-27T17:40:16.327+0000] {taskinstance.py:2648} INFO - Exporting env vars: AIRFLOW_CTX_DAG_OWNER='lab' AIRFLOW_CTX_DAG_ID='clima_etl_corrigido2' AIRFLOW_CTX_TASK_ID='verificar' AIRFLOW_CTX_EXECUTION_DATE='2026-06-26T06:00:00+00:00' AIRFLOW_CTX_TRY_NUMBER='1' AIRFLOW_CTX_DAG_RUN_ID='scheduled__2026-06-26T06:00:00+00:00'
[2026-06-27T17:40:16.328+0000] {taskinstance.py:430} INFO - ::endgroup::
[2026-06-27T17:40:16.366+0000] {base.py:84} INFO - Using connection ID 'postgres_lab' for task execution.
[2026-06-27T17:40:16.375+0000] {sql.py:495} INFO - Running statement: SELECT COUNT(*), ROUND(AVG(temperatura_c)::numeric, 2) FROM clima WHERE dag_run_id = %s, parameters: ('scheduled__2026-06-26T06:00:00+00:00',)
[2026-06-27T17:40:16.616+0000] {sql.py:504} INFO - Rows affected: 1
[2026-06-27T17:40:16.617+0000] {clima_etl_corrigido2.py:256} INFO - === VERIFICAÇÃO ===
[2026-06-27T17:40:16.618+0000] {clima_etl_corrigido2.py:257} INFO - Registros na tabela para scheduled__2026-06-26T06:00:00+00:00: 72 (esperado: 72)
[2026-06-27T17:40:16.618+0000] {clima_etl_corrigido2.py:258} INFO - Temperatura média geral: 19.34°C
[2026-06-27T17:40:16.619+0000] {clima_etl_corrigido2.py:265} INFO - ✓ Verificação OK!
[2026-06-27T17:40:16.619+0000] {python.py:237} INFO - Done. Returned value was: None
[2026-06-27T17:40:16.619+0000] {taskinstance.py:441} INFO - ::group::Post task execution logs
[2026-06-27T17:40:16.638+0000] {taskinstance.py:1206} INFO - Marking task as SUCCESS. dag_id=clima_etl_corrigido2, task_id=verificar, run_id=scheduled__2026-06-26T06:00:00+00:00, execution_date=20260626T060000, start_date=20260627T174015, end_date=20260627T174016
[2026-06-27T17:40:16.693+0000] {local_task_job_runner.py:243} INFO - Task exited with return code 0
[2026-06-27T17:40:16.719+0000] {taskinstance.py:3503} INFO - 0 downstream tasks scheduled from follow-on schedule check
[2026-06-27T17:40:16.723+0000] {local_task_job_runner.py:222} INFO - ::endgroup::
