[2026-06-27T17:40:18.728+0000] {local_task_job_runner.py:120} INFO - ::group::Pre task execution logs
[2026-06-27T17:40:18.775+0000] {taskinstance.py:2076} INFO - Dependencies all met for dep_context=non-requeueable deps ti=<TaskInstance: clima_etl_corrigido2.buscar_clima manual__2026-06-27T17:40:03.504339+00:00 [queued]>
[2026-06-27T17:40:18.789+0000] {taskinstance.py:2076} INFO - Dependencies all met for dep_context=requeueable deps ti=<TaskInstance: clima_etl_corrigido2.buscar_clima manual__2026-06-27T17:40:03.504339+00:00 [queued]>
[2026-06-27T17:40:18.790+0000] {taskinstance.py:2306} INFO - Starting attempt 1 of 3
[2026-06-27T17:40:18.807+0000] {taskinstance.py:2330} INFO - Executing <Task(_PythonDecoratedOperator): buscar_clima> on 2026-06-27 17:40:03.504339+00:00
[2026-06-27T17:40:18.814+0000] {standard_task_runner.py:64} INFO - Started process 5401 to run task
[2026-06-27T17:40:18.819+0000] {standard_task_runner.py:90} INFO - Running: ['***', 'tasks', 'run', 'clima_etl_corrigido2', 'buscar_clima', 'manual__2026-06-27T17:40:03.504339+00:00', '--job-id', '742', '--raw', '--subdir', 'DAGS_FOLDER/clima_etl_corrigido2.py', '--cfg-path', '/tmp/tmpmwgxo4if']
[2026-06-27T17:40:18.821+0000] {standard_task_runner.py:91} INFO - Job 742: Subtask buscar_clima
[2026-06-27T17:40:18.905+0000] {task_command.py:426} INFO - Running <TaskInstance: clima_etl_corrigido2.buscar_clima manual__2026-06-27T17:40:03.504339+00:00 [running]> on host 111e4500e751
[2026-06-27T17:40:19.217+0000] {taskinstance.py:2648} INFO - Exporting env vars: AIRFLOW_CTX_DAG_OWNER='lab' AIRFLOW_CTX_DAG_ID='clima_etl_corrigido2' AIRFLOW_CTX_TASK_ID='buscar_clima' AIRFLOW_CTX_EXECUTION_DATE='2026-06-27T17:40:03.504339+00:00' AIRFLOW_CTX_TRY_NUMBER='1' AIRFLOW_CTX_DAG_RUN_ID='manual__2026-06-27T17:40:03.504339+00:00'
[2026-06-27T17:40:19.217+0000] {taskinstance.py:430} INFO - ::endgroup::
[2026-06-27T17:40:19.218+0000] {clima_etl_corrigido2.py:90} INFO - Buscando dados para São Paulo (-23.5505, -46.6333)
[2026-06-27T17:40:20.218+0000] {clima_etl_corrigido2.py:108} INFO - ✓ São Paulo — 24 horas coletadas
[2026-06-27T17:40:20.220+0000] {clima_etl_corrigido2.py:90} INFO - Buscando dados para Rio de Janeiro (-22.9068, -43.1729)
[2026-06-27T17:40:21.183+0000] {clima_etl_corrigido2.py:108} INFO - ✓ Rio de Janeiro — 24 horas coletadas
[2026-06-27T17:40:21.184+0000] {clima_etl_corrigido2.py:90} INFO - Buscando dados para Brasília (-15.7801, -47.9292)
[2026-06-27T17:40:22.159+0000] {clima_etl_corrigido2.py:108} INFO - ✓ Brasília — 24 horas coletadas
[2026-06-27T17:40:22.160+0000] {clima_etl_corrigido2.py:114} INFO - Total de cidades coletadas: 3
[2026-06-27T17:40:22.160+0000] {python.py:237} INFO - Done. Returned value was: [{'latitude': -23.514938, 'longitude': -46.610504, 'generationtime_ms': 0.02372264862060547, 'utc_offset_seconds': -10800, 'timezone': 'America/Sao_Paulo', 'timezone_abbreviation': 'GMT-3', 'elevation': 758.0, 'hourly_units': {'time': 'iso8601', 'temperature_2m': '°C'}, 'hourly': {'time': ['2026-06-27T00:00', '2026-06-27T01:00', '2026-06-27T02:00', '2026-06-27T03:00', '2026-06-27T04:00', '2026-06-27T05:00', '2026-06-27T06:00', '2026-06-27T07:00', '2026-06-27T08:00', '2026-06-27T09:00', '2026-06-27T10:00', '2026-06-27T11:00', '2026-06-27T12:00', '2026-06-27T13:00', '2026-06-27T14:00', '2026-06-27T15:00', '2026-06-27T16:00', '2026-06-27T17:00', '2026-06-27T18:00', '2026-06-27T19:00', '2026-06-27T20:00', '2026-06-27T21:00', '2026-06-27T22:00', '2026-06-27T23:00'], 'temperature_2m': [14.8, 14.8, 14.7, 15.0, 14.9, 14.7, 14.6, 14.4, 14.5, 15.1, 17.3, 18.9, 20.7, 22.1, 22.9, 22.6, 22.4, 21.6, 20.3, 19.7, 18.6, 17.9, 17.5, 17.1]}, '_cidade': 'São Paulo'}, {'latitude': -22.952549, 'longitude': -43.215027, 'generationtime_ms': 0.026345252990722656, 'utc_offset_seconds': -10800, 'timezone': 'America/Sao_Paulo', 'timezone_abbreviation': 'GMT-3', 'elevation': 12.0, 'hourly_units': {'time': 'iso8601', 'temperature_2m': '°C'}, 'hourly': {'time': ['2026-06-27T00:00', '2026-06-27T01:00', '2026-06-27T02:00', '2026-06-27T03:00', '2026-06-27T04:00', '2026-06-27T05:00', '2026-06-27T06:00', '2026-06-27T07:00', '2026-06-27T08:00', '2026-06-27T09:00', '2026-06-27T10:00', '2026-06-27T11:00', '2026-06-27T12:00', '2026-06-27T13:00', '2026-06-27T14:00', '2026-06-27T15:00', '2026-06-27T16:00', '2026-06-27T17:00', '2026-06-27T18:00', '2026-06-27T19:00', '2026-06-27T20:00', '2026-06-27T21:00', '2026-06-27T22:00', '2026-06-27T23:00'], 'temperature_2m': [20.8, 20.4, 20.1, 19.8, 19.8, 19.7, 19.5, 19.6, 20.4, 21.1, 22.2, 23.1, 23.4, 23.0, 22.6, 22.4, 22.1, 21.3, 20.7, 20.5, 20.4, 20.0, 19.7, 19.6]}, '_cidade': 'Rio de Janeiro'}, {'latitude': -15.782073, 'longitude': -47.88678, 'generationtime_ms': 0.024080276489257812, 'utc_offset_seconds': -10800, 'timezone': 'America/Sao_Paulo', 'timezone_abbreviation': 'GMT-3', 'elevation': 1136.0, 'hourly_units': {'time': 'iso8601', 'temperature_2m': '°C'}, 'hourly': {'time': ['2026-06-27T00:00', '2026-06-27T01:00', '2026-06-27T02:00', '2026-06-27T03:00', '2026-06-27T04:00', '2026-06-27T05:00', '2026-06-27T06:00', '2026-06-27T07:00', '2026-06-27T08:00', '2026-06-27T09:00', '2026-06-27T10:00', '2026-06-27T11:00', '2026-06-27T12:00', '2026-06-27T13:00', '2026-06-27T14:00', '2026-06-27T15:00', '2026-06-27T16:00', '2026-06-27T17:00', '2026-06-27T18:00', '2026-06-27T19:00', '2026-06-27T20:00', '2026-06-27T21:00', '2026-06-27T22:00', '2026-06-27T23:00'], 'temperature_2m': [17.8, 17.7, 17.4, 16.7, 16.5, 16.2, 15.9, 15.7, 17.0, 18.3, 19.7, 21.1, 21.9, 22.7, 23.3, 23.6, 23.5, 22.7, 21.1, 20.1, 19.5, 18.9, 18.3, 17.8]}, '_cidade': 'Brasília'}]
[2026-06-27T17:40:22.161+0000] {taskinstance.py:441} INFO - ::group::Post task execution logs
[2026-06-27T17:40:22.200+0000] {taskinstance.py:1206} INFO - Marking task as SUCCESS. dag_id=clima_etl_corrigido2, task_id=buscar_clima, run_id=manual__2026-06-27T17:40:03.504339+00:00, execution_date=20260627T174003, start_date=20260627T174018, end_date=20260627T174022
[2026-06-27T17:40:22.256+0000] {local_task_job_runner.py:243} INFO - Task exited with return code 0
[2026-06-27T17:40:22.289+0000] {taskinstance.py:3503} INFO - 1 downstream tasks scheduled from follow-on schedule check
[2026-06-27T17:40:22.293+0000] {local_task_job_runner.py:222} INFO - ::endgroup::
