[2026-06-28T17:27:58.069+0000] {local_task_job_runner.py:120} INFO - ::group::Pre task execution logs
[2026-06-28T17:27:58.131+0000] {taskinstance.py:2076} INFO - Dependencies all met for dep_context=non-requeueable deps ti=<TaskInstance: shopbrasil_panorama_precos.buscar_produtos __airflow_temporary_run_2026-06-28T17:27:56.558646+00:00__ [None]>
[2026-06-28T17:27:58.141+0000] {taskinstance.py:2076} INFO - Dependencies all met for dep_context=requeueable deps ti=<TaskInstance: shopbrasil_panorama_precos.buscar_produtos __airflow_temporary_run_2026-06-28T17:27:56.558646+00:00__ [None]>
[2026-06-28T17:27:58.142+0000] {taskinstance.py:2306} INFO - Starting attempt 1 of 4
[2026-06-28T17:27:58.170+0000] {taskinstance.py:2330} INFO - Executing <Task(_PythonDecoratedOperator): buscar_produtos> on 2024-01-01 00:00:00+00:00
[2026-06-28T17:27:58.174+0000] {standard_task_runner.py:64} INFO - Started process 15914 to run task
[2026-06-28T17:27:58.181+0000] {standard_task_runner.py:90} INFO - Running: ['***', 'tasks', 'run', 'shopbrasil_panorama_precos', 'buscar_produtos', '__***_temporary_run_2026-06-28T17:27:56.558646+00:00__', '--job-id', '765', '--raw', '--subdir', 'DAGS_FOLDER/shopbrasil_panorama_precos.py', '--cfg-path', '/tmp/tmpy385mi49']
[2026-06-28T17:27:58.183+0000] {standard_task_runner.py:91} INFO - Job 765: Subtask buscar_produtos
[2026-06-28T17:27:58.335+0000] {task_command.py:426} INFO - Running <TaskInstance: shopbrasil_panorama_precos.buscar_produtos __airflow_temporary_run_2026-06-28T17:27:56.558646+00:00__ [running]> on host cc8c651b391b
[2026-06-28T17:27:59.012+0000] {taskinstance.py:2648} INFO - Exporting env vars: AIRFLOW_CTX_DAG_OWNER='shopbrasil_data' AIRFLOW_CTX_DAG_ID='shopbrasil_panorama_precos' AIRFLOW_CTX_TASK_ID='buscar_produtos' AIRFLOW_CTX_EXECUTION_DATE='2024-01-01T00:00:00+00:00' AIRFLOW_CTX_TRY_NUMBER='1' AIRFLOW_CTX_DAG_RUN_ID='__***_temporary_run_2026-06-28T17:27:56.558646+00:00__'
[2026-06-28T17:27:59.013+0000] {taskinstance.py:430} INFO - ::endgroup::
[2026-06-28T17:27:59.014+0000] {shopbrasil_panorama_precos.py:131} INFO - Buscando produtos na FakeStore API: https://fakestoreapi.com/products
[2026-06-28T17:28:00.130+0000] {shopbrasil_panorama_precos.py:155} INFO - ✓ produto id=1 — categoria=men's clothing — preço=109.95
[2026-06-28T17:28:00.130+0000] {shopbrasil_panorama_precos.py:155} INFO - ✓ produto id=2 — categoria=men's clothing — preço=22.30
[2026-06-28T17:28:00.131+0000] {shopbrasil_panorama_precos.py:155} INFO - ✓ produto id=3 — categoria=men's clothing — preço=55.99
[2026-06-28T17:28:00.131+0000] {shopbrasil_panorama_precos.py:155} INFO - ✓ produto id=4 — categoria=men's clothing — preço=15.99
[2026-06-28T17:28:00.131+0000] {shopbrasil_panorama_precos.py:155} INFO - ✓ produto id=5 — categoria=jewelery — preço=695.00
[2026-06-28T17:28:00.131+0000] {shopbrasil_panorama_precos.py:155} INFO - ✓ produto id=6 — categoria=jewelery — preço=168.00
[2026-06-28T17:28:00.131+0000] {shopbrasil_panorama_precos.py:155} INFO - ✓ produto id=7 — categoria=jewelery — preço=9.99
[2026-06-28T17:28:00.131+0000] {shopbrasil_panorama_precos.py:155} INFO - ✓ produto id=8 — categoria=jewelery — preço=10.99
[2026-06-28T17:28:00.131+0000] {shopbrasil_panorama_precos.py:155} INFO - ✓ produto id=9 — categoria=electronics — preço=64.00
[2026-06-28T17:28:00.131+0000] {shopbrasil_panorama_precos.py:155} INFO - ✓ produto id=10 — categoria=electronics — preço=109.00
[2026-06-28T17:28:00.132+0000] {shopbrasil_panorama_precos.py:155} INFO - ✓ produto id=11 — categoria=electronics — preço=109.00
[2026-06-28T17:28:00.132+0000] {shopbrasil_panorama_precos.py:155} INFO - ✓ produto id=12 — categoria=electronics — preço=114.00
[2026-06-28T17:28:00.132+0000] {shopbrasil_panorama_precos.py:155} INFO - ✓ produto id=13 — categoria=electronics — preço=599.00
[2026-06-28T17:28:00.132+0000] {shopbrasil_panorama_precos.py:155} INFO - ✓ produto id=14 — categoria=electronics — preço=999.99
[2026-06-28T17:28:00.132+0000] {shopbrasil_panorama_precos.py:155} INFO - ✓ produto id=15 — categoria=women's clothing — preço=56.99
[2026-06-28T17:28:00.132+0000] {shopbrasil_panorama_precos.py:155} INFO - ✓ produto id=16 — categoria=women's clothing — preço=29.95
[2026-06-28T17:28:00.132+0000] {shopbrasil_panorama_precos.py:155} INFO - ✓ produto id=17 — categoria=women's clothing — preço=39.99
[2026-06-28T17:28:00.132+0000] {shopbrasil_panorama_precos.py:155} INFO - ✓ produto id=18 — categoria=women's clothing — preço=9.85
[2026-06-28T17:28:00.132+0000] {shopbrasil_panorama_precos.py:155} INFO - ✓ produto id=19 — categoria=women's clothing — preço=7.95
[2026-06-28T17:28:00.132+0000] {shopbrasil_panorama_precos.py:155} INFO - ✓ produto id=20 — categoria=women's clothing — preço=12.99
[2026-06-28T17:28:00.132+0000] {shopbrasil_panorama_precos.py:169} INFO - Total de produtos coletados: 20
[2026-06-28T17:28:00.133+0000] {python.py:237} INFO - Done. Returned value was: [{'id': 1, 'price': 109.95, 'category': "men's clothing"}, {'id': 2, 'price': 22.3, 'category': "men's clothing"}, {'id': 3, 'price': 55.99, 'category': "men's clothing"}, {'id': 4, 'price': 15.99, 'category': "men's clothing"}, {'id': 5, 'price': 695.0, 'category': 'jewelery'}, {'id': 6, 'price': 168.0, 'category': 'jewelery'}, {'id': 7, 'price': 9.99, 'category': 'jewelery'}, {'id': 8, 'price': 10.99, 'category': 'jewelery'}, {'id': 9, 'price': 64.0, 'category': 'electronics'}, {'id': 10, 'price': 109.0, 'category': 'electronics'}, {'id': 11, 'price': 109.0, 'category': 'electronics'}, {'id': 12, 'price': 114.0, 'category': 'electronics'}, {'id': 13, 'price': 599.0, 'category': 'electronics'}, {'id': 14, 'price': 999.99, 'category': 'electronics'}, {'id': 15, 'price': 56.99, 'category': "women's clothing"}, {'id': 16, 'price': 29.95, 'category': "women's clothing"}, {'id': 17, 'price': 39.99, 'category': "women's clothing"}, {'id': 18, 'price': 9.85, 'category': "women's clothing"}, {'id': 19, 'price': 7.95, 'category': "women's clothing"}, {'id': 20, 'price': 12.99, 'category': "women's clothing"}]
[2026-06-28T17:28:00.133+0000] {taskinstance.py:441} INFO - ::group::Post task execution logs
[2026-06-28T17:28:00.210+0000] {taskinstance.py:1206} INFO - Marking task as SUCCESS. dag_id=shopbrasil_panorama_precos, task_id=buscar_produtos, run_id=__***_temporary_run_2026-06-28T17:27:56.558646+00:00__, execution_date=20240101T000000, start_date=20260628T172758, end_date=20260628T172800
[2026-06-28T17:28:00.247+0000] {local_task_job_runner.py:243} INFO - Task exited with return code 0
[2026-06-28T17:28:00.272+0000] {taskinstance.py:3503} INFO - 0 downstream tasks scheduled from follow-on schedule check
[2026-06-28T17:28:00.277+0000] {local_task_job_runner.py:222} INFO - ::endgroup::
