[2026-06-28T18:42:42.064+0000] {local_task_job_runner.py:120} INFO - ::group::Pre task execution logs
[2026-06-28T18:42:42.111+0000] {taskinstance.py:2076} INFO - Dependencies all met for dep_context=non-requeueable deps ti=<TaskInstance: shopbrasil_panorama_precos.carregar manual__2026-06-28T18:33:37.649899+00:00 [queued]>
[2026-06-28T18:42:42.126+0000] {taskinstance.py:2076} INFO - Dependencies all met for dep_context=requeueable deps ti=<TaskInstance: shopbrasil_panorama_precos.carregar manual__2026-06-28T18:33:37.649899+00:00 [queued]>
[2026-06-28T18:42:42.127+0000] {taskinstance.py:2306} INFO - Starting attempt 2 of 4
[2026-06-28T18:42:42.150+0000] {taskinstance.py:2330} INFO - Executing <Task(_PythonDecoratedOperator): carregar> on 2026-06-28 18:33:37.649899+00:00
[2026-06-28T18:42:42.154+0000] {standard_task_runner.py:64} INFO - Started process 24428 to run task
[2026-06-28T18:42:42.157+0000] {standard_task_runner.py:90} INFO - Running: ['***', 'tasks', 'run', 'shopbrasil_panorama_precos', 'carregar', 'manual__2026-06-28T18:33:37.649899+00:00', '--job-id', '792', '--raw', '--subdir', 'DAGS_FOLDER/shopbrasil_panorama_precos.py', '--cfg-path', '/tmp/tmp_n5x78v4']
[2026-06-28T18:42:42.158+0000] {standard_task_runner.py:91} INFO - Job 792: Subtask carregar
[2026-06-28T18:42:42.239+0000] {task_command.py:426} INFO - Running <TaskInstance: shopbrasil_panorama_precos.carregar manual__2026-06-28T18:33:37.649899+00:00 [running]> on host cc8c651b391b
[2026-06-28T18:42:42.551+0000] {taskinstance.py:2648} INFO - Exporting env vars: AIRFLOW_CTX_DAG_OWNER='shopbrasil_data' AIRFLOW_CTX_DAG_ID='shopbrasil_panorama_precos' AIRFLOW_CTX_TASK_ID='carregar' AIRFLOW_CTX_EXECUTION_DATE='2026-06-28T18:33:37.649899+00:00' AIRFLOW_CTX_TRY_NUMBER='2' AIRFLOW_CTX_DAG_RUN_ID='manual__2026-06-28T18:33:37.649899+00:00'
[2026-06-28T18:42:42.552+0000] {taskinstance.py:430} INFO - ::endgroup::
[2026-06-28T18:42:42.552+0000] {taskinstance.py:441} INFO - ::group::Post task execution logs
[2026-06-28T18:42:42.553+0000] {taskinstance.py:2905} ERROR - Task failed with exception
Traceback (most recent call last):
  File "/home/airflow/.local/lib/python3.11/site-packages/airflow/models/taskinstance.py", line 460, in _execute_task
    result = _execute_callable(context=context, **execute_callable_kwargs)
             ^^^^^^^^^^^^^^^^^^^^^^^^^^^^^^^^^^^^^^^^^^^^^^^^^^^^^^^^^^^^^
  File "/home/airflow/.local/lib/python3.11/site-packages/airflow/models/taskinstance.py", line 432, in _execute_callable
    return execute_callable(context=context, **execute_callable_kwargs)
           ^^^^^^^^^^^^^^^^^^^^^^^^^^^^^^^^^^^^^^^^^^^^^^^^^^^^^^^^^^^^
  File "/home/airflow/.local/lib/python3.11/site-packages/airflow/models/baseoperator.py", line 401, in wrapper
    return func(self, *args, **kwargs)
           ^^^^^^^^^^^^^^^^^^^^^^^^^^^
  File "/home/airflow/.local/lib/python3.11/site-packages/airflow/decorators/base.py", line 265, in execute
    return_value = super().execute(context)
                   ^^^^^^^^^^^^^^^^^^^^^^^^
  File "/home/airflow/.local/lib/python3.11/site-packages/airflow/models/baseoperator.py", line 401, in wrapper
    return func(self, *args, **kwargs)
           ^^^^^^^^^^^^^^^^^^^^^^^^^^^
  File "/home/airflow/.local/lib/python3.11/site-packages/airflow/operators/python.py", line 235, in execute
    return_value = self.execute_callable()
                   ^^^^^^^^^^^^^^^^^^^^^^^
  File "/home/airflow/.local/lib/python3.11/site-packages/airflow/operators/python.py", line 252, in execute_callable
    return self.python_callable(*self.op_args, **self.op_kwargs)
           ^^^^^^^^^^^^^^^^^^^^^^^^^^^^^^^^^^^^^^^^^^^^^^^^^^^^^
  File "/opt/airflow/dags/shopbrasil_panorama_precos.py", line 293, in carregar
    raise NotImplementedError("carregar — aguardando implementação")
NotImplementedError: carregar — aguardando implementação
[2026-06-28T18:42:42.565+0000] {taskinstance.py:1206} INFO - Marking task as UP_FOR_RETRY. dag_id=shopbrasil_panorama_precos, task_id=carregar, run_id=manual__2026-06-28T18:33:37.649899+00:00, execution_date=20260628T183337, start_date=20260628T184242, end_date=20260628T184242
[2026-06-28T18:42:42.578+0000] {standard_task_runner.py:110} ERROR - Failed to execute job 792 for task carregar (carregar — aguardando implementação; 24428)
[2026-06-28T18:42:42.593+0000] {local_task_job_runner.py:243} INFO - Task exited with return code 1
[2026-06-28T18:42:42.624+0000] {taskinstance.py:3503} INFO - 0 downstream tasks scheduled from follow-on schedule check
[2026-06-28T18:42:42.628+0000] {local_task_job_runner.py:222} INFO - ::endgroup::
