[2026-06-29T01:43:46.331+0000] {local_task_job_runner.py:120} INFO - ::group::Pre task execution logs
[2026-06-29T01:43:46.419+0000] {taskinstance.py:2076} INFO - Dependencies all met for dep_context=non-requeueable deps ti=<TaskInstance: shopbrasil_panorama_precos.analise.carregar scheduled__2026-06-28T09:00:00+00:00 [queued]>
[2026-06-29T01:43:46.467+0000] {taskinstance.py:2076} INFO - Dependencies all met for dep_context=requeueable deps ti=<TaskInstance: shopbrasil_panorama_precos.analise.carregar scheduled__2026-06-28T09:00:00+00:00 [queued]>
[2026-06-29T01:43:46.468+0000] {taskinstance.py:2306} INFO - Starting attempt 1 of 4
[2026-06-29T01:43:46.817+0000] {taskinstance.py:2330} INFO - Executing <Task(_PythonDecoratedOperator): analise.carregar> on 2026-06-28 09:00:00+00:00
[2026-06-29T01:43:46.824+0000] {standard_task_runner.py:64} INFO - Started process 340 to run task
[2026-06-29T01:43:46.855+0000] {standard_task_runner.py:90} INFO - Running: ['***', 'tasks', 'run', 'shopbrasil_panorama_precos', 'analise.carregar', 'scheduled__2026-06-28T09:00:00+00:00', '--job-id', '14', '--raw', '--subdir', 'DAGS_FOLDER/shopbrasil_panorama_precos.py', '--cfg-path', '/tmp/tmpcdtmnwke']
[2026-06-29T01:43:46.857+0000] {standard_task_runner.py:91} INFO - Job 14: Subtask analise.carregar
[2026-06-29T01:43:47.028+0000] {task_command.py:426} INFO - Running <TaskInstance: shopbrasil_panorama_precos.analise.carregar scheduled__2026-06-28T09:00:00+00:00 [running]> on host d5421e3621c7
[2026-06-29T01:43:47.401+0000] {taskinstance.py:2648} INFO - Exporting env vars: AIRFLOW_CTX_DAG_OWNER='shopbrasil_data' AIRFLOW_CTX_DAG_ID='shopbrasil_panorama_precos' AIRFLOW_CTX_TASK_ID='analise.carregar' AIRFLOW_CTX_EXECUTION_DATE='2026-06-28T09:00:00+00:00' AIRFLOW_CTX_TRY_NUMBER='1' AIRFLOW_CTX_DAG_RUN_ID='scheduled__2026-06-28T09:00:00+00:00'
[2026-06-29T01:43:47.403+0000] {taskinstance.py:430} INFO - ::endgroup::
[2026-06-29T01:43:47.404+0000] {shopbrasil_panorama_precos.py:275} INFO - Gravando 4 registros — connection=postgres_lab | data=2026-06-28
[2026-06-29T01:43:47.449+0000] {base.py:84} INFO - Using connection ID 'postgres_lab' for task execution.
[2026-06-29T01:43:47.479+0000] {load.py:97} INFO - ✓ 4 registros inseridos em 'precos_categoria' | data=2026-06-28 | run_id=scheduled__2026-06-28T09:00:00+00:00
[2026-06-29T01:43:47.480+0000] {python.py:237} INFO - Done. Returned value was: 4
[2026-06-29T01:43:47.480+0000] {taskinstance.py:441} INFO - ::group::Post task execution logs
[2026-06-29T01:43:47.526+0000] {taskinstance.py:1206} INFO - Marking task as SUCCESS. dag_id=shopbrasil_panorama_precos, task_id=analise.carregar, run_id=scheduled__2026-06-28T09:00:00+00:00, execution_date=20260628T090000, start_date=20260629T014346, end_date=20260629T014347
[2026-06-29T01:43:47.595+0000] {local_task_job_runner.py:243} INFO - Task exited with return code 0
[2026-06-29T01:43:47.633+0000] {taskinstance.py:3503} INFO - 1 downstream tasks scheduled from follow-on schedule check
[2026-06-29T01:43:47.647+0000] {local_task_job_runner.py:222} INFO - ::endgroup::
