[2026-06-29T01:43:48.826+0000] {local_task_job_runner.py:120} INFO - ::group::Pre task execution logs
[2026-06-29T01:43:48.873+0000] {taskinstance.py:2076} INFO - Dependencies all met for dep_context=non-requeueable deps ti=<TaskInstance: shopbrasil_panorama_precos.analise.verificar scheduled__2026-06-28T09:00:00+00:00 [queued]>
[2026-06-29T01:43:48.883+0000] {taskinstance.py:2076} INFO - Dependencies all met for dep_context=requeueable deps ti=<TaskInstance: shopbrasil_panorama_precos.analise.verificar scheduled__2026-06-28T09:00:00+00:00 [queued]>
[2026-06-29T01:43:48.883+0000] {taskinstance.py:2306} INFO - Starting attempt 1 of 4
[2026-06-29T01:43:48.909+0000] {taskinstance.py:2330} INFO - Executing <Task(_PythonDecoratedOperator): analise.verificar> on 2026-06-28 09:00:00+00:00
[2026-06-29T01:43:48.914+0000] {standard_task_runner.py:64} INFO - Started process 366 to run task
[2026-06-29T01:43:48.920+0000] {standard_task_runner.py:90} INFO - Running: ['***', 'tasks', 'run', 'shopbrasil_panorama_precos', 'analise.verificar', 'scheduled__2026-06-28T09:00:00+00:00', '--job-id', '15', '--raw', '--subdir', 'DAGS_FOLDER/shopbrasil_panorama_precos.py', '--cfg-path', '/tmp/tmpzbmp3z8i']
[2026-06-29T01:43:48.921+0000] {standard_task_runner.py:91} INFO - Job 15: Subtask analise.verificar
[2026-06-29T01:43:48.994+0000] {task_command.py:426} INFO - Running <TaskInstance: shopbrasil_panorama_precos.analise.verificar scheduled__2026-06-28T09:00:00+00:00 [running]> on host d5421e3621c7
[2026-06-29T01:43:49.282+0000] {taskinstance.py:2648} INFO - Exporting env vars: AIRFLOW_CTX_DAG_OWNER='shopbrasil_data' AIRFLOW_CTX_DAG_ID='shopbrasil_panorama_precos' AIRFLOW_CTX_TASK_ID='analise.verificar' AIRFLOW_CTX_EXECUTION_DATE='2026-06-28T09:00:00+00:00' AIRFLOW_CTX_TRY_NUMBER='1' AIRFLOW_CTX_DAG_RUN_ID='scheduled__2026-06-28T09:00:00+00:00'
[2026-06-29T01:43:49.283+0000] {taskinstance.py:430} INFO - ::endgroup::
[2026-06-29T01:43:49.315+0000] {base.py:84} INFO - Using connection ID 'postgres_lab' for task execution.
[2026-06-29T01:43:49.327+0000] {sql.py:495} INFO - Running statement: 
        SELECT COUNT(*)
        FROM precos_categoria
        WHERE data_referencia = %s AND dag_run_id = %s
        , parameters: ('2026-06-28', 'scheduled__2026-06-28T09:00:00+00:00')
[2026-06-29T01:43:49.330+0000] {sql.py:504} INFO - Rows affected: 1
[2026-06-29T01:43:49.331+0000] {load.py:140} INFO - === VERIFICAÇÃO SHOPBRASIL ===
[2026-06-29T01:43:49.332+0000] {load.py:141} INFO - Registros para 2026-06-28 (run scheduled__2026-06-28T09:00:00+00:00): 4 (esperado: 4)
[2026-06-29T01:43:49.350+0000] {base.py:84} INFO - Using connection ID 'postgres_lab' for task execution.
[2026-06-29T01:43:49.363+0000] {sql.py:495} INFO - Running statement: 
        SELECT categoria, preco_medio, preco_min, preco_max, qtd_produtos
        FROM precos_categoria
        WHERE data_referencia = %s AND dag_run_id = %s
        ORDER BY categoria
        , parameters: ('2026-06-28', 'scheduled__2026-06-28T09:00:00+00:00')
[2026-06-29T01:43:49.366+0000] {sql.py:504} INFO - Rows affected: 4
[2026-06-29T01:43:49.368+0000] {load.py:164} INFO -   electronics | médio=332.50 | min=64.00 | max=999.99 | qtd=6
[2026-06-29T01:43:49.369+0000] {load.py:164} INFO -   jewelery | médio=221.00 | min=9.99 | max=695.00 | qtd=4
[2026-06-29T01:43:49.369+0000] {load.py:164} INFO -   men's clothing | médio=51.06 | min=15.99 | max=109.95 | qtd=4
[2026-06-29T01:43:49.369+0000] {load.py:164} INFO -   women's clothing | médio=26.29 | min=7.95 | max=56.99 | qtd=6
[2026-06-29T01:43:49.369+0000] {load.py:173} INFO - ✓ Verificação OK — painel pronto para o time de pricing
[2026-06-29T01:43:49.369+0000] {python.py:237} INFO - Done. Returned value was: None
[2026-06-29T01:43:49.370+0000] {taskinstance.py:441} INFO - ::group::Post task execution logs
[2026-06-29T01:43:49.384+0000] {taskinstance.py:1206} INFO - Marking task as SUCCESS. dag_id=shopbrasil_panorama_precos, task_id=analise.verificar, run_id=scheduled__2026-06-28T09:00:00+00:00, execution_date=20260628T090000, start_date=20260629T014348, end_date=20260629T014349
[2026-06-29T01:43:49.460+0000] {local_task_job_runner.py:243} INFO - Task exited with return code 0
[2026-06-29T01:43:49.483+0000] {taskinstance.py:3503} INFO - 0 downstream tasks scheduled from follow-on schedule check
[2026-06-29T01:43:49.496+0000] {local_task_job_runner.py:222} INFO - ::endgroup::
