[2026-06-10T23:19:56.973+0000] {local_task_job_runner.py:120} INFO - ::group::Pre task execution logs
[2026-06-10T23:19:57.008+0000] {taskinstance.py:2076} INFO - Dependencies all met for dep_context=non-requeueable deps ti=<TaskInstance: clima_etl.carregar manual__2026-06-10T23:19:52.464386+00:00 [queued]>
[2026-06-10T23:19:57.014+0000] {taskinstance.py:2076} INFO - Dependencies all met for dep_context=requeueable deps ti=<TaskInstance: clima_etl.carregar manual__2026-06-10T23:19:52.464386+00:00 [queued]>
[2026-06-10T23:19:57.014+0000] {taskinstance.py:2306} INFO - Starting attempt 1 of 3
[2026-06-10T23:19:57.027+0000] {taskinstance.py:2330} INFO - Executing <Task(_PythonDecoratedOperator): carregar> on 2026-06-10 23:19:52.464386+00:00
[2026-06-10T23:19:57.033+0000] {standard_task_runner.py:64} INFO - Started process 13785 to run task
[2026-06-10T23:19:57.036+0000] {standard_task_runner.py:90} INFO - Running: ['***', 'tasks', 'run', 'clima_etl', 'carregar', 'manual__2026-06-10T23:19:52.464386+00:00', '--job-id', '2487', '--raw', '--subdir', 'DAGS_FOLDER/clima_etl.py', '--cfg-path', '/tmp/tmpen3bdnhk']
[2026-06-10T23:19:57.037+0000] {standard_task_runner.py:91} INFO - Job 2487: Subtask carregar
[2026-06-10T23:19:57.101+0000] {task_command.py:426} INFO - Running <TaskInstance: clima_etl.carregar manual__2026-06-10T23:19:52.464386+00:00 [running]> on host 924392a8df6f
[2026-06-10T23:19:57.323+0000] {taskinstance.py:2648} INFO - Exporting env vars: AIRFLOW_CTX_DAG_OWNER='lab' AIRFLOW_CTX_DAG_ID='clima_etl' AIRFLOW_CTX_TASK_ID='carregar' AIRFLOW_CTX_EXECUTION_DATE='2026-06-10T23:19:52.464386+00:00' AIRFLOW_CTX_TRY_NUMBER='1' AIRFLOW_CTX_DAG_RUN_ID='manual__2026-06-10T23:19:52.464386+00:00'
[2026-06-10T23:19:57.324+0000] {taskinstance.py:430} INFO - ::endgroup::
[2026-06-10T23:19:57.352+0000] {base.py:84} INFO - Using connection ID 'postgres_lab' for task execution.
[2026-06-10T23:19:57.360+0000] {clima_etl.py:200} INFO - Idempotência: 72 registros anteriores removidos para 2026-06-10
[2026-06-10T23:19:57.380+0000] {clima_etl.py:222} INFO - ✓ 72 registros inseridos na tabela 'clima'
[2026-06-10T23:19:57.381+0000] {clima_etl.py:223} INFO -   run_id: manual__2026-06-10T23:19:52.464386+00:00 | data: 2026-06-10
[2026-06-10T23:19:57.382+0000] {python.py:237} INFO - Done. Returned value was: 72
[2026-06-10T23:19:57.382+0000] {taskinstance.py:441} INFO - ::group::Post task execution logs
[2026-06-10T23:19:57.425+0000] {taskinstance.py:1206} INFO - Marking task as SUCCESS. dag_id=clima_etl, task_id=carregar, run_id=manual__2026-06-10T23:19:52.464386+00:00, execution_date=20260610T231952, start_date=20260610T231957, end_date=20260610T231957
[2026-06-10T23:19:57.489+0000] {local_task_job_runner.py:243} INFO - Task exited with return code 0
[2026-06-10T23:19:57.526+0000] {taskinstance.py:3503} INFO - 1 downstream tasks scheduled from follow-on schedule check
[2026-06-10T23:19:57.529+0000] {local_task_job_runner.py:222} INFO - ::endgroup::
