[2026-06-28T15:08:39.998+0000] {local_task_job_runner.py:120} INFO - ::group::Pre task execution logs
[2026-06-28T15:08:40.036+0000] {taskinstance.py:2076} INFO - Dependencies all met for dep_context=non-requeueable deps ti=<TaskInstance: clima_etl_corrigido2.verificar scheduled__2026-06-27T06:00:00+00:00 [queued]>
[2026-06-28T15:08:40.049+0000] {taskinstance.py:2076} INFO - Dependencies all met for dep_context=requeueable deps ti=<TaskInstance: clima_etl_corrigido2.verificar scheduled__2026-06-27T06:00:00+00:00 [queued]>
[2026-06-28T15:08:40.049+0000] {taskinstance.py:2306} INFO - Starting attempt 1 of 3
[2026-06-28T15:08:40.070+0000] {taskinstance.py:2330} INFO - Executing <Task(_PythonDecoratedOperator): verificar> on 2026-06-27 06:00:00+00:00
[2026-06-28T15:08:40.075+0000] {standard_task_runner.py:64} INFO - Started process 260 to run task
[2026-06-28T15:08:40.077+0000] {standard_task_runner.py:90} INFO - Running: ['***', 'tasks', 'run', 'clima_etl_corrigido2', 'verificar', 'scheduled__2026-06-27T06:00:00+00:00', '--job-id', '754', '--raw', '--subdir', 'DAGS_FOLDER/clima_etl_corrigido2.py', '--cfg-path', '/tmp/tmp5k8ugal5']
[2026-06-28T15:08:40.078+0000] {standard_task_runner.py:91} INFO - Job 754: Subtask verificar
[2026-06-28T15:08:40.224+0000] {task_command.py:426} INFO - Running <TaskInstance: clima_etl_corrigido2.verificar scheduled__2026-06-27T06:00:00+00:00 [running]> on host cc8c651b391b
[2026-06-28T15:08:40.617+0000] {taskinstance.py:2648} INFO - Exporting env vars: AIRFLOW_CTX_DAG_OWNER='lab' AIRFLOW_CTX_DAG_ID='clima_etl_corrigido2' AIRFLOW_CTX_TASK_ID='verificar' AIRFLOW_CTX_EXECUTION_DATE='2026-06-27T06:00:00+00:00' AIRFLOW_CTX_TRY_NUMBER='1' AIRFLOW_CTX_DAG_RUN_ID='scheduled__2026-06-27T06:00:00+00:00'
[2026-06-28T15:08:40.618+0000] {taskinstance.py:430} INFO - ::endgroup::
[2026-06-28T15:08:40.663+0000] {base.py:84} INFO - Using connection ID 'postgres_lab' for task execution.
[2026-06-28T15:08:40.675+0000] {sql.py:495} INFO - Running statement: SELECT COUNT(*), ROUND(AVG(temperatura_c)::numeric, 2) FROM clima WHERE dag_run_id = %s, parameters: ('scheduled__2026-06-27T06:00:00+00:00',)
[2026-06-28T15:08:41.201+0000] {sql.py:504} INFO - Rows affected: 1
[2026-06-28T15:08:41.203+0000] {clima_etl_corrigido2.py:256} INFO - === VERIFICAÇÃO ===
[2026-06-28T15:08:41.203+0000] {clima_etl_corrigido2.py:257} INFO - Registros na tabela para scheduled__2026-06-27T06:00:00+00:00: 72 (esperado: 72)
[2026-06-28T15:08:41.206+0000] {clima_etl_corrigido2.py:258} INFO - Temperatura média geral: 20.07°C
[2026-06-28T15:08:41.208+0000] {clima_etl_corrigido2.py:265} INFO - ✓ Verificação OK!
[2026-06-28T15:08:41.208+0000] {python.py:237} INFO - Done. Returned value was: None
[2026-06-28T15:08:41.208+0000] {taskinstance.py:441} INFO - ::group::Post task execution logs
[2026-06-28T15:08:41.232+0000] {taskinstance.py:1206} INFO - Marking task as SUCCESS. dag_id=clima_etl_corrigido2, task_id=verificar, run_id=scheduled__2026-06-27T06:00:00+00:00, execution_date=20260627T060000, start_date=20260628T150840, end_date=20260628T150841
[2026-06-28T15:08:41.275+0000] {local_task_job_runner.py:243} INFO - Task exited with return code 0
[2026-06-28T15:08:41.291+0000] {taskinstance.py:3503} INFO - 0 downstream tasks scheduled from follow-on schedule check
[2026-06-28T15:08:41.330+0000] {local_task_job_runner.py:222} INFO - ::endgroup::
