[2026-06-28T18:55:30.436+0000] {local_task_job_runner.py:120} INFO - ::group::Pre task execution logs
[2026-06-28T18:55:30.486+0000] {taskinstance.py:2076} INFO - Dependencies all met for dep_context=non-requeueable deps ti=<TaskInstance: shopbrasil_panorama_precos.analise.carregar manual__2026-06-28T18:53:59.829024+00:00 [queued]>
[2026-06-28T18:55:30.503+0000] {taskinstance.py:2076} INFO - Dependencies all met for dep_context=requeueable deps ti=<TaskInstance: shopbrasil_panorama_precos.analise.carregar manual__2026-06-28T18:53:59.829024+00:00 [queued]>
[2026-06-28T18:55:30.504+0000] {taskinstance.py:2306} INFO - Starting attempt 1 of 4
[2026-06-28T18:55:30.523+0000] {taskinstance.py:2330} INFO - Executing <Task(_PythonDecoratedOperator): analise.carregar> on 2026-06-28 18:53:59.829024+00:00
[2026-06-28T18:55:30.530+0000] {standard_task_runner.py:64} INFO - Started process 26019 to run task
[2026-06-28T18:55:30.536+0000] {standard_task_runner.py:90} INFO - Running: ['***', 'tasks', 'run', 'shopbrasil_panorama_precos', 'analise.carregar', 'manual__2026-06-28T18:53:59.829024+00:00', '--job-id', '820', '--raw', '--subdir', 'DAGS_FOLDER/shopbrasil_panorama_precos.py', '--cfg-path', '/tmp/tmp9jq5cflm']
[2026-06-28T18:55:30.538+0000] {standard_task_runner.py:91} INFO - Job 820: Subtask analise.carregar
[2026-06-28T18:55:30.653+0000] {task_command.py:426} INFO - Running <TaskInstance: shopbrasil_panorama_precos.analise.carregar manual__2026-06-28T18:53:59.829024+00:00 [running]> on host cc8c651b391b
[2026-06-28T18:55:31.066+0000] {taskinstance.py:2648} INFO - Exporting env vars: AIRFLOW_CTX_DAG_OWNER='shopbrasil_data' AIRFLOW_CTX_DAG_ID='shopbrasil_panorama_precos' AIRFLOW_CTX_TASK_ID='analise.carregar' AIRFLOW_CTX_EXECUTION_DATE='2026-06-28T18:53:59.829024+00:00' AIRFLOW_CTX_TRY_NUMBER='1' AIRFLOW_CTX_DAG_RUN_ID='manual__2026-06-28T18:53:59.829024+00:00'
[2026-06-28T18:55:31.068+0000] {taskinstance.py:430} INFO - ::endgroup::
[2026-06-28T18:55:31.068+0000] {taskinstance.py:441} INFO - ::group::Post task execution logs
[2026-06-28T18:55:31.069+0000] {taskinstance.py:2905} ERROR - Task failed with exception
Traceback (most recent call last):
  File "/home/airflow/.local/lib/python3.11/site-packages/airflow/models/taskinstance.py", line 460, in _execute_task
    result = _execute_callable(context=context, **execute_callable_kwargs)
             ^^^^^^^^^^^^^^^^^^^^^^^^^^^^^^^^^^^^^^^^^^^^^^^^^^^^^^^^^^^^^
  File "/home/airflow/.local/lib/python3.11/site-packages/airflow/models/taskinstance.py", line 432, in _execute_callable
    return execute_callable(context=context, **execute_callable_kwargs)
           ^^^^^^^^^^^^^^^^^^^^^^^^^^^^^^^^^^^^^^^^^^^^^^^^^^^^^^^^^^^^
  File "/home/airflow/.local/lib/python3.11/site-packages/airflow/models/baseoperator.py", line 401, in wrapper
    return func(self, *args, **kwargs)
           ^^^^^^^^^^^^^^^^^^^^^^^^^^^
  File "/home/airflow/.local/lib/python3.11/site-packages/airflow/decorators/base.py", line 265, in execute
    return_value = super().execute(context)
                   ^^^^^^^^^^^^^^^^^^^^^^^^
  File "/home/airflow/.local/lib/python3.11/site-packages/airflow/models/baseoperator.py", line 401, in wrapper
    return func(self, *args, **kwargs)
           ^^^^^^^^^^^^^^^^^^^^^^^^^^^
  File "/home/airflow/.local/lib/python3.11/site-packages/airflow/operators/python.py", line 235, in execute
    return_value = self.execute_callable()
                   ^^^^^^^^^^^^^^^^^^^^^^^
  File "/home/airflow/.local/lib/python3.11/site-packages/airflow/operators/python.py", line 252, in execute_callable
    return self.python_callable(*self.op_args, **self.op_kwargs)
           ^^^^^^^^^^^^^^^^^^^^^^^^^^^^^^^^^^^^^^^^^^^^^^^^^^^^^
  File "/opt/airflow/dags/shopbrasil_panorama_precos.py", line 266, in carregar
    raise NotImplementedError("carregar — aguardando implementação")
NotImplementedError: carregar — aguardando implementação
[2026-06-28T18:55:31.089+0000] {taskinstance.py:1206} INFO - Marking task as UP_FOR_RETRY. dag_id=shopbrasil_panorama_precos, task_id=analise.carregar, run_id=manual__2026-06-28T18:53:59.829024+00:00, execution_date=20260628T185359, start_date=20260628T185530, end_date=20260628T185531
[2026-06-28T18:55:31.112+0000] {standard_task_runner.py:110} ERROR - Failed to execute job 820 for task analise.carregar (carregar — aguardando implementação; 26019)
[2026-06-28T18:55:31.139+0000] {local_task_job_runner.py:243} INFO - Task exited with return code 1
[2026-06-28T18:55:31.196+0000] {taskinstance.py:3503} INFO - 0 downstream tasks scheduled from follow-on schedule check
[2026-06-28T18:55:31.201+0000] {local_task_job_runner.py:222} INFO - ::endgroup::
