[2026-06-28T18:59:09.790+0000] {local_task_job_runner.py:120} INFO - ::group::Pre task execution logs
[2026-06-28T18:59:09.851+0000] {taskinstance.py:2076} INFO - Dependencies all met for dep_context=non-requeueable deps ti=<TaskInstance: shopbrasil_panorama_precos.analise.carregar manual__2026-06-28T18:53:59.829024+00:00 [queued]>
[2026-06-28T18:59:09.860+0000] {taskinstance.py:2076} INFO - Dependencies all met for dep_context=requeueable deps ti=<TaskInstance: shopbrasil_panorama_precos.analise.carregar manual__2026-06-28T18:53:59.829024+00:00 [queued]>
[2026-06-28T18:59:09.860+0000] {taskinstance.py:2306} INFO - Starting attempt 2 of 4
[2026-06-28T18:59:09.880+0000] {taskinstance.py:2330} INFO - Executing <Task(_PythonDecoratedOperator): analise.carregar> on 2026-06-28 18:53:59.829024+00:00
[2026-06-28T18:59:09.886+0000] {standard_task_runner.py:64} INFO - Started process 26464 to run task
[2026-06-28T18:59:09.890+0000] {standard_task_runner.py:90} INFO - Running: ['***', 'tasks', 'run', 'shopbrasil_panorama_precos', 'analise.carregar', 'manual__2026-06-28T18:53:59.829024+00:00', '--job-id', '821', '--raw', '--subdir', 'DAGS_FOLDER/shopbrasil_panorama_precos.py', '--cfg-path', '/tmp/tmpgky69r3y']
[2026-06-28T18:59:09.891+0000] {standard_task_runner.py:91} INFO - Job 821: Subtask analise.carregar
[2026-06-28T18:59:10.030+0000] {task_command.py:426} INFO - Running <TaskInstance: shopbrasil_panorama_precos.analise.carregar manual__2026-06-28T18:53:59.829024+00:00 [running]> on host cc8c651b391b
[2026-06-28T18:59:10.427+0000] {taskinstance.py:2648} INFO - Exporting env vars: AIRFLOW_CTX_DAG_OWNER='shopbrasil_data' AIRFLOW_CTX_DAG_ID='shopbrasil_panorama_precos' AIRFLOW_CTX_TASK_ID='analise.carregar' AIRFLOW_CTX_EXECUTION_DATE='2026-06-28T18:53:59.829024+00:00' AIRFLOW_CTX_TRY_NUMBER='2' AIRFLOW_CTX_DAG_RUN_ID='manual__2026-06-28T18:53:59.829024+00:00'
[2026-06-28T18:59:10.428+0000] {taskinstance.py:430} INFO - ::endgroup::
[2026-06-28T18:59:10.443+0000] {shopbrasil_panorama_precos.py:275} INFO - Gravando 4 registros — connection=postgres_lab | data=2026-06-28
[2026-06-28T18:59:10.483+0000] {base.py:84} INFO - Using connection ID 'postgres_lab' for task execution.
[2026-06-28T18:59:10.507+0000] {load.py:97} INFO - ✓ 4 registros inseridos em 'precos_categoria' | data=2026-06-28 | run_id=manual__2026-06-28T18:53:59.829024+00:00
[2026-06-28T18:59:10.508+0000] {python.py:237} INFO - Done. Returned value was: 4
[2026-06-28T18:59:10.508+0000] {taskinstance.py:441} INFO - ::group::Post task execution logs
[2026-06-28T18:59:10.589+0000] {taskinstance.py:1206} INFO - Marking task as SUCCESS. dag_id=shopbrasil_panorama_precos, task_id=analise.carregar, run_id=manual__2026-06-28T18:53:59.829024+00:00, execution_date=20260628T185359, start_date=20260628T185909, end_date=20260628T185910
[2026-06-28T18:59:10.657+0000] {local_task_job_runner.py:243} INFO - Task exited with return code 0
[2026-06-28T18:59:10.692+0000] {taskinstance.py:3503} INFO - 1 downstream tasks scheduled from follow-on schedule check
[2026-06-28T18:59:10.697+0000] {local_task_job_runner.py:222} INFO - ::endgroup::
