[2026-06-11T00:00:30.215+0000] {processor.py:161} INFO - Started process (PID=17105) to work on /opt/airflow/dags/callback_sucesso_falha.py
[2026-06-11T00:00:30.216+0000] {processor.py:830} INFO - Processing file /opt/airflow/dags/callback_sucesso_falha.py for tasks to queue
[2026-06-11T00:00:30.216+0000] {logging_mixin.py:188} INFO - [2026-06-11T00:00:30.216+0000] {dagbag.py:545} INFO - Filling up the DagBag from /opt/airflow/dags/callback_sucesso_falha.py
[2026-06-11T00:00:30.222+0000] {processor.py:840} INFO - DAG(s) 'callbacks_example' retrieved from /opt/airflow/dags/callback_sucesso_falha.py
[2026-06-11T00:00:30.274+0000] {logging_mixin.py:188} INFO - [2026-06-11T00:00:30.274+0000] {dag.py:3089} INFO - Sync 1 DAGs
[2026-06-11T00:00:30.293+0000] {logging_mixin.py:188} INFO - [2026-06-11T00:00:30.292+0000] {dag.py:3947} INFO - Setting next_dagrun for callbacks_example to None, run_after=None
[2026-06-11T00:00:30.316+0000] {processor.py:183} INFO - Processing /opt/airflow/dags/callback_sucesso_falha.py took 0.108 seconds
[2026-06-11T00:01:00.737+0000] {processor.py:161} INFO - Started process (PID=17147) to work on /opt/airflow/dags/callback_sucesso_falha.py
[2026-06-11T00:01:00.738+0000] {processor.py:830} INFO - Processing file /opt/airflow/dags/callback_sucesso_falha.py for tasks to queue
[2026-06-11T00:01:00.738+0000] {logging_mixin.py:188} INFO - [2026-06-11T00:01:00.738+0000] {dagbag.py:545} INFO - Filling up the DagBag from /opt/airflow/dags/callback_sucesso_falha.py
[2026-06-11T00:01:00.744+0000] {processor.py:840} INFO - DAG(s) 'callbacks_example' retrieved from /opt/airflow/dags/callback_sucesso_falha.py
[2026-06-11T00:01:00.774+0000] {logging_mixin.py:188} INFO - [2026-06-11T00:01:00.774+0000] {dag.py:3089} INFO - Sync 1 DAGs
[2026-06-11T00:01:00.783+0000] {logging_mixin.py:188} INFO - [2026-06-11T00:01:00.783+0000] {dag.py:3947} INFO - Setting next_dagrun for callbacks_example to None, run_after=None
[2026-06-11T00:01:00.801+0000] {processor.py:183} INFO - Processing /opt/airflow/dags/callback_sucesso_falha.py took 0.072 seconds
[2026-06-11T00:01:31.224+0000] {processor.py:161} INFO - Started process (PID=17189) to work on /opt/airflow/dags/callback_sucesso_falha.py
[2026-06-11T00:01:31.226+0000] {processor.py:830} INFO - Processing file /opt/airflow/dags/callback_sucesso_falha.py for tasks to queue
[2026-06-11T00:01:31.226+0000] {logging_mixin.py:188} INFO - [2026-06-11T00:01:31.226+0000] {dagbag.py:545} INFO - Filling up the DagBag from /opt/airflow/dags/callback_sucesso_falha.py
[2026-06-11T00:01:31.232+0000] {processor.py:840} INFO - DAG(s) 'callbacks_example' retrieved from /opt/airflow/dags/callback_sucesso_falha.py
[2026-06-11T00:01:31.261+0000] {logging_mixin.py:188} INFO - [2026-06-11T00:01:31.261+0000] {dag.py:3089} INFO - Sync 1 DAGs
[2026-06-11T00:01:31.267+0000] {logging_mixin.py:188} INFO - [2026-06-11T00:01:31.267+0000] {dag.py:3947} INFO - Setting next_dagrun for callbacks_example to None, run_after=None
[2026-06-11T00:01:31.283+0000] {processor.py:183} INFO - Processing /opt/airflow/dags/callback_sucesso_falha.py took 0.064 seconds
[2026-06-11T00:02:01.620+0000] {processor.py:161} INFO - Started process (PID=17231) to work on /opt/airflow/dags/callback_sucesso_falha.py
[2026-06-11T00:02:01.621+0000] {processor.py:830} INFO - Processing file /opt/airflow/dags/callback_sucesso_falha.py for tasks to queue
[2026-06-11T00:02:01.622+0000] {logging_mixin.py:188} INFO - [2026-06-11T00:02:01.622+0000] {dagbag.py:545} INFO - Filling up the DagBag from /opt/airflow/dags/callback_sucesso_falha.py
[2026-06-11T00:02:01.631+0000] {processor.py:840} INFO - DAG(s) 'callbacks_example' retrieved from /opt/airflow/dags/callback_sucesso_falha.py
[2026-06-11T00:02:01.662+0000] {logging_mixin.py:188} INFO - [2026-06-11T00:02:01.661+0000] {dag.py:3089} INFO - Sync 1 DAGs
[2026-06-11T00:02:01.670+0000] {logging_mixin.py:188} INFO - [2026-06-11T00:02:01.670+0000] {dag.py:3947} INFO - Setting next_dagrun for callbacks_example to None, run_after=None
[2026-06-11T00:02:01.689+0000] {processor.py:183} INFO - Processing /opt/airflow/dags/callback_sucesso_falha.py took 0.082 seconds
[2026-06-11T00:02:32.114+0000] {processor.py:161} INFO - Started process (PID=17273) to work on /opt/airflow/dags/callback_sucesso_falha.py
[2026-06-11T00:02:32.116+0000] {processor.py:830} INFO - Processing file /opt/airflow/dags/callback_sucesso_falha.py for tasks to queue
[2026-06-11T00:02:32.117+0000] {logging_mixin.py:188} INFO - [2026-06-11T00:02:32.117+0000] {dagbag.py:545} INFO - Filling up the DagBag from /opt/airflow/dags/callback_sucesso_falha.py
[2026-06-11T00:02:32.122+0000] {processor.py:840} INFO - DAG(s) 'callbacks_example' retrieved from /opt/airflow/dags/callback_sucesso_falha.py
[2026-06-11T00:02:32.148+0000] {logging_mixin.py:188} INFO - [2026-06-11T00:02:32.148+0000] {dag.py:3089} INFO - Sync 1 DAGs
[2026-06-11T00:02:32.162+0000] {logging_mixin.py:188} INFO - [2026-06-11T00:02:32.162+0000] {dag.py:3947} INFO - Setting next_dagrun for callbacks_example to None, run_after=None
[2026-06-11T00:02:32.182+0000] {processor.py:183} INFO - Processing /opt/airflow/dags/callback_sucesso_falha.py took 0.078 seconds
[2026-06-11T00:03:02.570+0000] {processor.py:161} INFO - Started process (PID=17316) to work on /opt/airflow/dags/callback_sucesso_falha.py
[2026-06-11T00:03:02.571+0000] {processor.py:830} INFO - Processing file /opt/airflow/dags/callback_sucesso_falha.py for tasks to queue
[2026-06-11T00:03:02.573+0000] {logging_mixin.py:188} INFO - [2026-06-11T00:03:02.573+0000] {dagbag.py:545} INFO - Filling up the DagBag from /opt/airflow/dags/callback_sucesso_falha.py
[2026-06-11T00:03:02.581+0000] {processor.py:840} INFO - DAG(s) 'callbacks_example' retrieved from /opt/airflow/dags/callback_sucesso_falha.py
[2026-06-11T00:03:02.604+0000] {logging_mixin.py:188} INFO - [2026-06-11T00:03:02.603+0000] {dag.py:3089} INFO - Sync 1 DAGs
[2026-06-11T00:03:02.617+0000] {logging_mixin.py:188} INFO - [2026-06-11T00:03:02.616+0000] {dag.py:3947} INFO - Setting next_dagrun for callbacks_example to None, run_after=None
[2026-06-11T00:03:02.635+0000] {processor.py:183} INFO - Processing /opt/airflow/dags/callback_sucesso_falha.py took 0.072 seconds
[2026-06-11T00:03:33.017+0000] {processor.py:161} INFO - Started process (PID=17358) to work on /opt/airflow/dags/callback_sucesso_falha.py
[2026-06-11T00:03:33.019+0000] {processor.py:830} INFO - Processing file /opt/airflow/dags/callback_sucesso_falha.py for tasks to queue
[2026-06-11T00:03:33.020+0000] {logging_mixin.py:188} INFO - [2026-06-11T00:03:33.020+0000] {dagbag.py:545} INFO - Filling up the DagBag from /opt/airflow/dags/callback_sucesso_falha.py
[2026-06-11T00:03:33.027+0000] {processor.py:840} INFO - DAG(s) 'callbacks_example' retrieved from /opt/airflow/dags/callback_sucesso_falha.py
[2026-06-11T00:03:33.061+0000] {logging_mixin.py:188} INFO - [2026-06-11T00:03:33.061+0000] {dag.py:3089} INFO - Sync 1 DAGs
[2026-06-11T00:03:33.074+0000] {logging_mixin.py:188} INFO - [2026-06-11T00:03:33.074+0000] {dag.py:3947} INFO - Setting next_dagrun for callbacks_example to None, run_after=None
[2026-06-11T00:03:33.094+0000] {processor.py:183} INFO - Processing /opt/airflow/dags/callback_sucesso_falha.py took 0.088 seconds
[2026-06-11T00:04:03.456+0000] {processor.py:161} INFO - Started process (PID=17400) to work on /opt/airflow/dags/callback_sucesso_falha.py
[2026-06-11T00:04:03.457+0000] {processor.py:830} INFO - Processing file /opt/airflow/dags/callback_sucesso_falha.py for tasks to queue
[2026-06-11T00:04:03.458+0000] {logging_mixin.py:188} INFO - [2026-06-11T00:04:03.457+0000] {dagbag.py:545} INFO - Filling up the DagBag from /opt/airflow/dags/callback_sucesso_falha.py
[2026-06-11T00:04:03.466+0000] {processor.py:840} INFO - DAG(s) 'callbacks_example' retrieved from /opt/airflow/dags/callback_sucesso_falha.py
[2026-06-11T00:04:03.501+0000] {logging_mixin.py:188} INFO - [2026-06-11T00:04:03.501+0000] {dag.py:3089} INFO - Sync 1 DAGs
[2026-06-11T00:04:03.515+0000] {logging_mixin.py:188} INFO - [2026-06-11T00:04:03.514+0000] {dag.py:3947} INFO - Setting next_dagrun for callbacks_example to None, run_after=None
[2026-06-11T00:04:03.536+0000] {processor.py:183} INFO - Processing /opt/airflow/dags/callback_sucesso_falha.py took 0.086 seconds
[2026-06-11T00:04:33.905+0000] {processor.py:161} INFO - Started process (PID=17442) to work on /opt/airflow/dags/callback_sucesso_falha.py
[2026-06-11T00:04:33.906+0000] {processor.py:830} INFO - Processing file /opt/airflow/dags/callback_sucesso_falha.py for tasks to queue
[2026-06-11T00:04:33.907+0000] {logging_mixin.py:188} INFO - [2026-06-11T00:04:33.907+0000] {dagbag.py:545} INFO - Filling up the DagBag from /opt/airflow/dags/callback_sucesso_falha.py
[2026-06-11T00:04:33.915+0000] {processor.py:840} INFO - DAG(s) 'callbacks_example' retrieved from /opt/airflow/dags/callback_sucesso_falha.py
[2026-06-11T00:04:33.950+0000] {logging_mixin.py:188} INFO - [2026-06-11T00:04:33.950+0000] {dag.py:3089} INFO - Sync 1 DAGs
[2026-06-11T00:04:33.960+0000] {logging_mixin.py:188} INFO - [2026-06-11T00:04:33.960+0000] {dag.py:3947} INFO - Setting next_dagrun for callbacks_example to None, run_after=None
[2026-06-11T00:04:33.980+0000] {processor.py:183} INFO - Processing /opt/airflow/dags/callback_sucesso_falha.py took 0.083 seconds
[2026-06-11T00:05:04.311+0000] {processor.py:161} INFO - Started process (PID=17478) to work on /opt/airflow/dags/callback_sucesso_falha.py
[2026-06-11T00:05:04.312+0000] {processor.py:830} INFO - Processing file /opt/airflow/dags/callback_sucesso_falha.py for tasks to queue
[2026-06-11T00:05:04.312+0000] {logging_mixin.py:188} INFO - [2026-06-11T00:05:04.312+0000] {dagbag.py:545} INFO - Filling up the DagBag from /opt/airflow/dags/callback_sucesso_falha.py
[2026-06-11T00:05:04.320+0000] {processor.py:840} INFO - DAG(s) 'callbacks_example' retrieved from /opt/airflow/dags/callback_sucesso_falha.py
[2026-06-11T00:05:04.353+0000] {logging_mixin.py:188} INFO - [2026-06-11T00:05:04.353+0000] {dag.py:3089} INFO - Sync 1 DAGs
[2026-06-11T00:05:04.366+0000] {logging_mixin.py:188} INFO - [2026-06-11T00:05:04.365+0000] {dag.py:3947} INFO - Setting next_dagrun for callbacks_example to None, run_after=None
[2026-06-11T00:05:04.385+0000] {processor.py:183} INFO - Processing /opt/airflow/dags/callback_sucesso_falha.py took 0.087 seconds
[2026-06-11T00:05:34.835+0000] {processor.py:161} INFO - Started process (PID=17520) to work on /opt/airflow/dags/callback_sucesso_falha.py
[2026-06-11T00:05:34.838+0000] {processor.py:830} INFO - Processing file /opt/airflow/dags/callback_sucesso_falha.py for tasks to queue
[2026-06-11T00:05:34.839+0000] {logging_mixin.py:188} INFO - [2026-06-11T00:05:34.839+0000] {dagbag.py:545} INFO - Filling up the DagBag from /opt/airflow/dags/callback_sucesso_falha.py
[2026-06-11T00:05:34.847+0000] {processor.py:840} INFO - DAG(s) 'callbacks_example' retrieved from /opt/airflow/dags/callback_sucesso_falha.py
[2026-06-11T00:05:34.877+0000] {logging_mixin.py:188} INFO - [2026-06-11T00:05:34.877+0000] {dag.py:3089} INFO - Sync 1 DAGs
[2026-06-11T00:05:34.884+0000] {logging_mixin.py:188} INFO - [2026-06-11T00:05:34.884+0000] {dag.py:3947} INFO - Setting next_dagrun for callbacks_example to None, run_after=None
[2026-06-11T00:05:34.902+0000] {processor.py:183} INFO - Processing /opt/airflow/dags/callback_sucesso_falha.py took 0.078 seconds
[2026-06-11T00:06:05.238+0000] {processor.py:161} INFO - Started process (PID=17562) to work on /opt/airflow/dags/callback_sucesso_falha.py
[2026-06-11T00:06:05.239+0000] {processor.py:830} INFO - Processing file /opt/airflow/dags/callback_sucesso_falha.py for tasks to queue
[2026-06-11T00:06:05.240+0000] {logging_mixin.py:188} INFO - [2026-06-11T00:06:05.239+0000] {dagbag.py:545} INFO - Filling up the DagBag from /opt/airflow/dags/callback_sucesso_falha.py
[2026-06-11T00:06:05.246+0000] {processor.py:840} INFO - DAG(s) 'callbacks_example' retrieved from /opt/airflow/dags/callback_sucesso_falha.py
[2026-06-11T00:06:05.274+0000] {logging_mixin.py:188} INFO - [2026-06-11T00:06:05.274+0000] {dag.py:3089} INFO - Sync 1 DAGs
[2026-06-11T00:06:05.286+0000] {logging_mixin.py:188} INFO - [2026-06-11T00:06:05.285+0000] {dag.py:3947} INFO - Setting next_dagrun for callbacks_example to None, run_after=None
[2026-06-11T00:06:05.317+0000] {processor.py:183} INFO - Processing /opt/airflow/dags/callback_sucesso_falha.py took 0.083 seconds
[2026-06-11T00:06:35.753+0000] {processor.py:161} INFO - Started process (PID=17604) to work on /opt/airflow/dags/callback_sucesso_falha.py
[2026-06-11T00:06:35.755+0000] {processor.py:830} INFO - Processing file /opt/airflow/dags/callback_sucesso_falha.py for tasks to queue
[2026-06-11T00:06:35.756+0000] {logging_mixin.py:188} INFO - [2026-06-11T00:06:35.756+0000] {dagbag.py:545} INFO - Filling up the DagBag from /opt/airflow/dags/callback_sucesso_falha.py
[2026-06-11T00:06:35.761+0000] {processor.py:840} INFO - DAG(s) 'callbacks_example' retrieved from /opt/airflow/dags/callback_sucesso_falha.py
[2026-06-11T00:06:35.790+0000] {logging_mixin.py:188} INFO - [2026-06-11T00:06:35.790+0000] {dag.py:3089} INFO - Sync 1 DAGs
[2026-06-11T00:06:35.798+0000] {logging_mixin.py:188} INFO - [2026-06-11T00:06:35.798+0000] {dag.py:3947} INFO - Setting next_dagrun for callbacks_example to None, run_after=None
[2026-06-11T00:06:35.817+0000] {processor.py:183} INFO - Processing /opt/airflow/dags/callback_sucesso_falha.py took 0.071 seconds
[2026-06-11T00:07:06.227+0000] {processor.py:161} INFO - Started process (PID=17646) to work on /opt/airflow/dags/callback_sucesso_falha.py
[2026-06-11T00:07:06.228+0000] {processor.py:830} INFO - Processing file /opt/airflow/dags/callback_sucesso_falha.py for tasks to queue
[2026-06-11T00:07:06.229+0000] {logging_mixin.py:188} INFO - [2026-06-11T00:07:06.229+0000] {dagbag.py:545} INFO - Filling up the DagBag from /opt/airflow/dags/callback_sucesso_falha.py
[2026-06-11T00:07:06.239+0000] {processor.py:840} INFO - DAG(s) 'callbacks_example' retrieved from /opt/airflow/dags/callback_sucesso_falha.py
[2026-06-11T00:07:06.279+0000] {logging_mixin.py:188} INFO - [2026-06-11T00:07:06.279+0000] {dag.py:3089} INFO - Sync 1 DAGs
[2026-06-11T00:07:06.294+0000] {logging_mixin.py:188} INFO - [2026-06-11T00:07:06.294+0000] {dag.py:3947} INFO - Setting next_dagrun for callbacks_example to None, run_after=None
[2026-06-11T00:07:06.314+0000] {processor.py:183} INFO - Processing /opt/airflow/dags/callback_sucesso_falha.py took 0.094 seconds
[2026-06-11T00:07:36.679+0000] {processor.py:161} INFO - Started process (PID=17688) to work on /opt/airflow/dags/callback_sucesso_falha.py
[2026-06-11T00:07:36.681+0000] {processor.py:830} INFO - Processing file /opt/airflow/dags/callback_sucesso_falha.py for tasks to queue
[2026-06-11T00:07:36.682+0000] {logging_mixin.py:188} INFO - [2026-06-11T00:07:36.682+0000] {dagbag.py:545} INFO - Filling up the DagBag from /opt/airflow/dags/callback_sucesso_falha.py
[2026-06-11T00:07:36.690+0000] {processor.py:840} INFO - DAG(s) 'callbacks_example' retrieved from /opt/airflow/dags/callback_sucesso_falha.py
[2026-06-11T00:07:36.719+0000] {logging_mixin.py:188} INFO - [2026-06-11T00:07:36.719+0000] {dag.py:3089} INFO - Sync 1 DAGs
[2026-06-11T00:07:36.735+0000] {logging_mixin.py:188} INFO - [2026-06-11T00:07:36.735+0000] {dag.py:3947} INFO - Setting next_dagrun for callbacks_example to None, run_after=None
[2026-06-11T00:07:36.758+0000] {processor.py:183} INFO - Processing /opt/airflow/dags/callback_sucesso_falha.py took 0.091 seconds
[2026-06-11T00:08:07.198+0000] {processor.py:161} INFO - Started process (PID=17730) to work on /opt/airflow/dags/callback_sucesso_falha.py
[2026-06-11T00:08:07.199+0000] {processor.py:830} INFO - Processing file /opt/airflow/dags/callback_sucesso_falha.py for tasks to queue
[2026-06-11T00:08:07.200+0000] {logging_mixin.py:188} INFO - [2026-06-11T00:08:07.199+0000] {dagbag.py:545} INFO - Filling up the DagBag from /opt/airflow/dags/callback_sucesso_falha.py
[2026-06-11T00:08:07.209+0000] {processor.py:840} INFO - DAG(s) 'callbacks_example' retrieved from /opt/airflow/dags/callback_sucesso_falha.py
[2026-06-11T00:08:07.238+0000] {logging_mixin.py:188} INFO - [2026-06-11T00:08:07.238+0000] {dag.py:3089} INFO - Sync 1 DAGs
[2026-06-11T00:08:07.246+0000] {logging_mixin.py:188} INFO - [2026-06-11T00:08:07.246+0000] {dag.py:3947} INFO - Setting next_dagrun for callbacks_example to None, run_after=None
[2026-06-11T00:08:07.264+0000] {processor.py:183} INFO - Processing /opt/airflow/dags/callback_sucesso_falha.py took 0.073 seconds
[2026-06-11T00:08:37.723+0000] {processor.py:161} INFO - Started process (PID=17772) to work on /opt/airflow/dags/callback_sucesso_falha.py
[2026-06-11T00:08:37.725+0000] {processor.py:830} INFO - Processing file /opt/airflow/dags/callback_sucesso_falha.py for tasks to queue
[2026-06-11T00:08:37.727+0000] {logging_mixin.py:188} INFO - [2026-06-11T00:08:37.726+0000] {dagbag.py:545} INFO - Filling up the DagBag from /opt/airflow/dags/callback_sucesso_falha.py
[2026-06-11T00:08:37.733+0000] {processor.py:840} INFO - DAG(s) 'callbacks_example' retrieved from /opt/airflow/dags/callback_sucesso_falha.py
[2026-06-11T00:08:37.777+0000] {logging_mixin.py:188} INFO - [2026-06-11T00:08:37.777+0000] {dag.py:3089} INFO - Sync 1 DAGs
[2026-06-11T00:08:37.785+0000] {logging_mixin.py:188} INFO - [2026-06-11T00:08:37.785+0000] {dag.py:3947} INFO - Setting next_dagrun for callbacks_example to None, run_after=None
[2026-06-11T00:08:37.798+0000] {processor.py:183} INFO - Processing /opt/airflow/dags/callback_sucesso_falha.py took 0.087 seconds
[2026-06-11T00:09:08.204+0000] {processor.py:161} INFO - Started process (PID=17814) to work on /opt/airflow/dags/callback_sucesso_falha.py
[2026-06-11T00:09:08.205+0000] {processor.py:830} INFO - Processing file /opt/airflow/dags/callback_sucesso_falha.py for tasks to queue
[2026-06-11T00:09:08.207+0000] {logging_mixin.py:188} INFO - [2026-06-11T00:09:08.206+0000] {dagbag.py:545} INFO - Filling up the DagBag from /opt/airflow/dags/callback_sucesso_falha.py
[2026-06-11T00:09:08.213+0000] {processor.py:840} INFO - DAG(s) 'callbacks_example' retrieved from /opt/airflow/dags/callback_sucesso_falha.py
[2026-06-11T00:09:08.249+0000] {logging_mixin.py:188} INFO - [2026-06-11T00:09:08.249+0000] {dag.py:3089} INFO - Sync 1 DAGs
[2026-06-11T00:09:08.256+0000] {logging_mixin.py:188} INFO - [2026-06-11T00:09:08.256+0000] {dag.py:3947} INFO - Setting next_dagrun for callbacks_example to None, run_after=None
[2026-06-11T00:09:08.272+0000] {processor.py:183} INFO - Processing /opt/airflow/dags/callback_sucesso_falha.py took 0.078 seconds
[2026-06-11T00:09:38.706+0000] {processor.py:161} INFO - Started process (PID=17856) to work on /opt/airflow/dags/callback_sucesso_falha.py
[2026-06-11T00:09:38.708+0000] {processor.py:830} INFO - Processing file /opt/airflow/dags/callback_sucesso_falha.py for tasks to queue
[2026-06-11T00:09:38.711+0000] {logging_mixin.py:188} INFO - [2026-06-11T00:09:38.710+0000] {dagbag.py:545} INFO - Filling up the DagBag from /opt/airflow/dags/callback_sucesso_falha.py
[2026-06-11T00:09:38.723+0000] {processor.py:840} INFO - DAG(s) 'callbacks_example' retrieved from /opt/airflow/dags/callback_sucesso_falha.py
[2026-06-11T00:09:38.762+0000] {logging_mixin.py:188} INFO - [2026-06-11T00:09:38.762+0000] {dag.py:3089} INFO - Sync 1 DAGs
[2026-06-11T00:09:38.775+0000] {logging_mixin.py:188} INFO - [2026-06-11T00:09:38.775+0000] {dag.py:3947} INFO - Setting next_dagrun for callbacks_example to None, run_after=None
[2026-06-11T00:09:38.795+0000] {processor.py:183} INFO - Processing /opt/airflow/dags/callback_sucesso_falha.py took 0.099 seconds
[2026-06-11T00:10:09.162+0000] {processor.py:161} INFO - Started process (PID=17898) to work on /opt/airflow/dags/callback_sucesso_falha.py
[2026-06-11T00:10:09.163+0000] {processor.py:830} INFO - Processing file /opt/airflow/dags/callback_sucesso_falha.py for tasks to queue
[2026-06-11T00:10:09.165+0000] {logging_mixin.py:188} INFO - [2026-06-11T00:10:09.163+0000] {dagbag.py:545} INFO - Filling up the DagBag from /opt/airflow/dags/callback_sucesso_falha.py
[2026-06-11T00:10:09.172+0000] {processor.py:840} INFO - DAG(s) 'callbacks_example' retrieved from /opt/airflow/dags/callback_sucesso_falha.py
[2026-06-11T00:10:09.199+0000] {logging_mixin.py:188} INFO - [2026-06-11T00:10:09.198+0000] {dag.py:3089} INFO - Sync 1 DAGs
[2026-06-11T00:10:09.208+0000] {logging_mixin.py:188} INFO - [2026-06-11T00:10:09.207+0000] {dag.py:3947} INFO - Setting next_dagrun for callbacks_example to None, run_after=None
[2026-06-11T00:10:09.226+0000] {processor.py:183} INFO - Processing /opt/airflow/dags/callback_sucesso_falha.py took 0.070 seconds
[2026-06-11T00:10:39.578+0000] {processor.py:161} INFO - Started process (PID=17940) to work on /opt/airflow/dags/callback_sucesso_falha.py
[2026-06-11T00:10:39.579+0000] {processor.py:830} INFO - Processing file /opt/airflow/dags/callback_sucesso_falha.py for tasks to queue
[2026-06-11T00:10:39.580+0000] {logging_mixin.py:188} INFO - [2026-06-11T00:10:39.580+0000] {dagbag.py:545} INFO - Filling up the DagBag from /opt/airflow/dags/callback_sucesso_falha.py
[2026-06-11T00:10:39.584+0000] {processor.py:840} INFO - DAG(s) 'callbacks_example' retrieved from /opt/airflow/dags/callback_sucesso_falha.py
[2026-06-11T00:10:39.612+0000] {logging_mixin.py:188} INFO - [2026-06-11T00:10:39.612+0000] {dag.py:3089} INFO - Sync 1 DAGs
[2026-06-11T00:10:39.623+0000] {logging_mixin.py:188} INFO - [2026-06-11T00:10:39.623+0000] {dag.py:3947} INFO - Setting next_dagrun for callbacks_example to None, run_after=None
[2026-06-11T00:10:39.641+0000] {processor.py:183} INFO - Processing /opt/airflow/dags/callback_sucesso_falha.py took 0.068 seconds
[2026-06-11T00:11:10.015+0000] {processor.py:161} INFO - Started process (PID=17982) to work on /opt/airflow/dags/callback_sucesso_falha.py
[2026-06-11T00:11:10.016+0000] {processor.py:830} INFO - Processing file /opt/airflow/dags/callback_sucesso_falha.py for tasks to queue
[2026-06-11T00:11:10.017+0000] {logging_mixin.py:188} INFO - [2026-06-11T00:11:10.017+0000] {dagbag.py:545} INFO - Filling up the DagBag from /opt/airflow/dags/callback_sucesso_falha.py
[2026-06-11T00:11:10.024+0000] {processor.py:840} INFO - DAG(s) 'callbacks_example' retrieved from /opt/airflow/dags/callback_sucesso_falha.py
[2026-06-11T00:11:10.058+0000] {logging_mixin.py:188} INFO - [2026-06-11T00:11:10.058+0000] {dag.py:3089} INFO - Sync 1 DAGs
[2026-06-11T00:11:10.071+0000] {logging_mixin.py:188} INFO - [2026-06-11T00:11:10.071+0000] {dag.py:3947} INFO - Setting next_dagrun for callbacks_example to None, run_after=None
[2026-06-11T00:11:10.092+0000] {processor.py:183} INFO - Processing /opt/airflow/dags/callback_sucesso_falha.py took 0.089 seconds
[2026-06-11T00:11:40.360+0000] {processor.py:161} INFO - Started process (PID=18024) to work on /opt/airflow/dags/callback_sucesso_falha.py
[2026-06-11T00:11:40.361+0000] {processor.py:830} INFO - Processing file /opt/airflow/dags/callback_sucesso_falha.py for tasks to queue
[2026-06-11T00:11:40.362+0000] {logging_mixin.py:188} INFO - [2026-06-11T00:11:40.362+0000] {dagbag.py:545} INFO - Filling up the DagBag from /opt/airflow/dags/callback_sucesso_falha.py
[2026-06-11T00:11:40.366+0000] {processor.py:840} INFO - DAG(s) 'callbacks_example' retrieved from /opt/airflow/dags/callback_sucesso_falha.py
[2026-06-11T00:11:40.393+0000] {logging_mixin.py:188} INFO - [2026-06-11T00:11:40.392+0000] {dag.py:3089} INFO - Sync 1 DAGs
[2026-06-11T00:11:40.402+0000] {logging_mixin.py:188} INFO - [2026-06-11T00:11:40.402+0000] {dag.py:3947} INFO - Setting next_dagrun for callbacks_example to None, run_after=None
[2026-06-11T00:11:40.423+0000] {processor.py:183} INFO - Processing /opt/airflow/dags/callback_sucesso_falha.py took 0.070 seconds
[2026-06-11T00:12:10.800+0000] {processor.py:161} INFO - Started process (PID=18066) to work on /opt/airflow/dags/callback_sucesso_falha.py
[2026-06-11T00:12:10.800+0000] {processor.py:830} INFO - Processing file /opt/airflow/dags/callback_sucesso_falha.py for tasks to queue
[2026-06-11T00:12:10.800+0000] {logging_mixin.py:188} INFO - [2026-06-11T00:12:10.800+0000] {dagbag.py:545} INFO - Filling up the DagBag from /opt/airflow/dags/callback_sucesso_falha.py
[2026-06-11T00:12:10.806+0000] {processor.py:840} INFO - DAG(s) 'callbacks_example' retrieved from /opt/airflow/dags/callback_sucesso_falha.py
[2026-06-11T00:12:10.839+0000] {logging_mixin.py:188} INFO - [2026-06-11T00:12:10.839+0000] {dag.py:3089} INFO - Sync 1 DAGs
[2026-06-11T00:12:10.850+0000] {logging_mixin.py:188} INFO - [2026-06-11T00:12:10.849+0000] {dag.py:3947} INFO - Setting next_dagrun for callbacks_example to None, run_after=None
[2026-06-11T00:12:10.872+0000] {processor.py:183} INFO - Processing /opt/airflow/dags/callback_sucesso_falha.py took 0.077 seconds
[2026-06-11T00:12:41.168+0000] {processor.py:161} INFO - Started process (PID=18108) to work on /opt/airflow/dags/callback_sucesso_falha.py
[2026-06-11T00:12:41.173+0000] {processor.py:830} INFO - Processing file /opt/airflow/dags/callback_sucesso_falha.py for tasks to queue
[2026-06-11T00:12:41.174+0000] {logging_mixin.py:188} INFO - [2026-06-11T00:12:41.174+0000] {dagbag.py:545} INFO - Filling up the DagBag from /opt/airflow/dags/callback_sucesso_falha.py
[2026-06-11T00:12:41.179+0000] {processor.py:840} INFO - DAG(s) 'callbacks_example' retrieved from /opt/airflow/dags/callback_sucesso_falha.py
[2026-06-11T00:12:41.217+0000] {logging_mixin.py:188} INFO - [2026-06-11T00:12:41.216+0000] {dag.py:3089} INFO - Sync 1 DAGs
[2026-06-11T00:12:41.224+0000] {logging_mixin.py:188} INFO - [2026-06-11T00:12:41.224+0000] {dag.py:3947} INFO - Setting next_dagrun for callbacks_example to None, run_after=None
[2026-06-11T00:12:41.241+0000] {processor.py:183} INFO - Processing /opt/airflow/dags/callback_sucesso_falha.py took 0.081 seconds
[2026-06-11T00:13:11.672+0000] {processor.py:161} INFO - Started process (PID=18150) to work on /opt/airflow/dags/callback_sucesso_falha.py
[2026-06-11T00:13:11.674+0000] {processor.py:830} INFO - Processing file /opt/airflow/dags/callback_sucesso_falha.py for tasks to queue
[2026-06-11T00:13:11.675+0000] {logging_mixin.py:188} INFO - [2026-06-11T00:13:11.674+0000] {dagbag.py:545} INFO - Filling up the DagBag from /opt/airflow/dags/callback_sucesso_falha.py
[2026-06-11T00:13:11.680+0000] {processor.py:840} INFO - DAG(s) 'callbacks_example' retrieved from /opt/airflow/dags/callback_sucesso_falha.py
[2026-06-11T00:13:11.716+0000] {logging_mixin.py:188} INFO - [2026-06-11T00:13:11.716+0000] {dag.py:3089} INFO - Sync 1 DAGs
[2026-06-11T00:13:11.732+0000] {logging_mixin.py:188} INFO - [2026-06-11T00:13:11.732+0000] {dag.py:3947} INFO - Setting next_dagrun for callbacks_example to None, run_after=None
[2026-06-11T00:13:11.753+0000] {processor.py:183} INFO - Processing /opt/airflow/dags/callback_sucesso_falha.py took 0.088 seconds
[2026-06-11T00:13:42.150+0000] {processor.py:161} INFO - Started process (PID=18192) to work on /opt/airflow/dags/callback_sucesso_falha.py
[2026-06-11T00:13:42.152+0000] {processor.py:830} INFO - Processing file /opt/airflow/dags/callback_sucesso_falha.py for tasks to queue
[2026-06-11T00:13:42.152+0000] {logging_mixin.py:188} INFO - [2026-06-11T00:13:42.152+0000] {dagbag.py:545} INFO - Filling up the DagBag from /opt/airflow/dags/callback_sucesso_falha.py
[2026-06-11T00:13:42.163+0000] {processor.py:840} INFO - DAG(s) 'callbacks_example' retrieved from /opt/airflow/dags/callback_sucesso_falha.py
[2026-06-11T00:13:42.193+0000] {logging_mixin.py:188} INFO - [2026-06-11T00:13:42.193+0000] {dag.py:3089} INFO - Sync 1 DAGs
[2026-06-11T00:13:42.202+0000] {logging_mixin.py:188} INFO - [2026-06-11T00:13:42.201+0000] {dag.py:3947} INFO - Setting next_dagrun for callbacks_example to None, run_after=None
[2026-06-11T00:13:42.226+0000] {processor.py:183} INFO - Processing /opt/airflow/dags/callback_sucesso_falha.py took 0.082 seconds
[2026-06-11T00:14:12.525+0000] {processor.py:161} INFO - Started process (PID=18234) to work on /opt/airflow/dags/callback_sucesso_falha.py
[2026-06-11T00:14:12.525+0000] {processor.py:830} INFO - Processing file /opt/airflow/dags/callback_sucesso_falha.py for tasks to queue
[2026-06-11T00:14:12.526+0000] {logging_mixin.py:188} INFO - [2026-06-11T00:14:12.526+0000] {dagbag.py:545} INFO - Filling up the DagBag from /opt/airflow/dags/callback_sucesso_falha.py
[2026-06-11T00:14:12.530+0000] {processor.py:840} INFO - DAG(s) 'callbacks_example' retrieved from /opt/airflow/dags/callback_sucesso_falha.py
[2026-06-11T00:14:12.580+0000] {logging_mixin.py:188} INFO - [2026-06-11T00:14:12.580+0000] {dag.py:3089} INFO - Sync 1 DAGs
[2026-06-11T00:14:12.595+0000] {logging_mixin.py:188} INFO - [2026-06-11T00:14:12.595+0000] {dag.py:3947} INFO - Setting next_dagrun for callbacks_example to None, run_after=None
[2026-06-11T00:14:12.616+0000] {processor.py:183} INFO - Processing /opt/airflow/dags/callback_sucesso_falha.py took 0.095 seconds
[2026-06-11T00:14:43.032+0000] {processor.py:161} INFO - Started process (PID=18276) to work on /opt/airflow/dags/callback_sucesso_falha.py
[2026-06-11T00:14:43.033+0000] {processor.py:830} INFO - Processing file /opt/airflow/dags/callback_sucesso_falha.py for tasks to queue
[2026-06-11T00:14:43.034+0000] {logging_mixin.py:188} INFO - [2026-06-11T00:14:43.034+0000] {dagbag.py:545} INFO - Filling up the DagBag from /opt/airflow/dags/callback_sucesso_falha.py
[2026-06-11T00:14:43.043+0000] {processor.py:840} INFO - DAG(s) 'callbacks_example' retrieved from /opt/airflow/dags/callback_sucesso_falha.py
[2026-06-11T00:14:43.071+0000] {logging_mixin.py:188} INFO - [2026-06-11T00:14:43.071+0000] {dag.py:3089} INFO - Sync 1 DAGs
[2026-06-11T00:14:43.080+0000] {logging_mixin.py:188} INFO - [2026-06-11T00:14:43.080+0000] {dag.py:3947} INFO - Setting next_dagrun for callbacks_example to None, run_after=None
[2026-06-11T00:14:43.093+0000] {processor.py:183} INFO - Processing /opt/airflow/dags/callback_sucesso_falha.py took 0.081 seconds
[2026-06-11T00:15:13.506+0000] {processor.py:161} INFO - Started process (PID=18318) to work on /opt/airflow/dags/callback_sucesso_falha.py
[2026-06-11T00:15:13.508+0000] {processor.py:830} INFO - Processing file /opt/airflow/dags/callback_sucesso_falha.py for tasks to queue
[2026-06-11T00:15:13.509+0000] {logging_mixin.py:188} INFO - [2026-06-11T00:15:13.509+0000] {dagbag.py:545} INFO - Filling up the DagBag from /opt/airflow/dags/callback_sucesso_falha.py
[2026-06-11T00:15:13.517+0000] {processor.py:840} INFO - DAG(s) 'callbacks_example' retrieved from /opt/airflow/dags/callback_sucesso_falha.py
[2026-06-11T00:15:13.545+0000] {logging_mixin.py:188} INFO - [2026-06-11T00:15:13.544+0000] {dag.py:3089} INFO - Sync 1 DAGs
[2026-06-11T00:15:13.558+0000] {logging_mixin.py:188} INFO - [2026-06-11T00:15:13.558+0000] {dag.py:3947} INFO - Setting next_dagrun for callbacks_example to None, run_after=None
[2026-06-11T00:15:13.579+0000] {processor.py:183} INFO - Processing /opt/airflow/dags/callback_sucesso_falha.py took 0.081 seconds
[2026-06-11T00:15:43.986+0000] {processor.py:161} INFO - Started process (PID=18360) to work on /opt/airflow/dags/callback_sucesso_falha.py
[2026-06-11T00:15:43.988+0000] {processor.py:830} INFO - Processing file /opt/airflow/dags/callback_sucesso_falha.py for tasks to queue
[2026-06-11T00:15:43.989+0000] {logging_mixin.py:188} INFO - [2026-06-11T00:15:43.988+0000] {dagbag.py:545} INFO - Filling up the DagBag from /opt/airflow/dags/callback_sucesso_falha.py
[2026-06-11T00:15:44.002+0000] {processor.py:840} INFO - DAG(s) 'callbacks_example' retrieved from /opt/airflow/dags/callback_sucesso_falha.py
[2026-06-11T00:15:44.028+0000] {logging_mixin.py:188} INFO - [2026-06-11T00:15:44.028+0000] {dag.py:3089} INFO - Sync 1 DAGs
[2026-06-11T00:15:44.036+0000] {logging_mixin.py:188} INFO - [2026-06-11T00:15:44.036+0000] {dag.py:3947} INFO - Setting next_dagrun for callbacks_example to None, run_after=None
[2026-06-11T00:15:44.058+0000] {processor.py:183} INFO - Processing /opt/airflow/dags/callback_sucesso_falha.py took 0.078 seconds
[2026-06-11T00:16:14.421+0000] {processor.py:161} INFO - Started process (PID=18396) to work on /opt/airflow/dags/callback_sucesso_falha.py
[2026-06-11T00:16:14.423+0000] {processor.py:830} INFO - Processing file /opt/airflow/dags/callback_sucesso_falha.py for tasks to queue
[2026-06-11T00:16:14.424+0000] {logging_mixin.py:188} INFO - [2026-06-11T00:16:14.424+0000] {dagbag.py:545} INFO - Filling up the DagBag from /opt/airflow/dags/callback_sucesso_falha.py
[2026-06-11T00:16:14.440+0000] {processor.py:840} INFO - DAG(s) 'callbacks_example' retrieved from /opt/airflow/dags/callback_sucesso_falha.py
[2026-06-11T00:16:14.475+0000] {logging_mixin.py:188} INFO - [2026-06-11T00:16:14.475+0000] {dag.py:3089} INFO - Sync 1 DAGs
[2026-06-11T00:16:14.482+0000] {logging_mixin.py:188} INFO - [2026-06-11T00:16:14.482+0000] {dag.py:3947} INFO - Setting next_dagrun for callbacks_example to None, run_after=None
[2026-06-11T00:16:14.502+0000] {processor.py:183} INFO - Processing /opt/airflow/dags/callback_sucesso_falha.py took 0.090 seconds
[2026-06-11T00:16:44.833+0000] {processor.py:161} INFO - Started process (PID=18438) to work on /opt/airflow/dags/callback_sucesso_falha.py
[2026-06-11T00:16:44.836+0000] {processor.py:830} INFO - Processing file /opt/airflow/dags/callback_sucesso_falha.py for tasks to queue
[2026-06-11T00:16:44.837+0000] {logging_mixin.py:188} INFO - [2026-06-11T00:16:44.836+0000] {dagbag.py:545} INFO - Filling up the DagBag from /opt/airflow/dags/callback_sucesso_falha.py
[2026-06-11T00:16:44.846+0000] {processor.py:840} INFO - DAG(s) 'callbacks_example' retrieved from /opt/airflow/dags/callback_sucesso_falha.py
[2026-06-11T00:16:44.875+0000] {logging_mixin.py:188} INFO - [2026-06-11T00:16:44.875+0000] {dag.py:3089} INFO - Sync 1 DAGs
[2026-06-11T00:16:44.884+0000] {logging_mixin.py:188} INFO - [2026-06-11T00:16:44.883+0000] {dag.py:3947} INFO - Setting next_dagrun for callbacks_example to None, run_after=None
[2026-06-11T00:16:44.903+0000] {processor.py:183} INFO - Processing /opt/airflow/dags/callback_sucesso_falha.py took 0.079 seconds
[2026-06-11T00:17:15.272+0000] {processor.py:161} INFO - Started process (PID=18480) to work on /opt/airflow/dags/callback_sucesso_falha.py
[2026-06-11T00:17:15.277+0000] {processor.py:830} INFO - Processing file /opt/airflow/dags/callback_sucesso_falha.py for tasks to queue
[2026-06-11T00:17:15.278+0000] {logging_mixin.py:188} INFO - [2026-06-11T00:17:15.277+0000] {dagbag.py:545} INFO - Filling up the DagBag from /opt/airflow/dags/callback_sucesso_falha.py
[2026-06-11T00:17:15.290+0000] {processor.py:840} INFO - DAG(s) 'callbacks_example' retrieved from /opt/airflow/dags/callback_sucesso_falha.py
[2026-06-11T00:17:15.329+0000] {logging_mixin.py:188} INFO - [2026-06-11T00:17:15.328+0000] {dag.py:3089} INFO - Sync 1 DAGs
[2026-06-11T00:17:15.338+0000] {logging_mixin.py:188} INFO - [2026-06-11T00:17:15.338+0000] {dag.py:3947} INFO - Setting next_dagrun for callbacks_example to None, run_after=None
[2026-06-11T00:17:15.358+0000] {processor.py:183} INFO - Processing /opt/airflow/dags/callback_sucesso_falha.py took 0.092 seconds
[2026-06-11T00:17:45.668+0000] {processor.py:161} INFO - Started process (PID=18522) to work on /opt/airflow/dags/callback_sucesso_falha.py
[2026-06-11T00:17:45.669+0000] {processor.py:830} INFO - Processing file /opt/airflow/dags/callback_sucesso_falha.py for tasks to queue
[2026-06-11T00:17:45.670+0000] {logging_mixin.py:188} INFO - [2026-06-11T00:17:45.669+0000] {dagbag.py:545} INFO - Filling up the DagBag from /opt/airflow/dags/callback_sucesso_falha.py
[2026-06-11T00:17:45.686+0000] {processor.py:840} INFO - DAG(s) 'callbacks_example' retrieved from /opt/airflow/dags/callback_sucesso_falha.py
[2026-06-11T00:17:45.711+0000] {logging_mixin.py:188} INFO - [2026-06-11T00:17:45.711+0000] {dag.py:3089} INFO - Sync 1 DAGs
[2026-06-11T00:17:45.718+0000] {logging_mixin.py:188} INFO - [2026-06-11T00:17:45.718+0000] {dag.py:3947} INFO - Setting next_dagrun for callbacks_example to None, run_after=None
[2026-06-11T00:17:45.735+0000] {processor.py:183} INFO - Processing /opt/airflow/dags/callback_sucesso_falha.py took 0.079 seconds
[2026-06-11T00:18:16.150+0000] {processor.py:161} INFO - Started process (PID=18564) to work on /opt/airflow/dags/callback_sucesso_falha.py
[2026-06-11T00:18:16.151+0000] {processor.py:830} INFO - Processing file /opt/airflow/dags/callback_sucesso_falha.py for tasks to queue
[2026-06-11T00:18:16.152+0000] {logging_mixin.py:188} INFO - [2026-06-11T00:18:16.152+0000] {dagbag.py:545} INFO - Filling up the DagBag from /opt/airflow/dags/callback_sucesso_falha.py
[2026-06-11T00:18:16.160+0000] {processor.py:840} INFO - DAG(s) 'callbacks_example' retrieved from /opt/airflow/dags/callback_sucesso_falha.py
[2026-06-11T00:18:16.196+0000] {logging_mixin.py:188} INFO - [2026-06-11T00:18:16.196+0000] {dag.py:3089} INFO - Sync 1 DAGs
[2026-06-11T00:18:16.206+0000] {logging_mixin.py:188} INFO - [2026-06-11T00:18:16.205+0000] {dag.py:3947} INFO - Setting next_dagrun for callbacks_example to None, run_after=None
[2026-06-11T00:18:16.224+0000] {processor.py:183} INFO - Processing /opt/airflow/dags/callback_sucesso_falha.py took 0.081 seconds
[2026-06-11T00:18:46.546+0000] {processor.py:161} INFO - Started process (PID=18606) to work on /opt/airflow/dags/callback_sucesso_falha.py
[2026-06-11T00:18:46.550+0000] {processor.py:830} INFO - Processing file /opt/airflow/dags/callback_sucesso_falha.py for tasks to queue
[2026-06-11T00:18:46.553+0000] {logging_mixin.py:188} INFO - [2026-06-11T00:18:46.551+0000] {dagbag.py:545} INFO - Filling up the DagBag from /opt/airflow/dags/callback_sucesso_falha.py
[2026-06-11T00:18:46.569+0000] {processor.py:840} INFO - DAG(s) 'callbacks_example' retrieved from /opt/airflow/dags/callback_sucesso_falha.py
[2026-06-11T00:18:46.604+0000] {logging_mixin.py:188} INFO - [2026-06-11T00:18:46.604+0000] {dag.py:3089} INFO - Sync 1 DAGs
[2026-06-11T00:18:46.618+0000] {logging_mixin.py:188} INFO - [2026-06-11T00:18:46.618+0000] {dag.py:3947} INFO - Setting next_dagrun for callbacks_example to None, run_after=None
[2026-06-11T00:18:46.642+0000] {processor.py:183} INFO - Processing /opt/airflow/dags/callback_sucesso_falha.py took 0.118 seconds
[2026-06-11T00:19:17.043+0000] {processor.py:161} INFO - Started process (PID=18648) to work on /opt/airflow/dags/callback_sucesso_falha.py
[2026-06-11T00:19:17.045+0000] {processor.py:830} INFO - Processing file /opt/airflow/dags/callback_sucesso_falha.py for tasks to queue
[2026-06-11T00:19:17.046+0000] {logging_mixin.py:188} INFO - [2026-06-11T00:19:17.045+0000] {dagbag.py:545} INFO - Filling up the DagBag from /opt/airflow/dags/callback_sucesso_falha.py
[2026-06-11T00:19:17.055+0000] {processor.py:840} INFO - DAG(s) 'callbacks_example' retrieved from /opt/airflow/dags/callback_sucesso_falha.py
[2026-06-11T00:19:17.090+0000] {logging_mixin.py:188} INFO - [2026-06-11T00:19:17.090+0000] {dag.py:3089} INFO - Sync 1 DAGs
[2026-06-11T00:19:17.097+0000] {logging_mixin.py:188} INFO - [2026-06-11T00:19:17.097+0000] {dag.py:3947} INFO - Setting next_dagrun for callbacks_example to None, run_after=None
[2026-06-11T00:19:17.116+0000] {processor.py:183} INFO - Processing /opt/airflow/dags/callback_sucesso_falha.py took 0.081 seconds
[2026-06-11T00:19:47.408+0000] {processor.py:161} INFO - Started process (PID=18690) to work on /opt/airflow/dags/callback_sucesso_falha.py
[2026-06-11T00:19:47.409+0000] {processor.py:830} INFO - Processing file /opt/airflow/dags/callback_sucesso_falha.py for tasks to queue
[2026-06-11T00:19:47.409+0000] {logging_mixin.py:188} INFO - [2026-06-11T00:19:47.409+0000] {dagbag.py:545} INFO - Filling up the DagBag from /opt/airflow/dags/callback_sucesso_falha.py
[2026-06-11T00:19:47.414+0000] {processor.py:840} INFO - DAG(s) 'callbacks_example' retrieved from /opt/airflow/dags/callback_sucesso_falha.py
[2026-06-11T00:19:47.449+0000] {logging_mixin.py:188} INFO - [2026-06-11T00:19:47.449+0000] {dag.py:3089} INFO - Sync 1 DAGs
[2026-06-11T00:19:47.465+0000] {logging_mixin.py:188} INFO - [2026-06-11T00:19:47.465+0000] {dag.py:3947} INFO - Setting next_dagrun for callbacks_example to None, run_after=None
[2026-06-11T00:19:47.487+0000] {processor.py:183} INFO - Processing /opt/airflow/dags/callback_sucesso_falha.py took 0.082 seconds
[2026-06-11T00:20:17.786+0000] {processor.py:161} INFO - Started process (PID=18732) to work on /opt/airflow/dags/callback_sucesso_falha.py
[2026-06-11T00:20:17.788+0000] {processor.py:830} INFO - Processing file /opt/airflow/dags/callback_sucesso_falha.py for tasks to queue
[2026-06-11T00:20:17.788+0000] {logging_mixin.py:188} INFO - [2026-06-11T00:20:17.788+0000] {dagbag.py:545} INFO - Filling up the DagBag from /opt/airflow/dags/callback_sucesso_falha.py
[2026-06-11T00:20:17.794+0000] {processor.py:840} INFO - DAG(s) 'callbacks_example' retrieved from /opt/airflow/dags/callback_sucesso_falha.py
[2026-06-11T00:20:17.825+0000] {logging_mixin.py:188} INFO - [2026-06-11T00:20:17.825+0000] {dag.py:3089} INFO - Sync 1 DAGs
[2026-06-11T00:20:17.837+0000] {logging_mixin.py:188} INFO - [2026-06-11T00:20:17.837+0000] {dag.py:3947} INFO - Setting next_dagrun for callbacks_example to None, run_after=None
[2026-06-11T00:20:17.858+0000] {processor.py:183} INFO - Processing /opt/airflow/dags/callback_sucesso_falha.py took 0.079 seconds
[2026-06-11T00:20:48.245+0000] {processor.py:161} INFO - Started process (PID=18774) to work on /opt/airflow/dags/callback_sucesso_falha.py
[2026-06-11T00:20:48.245+0000] {processor.py:830} INFO - Processing file /opt/airflow/dags/callback_sucesso_falha.py for tasks to queue
[2026-06-11T00:20:48.246+0000] {logging_mixin.py:188} INFO - [2026-06-11T00:20:48.245+0000] {dagbag.py:545} INFO - Filling up the DagBag from /opt/airflow/dags/callback_sucesso_falha.py
[2026-06-11T00:20:48.250+0000] {processor.py:840} INFO - DAG(s) 'callbacks_example' retrieved from /opt/airflow/dags/callback_sucesso_falha.py
[2026-06-11T00:20:48.277+0000] {logging_mixin.py:188} INFO - [2026-06-11T00:20:48.277+0000] {dag.py:3089} INFO - Sync 1 DAGs
[2026-06-11T00:20:48.287+0000] {logging_mixin.py:188} INFO - [2026-06-11T00:20:48.287+0000] {dag.py:3947} INFO - Setting next_dagrun for callbacks_example to None, run_after=None
[2026-06-11T00:20:48.305+0000] {processor.py:183} INFO - Processing /opt/airflow/dags/callback_sucesso_falha.py took 0.065 seconds
[2026-06-11T00:21:18.675+0000] {processor.py:161} INFO - Started process (PID=18816) to work on /opt/airflow/dags/callback_sucesso_falha.py
[2026-06-11T00:21:18.676+0000] {processor.py:830} INFO - Processing file /opt/airflow/dags/callback_sucesso_falha.py for tasks to queue
[2026-06-11T00:21:18.679+0000] {logging_mixin.py:188} INFO - [2026-06-11T00:21:18.678+0000] {dagbag.py:545} INFO - Filling up the DagBag from /opt/airflow/dags/callback_sucesso_falha.py
[2026-06-11T00:21:18.690+0000] {processor.py:840} INFO - DAG(s) 'callbacks_example' retrieved from /opt/airflow/dags/callback_sucesso_falha.py
[2026-06-11T00:21:18.732+0000] {logging_mixin.py:188} INFO - [2026-06-11T00:21:18.731+0000] {dag.py:3089} INFO - Sync 1 DAGs
[2026-06-11T00:21:18.750+0000] {logging_mixin.py:188} INFO - [2026-06-11T00:21:18.750+0000] {dag.py:3947} INFO - Setting next_dagrun for callbacks_example to None, run_after=None
[2026-06-11T00:21:18.766+0000] {processor.py:183} INFO - Processing /opt/airflow/dags/callback_sucesso_falha.py took 0.095 seconds
[2026-06-11T00:21:49.161+0000] {processor.py:161} INFO - Started process (PID=18858) to work on /opt/airflow/dags/callback_sucesso_falha.py
[2026-06-11T00:21:49.163+0000] {processor.py:830} INFO - Processing file /opt/airflow/dags/callback_sucesso_falha.py for tasks to queue
[2026-06-11T00:21:49.163+0000] {logging_mixin.py:188} INFO - [2026-06-11T00:21:49.163+0000] {dagbag.py:545} INFO - Filling up the DagBag from /opt/airflow/dags/callback_sucesso_falha.py
[2026-06-11T00:21:49.173+0000] {processor.py:840} INFO - DAG(s) 'callbacks_example' retrieved from /opt/airflow/dags/callback_sucesso_falha.py
[2026-06-11T00:21:49.206+0000] {logging_mixin.py:188} INFO - [2026-06-11T00:21:49.206+0000] {dag.py:3089} INFO - Sync 1 DAGs
[2026-06-11T00:21:49.215+0000] {logging_mixin.py:188} INFO - [2026-06-11T00:21:49.215+0000] {dag.py:3947} INFO - Setting next_dagrun for callbacks_example to None, run_after=None
[2026-06-11T00:21:49.236+0000] {processor.py:183} INFO - Processing /opt/airflow/dags/callback_sucesso_falha.py took 0.082 seconds
[2026-06-11T00:22:19.630+0000] {processor.py:161} INFO - Started process (PID=18900) to work on /opt/airflow/dags/callback_sucesso_falha.py
[2026-06-11T00:22:19.632+0000] {processor.py:830} INFO - Processing file /opt/airflow/dags/callback_sucesso_falha.py for tasks to queue
[2026-06-11T00:22:19.633+0000] {logging_mixin.py:188} INFO - [2026-06-11T00:22:19.633+0000] {dagbag.py:545} INFO - Filling up the DagBag from /opt/airflow/dags/callback_sucesso_falha.py
[2026-06-11T00:22:19.644+0000] {processor.py:840} INFO - DAG(s) 'callbacks_example' retrieved from /opt/airflow/dags/callback_sucesso_falha.py
[2026-06-11T00:22:19.681+0000] {logging_mixin.py:188} INFO - [2026-06-11T00:22:19.681+0000] {dag.py:3089} INFO - Sync 1 DAGs
[2026-06-11T00:22:19.695+0000] {logging_mixin.py:188} INFO - [2026-06-11T00:22:19.694+0000] {dag.py:3947} INFO - Setting next_dagrun for callbacks_example to None, run_after=None
[2026-06-11T00:22:19.719+0000] {processor.py:183} INFO - Processing /opt/airflow/dags/callback_sucesso_falha.py took 0.098 seconds
[2026-06-11T00:22:50.104+0000] {processor.py:161} INFO - Started process (PID=18942) to work on /opt/airflow/dags/callback_sucesso_falha.py
[2026-06-11T00:22:50.106+0000] {processor.py:830} INFO - Processing file /opt/airflow/dags/callback_sucesso_falha.py for tasks to queue
[2026-06-11T00:22:50.110+0000] {logging_mixin.py:188} INFO - [2026-06-11T00:22:50.108+0000] {dagbag.py:545} INFO - Filling up the DagBag from /opt/airflow/dags/callback_sucesso_falha.py
[2026-06-11T00:22:50.130+0000] {processor.py:840} INFO - DAG(s) 'callbacks_example' retrieved from /opt/airflow/dags/callback_sucesso_falha.py
[2026-06-11T00:22:50.174+0000] {logging_mixin.py:188} INFO - [2026-06-11T00:22:50.174+0000] {dag.py:3089} INFO - Sync 1 DAGs
[2026-06-11T00:22:50.187+0000] {logging_mixin.py:188} INFO - [2026-06-11T00:22:50.186+0000] {dag.py:3947} INFO - Setting next_dagrun for callbacks_example to None, run_after=None
[2026-06-11T00:22:50.209+0000] {processor.py:183} INFO - Processing /opt/airflow/dags/callback_sucesso_falha.py took 0.117 seconds
[2026-06-11T00:23:20.593+0000] {processor.py:161} INFO - Started process (PID=18984) to work on /opt/airflow/dags/callback_sucesso_falha.py
[2026-06-11T00:23:20.595+0000] {processor.py:830} INFO - Processing file /opt/airflow/dags/callback_sucesso_falha.py for tasks to queue
[2026-06-11T00:23:20.595+0000] {logging_mixin.py:188} INFO - [2026-06-11T00:23:20.595+0000] {dagbag.py:545} INFO - Filling up the DagBag from /opt/airflow/dags/callback_sucesso_falha.py
[2026-06-11T00:23:20.600+0000] {processor.py:840} INFO - DAG(s) 'callbacks_example' retrieved from /opt/airflow/dags/callback_sucesso_falha.py
[2026-06-11T00:23:20.640+0000] {logging_mixin.py:188} INFO - [2026-06-11T00:23:20.640+0000] {dag.py:3089} INFO - Sync 1 DAGs
[2026-06-11T00:23:20.649+0000] {logging_mixin.py:188} INFO - [2026-06-11T00:23:20.649+0000] {dag.py:3947} INFO - Setting next_dagrun for callbacks_example to None, run_after=None
[2026-06-11T00:23:20.669+0000] {processor.py:183} INFO - Processing /opt/airflow/dags/callback_sucesso_falha.py took 0.082 seconds
[2026-06-11T00:23:50.927+0000] {processor.py:161} INFO - Started process (PID=19026) to work on /opt/airflow/dags/callback_sucesso_falha.py
[2026-06-11T00:23:50.928+0000] {processor.py:830} INFO - Processing file /opt/airflow/dags/callback_sucesso_falha.py for tasks to queue
[2026-06-11T00:23:50.929+0000] {logging_mixin.py:188} INFO - [2026-06-11T00:23:50.929+0000] {dagbag.py:545} INFO - Filling up the DagBag from /opt/airflow/dags/callback_sucesso_falha.py
[2026-06-11T00:23:50.934+0000] {processor.py:840} INFO - DAG(s) 'callbacks_example' retrieved from /opt/airflow/dags/callback_sucesso_falha.py
[2026-06-11T00:23:50.960+0000] {logging_mixin.py:188} INFO - [2026-06-11T00:23:50.960+0000] {dag.py:3089} INFO - Sync 1 DAGs
[2026-06-11T00:23:50.974+0000] {logging_mixin.py:188} INFO - [2026-06-11T00:23:50.974+0000] {dag.py:3947} INFO - Setting next_dagrun for callbacks_example to None, run_after=None
[2026-06-11T00:23:50.994+0000] {processor.py:183} INFO - Processing /opt/airflow/dags/callback_sucesso_falha.py took 0.071 seconds
[2026-06-11T00:24:21.318+0000] {processor.py:161} INFO - Started process (PID=19069) to work on /opt/airflow/dags/callback_sucesso_falha.py
[2026-06-11T00:24:21.321+0000] {processor.py:830} INFO - Processing file /opt/airflow/dags/callback_sucesso_falha.py for tasks to queue
[2026-06-11T00:24:21.322+0000] {logging_mixin.py:188} INFO - [2026-06-11T00:24:21.322+0000] {dagbag.py:545} INFO - Filling up the DagBag from /opt/airflow/dags/callback_sucesso_falha.py
[2026-06-11T00:24:21.328+0000] {processor.py:840} INFO - DAG(s) 'callbacks_example' retrieved from /opt/airflow/dags/callback_sucesso_falha.py
[2026-06-11T00:24:21.373+0000] {logging_mixin.py:188} INFO - [2026-06-11T00:24:21.373+0000] {dag.py:3089} INFO - Sync 1 DAGs
[2026-06-11T00:24:21.391+0000] {logging_mixin.py:188} INFO - [2026-06-11T00:24:21.390+0000] {dag.py:3947} INFO - Setting next_dagrun for callbacks_example to None, run_after=None
[2026-06-11T00:24:21.412+0000] {processor.py:183} INFO - Processing /opt/airflow/dags/callback_sucesso_falha.py took 0.103 seconds
[2026-06-11T00:24:51.854+0000] {processor.py:161} INFO - Started process (PID=19111) to work on /opt/airflow/dags/callback_sucesso_falha.py
[2026-06-11T00:24:51.855+0000] {processor.py:830} INFO - Processing file /opt/airflow/dags/callback_sucesso_falha.py for tasks to queue
[2026-06-11T00:24:51.855+0000] {logging_mixin.py:188} INFO - [2026-06-11T00:24:51.855+0000] {dagbag.py:545} INFO - Filling up the DagBag from /opt/airflow/dags/callback_sucesso_falha.py
[2026-06-11T00:24:51.860+0000] {processor.py:840} INFO - DAG(s) 'callbacks_example' retrieved from /opt/airflow/dags/callback_sucesso_falha.py
[2026-06-11T00:24:51.885+0000] {logging_mixin.py:188} INFO - [2026-06-11T00:24:51.884+0000] {dag.py:3089} INFO - Sync 1 DAGs
[2026-06-11T00:24:51.892+0000] {logging_mixin.py:188} INFO - [2026-06-11T00:24:51.892+0000] {dag.py:3947} INFO - Setting next_dagrun for callbacks_example to None, run_after=None
[2026-06-11T00:24:51.911+0000] {processor.py:183} INFO - Processing /opt/airflow/dags/callback_sucesso_falha.py took 0.061 seconds
[2026-06-11T00:25:22.314+0000] {processor.py:161} INFO - Started process (PID=19153) to work on /opt/airflow/dags/callback_sucesso_falha.py
[2026-06-11T00:25:22.316+0000] {processor.py:830} INFO - Processing file /opt/airflow/dags/callback_sucesso_falha.py for tasks to queue
[2026-06-11T00:25:22.318+0000] {logging_mixin.py:188} INFO - [2026-06-11T00:25:22.317+0000] {dagbag.py:545} INFO - Filling up the DagBag from /opt/airflow/dags/callback_sucesso_falha.py
[2026-06-11T00:25:22.328+0000] {processor.py:840} INFO - DAG(s) 'callbacks_example' retrieved from /opt/airflow/dags/callback_sucesso_falha.py
[2026-06-11T00:25:22.359+0000] {logging_mixin.py:188} INFO - [2026-06-11T00:25:22.358+0000] {dag.py:3089} INFO - Sync 1 DAGs
[2026-06-11T00:25:22.374+0000] {logging_mixin.py:188} INFO - [2026-06-11T00:25:22.373+0000] {dag.py:3947} INFO - Setting next_dagrun for callbacks_example to None, run_after=None
[2026-06-11T00:25:22.401+0000] {processor.py:183} INFO - Processing /opt/airflow/dags/callback_sucesso_falha.py took 0.092 seconds
[2026-06-11T00:25:52.687+0000] {processor.py:161} INFO - Started process (PID=19195) to work on /opt/airflow/dags/callback_sucesso_falha.py
[2026-06-11T00:25:52.687+0000] {processor.py:830} INFO - Processing file /opt/airflow/dags/callback_sucesso_falha.py for tasks to queue
[2026-06-11T00:25:52.688+0000] {logging_mixin.py:188} INFO - [2026-06-11T00:25:52.688+0000] {dagbag.py:545} INFO - Filling up the DagBag from /opt/airflow/dags/callback_sucesso_falha.py
[2026-06-11T00:25:52.692+0000] {processor.py:840} INFO - DAG(s) 'callbacks_example' retrieved from /opt/airflow/dags/callback_sucesso_falha.py
[2026-06-11T00:25:52.719+0000] {logging_mixin.py:188} INFO - [2026-06-11T00:25:52.719+0000] {dag.py:3089} INFO - Sync 1 DAGs
[2026-06-11T00:25:52.730+0000] {logging_mixin.py:188} INFO - [2026-06-11T00:25:52.730+0000] {dag.py:3947} INFO - Setting next_dagrun for callbacks_example to None, run_after=None
[2026-06-11T00:25:52.750+0000] {processor.py:183} INFO - Processing /opt/airflow/dags/callback_sucesso_falha.py took 0.067 seconds
[2026-06-11T00:26:23.181+0000] {processor.py:161} INFO - Started process (PID=19237) to work on /opt/airflow/dags/callback_sucesso_falha.py
[2026-06-11T00:26:23.182+0000] {processor.py:830} INFO - Processing file /opt/airflow/dags/callback_sucesso_falha.py for tasks to queue
[2026-06-11T00:26:23.183+0000] {logging_mixin.py:188} INFO - [2026-06-11T00:26:23.183+0000] {dagbag.py:545} INFO - Filling up the DagBag from /opt/airflow/dags/callback_sucesso_falha.py
[2026-06-11T00:26:23.187+0000] {processor.py:840} INFO - DAG(s) 'callbacks_example' retrieved from /opt/airflow/dags/callback_sucesso_falha.py
[2026-06-11T00:26:23.220+0000] {logging_mixin.py:188} INFO - [2026-06-11T00:26:23.220+0000] {dag.py:3089} INFO - Sync 1 DAGs
[2026-06-11T00:26:23.233+0000] {logging_mixin.py:188} INFO - [2026-06-11T00:26:23.233+0000] {dag.py:3947} INFO - Setting next_dagrun for callbacks_example to None, run_after=None
[2026-06-11T00:26:23.248+0000] {processor.py:183} INFO - Processing /opt/airflow/dags/callback_sucesso_falha.py took 0.072 seconds
[2026-06-11T00:26:53.674+0000] {processor.py:161} INFO - Started process (PID=19273) to work on /opt/airflow/dags/callback_sucesso_falha.py
[2026-06-11T00:26:53.676+0000] {processor.py:830} INFO - Processing file /opt/airflow/dags/callback_sucesso_falha.py for tasks to queue
[2026-06-11T00:26:53.677+0000] {logging_mixin.py:188} INFO - [2026-06-11T00:26:53.677+0000] {dagbag.py:545} INFO - Filling up the DagBag from /opt/airflow/dags/callback_sucesso_falha.py
[2026-06-11T00:26:53.685+0000] {processor.py:840} INFO - DAG(s) 'callbacks_example' retrieved from /opt/airflow/dags/callback_sucesso_falha.py
[2026-06-11T00:26:53.726+0000] {logging_mixin.py:188} INFO - [2026-06-11T00:26:53.725+0000] {dag.py:3089} INFO - Sync 1 DAGs
[2026-06-11T00:26:53.740+0000] {logging_mixin.py:188} INFO - [2026-06-11T00:26:53.740+0000] {dag.py:3947} INFO - Setting next_dagrun for callbacks_example to None, run_after=None
[2026-06-11T00:26:53.760+0000] {processor.py:183} INFO - Processing /opt/airflow/dags/callback_sucesso_falha.py took 0.096 seconds
[2026-06-11T00:27:24.022+0000] {processor.py:161} INFO - Started process (PID=19315) to work on /opt/airflow/dags/callback_sucesso_falha.py
[2026-06-11T00:27:24.024+0000] {processor.py:830} INFO - Processing file /opt/airflow/dags/callback_sucesso_falha.py for tasks to queue
[2026-06-11T00:27:24.025+0000] {logging_mixin.py:188} INFO - [2026-06-11T00:27:24.025+0000] {dagbag.py:545} INFO - Filling up the DagBag from /opt/airflow/dags/callback_sucesso_falha.py
[2026-06-11T00:27:24.029+0000] {processor.py:840} INFO - DAG(s) 'callbacks_example' retrieved from /opt/airflow/dags/callback_sucesso_falha.py
[2026-06-11T00:27:24.070+0000] {logging_mixin.py:188} INFO - [2026-06-11T00:27:24.070+0000] {dag.py:3089} INFO - Sync 1 DAGs
[2026-06-11T00:27:24.091+0000] {logging_mixin.py:188} INFO - [2026-06-11T00:27:24.091+0000] {dag.py:3947} INFO - Setting next_dagrun for callbacks_example to None, run_after=None
[2026-06-11T00:27:24.114+0000] {processor.py:183} INFO - Processing /opt/airflow/dags/callback_sucesso_falha.py took 0.095 seconds
[2026-06-11T00:27:54.400+0000] {processor.py:161} INFO - Started process (PID=19357) to work on /opt/airflow/dags/callback_sucesso_falha.py
[2026-06-11T00:27:54.403+0000] {processor.py:830} INFO - Processing file /opt/airflow/dags/callback_sucesso_falha.py for tasks to queue
[2026-06-11T00:27:54.404+0000] {logging_mixin.py:188} INFO - [2026-06-11T00:27:54.404+0000] {dagbag.py:545} INFO - Filling up the DagBag from /opt/airflow/dags/callback_sucesso_falha.py
[2026-06-11T00:27:54.414+0000] {processor.py:840} INFO - DAG(s) 'callbacks_example' retrieved from /opt/airflow/dags/callback_sucesso_falha.py
[2026-06-11T00:27:54.447+0000] {logging_mixin.py:188} INFO - [2026-06-11T00:27:54.447+0000] {dag.py:3089} INFO - Sync 1 DAGs
[2026-06-11T00:27:54.463+0000] {logging_mixin.py:188} INFO - [2026-06-11T00:27:54.463+0000] {dag.py:3947} INFO - Setting next_dagrun for callbacks_example to None, run_after=None
[2026-06-11T00:27:54.484+0000] {processor.py:183} INFO - Processing /opt/airflow/dags/callback_sucesso_falha.py took 0.098 seconds
[2026-06-11T00:28:24.885+0000] {processor.py:161} INFO - Started process (PID=19399) to work on /opt/airflow/dags/callback_sucesso_falha.py
[2026-06-11T00:28:24.887+0000] {processor.py:830} INFO - Processing file /opt/airflow/dags/callback_sucesso_falha.py for tasks to queue
[2026-06-11T00:28:24.888+0000] {logging_mixin.py:188} INFO - [2026-06-11T00:28:24.887+0000] {dagbag.py:545} INFO - Filling up the DagBag from /opt/airflow/dags/callback_sucesso_falha.py
[2026-06-11T00:28:24.898+0000] {processor.py:840} INFO - DAG(s) 'callbacks_example' retrieved from /opt/airflow/dags/callback_sucesso_falha.py
[2026-06-11T00:28:24.931+0000] {logging_mixin.py:188} INFO - [2026-06-11T00:28:24.930+0000] {dag.py:3089} INFO - Sync 1 DAGs
[2026-06-11T00:28:24.939+0000] {logging_mixin.py:188} INFO - [2026-06-11T00:28:24.939+0000] {dag.py:3947} INFO - Setting next_dagrun for callbacks_example to None, run_after=None
[2026-06-11T00:28:24.957+0000] {processor.py:183} INFO - Processing /opt/airflow/dags/callback_sucesso_falha.py took 0.081 seconds
[2026-06-11T00:28:55.248+0000] {processor.py:161} INFO - Started process (PID=19449) to work on /opt/airflow/dags/callback_sucesso_falha.py
[2026-06-11T00:28:55.250+0000] {processor.py:830} INFO - Processing file /opt/airflow/dags/callback_sucesso_falha.py for tasks to queue
[2026-06-11T00:28:55.251+0000] {logging_mixin.py:188} INFO - [2026-06-11T00:28:55.251+0000] {dagbag.py:545} INFO - Filling up the DagBag from /opt/airflow/dags/callback_sucesso_falha.py
[2026-06-11T00:28:55.256+0000] {processor.py:840} INFO - DAG(s) 'callbacks_example' retrieved from /opt/airflow/dags/callback_sucesso_falha.py
[2026-06-11T00:28:55.281+0000] {logging_mixin.py:188} INFO - [2026-06-11T00:28:55.281+0000] {dag.py:3089} INFO - Sync 1 DAGs
[2026-06-11T00:28:55.290+0000] {logging_mixin.py:188} INFO - [2026-06-11T00:28:55.290+0000] {dag.py:3947} INFO - Setting next_dagrun for callbacks_example to None, run_after=None
[2026-06-11T00:28:55.308+0000] {processor.py:183} INFO - Processing /opt/airflow/dags/callback_sucesso_falha.py took 0.067 seconds
[2026-06-11T00:29:25.746+0000] {processor.py:161} INFO - Started process (PID=19491) to work on /opt/airflow/dags/callback_sucesso_falha.py
[2026-06-11T00:29:25.747+0000] {processor.py:830} INFO - Processing file /opt/airflow/dags/callback_sucesso_falha.py for tasks to queue
[2026-06-11T00:29:25.748+0000] {logging_mixin.py:188} INFO - [2026-06-11T00:29:25.748+0000] {dagbag.py:545} INFO - Filling up the DagBag from /opt/airflow/dags/callback_sucesso_falha.py
[2026-06-11T00:29:25.757+0000] {processor.py:840} INFO - DAG(s) 'callbacks_example' retrieved from /opt/airflow/dags/callback_sucesso_falha.py
[2026-06-11T00:29:25.787+0000] {logging_mixin.py:188} INFO - [2026-06-11T00:29:25.787+0000] {dag.py:3089} INFO - Sync 1 DAGs
[2026-06-11T00:29:25.800+0000] {logging_mixin.py:188} INFO - [2026-06-11T00:29:25.800+0000] {dag.py:3947} INFO - Setting next_dagrun for callbacks_example to None, run_after=None
[2026-06-11T00:29:25.823+0000] {processor.py:183} INFO - Processing /opt/airflow/dags/callback_sucesso_falha.py took 0.084 seconds
[2026-06-11T00:29:56.188+0000] {processor.py:161} INFO - Started process (PID=19533) to work on /opt/airflow/dags/callback_sucesso_falha.py
[2026-06-11T00:29:56.190+0000] {processor.py:830} INFO - Processing file /opt/airflow/dags/callback_sucesso_falha.py for tasks to queue
[2026-06-11T00:29:56.191+0000] {logging_mixin.py:188} INFO - [2026-06-11T00:29:56.191+0000] {dagbag.py:545} INFO - Filling up the DagBag from /opt/airflow/dags/callback_sucesso_falha.py
[2026-06-11T00:29:56.200+0000] {processor.py:840} INFO - DAG(s) 'callbacks_example' retrieved from /opt/airflow/dags/callback_sucesso_falha.py
[2026-06-11T00:29:56.232+0000] {logging_mixin.py:188} INFO - [2026-06-11T00:29:56.232+0000] {dag.py:3089} INFO - Sync 1 DAGs
[2026-06-11T00:29:56.247+0000] {logging_mixin.py:188} INFO - [2026-06-11T00:29:56.246+0000] {dag.py:3947} INFO - Setting next_dagrun for callbacks_example to None, run_after=None
[2026-06-11T00:29:56.266+0000] {processor.py:183} INFO - Processing /opt/airflow/dags/callback_sucesso_falha.py took 0.086 seconds
[2026-06-11T00:30:26.661+0000] {processor.py:161} INFO - Started process (PID=19575) to work on /opt/airflow/dags/callback_sucesso_falha.py
[2026-06-11T00:30:26.662+0000] {processor.py:830} INFO - Processing file /opt/airflow/dags/callback_sucesso_falha.py for tasks to queue
[2026-06-11T00:30:26.663+0000] {logging_mixin.py:188} INFO - [2026-06-11T00:30:26.663+0000] {dagbag.py:545} INFO - Filling up the DagBag from /opt/airflow/dags/callback_sucesso_falha.py
[2026-06-11T00:30:26.675+0000] {processor.py:840} INFO - DAG(s) 'callbacks_example' retrieved from /opt/airflow/dags/callback_sucesso_falha.py
[2026-06-11T00:30:26.712+0000] {logging_mixin.py:188} INFO - [2026-06-11T00:30:26.712+0000] {dag.py:3089} INFO - Sync 1 DAGs
[2026-06-11T00:30:26.727+0000] {logging_mixin.py:188} INFO - [2026-06-11T00:30:26.727+0000] {dag.py:3947} INFO - Setting next_dagrun for callbacks_example to None, run_after=None
[2026-06-11T00:30:26.742+0000] {processor.py:183} INFO - Processing /opt/airflow/dags/callback_sucesso_falha.py took 0.091 seconds
[2026-06-11T00:30:57.113+0000] {processor.py:161} INFO - Started process (PID=19617) to work on /opt/airflow/dags/callback_sucesso_falha.py
[2026-06-11T00:30:57.114+0000] {processor.py:830} INFO - Processing file /opt/airflow/dags/callback_sucesso_falha.py for tasks to queue
[2026-06-11T00:30:57.115+0000] {logging_mixin.py:188} INFO - [2026-06-11T00:30:57.115+0000] {dagbag.py:545} INFO - Filling up the DagBag from /opt/airflow/dags/callback_sucesso_falha.py
[2026-06-11T00:30:57.124+0000] {processor.py:840} INFO - DAG(s) 'callbacks_example' retrieved from /opt/airflow/dags/callback_sucesso_falha.py
[2026-06-11T00:30:57.154+0000] {logging_mixin.py:188} INFO - [2026-06-11T00:30:57.153+0000] {dag.py:3089} INFO - Sync 1 DAGs
[2026-06-11T00:30:57.161+0000] {logging_mixin.py:188} INFO - [2026-06-11T00:30:57.161+0000] {dag.py:3947} INFO - Setting next_dagrun for callbacks_example to None, run_after=None
[2026-06-11T00:30:57.172+0000] {processor.py:183} INFO - Processing /opt/airflow/dags/callback_sucesso_falha.py took 0.067 seconds
[2026-06-11T00:31:27.562+0000] {processor.py:161} INFO - Started process (PID=19659) to work on /opt/airflow/dags/callback_sucesso_falha.py
[2026-06-11T00:31:27.564+0000] {processor.py:830} INFO - Processing file /opt/airflow/dags/callback_sucesso_falha.py for tasks to queue
[2026-06-11T00:31:27.565+0000] {logging_mixin.py:188} INFO - [2026-06-11T00:31:27.564+0000] {dagbag.py:545} INFO - Filling up the DagBag from /opt/airflow/dags/callback_sucesso_falha.py
[2026-06-11T00:31:27.570+0000] {processor.py:840} INFO - DAG(s) 'callbacks_example' retrieved from /opt/airflow/dags/callback_sucesso_falha.py
[2026-06-11T00:31:27.603+0000] {logging_mixin.py:188} INFO - [2026-06-11T00:31:27.603+0000] {dag.py:3089} INFO - Sync 1 DAGs
[2026-06-11T00:31:27.619+0000] {logging_mixin.py:188} INFO - [2026-06-11T00:31:27.619+0000] {dag.py:3947} INFO - Setting next_dagrun for callbacks_example to None, run_after=None
[2026-06-11T00:31:27.639+0000] {processor.py:183} INFO - Processing /opt/airflow/dags/callback_sucesso_falha.py took 0.081 seconds
