[2026-06-11T00:00:04.962+0000] {processor.py:161} INFO - Started process (PID=17091) to work on /opt/airflow/dags/clima_etl.py
[2026-06-11T00:00:04.963+0000] {processor.py:830} INFO - Processing file /opt/airflow/dags/clima_etl.py for tasks to queue
[2026-06-11T00:00:04.964+0000] {logging_mixin.py:188} INFO - [2026-06-11T00:00:04.964+0000] {dagbag.py:545} INFO - Filling up the DagBag from /opt/airflow/dags/clima_etl.py
[2026-06-11T00:00:04.976+0000] {processor.py:840} INFO - DAG(s) 'clima_etl' retrieved from /opt/airflow/dags/clima_etl.py
[2026-06-11T00:00:05.003+0000] {logging_mixin.py:188} INFO - [2026-06-11T00:00:05.002+0000] {dag.py:3089} INFO - Sync 1 DAGs
[2026-06-11T00:00:05.024+0000] {logging_mixin.py:188} INFO - [2026-06-11T00:00:05.024+0000] {dag.py:3947} INFO - Setting next_dagrun for clima_etl to 2026-06-10 06:00:00+00:00, run_after=2026-06-11 06:00:00+00:00
[2026-06-11T00:00:05.043+0000] {processor.py:183} INFO - Processing /opt/airflow/dags/clima_etl.py took 0.088 seconds
[2026-06-11T00:00:35.483+0000] {processor.py:161} INFO - Started process (PID=17133) to work on /opt/airflow/dags/clima_etl.py
[2026-06-11T00:00:35.484+0000] {processor.py:830} INFO - Processing file /opt/airflow/dags/clima_etl.py for tasks to queue
[2026-06-11T00:00:35.485+0000] {logging_mixin.py:188} INFO - [2026-06-11T00:00:35.485+0000] {dagbag.py:545} INFO - Filling up the DagBag from /opt/airflow/dags/clima_etl.py
[2026-06-11T00:00:35.502+0000] {processor.py:840} INFO - DAG(s) 'clima_etl' retrieved from /opt/airflow/dags/clima_etl.py
[2026-06-11T00:00:35.530+0000] {logging_mixin.py:188} INFO - [2026-06-11T00:00:35.529+0000] {dag.py:3089} INFO - Sync 1 DAGs
[2026-06-11T00:00:35.553+0000] {logging_mixin.py:188} INFO - [2026-06-11T00:00:35.553+0000] {dag.py:3947} INFO - Setting next_dagrun for clima_etl to 2026-06-10 06:00:00+00:00, run_after=2026-06-11 06:00:00+00:00
[2026-06-11T00:00:35.570+0000] {processor.py:183} INFO - Processing /opt/airflow/dags/clima_etl.py took 0.093 seconds
[2026-06-11T00:01:06.000+0000] {processor.py:161} INFO - Started process (PID=17175) to work on /opt/airflow/dags/clima_etl.py
[2026-06-11T00:01:06.001+0000] {processor.py:830} INFO - Processing file /opt/airflow/dags/clima_etl.py for tasks to queue
[2026-06-11T00:01:06.002+0000] {logging_mixin.py:188} INFO - [2026-06-11T00:01:06.002+0000] {dagbag.py:545} INFO - Filling up the DagBag from /opt/airflow/dags/clima_etl.py
[2026-06-11T00:01:06.011+0000] {processor.py:840} INFO - DAG(s) 'clima_etl' retrieved from /opt/airflow/dags/clima_etl.py
[2026-06-11T00:01:06.036+0000] {logging_mixin.py:188} INFO - [2026-06-11T00:01:06.036+0000] {dag.py:3089} INFO - Sync 1 DAGs
[2026-06-11T00:01:06.058+0000] {logging_mixin.py:188} INFO - [2026-06-11T00:01:06.058+0000] {dag.py:3947} INFO - Setting next_dagrun for clima_etl to 2026-06-10 06:00:00+00:00, run_after=2026-06-11 06:00:00+00:00
[2026-06-11T00:01:06.078+0000] {processor.py:183} INFO - Processing /opt/airflow/dags/clima_etl.py took 0.086 seconds
[2026-06-11T00:01:36.371+0000] {processor.py:161} INFO - Started process (PID=17217) to work on /opt/airflow/dags/clima_etl.py
[2026-06-11T00:01:36.372+0000] {processor.py:830} INFO - Processing file /opt/airflow/dags/clima_etl.py for tasks to queue
[2026-06-11T00:01:36.372+0000] {logging_mixin.py:188} INFO - [2026-06-11T00:01:36.372+0000] {dagbag.py:545} INFO - Filling up the DagBag from /opt/airflow/dags/clima_etl.py
[2026-06-11T00:01:36.382+0000] {processor.py:840} INFO - DAG(s) 'clima_etl' retrieved from /opt/airflow/dags/clima_etl.py
[2026-06-11T00:01:36.407+0000] {logging_mixin.py:188} INFO - [2026-06-11T00:01:36.406+0000] {dag.py:3089} INFO - Sync 1 DAGs
[2026-06-11T00:01:36.428+0000] {logging_mixin.py:188} INFO - [2026-06-11T00:01:36.428+0000] {dag.py:3947} INFO - Setting next_dagrun for clima_etl to 2026-06-10 06:00:00+00:00, run_after=2026-06-11 06:00:00+00:00
[2026-06-11T00:01:36.448+0000] {processor.py:183} INFO - Processing /opt/airflow/dags/clima_etl.py took 0.083 seconds
[2026-06-11T00:02:06.874+0000] {processor.py:161} INFO - Started process (PID=17259) to work on /opt/airflow/dags/clima_etl.py
[2026-06-11T00:02:06.875+0000] {processor.py:830} INFO - Processing file /opt/airflow/dags/clima_etl.py for tasks to queue
[2026-06-11T00:02:06.875+0000] {logging_mixin.py:188} INFO - [2026-06-11T00:02:06.875+0000] {dagbag.py:545} INFO - Filling up the DagBag from /opt/airflow/dags/clima_etl.py
[2026-06-11T00:02:06.885+0000] {processor.py:840} INFO - DAG(s) 'clima_etl' retrieved from /opt/airflow/dags/clima_etl.py
[2026-06-11T00:02:06.910+0000] {logging_mixin.py:188} INFO - [2026-06-11T00:02:06.910+0000] {dag.py:3089} INFO - Sync 1 DAGs
[2026-06-11T00:02:06.934+0000] {logging_mixin.py:188} INFO - [2026-06-11T00:02:06.934+0000] {dag.py:3947} INFO - Setting next_dagrun for clima_etl to 2026-06-10 06:00:00+00:00, run_after=2026-06-11 06:00:00+00:00
[2026-06-11T00:02:06.954+0000] {processor.py:183} INFO - Processing /opt/airflow/dags/clima_etl.py took 0.084 seconds
[2026-06-11T00:02:37.349+0000] {processor.py:161} INFO - Started process (PID=17301) to work on /opt/airflow/dags/clima_etl.py
[2026-06-11T00:02:37.349+0000] {processor.py:830} INFO - Processing file /opt/airflow/dags/clima_etl.py for tasks to queue
[2026-06-11T00:02:37.350+0000] {logging_mixin.py:188} INFO - [2026-06-11T00:02:37.349+0000] {dagbag.py:545} INFO - Filling up the DagBag from /opt/airflow/dags/clima_etl.py
[2026-06-11T00:02:37.358+0000] {processor.py:840} INFO - DAG(s) 'clima_etl' retrieved from /opt/airflow/dags/clima_etl.py
[2026-06-11T00:02:37.381+0000] {logging_mixin.py:188} INFO - [2026-06-11T00:02:37.381+0000] {dag.py:3089} INFO - Sync 1 DAGs
[2026-06-11T00:02:37.396+0000] {logging_mixin.py:188} INFO - [2026-06-11T00:02:37.396+0000] {dag.py:3947} INFO - Setting next_dagrun for clima_etl to 2026-06-10 06:00:00+00:00, run_after=2026-06-11 06:00:00+00:00
[2026-06-11T00:02:37.416+0000] {processor.py:183} INFO - Processing /opt/airflow/dags/clima_etl.py took 0.071 seconds
[2026-06-11T00:03:07.758+0000] {processor.py:161} INFO - Started process (PID=17344) to work on /opt/airflow/dags/clima_etl.py
[2026-06-11T00:03:07.761+0000] {processor.py:830} INFO - Processing file /opt/airflow/dags/clima_etl.py for tasks to queue
[2026-06-11T00:03:07.762+0000] {logging_mixin.py:188} INFO - [2026-06-11T00:03:07.762+0000] {dagbag.py:545} INFO - Filling up the DagBag from /opt/airflow/dags/clima_etl.py
[2026-06-11T00:03:07.771+0000] {processor.py:840} INFO - DAG(s) 'clima_etl' retrieved from /opt/airflow/dags/clima_etl.py
[2026-06-11T00:03:07.804+0000] {logging_mixin.py:188} INFO - [2026-06-11T00:03:07.804+0000] {dag.py:3089} INFO - Sync 1 DAGs
[2026-06-11T00:03:07.827+0000] {logging_mixin.py:188} INFO - [2026-06-11T00:03:07.826+0000] {dag.py:3947} INFO - Setting next_dagrun for clima_etl to 2026-06-10 06:00:00+00:00, run_after=2026-06-11 06:00:00+00:00
[2026-06-11T00:03:07.848+0000] {processor.py:183} INFO - Processing /opt/airflow/dags/clima_etl.py took 0.099 seconds
[2026-06-11T00:03:38.188+0000] {processor.py:161} INFO - Started process (PID=17386) to work on /opt/airflow/dags/clima_etl.py
[2026-06-11T00:03:38.189+0000] {processor.py:830} INFO - Processing file /opt/airflow/dags/clima_etl.py for tasks to queue
[2026-06-11T00:03:38.190+0000] {logging_mixin.py:188} INFO - [2026-06-11T00:03:38.190+0000] {dagbag.py:545} INFO - Filling up the DagBag from /opt/airflow/dags/clima_etl.py
[2026-06-11T00:03:38.205+0000] {processor.py:840} INFO - DAG(s) 'clima_etl' retrieved from /opt/airflow/dags/clima_etl.py
[2026-06-11T00:03:38.238+0000] {logging_mixin.py:188} INFO - [2026-06-11T00:03:38.238+0000] {dag.py:3089} INFO - Sync 1 DAGs
[2026-06-11T00:03:38.262+0000] {logging_mixin.py:188} INFO - [2026-06-11T00:03:38.262+0000] {dag.py:3947} INFO - Setting next_dagrun for clima_etl to 2026-06-10 06:00:00+00:00, run_after=2026-06-11 06:00:00+00:00
[2026-06-11T00:03:38.282+0000] {processor.py:183} INFO - Processing /opt/airflow/dags/clima_etl.py took 0.101 seconds
[2026-06-11T00:04:08.639+0000] {processor.py:161} INFO - Started process (PID=17428) to work on /opt/airflow/dags/clima_etl.py
[2026-06-11T00:04:08.641+0000] {processor.py:830} INFO - Processing file /opt/airflow/dags/clima_etl.py for tasks to queue
[2026-06-11T00:04:08.641+0000] {logging_mixin.py:188} INFO - [2026-06-11T00:04:08.641+0000] {dagbag.py:545} INFO - Filling up the DagBag from /opt/airflow/dags/clima_etl.py
[2026-06-11T00:04:08.649+0000] {processor.py:840} INFO - DAG(s) 'clima_etl' retrieved from /opt/airflow/dags/clima_etl.py
[2026-06-11T00:04:08.674+0000] {logging_mixin.py:188} INFO - [2026-06-11T00:04:08.674+0000] {dag.py:3089} INFO - Sync 1 DAGs
[2026-06-11T00:04:08.695+0000] {logging_mixin.py:188} INFO - [2026-06-11T00:04:08.695+0000] {dag.py:3947} INFO - Setting next_dagrun for clima_etl to 2026-06-10 06:00:00+00:00, run_after=2026-06-11 06:00:00+00:00
[2026-06-11T00:04:08.715+0000] {processor.py:183} INFO - Processing /opt/airflow/dags/clima_etl.py took 0.084 seconds
[2026-06-11T00:04:39.057+0000] {processor.py:161} INFO - Started process (PID=17470) to work on /opt/airflow/dags/clima_etl.py
[2026-06-11T00:04:39.057+0000] {processor.py:830} INFO - Processing file /opt/airflow/dags/clima_etl.py for tasks to queue
[2026-06-11T00:04:39.058+0000] {logging_mixin.py:188} INFO - [2026-06-11T00:04:39.058+0000] {dagbag.py:545} INFO - Filling up the DagBag from /opt/airflow/dags/clima_etl.py
[2026-06-11T00:04:39.066+0000] {processor.py:840} INFO - DAG(s) 'clima_etl' retrieved from /opt/airflow/dags/clima_etl.py
[2026-06-11T00:04:39.091+0000] {logging_mixin.py:188} INFO - [2026-06-11T00:04:39.090+0000] {dag.py:3089} INFO - Sync 1 DAGs
[2026-06-11T00:04:39.116+0000] {logging_mixin.py:188} INFO - [2026-06-11T00:04:39.116+0000] {dag.py:3947} INFO - Setting next_dagrun for clima_etl to 2026-06-10 06:00:00+00:00, run_after=2026-06-11 06:00:00+00:00
[2026-06-11T00:04:39.133+0000] {processor.py:183} INFO - Processing /opt/airflow/dags/clima_etl.py took 0.082 seconds
[2026-06-11T00:05:09.566+0000] {processor.py:161} INFO - Started process (PID=17512) to work on /opt/airflow/dags/clima_etl.py
[2026-06-11T00:05:09.568+0000] {processor.py:830} INFO - Processing file /opt/airflow/dags/clima_etl.py for tasks to queue
[2026-06-11T00:05:09.569+0000] {logging_mixin.py:188} INFO - [2026-06-11T00:05:09.569+0000] {dagbag.py:545} INFO - Filling up the DagBag from /opt/airflow/dags/clima_etl.py
[2026-06-11T00:05:09.580+0000] {processor.py:840} INFO - DAG(s) 'clima_etl' retrieved from /opt/airflow/dags/clima_etl.py
[2026-06-11T00:05:09.607+0000] {logging_mixin.py:188} INFO - [2026-06-11T00:05:09.606+0000] {dag.py:3089} INFO - Sync 1 DAGs
[2026-06-11T00:05:09.629+0000] {logging_mixin.py:188} INFO - [2026-06-11T00:05:09.629+0000] {dag.py:3947} INFO - Setting next_dagrun for clima_etl to 2026-06-10 06:00:00+00:00, run_after=2026-06-11 06:00:00+00:00
[2026-06-11T00:05:09.648+0000] {processor.py:183} INFO - Processing /opt/airflow/dags/clima_etl.py took 0.092 seconds
[2026-06-11T00:05:39.983+0000] {processor.py:161} INFO - Started process (PID=17554) to work on /opt/airflow/dags/clima_etl.py
[2026-06-11T00:05:39.983+0000] {processor.py:830} INFO - Processing file /opt/airflow/dags/clima_etl.py for tasks to queue
[2026-06-11T00:05:39.984+0000] {logging_mixin.py:188} INFO - [2026-06-11T00:05:39.984+0000] {dagbag.py:545} INFO - Filling up the DagBag from /opt/airflow/dags/clima_etl.py
[2026-06-11T00:05:39.992+0000] {processor.py:840} INFO - DAG(s) 'clima_etl' retrieved from /opt/airflow/dags/clima_etl.py
[2026-06-11T00:05:40.025+0000] {logging_mixin.py:188} INFO - [2026-06-11T00:05:40.025+0000] {dag.py:3089} INFO - Sync 1 DAGs
[2026-06-11T00:05:40.049+0000] {logging_mixin.py:188} INFO - [2026-06-11T00:05:40.048+0000] {dag.py:3947} INFO - Setting next_dagrun for clima_etl to 2026-06-10 06:00:00+00:00, run_after=2026-06-11 06:00:00+00:00
[2026-06-11T00:05:40.069+0000] {processor.py:183} INFO - Processing /opt/airflow/dags/clima_etl.py took 0.093 seconds
[2026-06-11T00:06:10.506+0000] {processor.py:161} INFO - Started process (PID=17596) to work on /opt/airflow/dags/clima_etl.py
[2026-06-11T00:06:10.507+0000] {processor.py:830} INFO - Processing file /opt/airflow/dags/clima_etl.py for tasks to queue
[2026-06-11T00:06:10.508+0000] {logging_mixin.py:188} INFO - [2026-06-11T00:06:10.508+0000] {dagbag.py:545} INFO - Filling up the DagBag from /opt/airflow/dags/clima_etl.py
[2026-06-11T00:06:10.518+0000] {processor.py:840} INFO - DAG(s) 'clima_etl' retrieved from /opt/airflow/dags/clima_etl.py
[2026-06-11T00:06:10.544+0000] {logging_mixin.py:188} INFO - [2026-06-11T00:06:10.544+0000] {dag.py:3089} INFO - Sync 1 DAGs
[2026-06-11T00:06:10.569+0000] {logging_mixin.py:188} INFO - [2026-06-11T00:06:10.568+0000] {dag.py:3947} INFO - Setting next_dagrun for clima_etl to 2026-06-10 06:00:00+00:00, run_after=2026-06-11 06:00:00+00:00
[2026-06-11T00:06:10.589+0000] {processor.py:183} INFO - Processing /opt/airflow/dags/clima_etl.py took 0.089 seconds
[2026-06-11T00:06:40.988+0000] {processor.py:161} INFO - Started process (PID=17632) to work on /opt/airflow/dags/clima_etl.py
[2026-06-11T00:06:40.988+0000] {processor.py:830} INFO - Processing file /opt/airflow/dags/clima_etl.py for tasks to queue
[2026-06-11T00:06:40.989+0000] {logging_mixin.py:188} INFO - [2026-06-11T00:06:40.988+0000] {dagbag.py:545} INFO - Filling up the DagBag from /opt/airflow/dags/clima_etl.py
[2026-06-11T00:06:40.998+0000] {processor.py:840} INFO - DAG(s) 'clima_etl' retrieved from /opt/airflow/dags/clima_etl.py
[2026-06-11T00:06:41.022+0000] {logging_mixin.py:188} INFO - [2026-06-11T00:06:41.022+0000] {dag.py:3089} INFO - Sync 1 DAGs
[2026-06-11T00:06:41.043+0000] {logging_mixin.py:188} INFO - [2026-06-11T00:06:41.043+0000] {dag.py:3947} INFO - Setting next_dagrun for clima_etl to 2026-06-10 06:00:00+00:00, run_after=2026-06-11 06:00:00+00:00
[2026-06-11T00:06:41.063+0000] {processor.py:183} INFO - Processing /opt/airflow/dags/clima_etl.py took 0.085 seconds
[2026-06-11T00:07:11.421+0000] {processor.py:161} INFO - Started process (PID=17674) to work on /opt/airflow/dags/clima_etl.py
[2026-06-11T00:07:11.422+0000] {processor.py:830} INFO - Processing file /opt/airflow/dags/clima_etl.py for tasks to queue
[2026-06-11T00:07:11.422+0000] {logging_mixin.py:188} INFO - [2026-06-11T00:07:11.422+0000] {dagbag.py:545} INFO - Filling up the DagBag from /opt/airflow/dags/clima_etl.py
[2026-06-11T00:07:11.431+0000] {processor.py:840} INFO - DAG(s) 'clima_etl' retrieved from /opt/airflow/dags/clima_etl.py
[2026-06-11T00:07:11.460+0000] {logging_mixin.py:188} INFO - [2026-06-11T00:07:11.460+0000] {dag.py:3089} INFO - Sync 1 DAGs
[2026-06-11T00:07:11.484+0000] {logging_mixin.py:188} INFO - [2026-06-11T00:07:11.484+0000] {dag.py:3947} INFO - Setting next_dagrun for clima_etl to 2026-06-10 06:00:00+00:00, run_after=2026-06-11 06:00:00+00:00
[2026-06-11T00:07:11.503+0000] {processor.py:183} INFO - Processing /opt/airflow/dags/clima_etl.py took 0.090 seconds
[2026-06-11T00:07:41.959+0000] {processor.py:161} INFO - Started process (PID=17716) to work on /opt/airflow/dags/clima_etl.py
[2026-06-11T00:07:41.961+0000] {processor.py:830} INFO - Processing file /opt/airflow/dags/clima_etl.py for tasks to queue
[2026-06-11T00:07:41.962+0000] {logging_mixin.py:188} INFO - [2026-06-11T00:07:41.962+0000] {dagbag.py:545} INFO - Filling up the DagBag from /opt/airflow/dags/clima_etl.py
[2026-06-11T00:07:41.971+0000] {processor.py:840} INFO - DAG(s) 'clima_etl' retrieved from /opt/airflow/dags/clima_etl.py
[2026-06-11T00:07:42.001+0000] {logging_mixin.py:188} INFO - [2026-06-11T00:07:42.001+0000] {dag.py:3089} INFO - Sync 1 DAGs
[2026-06-11T00:07:42.026+0000] {logging_mixin.py:188} INFO - [2026-06-11T00:07:42.025+0000] {dag.py:3947} INFO - Setting next_dagrun for clima_etl to 2026-06-10 06:00:00+00:00, run_after=2026-06-11 06:00:00+00:00
[2026-06-11T00:07:42.045+0000] {processor.py:183} INFO - Processing /opt/airflow/dags/clima_etl.py took 0.094 seconds
[2026-06-11T00:08:12.458+0000] {processor.py:161} INFO - Started process (PID=17758) to work on /opt/airflow/dags/clima_etl.py
[2026-06-11T00:08:12.459+0000] {processor.py:830} INFO - Processing file /opt/airflow/dags/clima_etl.py for tasks to queue
[2026-06-11T00:08:12.459+0000] {logging_mixin.py:188} INFO - [2026-06-11T00:08:12.459+0000] {dagbag.py:545} INFO - Filling up the DagBag from /opt/airflow/dags/clima_etl.py
[2026-06-11T00:08:12.467+0000] {processor.py:840} INFO - DAG(s) 'clima_etl' retrieved from /opt/airflow/dags/clima_etl.py
[2026-06-11T00:08:12.499+0000] {logging_mixin.py:188} INFO - [2026-06-11T00:08:12.498+0000] {dag.py:3089} INFO - Sync 1 DAGs
[2026-06-11T00:08:12.523+0000] {logging_mixin.py:188} INFO - [2026-06-11T00:08:12.523+0000] {dag.py:3947} INFO - Setting next_dagrun for clima_etl to 2026-06-10 06:00:00+00:00, run_after=2026-06-11 06:00:00+00:00
[2026-06-11T00:08:12.543+0000] {processor.py:183} INFO - Processing /opt/airflow/dags/clima_etl.py took 0.090 seconds
[2026-06-11T00:08:42.967+0000] {processor.py:161} INFO - Started process (PID=17800) to work on /opt/airflow/dags/clima_etl.py
[2026-06-11T00:08:42.968+0000] {processor.py:830} INFO - Processing file /opt/airflow/dags/clima_etl.py for tasks to queue
[2026-06-11T00:08:42.969+0000] {logging_mixin.py:188} INFO - [2026-06-11T00:08:42.969+0000] {dagbag.py:545} INFO - Filling up the DagBag from /opt/airflow/dags/clima_etl.py
[2026-06-11T00:08:42.979+0000] {processor.py:840} INFO - DAG(s) 'clima_etl' retrieved from /opt/airflow/dags/clima_etl.py
[2026-06-11T00:08:43.007+0000] {logging_mixin.py:188} INFO - [2026-06-11T00:08:43.007+0000] {dag.py:3089} INFO - Sync 1 DAGs
[2026-06-11T00:08:43.025+0000] {logging_mixin.py:188} INFO - [2026-06-11T00:08:43.025+0000] {dag.py:3947} INFO - Setting next_dagrun for clima_etl to 2026-06-10 06:00:00+00:00, run_after=2026-06-11 06:00:00+00:00
[2026-06-11T00:08:43.036+0000] {processor.py:183} INFO - Processing /opt/airflow/dags/clima_etl.py took 0.077 seconds
[2026-06-11T00:09:13.448+0000] {processor.py:161} INFO - Started process (PID=17842) to work on /opt/airflow/dags/clima_etl.py
[2026-06-11T00:09:13.449+0000] {processor.py:830} INFO - Processing file /opt/airflow/dags/clima_etl.py for tasks to queue
[2026-06-11T00:09:13.449+0000] {logging_mixin.py:188} INFO - [2026-06-11T00:09:13.449+0000] {dagbag.py:545} INFO - Filling up the DagBag from /opt/airflow/dags/clima_etl.py
[2026-06-11T00:09:13.457+0000] {processor.py:840} INFO - DAG(s) 'clima_etl' retrieved from /opt/airflow/dags/clima_etl.py
[2026-06-11T00:09:13.482+0000] {logging_mixin.py:188} INFO - [2026-06-11T00:09:13.481+0000] {dag.py:3089} INFO - Sync 1 DAGs
[2026-06-11T00:09:13.502+0000] {logging_mixin.py:188} INFO - [2026-06-11T00:09:13.502+0000] {dag.py:3947} INFO - Setting next_dagrun for clima_etl to 2026-06-10 06:00:00+00:00, run_after=2026-06-11 06:00:00+00:00
[2026-06-11T00:09:13.523+0000] {processor.py:183} INFO - Processing /opt/airflow/dags/clima_etl.py took 0.082 seconds
[2026-06-11T00:09:43.955+0000] {processor.py:161} INFO - Started process (PID=17884) to work on /opt/airflow/dags/clima_etl.py
[2026-06-11T00:09:43.956+0000] {processor.py:830} INFO - Processing file /opt/airflow/dags/clima_etl.py for tasks to queue
[2026-06-11T00:09:43.957+0000] {logging_mixin.py:188} INFO - [2026-06-11T00:09:43.957+0000] {dagbag.py:545} INFO - Filling up the DagBag from /opt/airflow/dags/clima_etl.py
[2026-06-11T00:09:43.966+0000] {processor.py:840} INFO - DAG(s) 'clima_etl' retrieved from /opt/airflow/dags/clima_etl.py
[2026-06-11T00:09:43.990+0000] {logging_mixin.py:188} INFO - [2026-06-11T00:09:43.989+0000] {dag.py:3089} INFO - Sync 1 DAGs
[2026-06-11T00:09:44.005+0000] {logging_mixin.py:188} INFO - [2026-06-11T00:09:44.005+0000] {dag.py:3947} INFO - Setting next_dagrun for clima_etl to 2026-06-10 06:00:00+00:00, run_after=2026-06-11 06:00:00+00:00
[2026-06-11T00:09:44.022+0000] {processor.py:183} INFO - Processing /opt/airflow/dags/clima_etl.py took 0.073 seconds
[2026-06-11T00:10:14.373+0000] {processor.py:161} INFO - Started process (PID=17926) to work on /opt/airflow/dags/clima_etl.py
[2026-06-11T00:10:14.374+0000] {processor.py:830} INFO - Processing file /opt/airflow/dags/clima_etl.py for tasks to queue
[2026-06-11T00:10:14.375+0000] {logging_mixin.py:188} INFO - [2026-06-11T00:10:14.374+0000] {dagbag.py:545} INFO - Filling up the DagBag from /opt/airflow/dags/clima_etl.py
[2026-06-11T00:10:14.384+0000] {processor.py:840} INFO - DAG(s) 'clima_etl' retrieved from /opt/airflow/dags/clima_etl.py
[2026-06-11T00:10:14.412+0000] {logging_mixin.py:188} INFO - [2026-06-11T00:10:14.412+0000] {dag.py:3089} INFO - Sync 1 DAGs
[2026-06-11T00:10:14.437+0000] {logging_mixin.py:188} INFO - [2026-06-11T00:10:14.436+0000] {dag.py:3947} INFO - Setting next_dagrun for clima_etl to 2026-06-10 06:00:00+00:00, run_after=2026-06-11 06:00:00+00:00
[2026-06-11T00:10:14.455+0000] {processor.py:183} INFO - Processing /opt/airflow/dags/clima_etl.py took 0.086 seconds
[2026-06-11T00:10:44.794+0000] {processor.py:161} INFO - Started process (PID=17968) to work on /opt/airflow/dags/clima_etl.py
[2026-06-11T00:10:44.795+0000] {processor.py:830} INFO - Processing file /opt/airflow/dags/clima_etl.py for tasks to queue
[2026-06-11T00:10:44.796+0000] {logging_mixin.py:188} INFO - [2026-06-11T00:10:44.796+0000] {dagbag.py:545} INFO - Filling up the DagBag from /opt/airflow/dags/clima_etl.py
[2026-06-11T00:10:44.814+0000] {processor.py:840} INFO - DAG(s) 'clima_etl' retrieved from /opt/airflow/dags/clima_etl.py
[2026-06-11T00:10:44.843+0000] {logging_mixin.py:188} INFO - [2026-06-11T00:10:44.842+0000] {dag.py:3089} INFO - Sync 1 DAGs
[2026-06-11T00:10:44.864+0000] {logging_mixin.py:188} INFO - [2026-06-11T00:10:44.863+0000] {dag.py:3947} INFO - Setting next_dagrun for clima_etl to 2026-06-10 06:00:00+00:00, run_after=2026-06-11 06:00:00+00:00
[2026-06-11T00:10:44.883+0000] {processor.py:183} INFO - Processing /opt/airflow/dags/clima_etl.py took 0.095 seconds
[2026-06-11T00:11:15.163+0000] {processor.py:161} INFO - Started process (PID=18010) to work on /opt/airflow/dags/clima_etl.py
[2026-06-11T00:11:15.164+0000] {processor.py:830} INFO - Processing file /opt/airflow/dags/clima_etl.py for tasks to queue
[2026-06-11T00:11:15.164+0000] {logging_mixin.py:188} INFO - [2026-06-11T00:11:15.164+0000] {dagbag.py:545} INFO - Filling up the DagBag from /opt/airflow/dags/clima_etl.py
[2026-06-11T00:11:15.173+0000] {processor.py:840} INFO - DAG(s) 'clima_etl' retrieved from /opt/airflow/dags/clima_etl.py
[2026-06-11T00:11:15.198+0000] {logging_mixin.py:188} INFO - [2026-06-11T00:11:15.197+0000] {dag.py:3089} INFO - Sync 1 DAGs
[2026-06-11T00:11:15.216+0000] {logging_mixin.py:188} INFO - [2026-06-11T00:11:15.215+0000] {dag.py:3947} INFO - Setting next_dagrun for clima_etl to 2026-06-10 06:00:00+00:00, run_after=2026-06-11 06:00:00+00:00
[2026-06-11T00:11:15.236+0000] {processor.py:183} INFO - Processing /opt/airflow/dags/clima_etl.py took 0.079 seconds
[2026-06-11T00:11:45.586+0000] {processor.py:161} INFO - Started process (PID=18052) to work on /opt/airflow/dags/clima_etl.py
[2026-06-11T00:11:45.587+0000] {processor.py:830} INFO - Processing file /opt/airflow/dags/clima_etl.py for tasks to queue
[2026-06-11T00:11:45.588+0000] {logging_mixin.py:188} INFO - [2026-06-11T00:11:45.587+0000] {dagbag.py:545} INFO - Filling up the DagBag from /opt/airflow/dags/clima_etl.py
[2026-06-11T00:11:45.598+0000] {processor.py:840} INFO - DAG(s) 'clima_etl' retrieved from /opt/airflow/dags/clima_etl.py
[2026-06-11T00:11:45.629+0000] {logging_mixin.py:188} INFO - [2026-06-11T00:11:45.628+0000] {dag.py:3089} INFO - Sync 1 DAGs
[2026-06-11T00:11:45.655+0000] {logging_mixin.py:188} INFO - [2026-06-11T00:11:45.655+0000] {dag.py:3947} INFO - Setting next_dagrun for clima_etl to 2026-06-10 06:00:00+00:00, run_after=2026-06-11 06:00:00+00:00
[2026-06-11T00:11:45.678+0000] {processor.py:183} INFO - Processing /opt/airflow/dags/clima_etl.py took 0.099 seconds
[2026-06-11T00:12:15.957+0000] {processor.py:161} INFO - Started process (PID=18094) to work on /opt/airflow/dags/clima_etl.py
[2026-06-11T00:12:15.959+0000] {processor.py:830} INFO - Processing file /opt/airflow/dags/clima_etl.py for tasks to queue
[2026-06-11T00:12:15.959+0000] {logging_mixin.py:188} INFO - [2026-06-11T00:12:15.959+0000] {dagbag.py:545} INFO - Filling up the DagBag from /opt/airflow/dags/clima_etl.py
[2026-06-11T00:12:15.967+0000] {processor.py:840} INFO - DAG(s) 'clima_etl' retrieved from /opt/airflow/dags/clima_etl.py
[2026-06-11T00:12:15.993+0000] {logging_mixin.py:188} INFO - [2026-06-11T00:12:15.993+0000] {dag.py:3089} INFO - Sync 1 DAGs
[2026-06-11T00:12:16.016+0000] {logging_mixin.py:188} INFO - [2026-06-11T00:12:16.016+0000] {dag.py:3947} INFO - Setting next_dagrun for clima_etl to 2026-06-10 06:00:00+00:00, run_after=2026-06-11 06:00:00+00:00
[2026-06-11T00:12:16.036+0000] {processor.py:183} INFO - Processing /opt/airflow/dags/clima_etl.py took 0.086 seconds
[2026-06-11T00:12:46.442+0000] {processor.py:161} INFO - Started process (PID=18136) to work on /opt/airflow/dags/clima_etl.py
[2026-06-11T00:12:46.442+0000] {processor.py:830} INFO - Processing file /opt/airflow/dags/clima_etl.py for tasks to queue
[2026-06-11T00:12:46.443+0000] {logging_mixin.py:188} INFO - [2026-06-11T00:12:46.443+0000] {dagbag.py:545} INFO - Filling up the DagBag from /opt/airflow/dags/clima_etl.py
[2026-06-11T00:12:46.461+0000] {processor.py:840} INFO - DAG(s) 'clima_etl' retrieved from /opt/airflow/dags/clima_etl.py
[2026-06-11T00:12:46.497+0000] {logging_mixin.py:188} INFO - [2026-06-11T00:12:46.497+0000] {dag.py:3089} INFO - Sync 1 DAGs
[2026-06-11T00:12:46.524+0000] {logging_mixin.py:188} INFO - [2026-06-11T00:12:46.523+0000] {dag.py:3947} INFO - Setting next_dagrun for clima_etl to 2026-06-10 06:00:00+00:00, run_after=2026-06-11 06:00:00+00:00
[2026-06-11T00:12:46.545+0000] {processor.py:183} INFO - Processing /opt/airflow/dags/clima_etl.py took 0.111 seconds
[2026-06-11T00:13:16.940+0000] {processor.py:161} INFO - Started process (PID=18178) to work on /opt/airflow/dags/clima_etl.py
[2026-06-11T00:13:16.941+0000] {processor.py:830} INFO - Processing file /opt/airflow/dags/clima_etl.py for tasks to queue
[2026-06-11T00:13:16.941+0000] {logging_mixin.py:188} INFO - [2026-06-11T00:13:16.941+0000] {dagbag.py:545} INFO - Filling up the DagBag from /opt/airflow/dags/clima_etl.py
[2026-06-11T00:13:16.949+0000] {processor.py:840} INFO - DAG(s) 'clima_etl' retrieved from /opt/airflow/dags/clima_etl.py
[2026-06-11T00:13:16.983+0000] {logging_mixin.py:188} INFO - [2026-06-11T00:13:16.982+0000] {dag.py:3089} INFO - Sync 1 DAGs
[2026-06-11T00:13:17.008+0000] {logging_mixin.py:188} INFO - [2026-06-11T00:13:17.008+0000] {dag.py:3947} INFO - Setting next_dagrun for clima_etl to 2026-06-10 06:00:00+00:00, run_after=2026-06-11 06:00:00+00:00
[2026-06-11T00:13:17.029+0000] {processor.py:183} INFO - Processing /opt/airflow/dags/clima_etl.py took 0.093 seconds
[2026-06-11T00:13:47.309+0000] {processor.py:161} INFO - Started process (PID=18217) to work on /opt/airflow/dags/clima_etl.py
[2026-06-11T00:13:47.310+0000] {processor.py:830} INFO - Processing file /opt/airflow/dags/clima_etl.py for tasks to queue
[2026-06-11T00:13:47.311+0000] {logging_mixin.py:188} INFO - [2026-06-11T00:13:47.311+0000] {dagbag.py:545} INFO - Filling up the DagBag from /opt/airflow/dags/clima_etl.py
[2026-06-11T00:13:47.321+0000] {processor.py:840} INFO - DAG(s) 'clima_etl' retrieved from /opt/airflow/dags/clima_etl.py
[2026-06-11T00:13:47.351+0000] {logging_mixin.py:188} INFO - [2026-06-11T00:13:47.351+0000] {dag.py:3089} INFO - Sync 1 DAGs
[2026-06-11T00:13:47.373+0000] {logging_mixin.py:188} INFO - [2026-06-11T00:13:47.372+0000] {dag.py:3947} INFO - Setting next_dagrun for clima_etl to 2026-06-10 06:00:00+00:00, run_after=2026-06-11 06:00:00+00:00
[2026-06-11T00:13:47.393+0000] {processor.py:183} INFO - Processing /opt/airflow/dags/clima_etl.py took 0.090 seconds
[2026-06-11T00:14:17.779+0000] {processor.py:161} INFO - Started process (PID=18259) to work on /opt/airflow/dags/clima_etl.py
[2026-06-11T00:14:17.780+0000] {processor.py:830} INFO - Processing file /opt/airflow/dags/clima_etl.py for tasks to queue
[2026-06-11T00:14:17.781+0000] {logging_mixin.py:188} INFO - [2026-06-11T00:14:17.781+0000] {dagbag.py:545} INFO - Filling up the DagBag from /opt/airflow/dags/clima_etl.py
[2026-06-11T00:14:17.789+0000] {processor.py:840} INFO - DAG(s) 'clima_etl' retrieved from /opt/airflow/dags/clima_etl.py
[2026-06-11T00:14:17.822+0000] {logging_mixin.py:188} INFO - [2026-06-11T00:14:17.822+0000] {dag.py:3089} INFO - Sync 1 DAGs
[2026-06-11T00:14:17.845+0000] {logging_mixin.py:188} INFO - [2026-06-11T00:14:17.844+0000] {dag.py:3947} INFO - Setting next_dagrun for clima_etl to 2026-06-10 06:00:00+00:00, run_after=2026-06-11 06:00:00+00:00
[2026-06-11T00:14:17.870+0000] {processor.py:183} INFO - Processing /opt/airflow/dags/clima_etl.py took 0.095 seconds
[2026-06-11T00:14:48.285+0000] {processor.py:161} INFO - Started process (PID=18304) to work on /opt/airflow/dags/clima_etl.py
[2026-06-11T00:14:48.286+0000] {processor.py:830} INFO - Processing file /opt/airflow/dags/clima_etl.py for tasks to queue
[2026-06-11T00:14:48.287+0000] {logging_mixin.py:188} INFO - [2026-06-11T00:14:48.287+0000] {dagbag.py:545} INFO - Filling up the DagBag from /opt/airflow/dags/clima_etl.py
[2026-06-11T00:14:48.304+0000] {processor.py:840} INFO - DAG(s) 'clima_etl' retrieved from /opt/airflow/dags/clima_etl.py
[2026-06-11T00:14:48.333+0000] {logging_mixin.py:188} INFO - [2026-06-11T00:14:48.333+0000] {dag.py:3089} INFO - Sync 1 DAGs
[2026-06-11T00:14:48.360+0000] {logging_mixin.py:188} INFO - [2026-06-11T00:14:48.360+0000] {dag.py:3947} INFO - Setting next_dagrun for clima_etl to 2026-06-10 06:00:00+00:00, run_after=2026-06-11 06:00:00+00:00
[2026-06-11T00:14:48.378+0000] {processor.py:183} INFO - Processing /opt/airflow/dags/clima_etl.py took 0.099 seconds
[2026-06-11T00:15:18.770+0000] {processor.py:161} INFO - Started process (PID=18346) to work on /opt/airflow/dags/clima_etl.py
[2026-06-11T00:15:18.773+0000] {processor.py:830} INFO - Processing file /opt/airflow/dags/clima_etl.py for tasks to queue
[2026-06-11T00:15:18.774+0000] {logging_mixin.py:188} INFO - [2026-06-11T00:15:18.773+0000] {dagbag.py:545} INFO - Filling up the DagBag from /opt/airflow/dags/clima_etl.py
[2026-06-11T00:15:18.791+0000] {processor.py:840} INFO - DAG(s) 'clima_etl' retrieved from /opt/airflow/dags/clima_etl.py
[2026-06-11T00:15:18.828+0000] {logging_mixin.py:188} INFO - [2026-06-11T00:15:18.827+0000] {dag.py:3089} INFO - Sync 1 DAGs
[2026-06-11T00:15:18.852+0000] {logging_mixin.py:188} INFO - [2026-06-11T00:15:18.851+0000] {dag.py:3947} INFO - Setting next_dagrun for clima_etl to 2026-06-10 06:00:00+00:00, run_after=2026-06-11 06:00:00+00:00
[2026-06-11T00:15:18.864+0000] {processor.py:183} INFO - Processing /opt/airflow/dags/clima_etl.py took 0.105 seconds
[2026-06-11T00:15:49.204+0000] {processor.py:161} INFO - Started process (PID=18388) to work on /opt/airflow/dags/clima_etl.py
[2026-06-11T00:15:49.205+0000] {processor.py:830} INFO - Processing file /opt/airflow/dags/clima_etl.py for tasks to queue
[2026-06-11T00:15:49.205+0000] {logging_mixin.py:188} INFO - [2026-06-11T00:15:49.205+0000] {dagbag.py:545} INFO - Filling up the DagBag from /opt/airflow/dags/clima_etl.py
[2026-06-11T00:15:49.214+0000] {processor.py:840} INFO - DAG(s) 'clima_etl' retrieved from /opt/airflow/dags/clima_etl.py
[2026-06-11T00:15:49.238+0000] {logging_mixin.py:188} INFO - [2026-06-11T00:15:49.238+0000] {dag.py:3089} INFO - Sync 1 DAGs
[2026-06-11T00:15:49.260+0000] {logging_mixin.py:188} INFO - [2026-06-11T00:15:49.260+0000] {dag.py:3947} INFO - Setting next_dagrun for clima_etl to 2026-06-10 06:00:00+00:00, run_after=2026-06-11 06:00:00+00:00
[2026-06-11T00:15:49.281+0000] {processor.py:183} INFO - Processing /opt/airflow/dags/clima_etl.py took 0.081 seconds
[2026-06-11T00:16:19.608+0000] {processor.py:161} INFO - Started process (PID=18430) to work on /opt/airflow/dags/clima_etl.py
[2026-06-11T00:16:19.609+0000] {processor.py:830} INFO - Processing file /opt/airflow/dags/clima_etl.py for tasks to queue
[2026-06-11T00:16:19.610+0000] {logging_mixin.py:188} INFO - [2026-06-11T00:16:19.609+0000] {dagbag.py:545} INFO - Filling up the DagBag from /opt/airflow/dags/clima_etl.py
[2026-06-11T00:16:19.625+0000] {processor.py:840} INFO - DAG(s) 'clima_etl' retrieved from /opt/airflow/dags/clima_etl.py
[2026-06-11T00:16:19.659+0000] {logging_mixin.py:188} INFO - [2026-06-11T00:16:19.659+0000] {dag.py:3089} INFO - Sync 1 DAGs
[2026-06-11T00:16:19.684+0000] {logging_mixin.py:188} INFO - [2026-06-11T00:16:19.684+0000] {dag.py:3947} INFO - Setting next_dagrun for clima_etl to 2026-06-10 06:00:00+00:00, run_after=2026-06-11 06:00:00+00:00
[2026-06-11T00:16:19.704+0000] {processor.py:183} INFO - Processing /opt/airflow/dags/clima_etl.py took 0.104 seconds
[2026-06-11T00:16:50.064+0000] {processor.py:161} INFO - Started process (PID=18472) to work on /opt/airflow/dags/clima_etl.py
[2026-06-11T00:16:50.066+0000] {processor.py:830} INFO - Processing file /opt/airflow/dags/clima_etl.py for tasks to queue
[2026-06-11T00:16:50.067+0000] {logging_mixin.py:188} INFO - [2026-06-11T00:16:50.067+0000] {dagbag.py:545} INFO - Filling up the DagBag from /opt/airflow/dags/clima_etl.py
[2026-06-11T00:16:50.075+0000] {processor.py:840} INFO - DAG(s) 'clima_etl' retrieved from /opt/airflow/dags/clima_etl.py
[2026-06-11T00:16:50.106+0000] {logging_mixin.py:188} INFO - [2026-06-11T00:16:50.106+0000] {dag.py:3089} INFO - Sync 1 DAGs
[2026-06-11T00:16:50.132+0000] {logging_mixin.py:188} INFO - [2026-06-11T00:16:50.132+0000] {dag.py:3947} INFO - Setting next_dagrun for clima_etl to 2026-06-10 06:00:00+00:00, run_after=2026-06-11 06:00:00+00:00
[2026-06-11T00:16:50.152+0000] {processor.py:183} INFO - Processing /opt/airflow/dags/clima_etl.py took 0.095 seconds
[2026-06-11T00:17:20.418+0000] {processor.py:161} INFO - Started process (PID=18514) to work on /opt/airflow/dags/clima_etl.py
[2026-06-11T00:17:20.419+0000] {processor.py:830} INFO - Processing file /opt/airflow/dags/clima_etl.py for tasks to queue
[2026-06-11T00:17:20.422+0000] {logging_mixin.py:188} INFO - [2026-06-11T00:17:20.421+0000] {dagbag.py:545} INFO - Filling up the DagBag from /opt/airflow/dags/clima_etl.py
[2026-06-11T00:17:20.454+0000] {processor.py:840} INFO - DAG(s) 'clima_etl' retrieved from /opt/airflow/dags/clima_etl.py
[2026-06-11T00:17:20.488+0000] {logging_mixin.py:188} INFO - [2026-06-11T00:17:20.487+0000] {dag.py:3089} INFO - Sync 1 DAGs
[2026-06-11T00:17:20.515+0000] {logging_mixin.py:188} INFO - [2026-06-11T00:17:20.514+0000] {dag.py:3947} INFO - Setting next_dagrun for clima_etl to 2026-06-10 06:00:00+00:00, run_after=2026-06-11 06:00:00+00:00
[2026-06-11T00:17:20.536+0000] {processor.py:183} INFO - Processing /opt/airflow/dags/clima_etl.py took 0.131 seconds
[2026-06-11T00:17:50.921+0000] {processor.py:161} INFO - Started process (PID=18556) to work on /opt/airflow/dags/clima_etl.py
[2026-06-11T00:17:50.922+0000] {processor.py:830} INFO - Processing file /opt/airflow/dags/clima_etl.py for tasks to queue
[2026-06-11T00:17:50.923+0000] {logging_mixin.py:188} INFO - [2026-06-11T00:17:50.923+0000] {dagbag.py:545} INFO - Filling up the DagBag from /opt/airflow/dags/clima_etl.py
[2026-06-11T00:17:50.934+0000] {processor.py:840} INFO - DAG(s) 'clima_etl' retrieved from /opt/airflow/dags/clima_etl.py
[2026-06-11T00:17:50.968+0000] {logging_mixin.py:188} INFO - [2026-06-11T00:17:50.967+0000] {dag.py:3089} INFO - Sync 1 DAGs
[2026-06-11T00:17:50.994+0000] {logging_mixin.py:188} INFO - [2026-06-11T00:17:50.993+0000] {dag.py:3947} INFO - Setting next_dagrun for clima_etl to 2026-06-10 06:00:00+00:00, run_after=2026-06-11 06:00:00+00:00
[2026-06-11T00:17:51.014+0000] {processor.py:183} INFO - Processing /opt/airflow/dags/clima_etl.py took 0.099 seconds
[2026-06-11T00:18:21.315+0000] {processor.py:161} INFO - Started process (PID=18592) to work on /opt/airflow/dags/clima_etl.py
[2026-06-11T00:18:21.316+0000] {processor.py:830} INFO - Processing file /opt/airflow/dags/clima_etl.py for tasks to queue
[2026-06-11T00:18:21.317+0000] {logging_mixin.py:188} INFO - [2026-06-11T00:18:21.316+0000] {dagbag.py:545} INFO - Filling up the DagBag from /opt/airflow/dags/clima_etl.py
[2026-06-11T00:18:21.325+0000] {processor.py:840} INFO - DAG(s) 'clima_etl' retrieved from /opt/airflow/dags/clima_etl.py
[2026-06-11T00:18:21.351+0000] {logging_mixin.py:188} INFO - [2026-06-11T00:18:21.351+0000] {dag.py:3089} INFO - Sync 1 DAGs
[2026-06-11T00:18:21.378+0000] {logging_mixin.py:188} INFO - [2026-06-11T00:18:21.378+0000] {dag.py:3947} INFO - Setting next_dagrun for clima_etl to 2026-06-10 06:00:00+00:00, run_after=2026-06-11 06:00:00+00:00
[2026-06-11T00:18:21.401+0000] {processor.py:183} INFO - Processing /opt/airflow/dags/clima_etl.py took 0.092 seconds
[2026-06-11T00:18:51.819+0000] {processor.py:161} INFO - Started process (PID=18634) to work on /opt/airflow/dags/clima_etl.py
[2026-06-11T00:18:51.820+0000] {processor.py:830} INFO - Processing file /opt/airflow/dags/clima_etl.py for tasks to queue
[2026-06-11T00:18:51.821+0000] {logging_mixin.py:188} INFO - [2026-06-11T00:18:51.820+0000] {dagbag.py:545} INFO - Filling up the DagBag from /opt/airflow/dags/clima_etl.py
[2026-06-11T00:18:51.837+0000] {processor.py:840} INFO - DAG(s) 'clima_etl' retrieved from /opt/airflow/dags/clima_etl.py
[2026-06-11T00:18:51.871+0000] {logging_mixin.py:188} INFO - [2026-06-11T00:18:51.871+0000] {dag.py:3089} INFO - Sync 1 DAGs
[2026-06-11T00:18:51.895+0000] {logging_mixin.py:188} INFO - [2026-06-11T00:18:51.894+0000] {dag.py:3947} INFO - Setting next_dagrun for clima_etl to 2026-06-10 06:00:00+00:00, run_after=2026-06-11 06:00:00+00:00
[2026-06-11T00:18:51.915+0000] {processor.py:183} INFO - Processing /opt/airflow/dags/clima_etl.py took 0.105 seconds
[2026-06-11T00:19:22.200+0000] {processor.py:161} INFO - Started process (PID=18676) to work on /opt/airflow/dags/clima_etl.py
[2026-06-11T00:19:22.201+0000] {processor.py:830} INFO - Processing file /opt/airflow/dags/clima_etl.py for tasks to queue
[2026-06-11T00:19:22.201+0000] {logging_mixin.py:188} INFO - [2026-06-11T00:19:22.201+0000] {dagbag.py:545} INFO - Filling up the DagBag from /opt/airflow/dags/clima_etl.py
[2026-06-11T00:19:22.209+0000] {processor.py:840} INFO - DAG(s) 'clima_etl' retrieved from /opt/airflow/dags/clima_etl.py
[2026-06-11T00:19:22.232+0000] {logging_mixin.py:188} INFO - [2026-06-11T00:19:22.232+0000] {dag.py:3089} INFO - Sync 1 DAGs
[2026-06-11T00:19:22.258+0000] {logging_mixin.py:188} INFO - [2026-06-11T00:19:22.258+0000] {dag.py:3947} INFO - Setting next_dagrun for clima_etl to 2026-06-10 06:00:00+00:00, run_after=2026-06-11 06:00:00+00:00
[2026-06-11T00:19:22.278+0000] {processor.py:183} INFO - Processing /opt/airflow/dags/clima_etl.py took 0.082 seconds
[2026-06-11T00:19:52.579+0000] {processor.py:161} INFO - Started process (PID=18718) to work on /opt/airflow/dags/clima_etl.py
[2026-06-11T00:19:52.580+0000] {processor.py:830} INFO - Processing file /opt/airflow/dags/clima_etl.py for tasks to queue
[2026-06-11T00:19:52.581+0000] {logging_mixin.py:188} INFO - [2026-06-11T00:19:52.580+0000] {dagbag.py:545} INFO - Filling up the DagBag from /opt/airflow/dags/clima_etl.py
[2026-06-11T00:19:52.596+0000] {processor.py:840} INFO - DAG(s) 'clima_etl' retrieved from /opt/airflow/dags/clima_etl.py
[2026-06-11T00:19:52.633+0000] {logging_mixin.py:188} INFO - [2026-06-11T00:19:52.632+0000] {dag.py:3089} INFO - Sync 1 DAGs
[2026-06-11T00:19:52.658+0000] {logging_mixin.py:188} INFO - [2026-06-11T00:19:52.658+0000] {dag.py:3947} INFO - Setting next_dagrun for clima_etl to 2026-06-10 06:00:00+00:00, run_after=2026-06-11 06:00:00+00:00
[2026-06-11T00:19:52.669+0000] {processor.py:183} INFO - Processing /opt/airflow/dags/clima_etl.py took 0.098 seconds
[2026-06-11T00:20:23.016+0000] {processor.py:161} INFO - Started process (PID=18760) to work on /opt/airflow/dags/clima_etl.py
[2026-06-11T00:20:23.016+0000] {processor.py:830} INFO - Processing file /opt/airflow/dags/clima_etl.py for tasks to queue
[2026-06-11T00:20:23.018+0000] {logging_mixin.py:188} INFO - [2026-06-11T00:20:23.017+0000] {dagbag.py:545} INFO - Filling up the DagBag from /opt/airflow/dags/clima_etl.py
[2026-06-11T00:20:23.042+0000] {processor.py:840} INFO - DAG(s) 'clima_etl' retrieved from /opt/airflow/dags/clima_etl.py
[2026-06-11T00:20:23.078+0000] {logging_mixin.py:188} INFO - [2026-06-11T00:20:23.077+0000] {dag.py:3089} INFO - Sync 1 DAGs
[2026-06-11T00:20:23.103+0000] {logging_mixin.py:188} INFO - [2026-06-11T00:20:23.103+0000] {dag.py:3947} INFO - Setting next_dagrun for clima_etl to 2026-06-10 06:00:00+00:00, run_after=2026-06-11 06:00:00+00:00
[2026-06-11T00:20:23.122+0000] {processor.py:183} INFO - Processing /opt/airflow/dags/clima_etl.py took 0.111 seconds
[2026-06-11T00:20:53.466+0000] {processor.py:161} INFO - Started process (PID=18802) to work on /opt/airflow/dags/clima_etl.py
[2026-06-11T00:20:53.466+0000] {processor.py:830} INFO - Processing file /opt/airflow/dags/clima_etl.py for tasks to queue
[2026-06-11T00:20:53.466+0000] {logging_mixin.py:188} INFO - [2026-06-11T00:20:53.466+0000] {dagbag.py:545} INFO - Filling up the DagBag from /opt/airflow/dags/clima_etl.py
[2026-06-11T00:20:53.475+0000] {processor.py:840} INFO - DAG(s) 'clima_etl' retrieved from /opt/airflow/dags/clima_etl.py
[2026-06-11T00:20:53.511+0000] {logging_mixin.py:188} INFO - [2026-06-11T00:20:53.511+0000] {dag.py:3089} INFO - Sync 1 DAGs
[2026-06-11T00:20:53.530+0000] {logging_mixin.py:188} INFO - [2026-06-11T00:20:53.530+0000] {dag.py:3947} INFO - Setting next_dagrun for clima_etl to 2026-06-10 06:00:00+00:00, run_after=2026-06-11 06:00:00+00:00
[2026-06-11T00:20:53.551+0000] {processor.py:183} INFO - Processing /opt/airflow/dags/clima_etl.py took 0.090 seconds
[2026-06-11T00:21:23.917+0000] {processor.py:161} INFO - Started process (PID=18844) to work on /opt/airflow/dags/clima_etl.py
[2026-06-11T00:21:23.918+0000] {processor.py:830} INFO - Processing file /opt/airflow/dags/clima_etl.py for tasks to queue
[2026-06-11T00:21:23.919+0000] {logging_mixin.py:188} INFO - [2026-06-11T00:21:23.919+0000] {dagbag.py:545} INFO - Filling up the DagBag from /opt/airflow/dags/clima_etl.py
[2026-06-11T00:21:23.937+0000] {processor.py:840} INFO - DAG(s) 'clima_etl' retrieved from /opt/airflow/dags/clima_etl.py
[2026-06-11T00:21:23.973+0000] {logging_mixin.py:188} INFO - [2026-06-11T00:21:23.973+0000] {dag.py:3089} INFO - Sync 1 DAGs
[2026-06-11T00:21:24.025+0000] {logging_mixin.py:188} INFO - [2026-06-11T00:21:24.025+0000] {dag.py:3947} INFO - Setting next_dagrun for clima_etl to 2026-06-10 06:00:00+00:00, run_after=2026-06-11 06:00:00+00:00
[2026-06-11T00:21:24.047+0000] {processor.py:183} INFO - Processing /opt/airflow/dags/clima_etl.py took 0.137 seconds
[2026-06-11T00:21:54.424+0000] {processor.py:161} INFO - Started process (PID=18886) to work on /opt/airflow/dags/clima_etl.py
[2026-06-11T00:21:54.425+0000] {processor.py:830} INFO - Processing file /opt/airflow/dags/clima_etl.py for tasks to queue
[2026-06-11T00:21:54.426+0000] {logging_mixin.py:188} INFO - [2026-06-11T00:21:54.425+0000] {dagbag.py:545} INFO - Filling up the DagBag from /opt/airflow/dags/clima_etl.py
[2026-06-11T00:21:54.433+0000] {processor.py:840} INFO - DAG(s) 'clima_etl' retrieved from /opt/airflow/dags/clima_etl.py
[2026-06-11T00:21:54.467+0000] {logging_mixin.py:188} INFO - [2026-06-11T00:21:54.467+0000] {dag.py:3089} INFO - Sync 1 DAGs
[2026-06-11T00:21:54.490+0000] {logging_mixin.py:188} INFO - [2026-06-11T00:21:54.490+0000] {dag.py:3947} INFO - Setting next_dagrun for clima_etl to 2026-06-10 06:00:00+00:00, run_after=2026-06-11 06:00:00+00:00
[2026-06-11T00:21:54.509+0000] {processor.py:183} INFO - Processing /opt/airflow/dags/clima_etl.py took 0.088 seconds
[2026-06-11T00:22:24.899+0000] {processor.py:161} INFO - Started process (PID=18928) to work on /opt/airflow/dags/clima_etl.py
[2026-06-11T00:22:24.899+0000] {processor.py:830} INFO - Processing file /opt/airflow/dags/clima_etl.py for tasks to queue
[2026-06-11T00:22:24.900+0000] {logging_mixin.py:188} INFO - [2026-06-11T00:22:24.899+0000] {dagbag.py:545} INFO - Filling up the DagBag from /opt/airflow/dags/clima_etl.py
[2026-06-11T00:22:24.908+0000] {processor.py:840} INFO - DAG(s) 'clima_etl' retrieved from /opt/airflow/dags/clima_etl.py
[2026-06-11T00:22:24.931+0000] {logging_mixin.py:188} INFO - [2026-06-11T00:22:24.931+0000] {dag.py:3089} INFO - Sync 1 DAGs
[2026-06-11T00:22:24.958+0000] {logging_mixin.py:188} INFO - [2026-06-11T00:22:24.958+0000] {dag.py:3947} INFO - Setting next_dagrun for clima_etl to 2026-06-10 06:00:00+00:00, run_after=2026-06-11 06:00:00+00:00
[2026-06-11T00:22:24.976+0000] {processor.py:183} INFO - Processing /opt/airflow/dags/clima_etl.py took 0.084 seconds
[2026-06-11T00:22:55.368+0000] {processor.py:161} INFO - Started process (PID=18970) to work on /opt/airflow/dags/clima_etl.py
[2026-06-11T00:22:55.371+0000] {processor.py:830} INFO - Processing file /opt/airflow/dags/clima_etl.py for tasks to queue
[2026-06-11T00:22:55.372+0000] {logging_mixin.py:188} INFO - [2026-06-11T00:22:55.371+0000] {dagbag.py:545} INFO - Filling up the DagBag from /opt/airflow/dags/clima_etl.py
[2026-06-11T00:22:55.388+0000] {processor.py:840} INFO - DAG(s) 'clima_etl' retrieved from /opt/airflow/dags/clima_etl.py
[2026-06-11T00:22:55.423+0000] {logging_mixin.py:188} INFO - [2026-06-11T00:22:55.423+0000] {dag.py:3089} INFO - Sync 1 DAGs
[2026-06-11T00:22:55.449+0000] {logging_mixin.py:188} INFO - [2026-06-11T00:22:55.449+0000] {dag.py:3947} INFO - Setting next_dagrun for clima_etl to 2026-06-10 06:00:00+00:00, run_after=2026-06-11 06:00:00+00:00
[2026-06-11T00:22:55.470+0000] {processor.py:183} INFO - Processing /opt/airflow/dags/clima_etl.py took 0.110 seconds
[2026-06-11T00:23:25.751+0000] {processor.py:161} INFO - Started process (PID=19012) to work on /opt/airflow/dags/clima_etl.py
[2026-06-11T00:23:25.752+0000] {processor.py:830} INFO - Processing file /opt/airflow/dags/clima_etl.py for tasks to queue
[2026-06-11T00:23:25.753+0000] {logging_mixin.py:188} INFO - [2026-06-11T00:23:25.752+0000] {dagbag.py:545} INFO - Filling up the DagBag from /opt/airflow/dags/clima_etl.py
[2026-06-11T00:23:25.769+0000] {processor.py:840} INFO - DAG(s) 'clima_etl' retrieved from /opt/airflow/dags/clima_etl.py
[2026-06-11T00:23:25.793+0000] {logging_mixin.py:188} INFO - [2026-06-11T00:23:25.792+0000] {dag.py:3089} INFO - Sync 1 DAGs
[2026-06-11T00:23:25.805+0000] {logging_mixin.py:188} INFO - [2026-06-11T00:23:25.805+0000] {dag.py:3947} INFO - Setting next_dagrun for clima_etl to 2026-06-10 06:00:00+00:00, run_after=2026-06-11 06:00:00+00:00
[2026-06-11T00:23:25.816+0000] {processor.py:183} INFO - Processing /opt/airflow/dags/clima_etl.py took 0.072 seconds
[2026-06-11T00:23:56.100+0000] {processor.py:161} INFO - Started process (PID=19054) to work on /opt/airflow/dags/clima_etl.py
[2026-06-11T00:23:56.101+0000] {processor.py:830} INFO - Processing file /opt/airflow/dags/clima_etl.py for tasks to queue
[2026-06-11T00:23:56.102+0000] {logging_mixin.py:188} INFO - [2026-06-11T00:23:56.102+0000] {dagbag.py:545} INFO - Filling up the DagBag from /opt/airflow/dags/clima_etl.py
[2026-06-11T00:23:56.112+0000] {processor.py:840} INFO - DAG(s) 'clima_etl' retrieved from /opt/airflow/dags/clima_etl.py
[2026-06-11T00:23:56.146+0000] {logging_mixin.py:188} INFO - [2026-06-11T00:23:56.145+0000] {dag.py:3089} INFO - Sync 1 DAGs
[2026-06-11T00:23:56.172+0000] {logging_mixin.py:188} INFO - [2026-06-11T00:23:56.171+0000] {dag.py:3947} INFO - Setting next_dagrun for clima_etl to 2026-06-10 06:00:00+00:00, run_after=2026-06-11 06:00:00+00:00
[2026-06-11T00:23:56.193+0000] {processor.py:183} INFO - Processing /opt/airflow/dags/clima_etl.py took 0.100 seconds
[2026-06-11T00:24:26.607+0000] {processor.py:161} INFO - Started process (PID=19097) to work on /opt/airflow/dags/clima_etl.py
[2026-06-11T00:24:26.608+0000] {processor.py:830} INFO - Processing file /opt/airflow/dags/clima_etl.py for tasks to queue
[2026-06-11T00:24:26.610+0000] {logging_mixin.py:188} INFO - [2026-06-11T00:24:26.610+0000] {dagbag.py:545} INFO - Filling up the DagBag from /opt/airflow/dags/clima_etl.py
[2026-06-11T00:24:26.644+0000] {processor.py:840} INFO - DAG(s) 'clima_etl' retrieved from /opt/airflow/dags/clima_etl.py
[2026-06-11T00:24:26.687+0000] {logging_mixin.py:188} INFO - [2026-06-11T00:24:26.686+0000] {dag.py:3089} INFO - Sync 1 DAGs
[2026-06-11T00:24:26.714+0000] {logging_mixin.py:188} INFO - [2026-06-11T00:24:26.713+0000] {dag.py:3947} INFO - Setting next_dagrun for clima_etl to 2026-06-10 06:00:00+00:00, run_after=2026-06-11 06:00:00+00:00
[2026-06-11T00:24:26.735+0000] {processor.py:183} INFO - Processing /opt/airflow/dags/clima_etl.py took 0.138 seconds
[2026-06-11T00:24:57.107+0000] {processor.py:161} INFO - Started process (PID=19139) to work on /opt/airflow/dags/clima_etl.py
[2026-06-11T00:24:57.108+0000] {processor.py:830} INFO - Processing file /opt/airflow/dags/clima_etl.py for tasks to queue
[2026-06-11T00:24:57.109+0000] {logging_mixin.py:188} INFO - [2026-06-11T00:24:57.108+0000] {dagbag.py:545} INFO - Filling up the DagBag from /opt/airflow/dags/clima_etl.py
[2026-06-11T00:24:57.122+0000] {processor.py:840} INFO - DAG(s) 'clima_etl' retrieved from /opt/airflow/dags/clima_etl.py
[2026-06-11T00:24:57.156+0000] {logging_mixin.py:188} INFO - [2026-06-11T00:24:57.156+0000] {dag.py:3089} INFO - Sync 1 DAGs
[2026-06-11T00:24:57.181+0000] {logging_mixin.py:188} INFO - [2026-06-11T00:24:57.181+0000] {dag.py:3947} INFO - Setting next_dagrun for clima_etl to 2026-06-10 06:00:00+00:00, run_after=2026-06-11 06:00:00+00:00
[2026-06-11T00:24:57.202+0000] {processor.py:183} INFO - Processing /opt/airflow/dags/clima_etl.py took 0.102 seconds
[2026-06-11T00:25:27.490+0000] {processor.py:161} INFO - Started process (PID=19181) to work on /opt/airflow/dags/clima_etl.py
[2026-06-11T00:25:27.491+0000] {processor.py:830} INFO - Processing file /opt/airflow/dags/clima_etl.py for tasks to queue
[2026-06-11T00:25:27.491+0000] {logging_mixin.py:188} INFO - [2026-06-11T00:25:27.491+0000] {dagbag.py:545} INFO - Filling up the DagBag from /opt/airflow/dags/clima_etl.py
[2026-06-11T00:25:27.499+0000] {processor.py:840} INFO - DAG(s) 'clima_etl' retrieved from /opt/airflow/dags/clima_etl.py
[2026-06-11T00:25:27.532+0000] {logging_mixin.py:188} INFO - [2026-06-11T00:25:27.531+0000] {dag.py:3089} INFO - Sync 1 DAGs
[2026-06-11T00:25:27.554+0000] {logging_mixin.py:188} INFO - [2026-06-11T00:25:27.554+0000] {dag.py:3947} INFO - Setting next_dagrun for clima_etl to 2026-06-10 06:00:00+00:00, run_after=2026-06-11 06:00:00+00:00
[2026-06-11T00:25:27.574+0000] {processor.py:183} INFO - Processing /opt/airflow/dags/clima_etl.py took 0.089 seconds
[2026-06-11T00:25:57.962+0000] {processor.py:161} INFO - Started process (PID=19223) to work on /opt/airflow/dags/clima_etl.py
[2026-06-11T00:25:57.963+0000] {processor.py:830} INFO - Processing file /opt/airflow/dags/clima_etl.py for tasks to queue
[2026-06-11T00:25:57.964+0000] {logging_mixin.py:188} INFO - [2026-06-11T00:25:57.964+0000] {dagbag.py:545} INFO - Filling up the DagBag from /opt/airflow/dags/clima_etl.py
[2026-06-11T00:25:57.980+0000] {processor.py:840} INFO - DAG(s) 'clima_etl' retrieved from /opt/airflow/dags/clima_etl.py
[2026-06-11T00:25:58.006+0000] {logging_mixin.py:188} INFO - [2026-06-11T00:25:58.005+0000] {dag.py:3089} INFO - Sync 1 DAGs
[2026-06-11T00:25:58.032+0000] {logging_mixin.py:188} INFO - [2026-06-11T00:25:58.032+0000] {dag.py:3947} INFO - Setting next_dagrun for clima_etl to 2026-06-10 06:00:00+00:00, run_after=2026-06-11 06:00:00+00:00
[2026-06-11T00:25:58.052+0000] {processor.py:183} INFO - Processing /opt/airflow/dags/clima_etl.py took 0.096 seconds
[2026-06-11T00:26:28.444+0000] {processor.py:161} INFO - Started process (PID=19265) to work on /opt/airflow/dags/clima_etl.py
[2026-06-11T00:26:28.444+0000] {processor.py:830} INFO - Processing file /opt/airflow/dags/clima_etl.py for tasks to queue
[2026-06-11T00:26:28.445+0000] {logging_mixin.py:188} INFO - [2026-06-11T00:26:28.445+0000] {dagbag.py:545} INFO - Filling up the DagBag from /opt/airflow/dags/clima_etl.py
[2026-06-11T00:26:28.453+0000] {processor.py:840} INFO - DAG(s) 'clima_etl' retrieved from /opt/airflow/dags/clima_etl.py
[2026-06-11T00:26:28.477+0000] {logging_mixin.py:188} INFO - [2026-06-11T00:26:28.477+0000] {dag.py:3089} INFO - Sync 1 DAGs
[2026-06-11T00:26:28.502+0000] {logging_mixin.py:188} INFO - [2026-06-11T00:26:28.502+0000] {dag.py:3947} INFO - Setting next_dagrun for clima_etl to 2026-06-10 06:00:00+00:00, run_after=2026-06-11 06:00:00+00:00
[2026-06-11T00:26:28.531+0000] {processor.py:183} INFO - Processing /opt/airflow/dags/clima_etl.py took 0.092 seconds
[2026-06-11T00:26:58.807+0000] {processor.py:161} INFO - Started process (PID=19304) to work on /opt/airflow/dags/clima_etl.py
[2026-06-11T00:26:58.809+0000] {processor.py:830} INFO - Processing file /opt/airflow/dags/clima_etl.py for tasks to queue
[2026-06-11T00:26:58.810+0000] {logging_mixin.py:188} INFO - [2026-06-11T00:26:58.810+0000] {dagbag.py:545} INFO - Filling up the DagBag from /opt/airflow/dags/clima_etl.py
[2026-06-11T00:26:58.828+0000] {processor.py:840} INFO - DAG(s) 'clima_etl' retrieved from /opt/airflow/dags/clima_etl.py
[2026-06-11T00:26:58.858+0000] {logging_mixin.py:188} INFO - [2026-06-11T00:26:58.858+0000] {dag.py:3089} INFO - Sync 1 DAGs
[2026-06-11T00:26:58.886+0000] {logging_mixin.py:188} INFO - [2026-06-11T00:26:58.886+0000] {dag.py:3947} INFO - Setting next_dagrun for clima_etl to 2026-06-10 06:00:00+00:00, run_after=2026-06-11 06:00:00+00:00
[2026-06-11T00:26:58.906+0000] {processor.py:183} INFO - Processing /opt/airflow/dags/clima_etl.py took 0.106 seconds
[2026-06-11T00:27:29.163+0000] {processor.py:161} INFO - Started process (PID=19346) to work on /opt/airflow/dags/clima_etl.py
[2026-06-11T00:27:29.165+0000] {processor.py:830} INFO - Processing file /opt/airflow/dags/clima_etl.py for tasks to queue
[2026-06-11T00:27:29.166+0000] {logging_mixin.py:188} INFO - [2026-06-11T00:27:29.166+0000] {dagbag.py:545} INFO - Filling up the DagBag from /opt/airflow/dags/clima_etl.py
[2026-06-11T00:27:29.179+0000] {processor.py:840} INFO - DAG(s) 'clima_etl' retrieved from /opt/airflow/dags/clima_etl.py
[2026-06-11T00:27:29.213+0000] {logging_mixin.py:188} INFO - [2026-06-11T00:27:29.212+0000] {dag.py:3089} INFO - Sync 1 DAGs
[2026-06-11T00:27:29.239+0000] {logging_mixin.py:188} INFO - [2026-06-11T00:27:29.239+0000] {dag.py:3947} INFO - Setting next_dagrun for clima_etl to 2026-06-10 06:00:00+00:00, run_after=2026-06-11 06:00:00+00:00
[2026-06-11T00:27:29.260+0000] {processor.py:183} INFO - Processing /opt/airflow/dags/clima_etl.py took 0.105 seconds
[2026-06-11T00:27:59.639+0000] {processor.py:161} INFO - Started process (PID=19388) to work on /opt/airflow/dags/clima_etl.py
[2026-06-11T00:27:59.642+0000] {processor.py:830} INFO - Processing file /opt/airflow/dags/clima_etl.py for tasks to queue
[2026-06-11T00:27:59.643+0000] {logging_mixin.py:188} INFO - [2026-06-11T00:27:59.642+0000] {dagbag.py:545} INFO - Filling up the DagBag from /opt/airflow/dags/clima_etl.py
[2026-06-11T00:27:59.660+0000] {processor.py:840} INFO - DAG(s) 'clima_etl' retrieved from /opt/airflow/dags/clima_etl.py
[2026-06-11T00:27:59.697+0000] {logging_mixin.py:188} INFO - [2026-06-11T00:27:59.696+0000] {dag.py:3089} INFO - Sync 1 DAGs
[2026-06-11T00:27:59.725+0000] {logging_mixin.py:188} INFO - [2026-06-11T00:27:59.724+0000] {dag.py:3947} INFO - Setting next_dagrun for clima_etl to 2026-06-10 06:00:00+00:00, run_after=2026-06-11 06:00:00+00:00
[2026-06-11T00:27:59.746+0000] {processor.py:183} INFO - Processing /opt/airflow/dags/clima_etl.py took 0.117 seconds
[2026-06-11T00:28:30.024+0000] {processor.py:161} INFO - Started process (PID=19430) to work on /opt/airflow/dags/clima_etl.py
[2026-06-11T00:28:30.025+0000] {processor.py:830} INFO - Processing file /opt/airflow/dags/clima_etl.py for tasks to queue
[2026-06-11T00:28:30.026+0000] {logging_mixin.py:188} INFO - [2026-06-11T00:28:30.025+0000] {dagbag.py:545} INFO - Filling up the DagBag from /opt/airflow/dags/clima_etl.py
[2026-06-11T00:28:30.034+0000] {processor.py:840} INFO - DAG(s) 'clima_etl' retrieved from /opt/airflow/dags/clima_etl.py
[2026-06-11T00:28:30.061+0000] {logging_mixin.py:188} INFO - [2026-06-11T00:28:30.060+0000] {dag.py:3089} INFO - Sync 1 DAGs
[2026-06-11T00:28:30.077+0000] {logging_mixin.py:188} INFO - [2026-06-11T00:28:30.077+0000] {dag.py:3947} INFO - Setting next_dagrun for clima_etl to 2026-06-10 06:00:00+00:00, run_after=2026-06-11 06:00:00+00:00
[2026-06-11T00:28:30.097+0000] {processor.py:183} INFO - Processing /opt/airflow/dags/clima_etl.py took 0.079 seconds
[2026-06-11T00:28:54.220+0000] {processor.py:161} INFO - Started process (PID=19441) to work on /opt/airflow/dags/clima_etl.py
[2026-06-11T00:28:54.222+0000] {processor.py:830} INFO - Processing file /opt/airflow/dags/clima_etl.py for tasks to queue
[2026-06-11T00:28:54.222+0000] {logging_mixin.py:188} INFO - [2026-06-11T00:28:54.222+0000] {dagbag.py:545} INFO - Filling up the DagBag from /opt/airflow/dags/clima_etl.py
[2026-06-11T00:28:54.231+0000] {processor.py:840} INFO - DAG(s) 'clima_etl' retrieved from /opt/airflow/dags/clima_etl.py
[2026-06-11T00:28:54.261+0000] {logging_mixin.py:188} INFO - [2026-06-11T00:28:54.261+0000] {dag.py:3089} INFO - Sync 1 DAGs
[2026-06-11T00:28:54.285+0000] {logging_mixin.py:188} INFO - [2026-06-11T00:28:54.285+0000] {dag.py:3947} INFO - Setting next_dagrun for clima_etl to 2026-06-10 06:00:00+00:00, run_after=2026-06-11 06:00:00+00:00
[2026-06-11T00:28:54.305+0000] {processor.py:183} INFO - Processing /opt/airflow/dags/clima_etl.py took 0.091 seconds
[2026-06-11T00:28:55.242+0000] {processor.py:161} INFO - Started process (PID=19446) to work on /opt/airflow/dags/clima_etl.py
[2026-06-11T00:28:55.242+0000] {processor.py:830} INFO - Processing file /opt/airflow/dags/clima_etl.py for tasks to queue
[2026-06-11T00:28:55.243+0000] {logging_mixin.py:188} INFO - [2026-06-11T00:28:55.243+0000] {dagbag.py:545} INFO - Filling up the DagBag from /opt/airflow/dags/clima_etl.py
[2026-06-11T00:28:55.258+0000] {processor.py:840} INFO - DAG(s) 'clima_etl' retrieved from /opt/airflow/dags/clima_etl.py
[2026-06-11T00:28:55.290+0000] {logging_mixin.py:188} INFO - [2026-06-11T00:28:55.290+0000] {dag.py:3089} INFO - Sync 1 DAGs
[2026-06-11T00:28:55.318+0000] {logging_mixin.py:188} INFO - [2026-06-11T00:28:55.318+0000] {dag.py:3947} INFO - Setting next_dagrun for clima_etl to 2026-06-10 06:00:00+00:00, run_after=2026-06-11 06:00:00+00:00
[2026-06-11T00:28:55.338+0000] {processor.py:183} INFO - Processing /opt/airflow/dags/clima_etl.py took 0.107 seconds
[2026-06-11T00:29:25.739+0000] {processor.py:161} INFO - Started process (PID=19488) to work on /opt/airflow/dags/clima_etl.py
[2026-06-11T00:29:25.740+0000] {processor.py:830} INFO - Processing file /opt/airflow/dags/clima_etl.py for tasks to queue
[2026-06-11T00:29:25.741+0000] {logging_mixin.py:188} INFO - [2026-06-11T00:29:25.741+0000] {dagbag.py:545} INFO - Filling up the DagBag from /opt/airflow/dags/clima_etl.py
[2026-06-11T00:29:25.750+0000] {processor.py:840} INFO - DAG(s) 'clima_etl' retrieved from /opt/airflow/dags/clima_etl.py
[2026-06-11T00:29:25.786+0000] {logging_mixin.py:188} INFO - [2026-06-11T00:29:25.786+0000] {dag.py:3089} INFO - Sync 1 DAGs
[2026-06-11T00:29:25.809+0000] {logging_mixin.py:188} INFO - [2026-06-11T00:29:25.809+0000] {dag.py:3947} INFO - Setting next_dagrun for clima_etl to 2026-06-10 06:00:00+00:00, run_after=2026-06-11 06:00:00+00:00
[2026-06-11T00:29:25.833+0000] {processor.py:183} INFO - Processing /opt/airflow/dags/clima_etl.py took 0.098 seconds
[2026-06-11T00:29:56.175+0000] {processor.py:161} INFO - Started process (PID=19530) to work on /opt/airflow/dags/clima_etl.py
[2026-06-11T00:29:56.177+0000] {processor.py:830} INFO - Processing file /opt/airflow/dags/clima_etl.py for tasks to queue
[2026-06-11T00:29:56.178+0000] {logging_mixin.py:188} INFO - [2026-06-11T00:29:56.177+0000] {dagbag.py:545} INFO - Filling up the DagBag from /opt/airflow/dags/clima_etl.py
[2026-06-11T00:29:56.188+0000] {processor.py:840} INFO - DAG(s) 'clima_etl' retrieved from /opt/airflow/dags/clima_etl.py
[2026-06-11T00:29:56.224+0000] {logging_mixin.py:188} INFO - [2026-06-11T00:29:56.224+0000] {dag.py:3089} INFO - Sync 1 DAGs
[2026-06-11T00:29:56.247+0000] {logging_mixin.py:188} INFO - [2026-06-11T00:29:56.246+0000] {dag.py:3947} INFO - Setting next_dagrun for clima_etl to 2026-06-10 06:00:00+00:00, run_after=2026-06-11 06:00:00+00:00
[2026-06-11T00:29:56.266+0000] {processor.py:183} INFO - Processing /opt/airflow/dags/clima_etl.py took 0.095 seconds
[2026-06-11T00:30:26.655+0000] {processor.py:161} INFO - Started process (PID=19572) to work on /opt/airflow/dags/clima_etl.py
[2026-06-11T00:30:26.656+0000] {processor.py:830} INFO - Processing file /opt/airflow/dags/clima_etl.py for tasks to queue
[2026-06-11T00:30:26.658+0000] {logging_mixin.py:188} INFO - [2026-06-11T00:30:26.657+0000] {dagbag.py:545} INFO - Filling up the DagBag from /opt/airflow/dags/clima_etl.py
[2026-06-11T00:30:26.679+0000] {processor.py:840} INFO - DAG(s) 'clima_etl' retrieved from /opt/airflow/dags/clima_etl.py
[2026-06-11T00:30:26.711+0000] {logging_mixin.py:188} INFO - [2026-06-11T00:30:26.711+0000] {dag.py:3089} INFO - Sync 1 DAGs
[2026-06-11T00:30:26.736+0000] {logging_mixin.py:188} INFO - [2026-06-11T00:30:26.736+0000] {dag.py:3947} INFO - Setting next_dagrun for clima_etl to 2026-06-10 06:00:00+00:00, run_after=2026-06-11 06:00:00+00:00
[2026-06-11T00:30:26.754+0000] {processor.py:183} INFO - Processing /opt/airflow/dags/clima_etl.py took 0.112 seconds
[2026-06-11T00:30:57.102+0000] {processor.py:161} INFO - Started process (PID=19614) to work on /opt/airflow/dags/clima_etl.py
[2026-06-11T00:30:57.104+0000] {processor.py:830} INFO - Processing file /opt/airflow/dags/clima_etl.py for tasks to queue
[2026-06-11T00:30:57.104+0000] {logging_mixin.py:188} INFO - [2026-06-11T00:30:57.104+0000] {dagbag.py:545} INFO - Filling up the DagBag from /opt/airflow/dags/clima_etl.py
[2026-06-11T00:30:57.116+0000] {processor.py:840} INFO - DAG(s) 'clima_etl' retrieved from /opt/airflow/dags/clima_etl.py
[2026-06-11T00:30:57.141+0000] {logging_mixin.py:188} INFO - [2026-06-11T00:30:57.141+0000] {dag.py:3089} INFO - Sync 1 DAGs
[2026-06-11T00:30:57.166+0000] {logging_mixin.py:188} INFO - [2026-06-11T00:30:57.166+0000] {dag.py:3947} INFO - Setting next_dagrun for clima_etl to 2026-06-10 06:00:00+00:00, run_after=2026-06-11 06:00:00+00:00
[2026-06-11T00:30:57.184+0000] {processor.py:183} INFO - Processing /opt/airflow/dags/clima_etl.py took 0.089 seconds
[2026-06-11T00:31:27.562+0000] {processor.py:161} INFO - Started process (PID=19656) to work on /opt/airflow/dags/clima_etl.py
[2026-06-11T00:31:27.564+0000] {processor.py:830} INFO - Processing file /opt/airflow/dags/clima_etl.py for tasks to queue
[2026-06-11T00:31:27.565+0000] {logging_mixin.py:188} INFO - [2026-06-11T00:31:27.565+0000] {dagbag.py:545} INFO - Filling up the DagBag from /opt/airflow/dags/clima_etl.py
[2026-06-11T00:31:27.581+0000] {processor.py:840} INFO - DAG(s) 'clima_etl' retrieved from /opt/airflow/dags/clima_etl.py
[2026-06-11T00:31:27.615+0000] {logging_mixin.py:188} INFO - [2026-06-11T00:31:27.615+0000] {dag.py:3089} INFO - Sync 1 DAGs
[2026-06-11T00:31:27.633+0000] {logging_mixin.py:188} INFO - [2026-06-11T00:31:27.633+0000] {dag.py:3947} INFO - Setting next_dagrun for clima_etl to 2026-06-10 06:00:00+00:00, run_after=2026-06-11 06:00:00+00:00
[2026-06-11T00:31:27.653+0000] {processor.py:183} INFO - Processing /opt/airflow/dags/clima_etl.py took 0.099 seconds
