[2026-06-11T00:00:02.817+0000] {processor.py:161} INFO - Started process (PID=17076) to work on /opt/airflow/dags/com_dinamic_mapping.py
[2026-06-11T00:00:02.818+0000] {processor.py:830} INFO - Processing file /opt/airflow/dags/com_dinamic_mapping.py for tasks to queue
[2026-06-11T00:00:02.820+0000] {logging_mixin.py:188} INFO - [2026-06-11T00:00:02.819+0000] {dagbag.py:545} INFO - Filling up the DagBag from /opt/airflow/dags/com_dinamic_mapping.py
[2026-06-11T00:00:02.833+0000] {processor.py:840} INFO - DAG(s) 'process_files_dynamic' retrieved from /opt/airflow/dags/com_dinamic_mapping.py
[2026-06-11T00:00:02.862+0000] {logging_mixin.py:188} INFO - [2026-06-11T00:00:02.862+0000] {dag.py:3089} INFO - Sync 1 DAGs
[2026-06-11T00:00:02.880+0000] {logging_mixin.py:188} INFO - [2026-06-11T00:00:02.880+0000] {dag.py:3947} INFO - Setting next_dagrun for process_files_dynamic to None, run_after=None
[2026-06-11T00:00:02.900+0000] {processor.py:183} INFO - Processing /opt/airflow/dags/com_dinamic_mapping.py took 0.093 seconds
[2026-06-11T00:00:33.379+0000] {processor.py:161} INFO - Started process (PID=17118) to work on /opt/airflow/dags/com_dinamic_mapping.py
[2026-06-11T00:00:33.380+0000] {processor.py:830} INFO - Processing file /opt/airflow/dags/com_dinamic_mapping.py for tasks to queue
[2026-06-11T00:00:33.380+0000] {logging_mixin.py:188} INFO - [2026-06-11T00:00:33.380+0000] {dagbag.py:545} INFO - Filling up the DagBag from /opt/airflow/dags/com_dinamic_mapping.py
[2026-06-11T00:00:33.386+0000] {processor.py:840} INFO - DAG(s) 'process_files_dynamic' retrieved from /opt/airflow/dags/com_dinamic_mapping.py
[2026-06-11T00:00:33.410+0000] {logging_mixin.py:188} INFO - [2026-06-11T00:00:33.410+0000] {dag.py:3089} INFO - Sync 1 DAGs
[2026-06-11T00:00:33.422+0000] {logging_mixin.py:188} INFO - [2026-06-11T00:00:33.421+0000] {dag.py:3947} INFO - Setting next_dagrun for process_files_dynamic to None, run_after=None
[2026-06-11T00:00:33.434+0000] {processor.py:183} INFO - Processing /opt/airflow/dags/com_dinamic_mapping.py took 0.061 seconds
[2026-06-11T00:01:03.854+0000] {processor.py:161} INFO - Started process (PID=17160) to work on /opt/airflow/dags/com_dinamic_mapping.py
[2026-06-11T00:01:03.855+0000] {processor.py:830} INFO - Processing file /opt/airflow/dags/com_dinamic_mapping.py for tasks to queue
[2026-06-11T00:01:03.856+0000] {logging_mixin.py:188} INFO - [2026-06-11T00:01:03.855+0000] {dagbag.py:545} INFO - Filling up the DagBag from /opt/airflow/dags/com_dinamic_mapping.py
[2026-06-11T00:01:03.861+0000] {processor.py:840} INFO - DAG(s) 'process_files_dynamic' retrieved from /opt/airflow/dags/com_dinamic_mapping.py
[2026-06-11T00:01:03.899+0000] {logging_mixin.py:188} INFO - [2026-06-11T00:01:03.898+0000] {dag.py:3089} INFO - Sync 1 DAGs
[2026-06-11T00:01:03.910+0000] {logging_mixin.py:188} INFO - [2026-06-11T00:01:03.910+0000] {dag.py:3947} INFO - Setting next_dagrun for process_files_dynamic to None, run_after=None
[2026-06-11T00:01:03.926+0000] {processor.py:183} INFO - Processing /opt/airflow/dags/com_dinamic_mapping.py took 0.078 seconds
[2026-06-11T00:01:34.249+0000] {processor.py:161} INFO - Started process (PID=17202) to work on /opt/airflow/dags/com_dinamic_mapping.py
[2026-06-11T00:01:34.249+0000] {processor.py:830} INFO - Processing file /opt/airflow/dags/com_dinamic_mapping.py for tasks to queue
[2026-06-11T00:01:34.250+0000] {logging_mixin.py:188} INFO - [2026-06-11T00:01:34.249+0000] {dagbag.py:545} INFO - Filling up the DagBag from /opt/airflow/dags/com_dinamic_mapping.py
[2026-06-11T00:01:34.255+0000] {processor.py:840} INFO - DAG(s) 'process_files_dynamic' retrieved from /opt/airflow/dags/com_dinamic_mapping.py
[2026-06-11T00:01:34.282+0000] {logging_mixin.py:188} INFO - [2026-06-11T00:01:34.281+0000] {dag.py:3089} INFO - Sync 1 DAGs
[2026-06-11T00:01:34.290+0000] {logging_mixin.py:188} INFO - [2026-06-11T00:01:34.289+0000] {dag.py:3947} INFO - Setting next_dagrun for process_files_dynamic to None, run_after=None
[2026-06-11T00:01:34.309+0000] {processor.py:183} INFO - Processing /opt/airflow/dags/com_dinamic_mapping.py took 0.065 seconds
[2026-06-11T00:02:04.744+0000] {processor.py:161} INFO - Started process (PID=17244) to work on /opt/airflow/dags/com_dinamic_mapping.py
[2026-06-11T00:02:04.745+0000] {processor.py:830} INFO - Processing file /opt/airflow/dags/com_dinamic_mapping.py for tasks to queue
[2026-06-11T00:02:04.745+0000] {logging_mixin.py:188} INFO - [2026-06-11T00:02:04.745+0000] {dagbag.py:545} INFO - Filling up the DagBag from /opt/airflow/dags/com_dinamic_mapping.py
[2026-06-11T00:02:04.752+0000] {processor.py:840} INFO - DAG(s) 'process_files_dynamic' retrieved from /opt/airflow/dags/com_dinamic_mapping.py
[2026-06-11T00:02:04.786+0000] {logging_mixin.py:188} INFO - [2026-06-11T00:02:04.786+0000] {dag.py:3089} INFO - Sync 1 DAGs
[2026-06-11T00:02:04.794+0000] {logging_mixin.py:188} INFO - [2026-06-11T00:02:04.794+0000] {dag.py:3947} INFO - Setting next_dagrun for process_files_dynamic to None, run_after=None
[2026-06-11T00:02:04.814+0000] {processor.py:183} INFO - Processing /opt/airflow/dags/com_dinamic_mapping.py took 0.074 seconds
[2026-06-11T00:02:35.244+0000] {processor.py:161} INFO - Started process (PID=17286) to work on /opt/airflow/dags/com_dinamic_mapping.py
[2026-06-11T00:02:35.245+0000] {processor.py:830} INFO - Processing file /opt/airflow/dags/com_dinamic_mapping.py for tasks to queue
[2026-06-11T00:02:35.245+0000] {logging_mixin.py:188} INFO - [2026-06-11T00:02:35.245+0000] {dagbag.py:545} INFO - Filling up the DagBag from /opt/airflow/dags/com_dinamic_mapping.py
[2026-06-11T00:02:35.250+0000] {processor.py:840} INFO - DAG(s) 'process_files_dynamic' retrieved from /opt/airflow/dags/com_dinamic_mapping.py
[2026-06-11T00:02:35.279+0000] {logging_mixin.py:188} INFO - [2026-06-11T00:02:35.278+0000] {dag.py:3089} INFO - Sync 1 DAGs
[2026-06-11T00:02:35.287+0000] {logging_mixin.py:188} INFO - [2026-06-11T00:02:35.287+0000] {dag.py:3947} INFO - Setting next_dagrun for process_files_dynamic to None, run_after=None
[2026-06-11T00:02:35.306+0000] {processor.py:183} INFO - Processing /opt/airflow/dags/com_dinamic_mapping.py took 0.066 seconds
[2026-06-11T00:03:05.618+0000] {processor.py:161} INFO - Started process (PID=17329) to work on /opt/airflow/dags/com_dinamic_mapping.py
[2026-06-11T00:03:05.619+0000] {processor.py:830} INFO - Processing file /opt/airflow/dags/com_dinamic_mapping.py for tasks to queue
[2026-06-11T00:03:05.620+0000] {logging_mixin.py:188} INFO - [2026-06-11T00:03:05.619+0000] {dagbag.py:545} INFO - Filling up the DagBag from /opt/airflow/dags/com_dinamic_mapping.py
[2026-06-11T00:03:05.627+0000] {processor.py:840} INFO - DAG(s) 'process_files_dynamic' retrieved from /opt/airflow/dags/com_dinamic_mapping.py
[2026-06-11T00:03:05.662+0000] {logging_mixin.py:188} INFO - [2026-06-11T00:03:05.662+0000] {dag.py:3089} INFO - Sync 1 DAGs
[2026-06-11T00:03:05.673+0000] {logging_mixin.py:188} INFO - [2026-06-11T00:03:05.673+0000] {dag.py:3947} INFO - Setting next_dagrun for process_files_dynamic to None, run_after=None
[2026-06-11T00:03:05.695+0000] {processor.py:183} INFO - Processing /opt/airflow/dags/com_dinamic_mapping.py took 0.088 seconds
[2026-06-11T00:03:36.134+0000] {processor.py:161} INFO - Started process (PID=17371) to work on /opt/airflow/dags/com_dinamic_mapping.py
[2026-06-11T00:03:36.136+0000] {processor.py:830} INFO - Processing file /opt/airflow/dags/com_dinamic_mapping.py for tasks to queue
[2026-06-11T00:03:36.137+0000] {logging_mixin.py:188} INFO - [2026-06-11T00:03:36.136+0000] {dagbag.py:545} INFO - Filling up the DagBag from /opt/airflow/dags/com_dinamic_mapping.py
[2026-06-11T00:03:36.142+0000] {processor.py:840} INFO - DAG(s) 'process_files_dynamic' retrieved from /opt/airflow/dags/com_dinamic_mapping.py
[2026-06-11T00:03:36.179+0000] {logging_mixin.py:188} INFO - [2026-06-11T00:03:36.178+0000] {dag.py:3089} INFO - Sync 1 DAGs
[2026-06-11T00:03:36.188+0000] {logging_mixin.py:188} INFO - [2026-06-11T00:03:36.187+0000] {dag.py:3947} INFO - Setting next_dagrun for process_files_dynamic to None, run_after=None
[2026-06-11T00:03:36.207+0000] {processor.py:183} INFO - Processing /opt/airflow/dags/com_dinamic_mapping.py took 0.076 seconds
[2026-06-11T00:04:06.504+0000] {processor.py:161} INFO - Started process (PID=17413) to work on /opt/airflow/dags/com_dinamic_mapping.py
[2026-06-11T00:04:06.504+0000] {processor.py:830} INFO - Processing file /opt/airflow/dags/com_dinamic_mapping.py for tasks to queue
[2026-06-11T00:04:06.505+0000] {logging_mixin.py:188} INFO - [2026-06-11T00:04:06.504+0000] {dagbag.py:545} INFO - Filling up the DagBag from /opt/airflow/dags/com_dinamic_mapping.py
[2026-06-11T00:04:06.509+0000] {processor.py:840} INFO - DAG(s) 'process_files_dynamic' retrieved from /opt/airflow/dags/com_dinamic_mapping.py
[2026-06-11T00:04:06.545+0000] {logging_mixin.py:188} INFO - [2026-06-11T00:04:06.545+0000] {dag.py:3089} INFO - Sync 1 DAGs
[2026-06-11T00:04:06.554+0000] {logging_mixin.py:188} INFO - [2026-06-11T00:04:06.554+0000] {dag.py:3947} INFO - Setting next_dagrun for process_files_dynamic to None, run_after=None
[2026-06-11T00:04:06.574+0000] {processor.py:183} INFO - Processing /opt/airflow/dags/com_dinamic_mapping.py took 0.077 seconds
[2026-06-11T00:04:37.024+0000] {processor.py:161} INFO - Started process (PID=17455) to work on /opt/airflow/dags/com_dinamic_mapping.py
[2026-06-11T00:04:37.025+0000] {processor.py:830} INFO - Processing file /opt/airflow/dags/com_dinamic_mapping.py for tasks to queue
[2026-06-11T00:04:37.026+0000] {logging_mixin.py:188} INFO - [2026-06-11T00:04:37.026+0000] {dagbag.py:545} INFO - Filling up the DagBag from /opt/airflow/dags/com_dinamic_mapping.py
[2026-06-11T00:04:37.036+0000] {processor.py:840} INFO - DAG(s) 'process_files_dynamic' retrieved from /opt/airflow/dags/com_dinamic_mapping.py
[2026-06-11T00:04:37.078+0000] {logging_mixin.py:188} INFO - [2026-06-11T00:04:37.078+0000] {dag.py:3089} INFO - Sync 1 DAGs
[2026-06-11T00:04:37.089+0000] {logging_mixin.py:188} INFO - [2026-06-11T00:04:37.088+0000] {dag.py:3947} INFO - Setting next_dagrun for process_files_dynamic to None, run_after=None
[2026-06-11T00:04:37.110+0000] {processor.py:183} INFO - Processing /opt/airflow/dags/com_dinamic_mapping.py took 0.092 seconds
[2026-06-11T00:05:07.419+0000] {processor.py:161} INFO - Started process (PID=17497) to work on /opt/airflow/dags/com_dinamic_mapping.py
[2026-06-11T00:05:07.419+0000] {processor.py:830} INFO - Processing file /opt/airflow/dags/com_dinamic_mapping.py for tasks to queue
[2026-06-11T00:05:07.420+0000] {logging_mixin.py:188} INFO - [2026-06-11T00:05:07.419+0000] {dagbag.py:545} INFO - Filling up the DagBag from /opt/airflow/dags/com_dinamic_mapping.py
[2026-06-11T00:05:07.424+0000] {processor.py:840} INFO - DAG(s) 'process_files_dynamic' retrieved from /opt/airflow/dags/com_dinamic_mapping.py
[2026-06-11T00:05:07.457+0000] {logging_mixin.py:188} INFO - [2026-06-11T00:05:07.457+0000] {dag.py:3089} INFO - Sync 1 DAGs
[2026-06-11T00:05:07.471+0000] {logging_mixin.py:188} INFO - [2026-06-11T00:05:07.471+0000] {dag.py:3947} INFO - Setting next_dagrun for process_files_dynamic to None, run_after=None
[2026-06-11T00:05:07.490+0000] {processor.py:183} INFO - Processing /opt/airflow/dags/com_dinamic_mapping.py took 0.076 seconds
[2026-06-11T00:05:37.856+0000] {processor.py:161} INFO - Started process (PID=17539) to work on /opt/airflow/dags/com_dinamic_mapping.py
[2026-06-11T00:05:37.857+0000] {processor.py:830} INFO - Processing file /opt/airflow/dags/com_dinamic_mapping.py for tasks to queue
[2026-06-11T00:05:37.857+0000] {logging_mixin.py:188} INFO - [2026-06-11T00:05:37.857+0000] {dagbag.py:545} INFO - Filling up the DagBag from /opt/airflow/dags/com_dinamic_mapping.py
[2026-06-11T00:05:37.866+0000] {processor.py:840} INFO - DAG(s) 'process_files_dynamic' retrieved from /opt/airflow/dags/com_dinamic_mapping.py
[2026-06-11T00:05:37.898+0000] {logging_mixin.py:188} INFO - [2026-06-11T00:05:37.897+0000] {dag.py:3089} INFO - Sync 1 DAGs
[2026-06-11T00:05:37.911+0000] {logging_mixin.py:188} INFO - [2026-06-11T00:05:37.911+0000] {dag.py:3947} INFO - Setting next_dagrun for process_files_dynamic to None, run_after=None
[2026-06-11T00:05:37.929+0000] {processor.py:183} INFO - Processing /opt/airflow/dags/com_dinamic_mapping.py took 0.080 seconds
[2026-06-11T00:06:08.378+0000] {processor.py:161} INFO - Started process (PID=17575) to work on /opt/airflow/dags/com_dinamic_mapping.py
[2026-06-11T00:06:08.379+0000] {processor.py:830} INFO - Processing file /opt/airflow/dags/com_dinamic_mapping.py for tasks to queue
[2026-06-11T00:06:08.379+0000] {logging_mixin.py:188} INFO - [2026-06-11T00:06:08.379+0000] {dagbag.py:545} INFO - Filling up the DagBag from /opt/airflow/dags/com_dinamic_mapping.py
[2026-06-11T00:06:08.384+0000] {processor.py:840} INFO - DAG(s) 'process_files_dynamic' retrieved from /opt/airflow/dags/com_dinamic_mapping.py
[2026-06-11T00:06:08.423+0000] {logging_mixin.py:188} INFO - [2026-06-11T00:06:08.423+0000] {dag.py:3089} INFO - Sync 1 DAGs
[2026-06-11T00:06:08.439+0000] {logging_mixin.py:188} INFO - [2026-06-11T00:06:08.439+0000] {dag.py:3947} INFO - Setting next_dagrun for process_files_dynamic to None, run_after=None
[2026-06-11T00:06:08.459+0000] {processor.py:183} INFO - Processing /opt/airflow/dags/com_dinamic_mapping.py took 0.087 seconds
[2026-06-11T00:06:38.873+0000] {processor.py:161} INFO - Started process (PID=17617) to work on /opt/airflow/dags/com_dinamic_mapping.py
[2026-06-11T00:06:38.873+0000] {processor.py:830} INFO - Processing file /opt/airflow/dags/com_dinamic_mapping.py for tasks to queue
[2026-06-11T00:06:38.874+0000] {logging_mixin.py:188} INFO - [2026-06-11T00:06:38.874+0000] {dagbag.py:545} INFO - Filling up the DagBag from /opt/airflow/dags/com_dinamic_mapping.py
[2026-06-11T00:06:38.879+0000] {processor.py:840} INFO - DAG(s) 'process_files_dynamic' retrieved from /opt/airflow/dags/com_dinamic_mapping.py
[2026-06-11T00:06:38.907+0000] {logging_mixin.py:188} INFO - [2026-06-11T00:06:38.907+0000] {dag.py:3089} INFO - Sync 1 DAGs
[2026-06-11T00:06:38.916+0000] {logging_mixin.py:188} INFO - [2026-06-11T00:06:38.916+0000] {dag.py:3947} INFO - Setting next_dagrun for process_files_dynamic to None, run_after=None
[2026-06-11T00:06:38.928+0000] {processor.py:183} INFO - Processing /opt/airflow/dags/com_dinamic_mapping.py took 0.061 seconds
[2026-06-11T00:07:09.277+0000] {processor.py:161} INFO - Started process (PID=17659) to work on /opt/airflow/dags/com_dinamic_mapping.py
[2026-06-11T00:07:09.278+0000] {processor.py:830} INFO - Processing file /opt/airflow/dags/com_dinamic_mapping.py for tasks to queue
[2026-06-11T00:07:09.279+0000] {logging_mixin.py:188} INFO - [2026-06-11T00:07:09.278+0000] {dagbag.py:545} INFO - Filling up the DagBag from /opt/airflow/dags/com_dinamic_mapping.py
[2026-06-11T00:07:09.288+0000] {processor.py:840} INFO - DAG(s) 'process_files_dynamic' retrieved from /opt/airflow/dags/com_dinamic_mapping.py
[2026-06-11T00:07:09.325+0000] {logging_mixin.py:188} INFO - [2026-06-11T00:07:09.324+0000] {dag.py:3089} INFO - Sync 1 DAGs
[2026-06-11T00:07:09.338+0000] {logging_mixin.py:188} INFO - [2026-06-11T00:07:09.338+0000] {dag.py:3947} INFO - Setting next_dagrun for process_files_dynamic to None, run_after=None
[2026-06-11T00:07:09.355+0000] {processor.py:183} INFO - Processing /opt/airflow/dags/com_dinamic_mapping.py took 0.083 seconds
[2026-06-11T00:07:39.816+0000] {processor.py:161} INFO - Started process (PID=17701) to work on /opt/airflow/dags/com_dinamic_mapping.py
[2026-06-11T00:07:39.817+0000] {processor.py:830} INFO - Processing file /opt/airflow/dags/com_dinamic_mapping.py for tasks to queue
[2026-06-11T00:07:39.817+0000] {logging_mixin.py:188} INFO - [2026-06-11T00:07:39.817+0000] {dagbag.py:545} INFO - Filling up the DagBag from /opt/airflow/dags/com_dinamic_mapping.py
[2026-06-11T00:07:39.822+0000] {processor.py:840} INFO - DAG(s) 'process_files_dynamic' retrieved from /opt/airflow/dags/com_dinamic_mapping.py
[2026-06-11T00:07:39.857+0000] {logging_mixin.py:188} INFO - [2026-06-11T00:07:39.856+0000] {dag.py:3089} INFO - Sync 1 DAGs
[2026-06-11T00:07:39.869+0000] {logging_mixin.py:188} INFO - [2026-06-11T00:07:39.869+0000] {dag.py:3947} INFO - Setting next_dagrun for process_files_dynamic to None, run_after=None
[2026-06-11T00:07:39.896+0000] {processor.py:183} INFO - Processing /opt/airflow/dags/com_dinamic_mapping.py took 0.086 seconds
[2026-06-11T00:08:10.320+0000] {processor.py:161} INFO - Started process (PID=17743) to work on /opt/airflow/dags/com_dinamic_mapping.py
[2026-06-11T00:08:10.321+0000] {processor.py:830} INFO - Processing file /opt/airflow/dags/com_dinamic_mapping.py for tasks to queue
[2026-06-11T00:08:10.321+0000] {logging_mixin.py:188} INFO - [2026-06-11T00:08:10.321+0000] {dagbag.py:545} INFO - Filling up the DagBag from /opt/airflow/dags/com_dinamic_mapping.py
[2026-06-11T00:08:10.326+0000] {processor.py:840} INFO - DAG(s) 'process_files_dynamic' retrieved from /opt/airflow/dags/com_dinamic_mapping.py
[2026-06-11T00:08:10.353+0000] {logging_mixin.py:188} INFO - [2026-06-11T00:08:10.353+0000] {dag.py:3089} INFO - Sync 1 DAGs
[2026-06-11T00:08:10.362+0000] {logging_mixin.py:188} INFO - [2026-06-11T00:08:10.362+0000] {dag.py:3947} INFO - Setting next_dagrun for process_files_dynamic to None, run_after=None
[2026-06-11T00:08:10.383+0000] {processor.py:183} INFO - Processing /opt/airflow/dags/com_dinamic_mapping.py took 0.069 seconds
[2026-06-11T00:08:40.861+0000] {processor.py:161} INFO - Started process (PID=17785) to work on /opt/airflow/dags/com_dinamic_mapping.py
[2026-06-11T00:08:40.862+0000] {processor.py:830} INFO - Processing file /opt/airflow/dags/com_dinamic_mapping.py for tasks to queue
[2026-06-11T00:08:40.863+0000] {logging_mixin.py:188} INFO - [2026-06-11T00:08:40.863+0000] {dagbag.py:545} INFO - Filling up the DagBag from /opt/airflow/dags/com_dinamic_mapping.py
[2026-06-11T00:08:40.868+0000] {processor.py:840} INFO - DAG(s) 'process_files_dynamic' retrieved from /opt/airflow/dags/com_dinamic_mapping.py
[2026-06-11T00:08:40.894+0000] {logging_mixin.py:188} INFO - [2026-06-11T00:08:40.894+0000] {dag.py:3089} INFO - Sync 1 DAGs
[2026-06-11T00:08:40.901+0000] {logging_mixin.py:188} INFO - [2026-06-11T00:08:40.901+0000] {dag.py:3947} INFO - Setting next_dagrun for process_files_dynamic to None, run_after=None
[2026-06-11T00:08:40.914+0000] {processor.py:183} INFO - Processing /opt/airflow/dags/com_dinamic_mapping.py took 0.060 seconds
[2026-06-11T00:09:11.329+0000] {processor.py:161} INFO - Started process (PID=17827) to work on /opt/airflow/dags/com_dinamic_mapping.py
[2026-06-11T00:09:11.329+0000] {processor.py:830} INFO - Processing file /opt/airflow/dags/com_dinamic_mapping.py for tasks to queue
[2026-06-11T00:09:11.329+0000] {logging_mixin.py:188} INFO - [2026-06-11T00:09:11.329+0000] {dagbag.py:545} INFO - Filling up the DagBag from /opt/airflow/dags/com_dinamic_mapping.py
[2026-06-11T00:09:11.334+0000] {processor.py:840} INFO - DAG(s) 'process_files_dynamic' retrieved from /opt/airflow/dags/com_dinamic_mapping.py
[2026-06-11T00:09:11.363+0000] {logging_mixin.py:188} INFO - [2026-06-11T00:09:11.363+0000] {dag.py:3089} INFO - Sync 1 DAGs
[2026-06-11T00:09:11.376+0000] {logging_mixin.py:188} INFO - [2026-06-11T00:09:11.376+0000] {dag.py:3947} INFO - Setting next_dagrun for process_files_dynamic to None, run_after=None
[2026-06-11T00:09:11.389+0000] {processor.py:183} INFO - Processing /opt/airflow/dags/com_dinamic_mapping.py took 0.064 seconds
[2026-06-11T00:09:41.837+0000] {processor.py:161} INFO - Started process (PID=17869) to work on /opt/airflow/dags/com_dinamic_mapping.py
[2026-06-11T00:09:41.838+0000] {processor.py:830} INFO - Processing file /opt/airflow/dags/com_dinamic_mapping.py for tasks to queue
[2026-06-11T00:09:41.838+0000] {logging_mixin.py:188} INFO - [2026-06-11T00:09:41.838+0000] {dagbag.py:545} INFO - Filling up the DagBag from /opt/airflow/dags/com_dinamic_mapping.py
[2026-06-11T00:09:41.844+0000] {processor.py:840} INFO - DAG(s) 'process_files_dynamic' retrieved from /opt/airflow/dags/com_dinamic_mapping.py
[2026-06-11T00:09:41.875+0000] {logging_mixin.py:188} INFO - [2026-06-11T00:09:41.875+0000] {dag.py:3089} INFO - Sync 1 DAGs
[2026-06-11T00:09:41.885+0000] {logging_mixin.py:188} INFO - [2026-06-11T00:09:41.884+0000] {dag.py:3947} INFO - Setting next_dagrun for process_files_dynamic to None, run_after=None
[2026-06-11T00:09:41.905+0000] {processor.py:183} INFO - Processing /opt/airflow/dags/com_dinamic_mapping.py took 0.074 seconds
[2026-06-11T00:10:12.270+0000] {processor.py:161} INFO - Started process (PID=17911) to work on /opt/airflow/dags/com_dinamic_mapping.py
[2026-06-11T00:10:12.270+0000] {processor.py:830} INFO - Processing file /opt/airflow/dags/com_dinamic_mapping.py for tasks to queue
[2026-06-11T00:10:12.271+0000] {logging_mixin.py:188} INFO - [2026-06-11T00:10:12.270+0000] {dagbag.py:545} INFO - Filling up the DagBag from /opt/airflow/dags/com_dinamic_mapping.py
[2026-06-11T00:10:12.275+0000] {processor.py:840} INFO - DAG(s) 'process_files_dynamic' retrieved from /opt/airflow/dags/com_dinamic_mapping.py
[2026-06-11T00:10:12.303+0000] {logging_mixin.py:188} INFO - [2026-06-11T00:10:12.302+0000] {dag.py:3089} INFO - Sync 1 DAGs
[2026-06-11T00:10:12.317+0000] {logging_mixin.py:188} INFO - [2026-06-11T00:10:12.317+0000] {dag.py:3947} INFO - Setting next_dagrun for process_files_dynamic to None, run_after=None
[2026-06-11T00:10:12.337+0000] {processor.py:183} INFO - Processing /opt/airflow/dags/com_dinamic_mapping.py took 0.074 seconds
[2026-06-11T00:10:42.672+0000] {processor.py:161} INFO - Started process (PID=17953) to work on /opt/airflow/dags/com_dinamic_mapping.py
[2026-06-11T00:10:42.673+0000] {processor.py:830} INFO - Processing file /opt/airflow/dags/com_dinamic_mapping.py for tasks to queue
[2026-06-11T00:10:42.674+0000] {logging_mixin.py:188} INFO - [2026-06-11T00:10:42.674+0000] {dagbag.py:545} INFO - Filling up the DagBag from /opt/airflow/dags/com_dinamic_mapping.py
[2026-06-11T00:10:42.685+0000] {processor.py:840} INFO - DAG(s) 'process_files_dynamic' retrieved from /opt/airflow/dags/com_dinamic_mapping.py
[2026-06-11T00:10:42.716+0000] {logging_mixin.py:188} INFO - [2026-06-11T00:10:42.715+0000] {dag.py:3089} INFO - Sync 1 DAGs
[2026-06-11T00:10:42.725+0000] {logging_mixin.py:188} INFO - [2026-06-11T00:10:42.725+0000] {dag.py:3947} INFO - Setting next_dagrun for process_files_dynamic to None, run_after=None
[2026-06-11T00:10:42.744+0000] {processor.py:183} INFO - Processing /opt/airflow/dags/com_dinamic_mapping.py took 0.079 seconds
[2026-06-11T00:11:13.047+0000] {processor.py:161} INFO - Started process (PID=17995) to work on /opt/airflow/dags/com_dinamic_mapping.py
[2026-06-11T00:11:13.048+0000] {processor.py:830} INFO - Processing file /opt/airflow/dags/com_dinamic_mapping.py for tasks to queue
[2026-06-11T00:11:13.048+0000] {logging_mixin.py:188} INFO - [2026-06-11T00:11:13.048+0000] {dagbag.py:545} INFO - Filling up the DagBag from /opt/airflow/dags/com_dinamic_mapping.py
[2026-06-11T00:11:13.056+0000] {processor.py:840} INFO - DAG(s) 'process_files_dynamic' retrieved from /opt/airflow/dags/com_dinamic_mapping.py
[2026-06-11T00:11:13.086+0000] {logging_mixin.py:188} INFO - [2026-06-11T00:11:13.086+0000] {dag.py:3089} INFO - Sync 1 DAGs
[2026-06-11T00:11:13.098+0000] {logging_mixin.py:188} INFO - [2026-06-11T00:11:13.098+0000] {dag.py:3947} INFO - Setting next_dagrun for process_files_dynamic to None, run_after=None
[2026-06-11T00:11:13.113+0000] {processor.py:183} INFO - Processing /opt/airflow/dags/com_dinamic_mapping.py took 0.073 seconds
[2026-06-11T00:11:43.464+0000] {processor.py:161} INFO - Started process (PID=18037) to work on /opt/airflow/dags/com_dinamic_mapping.py
[2026-06-11T00:11:43.465+0000] {processor.py:830} INFO - Processing file /opt/airflow/dags/com_dinamic_mapping.py for tasks to queue
[2026-06-11T00:11:43.466+0000] {logging_mixin.py:188} INFO - [2026-06-11T00:11:43.465+0000] {dagbag.py:545} INFO - Filling up the DagBag from /opt/airflow/dags/com_dinamic_mapping.py
[2026-06-11T00:11:43.471+0000] {processor.py:840} INFO - DAG(s) 'process_files_dynamic' retrieved from /opt/airflow/dags/com_dinamic_mapping.py
[2026-06-11T00:11:43.502+0000] {logging_mixin.py:188} INFO - [2026-06-11T00:11:43.502+0000] {dag.py:3089} INFO - Sync 1 DAGs
[2026-06-11T00:11:43.517+0000] {logging_mixin.py:188} INFO - [2026-06-11T00:11:43.516+0000] {dag.py:3947} INFO - Setting next_dagrun for process_files_dynamic to None, run_after=None
[2026-06-11T00:11:43.536+0000] {processor.py:183} INFO - Processing /opt/airflow/dags/com_dinamic_mapping.py took 0.076 seconds
[2026-06-11T00:12:13.905+0000] {processor.py:161} INFO - Started process (PID=18079) to work on /opt/airflow/dags/com_dinamic_mapping.py
[2026-06-11T00:12:13.905+0000] {processor.py:830} INFO - Processing file /opt/airflow/dags/com_dinamic_mapping.py for tasks to queue
[2026-06-11T00:12:13.906+0000] {logging_mixin.py:188} INFO - [2026-06-11T00:12:13.905+0000] {dagbag.py:545} INFO - Filling up the DagBag from /opt/airflow/dags/com_dinamic_mapping.py
[2026-06-11T00:12:13.911+0000] {processor.py:840} INFO - DAG(s) 'process_files_dynamic' retrieved from /opt/airflow/dags/com_dinamic_mapping.py
[2026-06-11T00:12:13.965+0000] {logging_mixin.py:188} INFO - [2026-06-11T00:12:13.964+0000] {dag.py:3089} INFO - Sync 1 DAGs
[2026-06-11T00:12:13.981+0000] {logging_mixin.py:188} INFO - [2026-06-11T00:12:13.981+0000] {dag.py:3947} INFO - Setting next_dagrun for process_files_dynamic to None, run_after=None
[2026-06-11T00:12:14.002+0000] {processor.py:183} INFO - Processing /opt/airflow/dags/com_dinamic_mapping.py took 0.101 seconds
[2026-06-11T00:12:44.303+0000] {processor.py:161} INFO - Started process (PID=18121) to work on /opt/airflow/dags/com_dinamic_mapping.py
[2026-06-11T00:12:44.304+0000] {processor.py:830} INFO - Processing file /opt/airflow/dags/com_dinamic_mapping.py for tasks to queue
[2026-06-11T00:12:44.305+0000] {logging_mixin.py:188} INFO - [2026-06-11T00:12:44.304+0000] {dagbag.py:545} INFO - Filling up the DagBag from /opt/airflow/dags/com_dinamic_mapping.py
[2026-06-11T00:12:44.315+0000] {processor.py:840} INFO - DAG(s) 'process_files_dynamic' retrieved from /opt/airflow/dags/com_dinamic_mapping.py
[2026-06-11T00:12:44.346+0000] {logging_mixin.py:188} INFO - [2026-06-11T00:12:44.346+0000] {dag.py:3089} INFO - Sync 1 DAGs
[2026-06-11T00:12:44.356+0000] {logging_mixin.py:188} INFO - [2026-06-11T00:12:44.356+0000] {dag.py:3947} INFO - Setting next_dagrun for process_files_dynamic to None, run_after=None
[2026-06-11T00:12:44.376+0000] {processor.py:183} INFO - Processing /opt/airflow/dags/com_dinamic_mapping.py took 0.080 seconds
[2026-06-11T00:13:14.811+0000] {processor.py:161} INFO - Started process (PID=18163) to work on /opt/airflow/dags/com_dinamic_mapping.py
[2026-06-11T00:13:14.813+0000] {processor.py:830} INFO - Processing file /opt/airflow/dags/com_dinamic_mapping.py for tasks to queue
[2026-06-11T00:13:14.814+0000] {logging_mixin.py:188} INFO - [2026-06-11T00:13:14.813+0000] {dagbag.py:545} INFO - Filling up the DagBag from /opt/airflow/dags/com_dinamic_mapping.py
[2026-06-11T00:13:14.826+0000] {processor.py:840} INFO - DAG(s) 'process_files_dynamic' retrieved from /opt/airflow/dags/com_dinamic_mapping.py
[2026-06-11T00:13:14.864+0000] {logging_mixin.py:188} INFO - [2026-06-11T00:13:14.863+0000] {dag.py:3089} INFO - Sync 1 DAGs
[2026-06-11T00:13:14.878+0000] {logging_mixin.py:188} INFO - [2026-06-11T00:13:14.877+0000] {dag.py:3947} INFO - Setting next_dagrun for process_files_dynamic to None, run_after=None
[2026-06-11T00:13:14.897+0000] {processor.py:183} INFO - Processing /opt/airflow/dags/com_dinamic_mapping.py took 0.095 seconds
[2026-06-11T00:13:45.191+0000] {processor.py:161} INFO - Started process (PID=18205) to work on /opt/airflow/dags/com_dinamic_mapping.py
[2026-06-11T00:13:45.192+0000] {processor.py:830} INFO - Processing file /opt/airflow/dags/com_dinamic_mapping.py for tasks to queue
[2026-06-11T00:13:45.192+0000] {logging_mixin.py:188} INFO - [2026-06-11T00:13:45.192+0000] {dagbag.py:545} INFO - Filling up the DagBag from /opt/airflow/dags/com_dinamic_mapping.py
[2026-06-11T00:13:45.197+0000] {processor.py:840} INFO - DAG(s) 'process_files_dynamic' retrieved from /opt/airflow/dags/com_dinamic_mapping.py
[2026-06-11T00:13:45.232+0000] {logging_mixin.py:188} INFO - [2026-06-11T00:13:45.231+0000] {dag.py:3089} INFO - Sync 1 DAGs
[2026-06-11T00:13:45.247+0000] {logging_mixin.py:188} INFO - [2026-06-11T00:13:45.246+0000] {dag.py:3947} INFO - Setting next_dagrun for process_files_dynamic to None, run_after=None
[2026-06-11T00:13:45.265+0000] {processor.py:183} INFO - Processing /opt/airflow/dags/com_dinamic_mapping.py took 0.083 seconds
[2026-06-11T00:14:15.661+0000] {processor.py:161} INFO - Started process (PID=18247) to work on /opt/airflow/dags/com_dinamic_mapping.py
[2026-06-11T00:14:15.662+0000] {processor.py:830} INFO - Processing file /opt/airflow/dags/com_dinamic_mapping.py for tasks to queue
[2026-06-11T00:14:15.663+0000] {logging_mixin.py:188} INFO - [2026-06-11T00:14:15.662+0000] {dagbag.py:545} INFO - Filling up the DagBag from /opt/airflow/dags/com_dinamic_mapping.py
[2026-06-11T00:14:15.668+0000] {processor.py:840} INFO - DAG(s) 'process_files_dynamic' retrieved from /opt/airflow/dags/com_dinamic_mapping.py
[2026-06-11T00:14:15.704+0000] {logging_mixin.py:188} INFO - [2026-06-11T00:14:15.704+0000] {dag.py:3089} INFO - Sync 1 DAGs
[2026-06-11T00:14:15.718+0000] {logging_mixin.py:188} INFO - [2026-06-11T00:14:15.718+0000] {dag.py:3947} INFO - Setting next_dagrun for process_files_dynamic to None, run_after=None
[2026-06-11T00:14:15.740+0000] {processor.py:183} INFO - Processing /opt/airflow/dags/com_dinamic_mapping.py took 0.085 seconds
[2026-06-11T00:14:46.136+0000] {processor.py:161} INFO - Started process (PID=18289) to work on /opt/airflow/dags/com_dinamic_mapping.py
[2026-06-11T00:14:46.137+0000] {processor.py:830} INFO - Processing file /opt/airflow/dags/com_dinamic_mapping.py for tasks to queue
[2026-06-11T00:14:46.138+0000] {logging_mixin.py:188} INFO - [2026-06-11T00:14:46.138+0000] {dagbag.py:545} INFO - Filling up the DagBag from /opt/airflow/dags/com_dinamic_mapping.py
[2026-06-11T00:14:46.149+0000] {processor.py:840} INFO - DAG(s) 'process_files_dynamic' retrieved from /opt/airflow/dags/com_dinamic_mapping.py
[2026-06-11T00:14:46.179+0000] {logging_mixin.py:188} INFO - [2026-06-11T00:14:46.178+0000] {dag.py:3089} INFO - Sync 1 DAGs
[2026-06-11T00:14:46.191+0000] {logging_mixin.py:188} INFO - [2026-06-11T00:14:46.191+0000] {dag.py:3947} INFO - Setting next_dagrun for process_files_dynamic to None, run_after=None
[2026-06-11T00:14:46.210+0000] {processor.py:183} INFO - Processing /opt/airflow/dags/com_dinamic_mapping.py took 0.078 seconds
[2026-06-11T00:15:16.640+0000] {processor.py:161} INFO - Started process (PID=18331) to work on /opt/airflow/dags/com_dinamic_mapping.py
[2026-06-11T00:15:16.642+0000] {processor.py:830} INFO - Processing file /opt/airflow/dags/com_dinamic_mapping.py for tasks to queue
[2026-06-11T00:15:16.642+0000] {logging_mixin.py:188} INFO - [2026-06-11T00:15:16.642+0000] {dagbag.py:545} INFO - Filling up the DagBag from /opt/airflow/dags/com_dinamic_mapping.py
[2026-06-11T00:15:16.647+0000] {processor.py:840} INFO - DAG(s) 'process_files_dynamic' retrieved from /opt/airflow/dags/com_dinamic_mapping.py
[2026-06-11T00:15:16.676+0000] {logging_mixin.py:188} INFO - [2026-06-11T00:15:16.676+0000] {dag.py:3089} INFO - Sync 1 DAGs
[2026-06-11T00:15:16.684+0000] {logging_mixin.py:188} INFO - [2026-06-11T00:15:16.683+0000] {dag.py:3947} INFO - Setting next_dagrun for process_files_dynamic to None, run_after=None
[2026-06-11T00:15:16.699+0000] {processor.py:183} INFO - Processing /opt/airflow/dags/com_dinamic_mapping.py took 0.066 seconds
[2026-06-11T00:15:47.099+0000] {processor.py:161} INFO - Started process (PID=18373) to work on /opt/airflow/dags/com_dinamic_mapping.py
[2026-06-11T00:15:47.100+0000] {processor.py:830} INFO - Processing file /opt/airflow/dags/com_dinamic_mapping.py for tasks to queue
[2026-06-11T00:15:47.101+0000] {logging_mixin.py:188} INFO - [2026-06-11T00:15:47.101+0000] {dagbag.py:545} INFO - Filling up the DagBag from /opt/airflow/dags/com_dinamic_mapping.py
[2026-06-11T00:15:47.111+0000] {processor.py:840} INFO - DAG(s) 'process_files_dynamic' retrieved from /opt/airflow/dags/com_dinamic_mapping.py
[2026-06-11T00:15:47.139+0000] {logging_mixin.py:188} INFO - [2026-06-11T00:15:47.138+0000] {dag.py:3089} INFO - Sync 1 DAGs
[2026-06-11T00:15:47.147+0000] {logging_mixin.py:188} INFO - [2026-06-11T00:15:47.146+0000] {dag.py:3947} INFO - Setting next_dagrun for process_files_dynamic to None, run_after=None
[2026-06-11T00:15:47.165+0000] {processor.py:183} INFO - Processing /opt/airflow/dags/com_dinamic_mapping.py took 0.072 seconds
[2026-06-11T00:16:17.452+0000] {processor.py:161} INFO - Started process (PID=18415) to work on /opt/airflow/dags/com_dinamic_mapping.py
[2026-06-11T00:16:17.453+0000] {processor.py:830} INFO - Processing file /opt/airflow/dags/com_dinamic_mapping.py for tasks to queue
[2026-06-11T00:16:17.454+0000] {logging_mixin.py:188} INFO - [2026-06-11T00:16:17.453+0000] {dagbag.py:545} INFO - Filling up the DagBag from /opt/airflow/dags/com_dinamic_mapping.py
[2026-06-11T00:16:17.464+0000] {processor.py:840} INFO - DAG(s) 'process_files_dynamic' retrieved from /opt/airflow/dags/com_dinamic_mapping.py
[2026-06-11T00:16:17.500+0000] {logging_mixin.py:188} INFO - [2026-06-11T00:16:17.500+0000] {dag.py:3089} INFO - Sync 1 DAGs
[2026-06-11T00:16:17.515+0000] {logging_mixin.py:188} INFO - [2026-06-11T00:16:17.514+0000] {dag.py:3947} INFO - Setting next_dagrun for process_files_dynamic to None, run_after=None
[2026-06-11T00:16:17.547+0000] {processor.py:183} INFO - Processing /opt/airflow/dags/com_dinamic_mapping.py took 0.105 seconds
[2026-06-11T00:16:47.939+0000] {processor.py:161} INFO - Started process (PID=18457) to work on /opt/airflow/dags/com_dinamic_mapping.py
[2026-06-11T00:16:47.939+0000] {processor.py:830} INFO - Processing file /opt/airflow/dags/com_dinamic_mapping.py for tasks to queue
[2026-06-11T00:16:47.940+0000] {logging_mixin.py:188} INFO - [2026-06-11T00:16:47.940+0000] {dagbag.py:545} INFO - Filling up the DagBag from /opt/airflow/dags/com_dinamic_mapping.py
[2026-06-11T00:16:47.945+0000] {processor.py:840} INFO - DAG(s) 'process_files_dynamic' retrieved from /opt/airflow/dags/com_dinamic_mapping.py
[2026-06-11T00:16:47.978+0000] {logging_mixin.py:188} INFO - [2026-06-11T00:16:47.977+0000] {dag.py:3089} INFO - Sync 1 DAGs
[2026-06-11T00:16:47.988+0000] {logging_mixin.py:188} INFO - [2026-06-11T00:16:47.988+0000] {dag.py:3947} INFO - Setting next_dagrun for process_files_dynamic to None, run_after=None
[2026-06-11T00:16:48.008+0000] {processor.py:183} INFO - Processing /opt/airflow/dags/com_dinamic_mapping.py took 0.073 seconds
[2026-06-11T00:17:18.305+0000] {processor.py:161} INFO - Started process (PID=18493) to work on /opt/airflow/dags/com_dinamic_mapping.py
[2026-06-11T00:17:18.305+0000] {processor.py:830} INFO - Processing file /opt/airflow/dags/com_dinamic_mapping.py for tasks to queue
[2026-06-11T00:17:18.306+0000] {logging_mixin.py:188} INFO - [2026-06-11T00:17:18.306+0000] {dagbag.py:545} INFO - Filling up the DagBag from /opt/airflow/dags/com_dinamic_mapping.py
[2026-06-11T00:17:18.312+0000] {processor.py:840} INFO - DAG(s) 'process_files_dynamic' retrieved from /opt/airflow/dags/com_dinamic_mapping.py
[2026-06-11T00:17:18.334+0000] {logging_mixin.py:188} INFO - [2026-06-11T00:17:18.334+0000] {dag.py:3089} INFO - Sync 1 DAGs
[2026-06-11T00:17:18.342+0000] {logging_mixin.py:188} INFO - [2026-06-11T00:17:18.342+0000] {dag.py:3947} INFO - Setting next_dagrun for process_files_dynamic to None, run_after=None
[2026-06-11T00:17:18.362+0000] {processor.py:183} INFO - Processing /opt/airflow/dags/com_dinamic_mapping.py took 0.065 seconds
[2026-06-11T00:17:48.790+0000] {processor.py:161} INFO - Started process (PID=18535) to work on /opt/airflow/dags/com_dinamic_mapping.py
[2026-06-11T00:17:48.790+0000] {processor.py:830} INFO - Processing file /opt/airflow/dags/com_dinamic_mapping.py for tasks to queue
[2026-06-11T00:17:48.791+0000] {logging_mixin.py:188} INFO - [2026-06-11T00:17:48.791+0000] {dagbag.py:545} INFO - Filling up the DagBag from /opt/airflow/dags/com_dinamic_mapping.py
[2026-06-11T00:17:48.802+0000] {processor.py:840} INFO - DAG(s) 'process_files_dynamic' retrieved from /opt/airflow/dags/com_dinamic_mapping.py
[2026-06-11T00:17:48.832+0000] {logging_mixin.py:188} INFO - [2026-06-11T00:17:48.832+0000] {dag.py:3089} INFO - Sync 1 DAGs
[2026-06-11T00:17:48.844+0000] {logging_mixin.py:188} INFO - [2026-06-11T00:17:48.844+0000] {dag.py:3947} INFO - Setting next_dagrun for process_files_dynamic to None, run_after=None
[2026-06-11T00:17:48.861+0000] {processor.py:183} INFO - Processing /opt/airflow/dags/com_dinamic_mapping.py took 0.079 seconds
[2026-06-11T00:18:19.180+0000] {processor.py:161} INFO - Started process (PID=18577) to work on /opt/airflow/dags/com_dinamic_mapping.py
[2026-06-11T00:18:19.181+0000] {processor.py:830} INFO - Processing file /opt/airflow/dags/com_dinamic_mapping.py for tasks to queue
[2026-06-11T00:18:19.182+0000] {logging_mixin.py:188} INFO - [2026-06-11T00:18:19.182+0000] {dagbag.py:545} INFO - Filling up the DagBag from /opt/airflow/dags/com_dinamic_mapping.py
[2026-06-11T00:18:19.187+0000] {processor.py:840} INFO - DAG(s) 'process_files_dynamic' retrieved from /opt/airflow/dags/com_dinamic_mapping.py
[2026-06-11T00:18:19.221+0000] {logging_mixin.py:188} INFO - [2026-06-11T00:18:19.221+0000] {dag.py:3089} INFO - Sync 1 DAGs
[2026-06-11T00:18:19.237+0000] {logging_mixin.py:188} INFO - [2026-06-11T00:18:19.237+0000] {dag.py:3947} INFO - Setting next_dagrun for process_files_dynamic to None, run_after=None
[2026-06-11T00:18:19.257+0000] {processor.py:183} INFO - Processing /opt/airflow/dags/com_dinamic_mapping.py took 0.085 seconds
[2026-06-11T00:18:49.681+0000] {processor.py:161} INFO - Started process (PID=18619) to work on /opt/airflow/dags/com_dinamic_mapping.py
[2026-06-11T00:18:49.682+0000] {processor.py:830} INFO - Processing file /opt/airflow/dags/com_dinamic_mapping.py for tasks to queue
[2026-06-11T00:18:49.683+0000] {logging_mixin.py:188} INFO - [2026-06-11T00:18:49.682+0000] {dagbag.py:545} INFO - Filling up the DagBag from /opt/airflow/dags/com_dinamic_mapping.py
[2026-06-11T00:18:49.694+0000] {processor.py:840} INFO - DAG(s) 'process_files_dynamic' retrieved from /opt/airflow/dags/com_dinamic_mapping.py
[2026-06-11T00:18:49.736+0000] {logging_mixin.py:188} INFO - [2026-06-11T00:18:49.736+0000] {dag.py:3089} INFO - Sync 1 DAGs
[2026-06-11T00:18:49.747+0000] {logging_mixin.py:188} INFO - [2026-06-11T00:18:49.747+0000] {dag.py:3947} INFO - Setting next_dagrun for process_files_dynamic to None, run_after=None
[2026-06-11T00:18:49.765+0000] {processor.py:183} INFO - Processing /opt/airflow/dags/com_dinamic_mapping.py took 0.090 seconds
[2026-06-11T00:19:20.066+0000] {processor.py:161} INFO - Started process (PID=18661) to work on /opt/airflow/dags/com_dinamic_mapping.py
[2026-06-11T00:19:20.068+0000] {processor.py:830} INFO - Processing file /opt/airflow/dags/com_dinamic_mapping.py for tasks to queue
[2026-06-11T00:19:20.068+0000] {logging_mixin.py:188} INFO - [2026-06-11T00:19:20.068+0000] {dagbag.py:545} INFO - Filling up the DagBag from /opt/airflow/dags/com_dinamic_mapping.py
[2026-06-11T00:19:20.074+0000] {processor.py:840} INFO - DAG(s) 'process_files_dynamic' retrieved from /opt/airflow/dags/com_dinamic_mapping.py
[2026-06-11T00:19:20.109+0000] {logging_mixin.py:188} INFO - [2026-06-11T00:19:20.109+0000] {dag.py:3089} INFO - Sync 1 DAGs
[2026-06-11T00:19:20.123+0000] {logging_mixin.py:188} INFO - [2026-06-11T00:19:20.122+0000] {dag.py:3947} INFO - Setting next_dagrun for process_files_dynamic to None, run_after=None
[2026-06-11T00:19:20.142+0000] {processor.py:183} INFO - Processing /opt/airflow/dags/com_dinamic_mapping.py took 0.081 seconds
[2026-06-11T00:19:50.453+0000] {processor.py:161} INFO - Started process (PID=18703) to work on /opt/airflow/dags/com_dinamic_mapping.py
[2026-06-11T00:19:50.455+0000] {processor.py:830} INFO - Processing file /opt/airflow/dags/com_dinamic_mapping.py for tasks to queue
[2026-06-11T00:19:50.456+0000] {logging_mixin.py:188} INFO - [2026-06-11T00:19:50.455+0000] {dagbag.py:545} INFO - Filling up the DagBag from /opt/airflow/dags/com_dinamic_mapping.py
[2026-06-11T00:19:50.468+0000] {processor.py:840} INFO - DAG(s) 'process_files_dynamic' retrieved from /opt/airflow/dags/com_dinamic_mapping.py
[2026-06-11T00:19:50.506+0000] {logging_mixin.py:188} INFO - [2026-06-11T00:19:50.506+0000] {dag.py:3089} INFO - Sync 1 DAGs
[2026-06-11T00:19:50.521+0000] {logging_mixin.py:188} INFO - [2026-06-11T00:19:50.521+0000] {dag.py:3947} INFO - Setting next_dagrun for process_files_dynamic to None, run_after=None
[2026-06-11T00:19:50.541+0000] {processor.py:183} INFO - Processing /opt/airflow/dags/com_dinamic_mapping.py took 0.099 seconds
[2026-06-11T00:20:20.912+0000] {processor.py:161} INFO - Started process (PID=18745) to work on /opt/airflow/dags/com_dinamic_mapping.py
[2026-06-11T00:20:20.914+0000] {processor.py:830} INFO - Processing file /opt/airflow/dags/com_dinamic_mapping.py for tasks to queue
[2026-06-11T00:20:20.914+0000] {logging_mixin.py:188} INFO - [2026-06-11T00:20:20.914+0000] {dagbag.py:545} INFO - Filling up the DagBag from /opt/airflow/dags/com_dinamic_mapping.py
[2026-06-11T00:20:20.919+0000] {processor.py:840} INFO - DAG(s) 'process_files_dynamic' retrieved from /opt/airflow/dags/com_dinamic_mapping.py
[2026-06-11T00:20:20.947+0000] {logging_mixin.py:188} INFO - [2026-06-11T00:20:20.946+0000] {dag.py:3089} INFO - Sync 1 DAGs
[2026-06-11T00:20:20.957+0000] {logging_mixin.py:188} INFO - [2026-06-11T00:20:20.956+0000] {dag.py:3947} INFO - Setting next_dagrun for process_files_dynamic to None, run_after=None
[2026-06-11T00:20:20.971+0000] {processor.py:183} INFO - Processing /opt/airflow/dags/com_dinamic_mapping.py took 0.069 seconds
[2026-06-11T00:20:51.362+0000] {processor.py:161} INFO - Started process (PID=18787) to work on /opt/airflow/dags/com_dinamic_mapping.py
[2026-06-11T00:20:51.363+0000] {processor.py:830} INFO - Processing file /opt/airflow/dags/com_dinamic_mapping.py for tasks to queue
[2026-06-11T00:20:51.363+0000] {logging_mixin.py:188} INFO - [2026-06-11T00:20:51.363+0000] {dagbag.py:545} INFO - Filling up the DagBag from /opt/airflow/dags/com_dinamic_mapping.py
[2026-06-11T00:20:51.368+0000] {processor.py:840} INFO - DAG(s) 'process_files_dynamic' retrieved from /opt/airflow/dags/com_dinamic_mapping.py
[2026-06-11T00:20:51.397+0000] {logging_mixin.py:188} INFO - [2026-06-11T00:20:51.397+0000] {dag.py:3089} INFO - Sync 1 DAGs
[2026-06-11T00:20:51.415+0000] {logging_mixin.py:188} INFO - [2026-06-11T00:20:51.415+0000] {dag.py:3947} INFO - Setting next_dagrun for process_files_dynamic to None, run_after=None
[2026-06-11T00:20:51.426+0000] {processor.py:183} INFO - Processing /opt/airflow/dags/com_dinamic_mapping.py took 0.071 seconds
[2026-06-11T00:21:21.807+0000] {processor.py:161} INFO - Started process (PID=18829) to work on /opt/airflow/dags/com_dinamic_mapping.py
[2026-06-11T00:21:21.808+0000] {processor.py:830} INFO - Processing file /opt/airflow/dags/com_dinamic_mapping.py for tasks to queue
[2026-06-11T00:21:21.809+0000] {logging_mixin.py:188} INFO - [2026-06-11T00:21:21.808+0000] {dagbag.py:545} INFO - Filling up the DagBag from /opt/airflow/dags/com_dinamic_mapping.py
[2026-06-11T00:21:21.816+0000] {processor.py:840} INFO - DAG(s) 'process_files_dynamic' retrieved from /opt/airflow/dags/com_dinamic_mapping.py
[2026-06-11T00:21:21.844+0000] {logging_mixin.py:188} INFO - [2026-06-11T00:21:21.844+0000] {dag.py:3089} INFO - Sync 1 DAGs
[2026-06-11T00:21:21.852+0000] {logging_mixin.py:188} INFO - [2026-06-11T00:21:21.852+0000] {dag.py:3947} INFO - Setting next_dagrun for process_files_dynamic to None, run_after=None
[2026-06-11T00:21:21.872+0000] {processor.py:183} INFO - Processing /opt/airflow/dags/com_dinamic_mapping.py took 0.071 seconds
[2026-06-11T00:21:52.288+0000] {processor.py:161} INFO - Started process (PID=18871) to work on /opt/airflow/dags/com_dinamic_mapping.py
[2026-06-11T00:21:52.289+0000] {processor.py:830} INFO - Processing file /opt/airflow/dags/com_dinamic_mapping.py for tasks to queue
[2026-06-11T00:21:52.289+0000] {logging_mixin.py:188} INFO - [2026-06-11T00:21:52.289+0000] {dagbag.py:545} INFO - Filling up the DagBag from /opt/airflow/dags/com_dinamic_mapping.py
[2026-06-11T00:21:52.295+0000] {processor.py:840} INFO - DAG(s) 'process_files_dynamic' retrieved from /opt/airflow/dags/com_dinamic_mapping.py
[2026-06-11T00:21:52.332+0000] {logging_mixin.py:188} INFO - [2026-06-11T00:21:52.331+0000] {dag.py:3089} INFO - Sync 1 DAGs
[2026-06-11T00:21:52.346+0000] {logging_mixin.py:188} INFO - [2026-06-11T00:21:52.346+0000] {dag.py:3947} INFO - Setting next_dagrun for process_files_dynamic to None, run_after=None
[2026-06-11T00:21:52.368+0000] {processor.py:183} INFO - Processing /opt/airflow/dags/com_dinamic_mapping.py took 0.087 seconds
[2026-06-11T00:22:22.772+0000] {processor.py:161} INFO - Started process (PID=18913) to work on /opt/airflow/dags/com_dinamic_mapping.py
[2026-06-11T00:22:22.773+0000] {processor.py:830} INFO - Processing file /opt/airflow/dags/com_dinamic_mapping.py for tasks to queue
[2026-06-11T00:22:22.774+0000] {logging_mixin.py:188} INFO - [2026-06-11T00:22:22.774+0000] {dagbag.py:545} INFO - Filling up the DagBag from /opt/airflow/dags/com_dinamic_mapping.py
[2026-06-11T00:22:22.788+0000] {processor.py:840} INFO - DAG(s) 'process_files_dynamic' retrieved from /opt/airflow/dags/com_dinamic_mapping.py
[2026-06-11T00:22:22.819+0000] {logging_mixin.py:188} INFO - [2026-06-11T00:22:22.819+0000] {dag.py:3089} INFO - Sync 1 DAGs
[2026-06-11T00:22:22.836+0000] {logging_mixin.py:188} INFO - [2026-06-11T00:22:22.836+0000] {dag.py:3947} INFO - Setting next_dagrun for process_files_dynamic to None, run_after=None
[2026-06-11T00:22:22.859+0000] {processor.py:183} INFO - Processing /opt/airflow/dags/com_dinamic_mapping.py took 0.094 seconds
[2026-06-11T00:22:53.241+0000] {processor.py:161} INFO - Started process (PID=18955) to work on /opt/airflow/dags/com_dinamic_mapping.py
[2026-06-11T00:22:53.243+0000] {processor.py:830} INFO - Processing file /opt/airflow/dags/com_dinamic_mapping.py for tasks to queue
[2026-06-11T00:22:53.244+0000] {logging_mixin.py:188} INFO - [2026-06-11T00:22:53.244+0000] {dagbag.py:545} INFO - Filling up the DagBag from /opt/airflow/dags/com_dinamic_mapping.py
[2026-06-11T00:22:53.250+0000] {processor.py:840} INFO - DAG(s) 'process_files_dynamic' retrieved from /opt/airflow/dags/com_dinamic_mapping.py
[2026-06-11T00:22:53.281+0000] {logging_mixin.py:188} INFO - [2026-06-11T00:22:53.281+0000] {dag.py:3089} INFO - Sync 1 DAGs
[2026-06-11T00:22:53.288+0000] {logging_mixin.py:188} INFO - [2026-06-11T00:22:53.288+0000] {dag.py:3947} INFO - Setting next_dagrun for process_files_dynamic to None, run_after=None
[2026-06-11T00:22:53.310+0000] {processor.py:183} INFO - Processing /opt/airflow/dags/com_dinamic_mapping.py took 0.078 seconds
[2026-06-11T00:23:23.625+0000] {processor.py:161} INFO - Started process (PID=18997) to work on /opt/airflow/dags/com_dinamic_mapping.py
[2026-06-11T00:23:23.626+0000] {processor.py:830} INFO - Processing file /opt/airflow/dags/com_dinamic_mapping.py for tasks to queue
[2026-06-11T00:23:23.628+0000] {logging_mixin.py:188} INFO - [2026-06-11T00:23:23.627+0000] {dagbag.py:545} INFO - Filling up the DagBag from /opt/airflow/dags/com_dinamic_mapping.py
[2026-06-11T00:23:23.638+0000] {processor.py:840} INFO - DAG(s) 'process_files_dynamic' retrieved from /opt/airflow/dags/com_dinamic_mapping.py
[2026-06-11T00:23:23.675+0000] {logging_mixin.py:188} INFO - [2026-06-11T00:23:23.675+0000] {dag.py:3089} INFO - Sync 1 DAGs
[2026-06-11T00:23:23.690+0000] {logging_mixin.py:188} INFO - [2026-06-11T00:23:23.690+0000] {dag.py:3947} INFO - Setting next_dagrun for process_files_dynamic to None, run_after=None
[2026-06-11T00:23:23.708+0000] {processor.py:183} INFO - Processing /opt/airflow/dags/com_dinamic_mapping.py took 0.092 seconds
[2026-06-11T00:23:53.964+0000] {processor.py:161} INFO - Started process (PID=19039) to work on /opt/airflow/dags/com_dinamic_mapping.py
[2026-06-11T00:23:53.965+0000] {processor.py:830} INFO - Processing file /opt/airflow/dags/com_dinamic_mapping.py for tasks to queue
[2026-06-11T00:23:53.965+0000] {logging_mixin.py:188} INFO - [2026-06-11T00:23:53.965+0000] {dagbag.py:545} INFO - Filling up the DagBag from /opt/airflow/dags/com_dinamic_mapping.py
[2026-06-11T00:23:53.972+0000] {processor.py:840} INFO - DAG(s) 'process_files_dynamic' retrieved from /opt/airflow/dags/com_dinamic_mapping.py
[2026-06-11T00:23:54.002+0000] {logging_mixin.py:188} INFO - [2026-06-11T00:23:54.002+0000] {dag.py:3089} INFO - Sync 1 DAGs
[2026-06-11T00:23:54.016+0000] {logging_mixin.py:188} INFO - [2026-06-11T00:23:54.016+0000] {dag.py:3947} INFO - Setting next_dagrun for process_files_dynamic to None, run_after=None
[2026-06-11T00:23:54.035+0000] {processor.py:183} INFO - Processing /opt/airflow/dags/com_dinamic_mapping.py took 0.080 seconds
[2026-06-11T00:24:24.474+0000] {processor.py:161} INFO - Started process (PID=19082) to work on /opt/airflow/dags/com_dinamic_mapping.py
[2026-06-11T00:24:24.475+0000] {processor.py:830} INFO - Processing file /opt/airflow/dags/com_dinamic_mapping.py for tasks to queue
[2026-06-11T00:24:24.476+0000] {logging_mixin.py:188} INFO - [2026-06-11T00:24:24.475+0000] {dagbag.py:545} INFO - Filling up the DagBag from /opt/airflow/dags/com_dinamic_mapping.py
[2026-06-11T00:24:24.484+0000] {processor.py:840} INFO - DAG(s) 'process_files_dynamic' retrieved from /opt/airflow/dags/com_dinamic_mapping.py
[2026-06-11T00:24:24.519+0000] {logging_mixin.py:188} INFO - [2026-06-11T00:24:24.519+0000] {dag.py:3089} INFO - Sync 1 DAGs
[2026-06-11T00:24:24.530+0000] {logging_mixin.py:188} INFO - [2026-06-11T00:24:24.530+0000] {dag.py:3947} INFO - Setting next_dagrun for process_files_dynamic to None, run_after=None
[2026-06-11T00:24:24.551+0000] {processor.py:183} INFO - Processing /opt/airflow/dags/com_dinamic_mapping.py took 0.085 seconds
[2026-06-11T00:24:54.963+0000] {processor.py:161} INFO - Started process (PID=19124) to work on /opt/airflow/dags/com_dinamic_mapping.py
[2026-06-11T00:24:54.964+0000] {processor.py:830} INFO - Processing file /opt/airflow/dags/com_dinamic_mapping.py for tasks to queue
[2026-06-11T00:24:54.965+0000] {logging_mixin.py:188} INFO - [2026-06-11T00:24:54.964+0000] {dagbag.py:545} INFO - Filling up the DagBag from /opt/airflow/dags/com_dinamic_mapping.py
[2026-06-11T00:24:54.974+0000] {processor.py:840} INFO - DAG(s) 'process_files_dynamic' retrieved from /opt/airflow/dags/com_dinamic_mapping.py
[2026-06-11T00:24:55.011+0000] {logging_mixin.py:188} INFO - [2026-06-11T00:24:55.011+0000] {dag.py:3089} INFO - Sync 1 DAGs
[2026-06-11T00:24:55.026+0000] {logging_mixin.py:188} INFO - [2026-06-11T00:24:55.025+0000] {dag.py:3947} INFO - Setting next_dagrun for process_files_dynamic to None, run_after=None
[2026-06-11T00:24:55.044+0000] {processor.py:183} INFO - Processing /opt/airflow/dags/com_dinamic_mapping.py took 0.089 seconds
[2026-06-11T00:25:25.349+0000] {processor.py:161} INFO - Started process (PID=19166) to work on /opt/airflow/dags/com_dinamic_mapping.py
[2026-06-11T00:25:25.349+0000] {processor.py:830} INFO - Processing file /opt/airflow/dags/com_dinamic_mapping.py for tasks to queue
[2026-06-11T00:25:25.350+0000] {logging_mixin.py:188} INFO - [2026-06-11T00:25:25.350+0000] {dagbag.py:545} INFO - Filling up the DagBag from /opt/airflow/dags/com_dinamic_mapping.py
[2026-06-11T00:25:25.361+0000] {processor.py:840} INFO - DAG(s) 'process_files_dynamic' retrieved from /opt/airflow/dags/com_dinamic_mapping.py
[2026-06-11T00:25:25.400+0000] {logging_mixin.py:188} INFO - [2026-06-11T00:25:25.400+0000] {dag.py:3089} INFO - Sync 1 DAGs
[2026-06-11T00:25:25.414+0000] {logging_mixin.py:188} INFO - [2026-06-11T00:25:25.413+0000] {dag.py:3947} INFO - Setting next_dagrun for process_files_dynamic to None, run_after=None
[2026-06-11T00:25:25.432+0000] {processor.py:183} INFO - Processing /opt/airflow/dags/com_dinamic_mapping.py took 0.090 seconds
[2026-06-11T00:25:55.821+0000] {processor.py:161} INFO - Started process (PID=19208) to work on /opt/airflow/dags/com_dinamic_mapping.py
[2026-06-11T00:25:55.822+0000] {processor.py:830} INFO - Processing file /opt/airflow/dags/com_dinamic_mapping.py for tasks to queue
[2026-06-11T00:25:55.824+0000] {logging_mixin.py:188} INFO - [2026-06-11T00:25:55.824+0000] {dagbag.py:545} INFO - Filling up the DagBag from /opt/airflow/dags/com_dinamic_mapping.py
[2026-06-11T00:25:55.835+0000] {processor.py:840} INFO - DAG(s) 'process_files_dynamic' retrieved from /opt/airflow/dags/com_dinamic_mapping.py
[2026-06-11T00:25:55.866+0000] {logging_mixin.py:188} INFO - [2026-06-11T00:25:55.866+0000] {dag.py:3089} INFO - Sync 1 DAGs
[2026-06-11T00:25:55.884+0000] {logging_mixin.py:188} INFO - [2026-06-11T00:25:55.884+0000] {dag.py:3947} INFO - Setting next_dagrun for process_files_dynamic to None, run_after=None
[2026-06-11T00:25:55.907+0000] {processor.py:183} INFO - Processing /opt/airflow/dags/com_dinamic_mapping.py took 0.095 seconds
[2026-06-11T00:26:26.316+0000] {processor.py:161} INFO - Started process (PID=19250) to work on /opt/airflow/dags/com_dinamic_mapping.py
[2026-06-11T00:26:26.317+0000] {processor.py:830} INFO - Processing file /opt/airflow/dags/com_dinamic_mapping.py for tasks to queue
[2026-06-11T00:26:26.318+0000] {logging_mixin.py:188} INFO - [2026-06-11T00:26:26.317+0000] {dagbag.py:545} INFO - Filling up the DagBag from /opt/airflow/dags/com_dinamic_mapping.py
[2026-06-11T00:26:26.328+0000] {processor.py:840} INFO - DAG(s) 'process_files_dynamic' retrieved from /opt/airflow/dags/com_dinamic_mapping.py
[2026-06-11T00:26:26.365+0000] {logging_mixin.py:188} INFO - [2026-06-11T00:26:26.365+0000] {dag.py:3089} INFO - Sync 1 DAGs
[2026-06-11T00:26:26.380+0000] {logging_mixin.py:188} INFO - [2026-06-11T00:26:26.379+0000] {dag.py:3947} INFO - Setting next_dagrun for process_files_dynamic to None, run_after=None
[2026-06-11T00:26:26.400+0000] {processor.py:183} INFO - Processing /opt/airflow/dags/com_dinamic_mapping.py took 0.095 seconds
[2026-06-11T00:26:56.698+0000] {processor.py:161} INFO - Started process (PID=19292) to work on /opt/airflow/dags/com_dinamic_mapping.py
[2026-06-11T00:26:56.698+0000] {processor.py:830} INFO - Processing file /opt/airflow/dags/com_dinamic_mapping.py for tasks to queue
[2026-06-11T00:26:56.699+0000] {logging_mixin.py:188} INFO - [2026-06-11T00:26:56.699+0000] {dagbag.py:545} INFO - Filling up the DagBag from /opt/airflow/dags/com_dinamic_mapping.py
[2026-06-11T00:26:56.704+0000] {processor.py:840} INFO - DAG(s) 'process_files_dynamic' retrieved from /opt/airflow/dags/com_dinamic_mapping.py
[2026-06-11T00:26:56.734+0000] {logging_mixin.py:188} INFO - [2026-06-11T00:26:56.733+0000] {dag.py:3089} INFO - Sync 1 DAGs
[2026-06-11T00:26:56.741+0000] {logging_mixin.py:188} INFO - [2026-06-11T00:26:56.741+0000] {dag.py:3947} INFO - Setting next_dagrun for process_files_dynamic to None, run_after=None
[2026-06-11T00:26:56.760+0000] {processor.py:183} INFO - Processing /opt/airflow/dags/com_dinamic_mapping.py took 0.067 seconds
[2026-06-11T00:27:27.058+0000] {processor.py:161} INFO - Started process (PID=19334) to work on /opt/airflow/dags/com_dinamic_mapping.py
[2026-06-11T00:27:27.061+0000] {processor.py:830} INFO - Processing file /opt/airflow/dags/com_dinamic_mapping.py for tasks to queue
[2026-06-11T00:27:27.062+0000] {logging_mixin.py:188} INFO - [2026-06-11T00:27:27.062+0000] {dagbag.py:545} INFO - Filling up the DagBag from /opt/airflow/dags/com_dinamic_mapping.py
[2026-06-11T00:27:27.074+0000] {processor.py:840} INFO - DAG(s) 'process_files_dynamic' retrieved from /opt/airflow/dags/com_dinamic_mapping.py
[2026-06-11T00:27:27.096+0000] {logging_mixin.py:188} INFO - [2026-06-11T00:27:27.096+0000] {dag.py:3089} INFO - Sync 1 DAGs
[2026-06-11T00:27:27.105+0000] {logging_mixin.py:188} INFO - [2026-06-11T00:27:27.105+0000] {dag.py:3947} INFO - Setting next_dagrun for process_files_dynamic to None, run_after=None
[2026-06-11T00:27:27.120+0000] {processor.py:183} INFO - Processing /opt/airflow/dags/com_dinamic_mapping.py took 0.070 seconds
[2026-06-11T00:27:57.514+0000] {processor.py:161} INFO - Started process (PID=19370) to work on /opt/airflow/dags/com_dinamic_mapping.py
[2026-06-11T00:27:57.515+0000] {processor.py:830} INFO - Processing file /opt/airflow/dags/com_dinamic_mapping.py for tasks to queue
[2026-06-11T00:27:57.516+0000] {logging_mixin.py:188} INFO - [2026-06-11T00:27:57.516+0000] {dagbag.py:545} INFO - Filling up the DagBag from /opt/airflow/dags/com_dinamic_mapping.py
[2026-06-11T00:27:57.526+0000] {processor.py:840} INFO - DAG(s) 'process_files_dynamic' retrieved from /opt/airflow/dags/com_dinamic_mapping.py
[2026-06-11T00:27:57.552+0000] {logging_mixin.py:188} INFO - [2026-06-11T00:27:57.551+0000] {dag.py:3089} INFO - Sync 1 DAGs
[2026-06-11T00:27:57.567+0000] {logging_mixin.py:188} INFO - [2026-06-11T00:27:57.567+0000] {dag.py:3947} INFO - Setting next_dagrun for process_files_dynamic to None, run_after=None
[2026-06-11T00:27:57.589+0000] {processor.py:183} INFO - Processing /opt/airflow/dags/com_dinamic_mapping.py took 0.082 seconds
[2026-06-11T00:28:27.913+0000] {processor.py:161} INFO - Started process (PID=19412) to work on /opt/airflow/dags/com_dinamic_mapping.py
[2026-06-11T00:28:27.914+0000] {processor.py:830} INFO - Processing file /opt/airflow/dags/com_dinamic_mapping.py for tasks to queue
[2026-06-11T00:28:27.916+0000] {logging_mixin.py:188} INFO - [2026-06-11T00:28:27.915+0000] {dagbag.py:545} INFO - Filling up the DagBag from /opt/airflow/dags/com_dinamic_mapping.py
[2026-06-11T00:28:27.921+0000] {processor.py:840} INFO - DAG(s) 'process_files_dynamic' retrieved from /opt/airflow/dags/com_dinamic_mapping.py
[2026-06-11T00:28:27.959+0000] {logging_mixin.py:188} INFO - [2026-06-11T00:28:27.958+0000] {dag.py:3089} INFO - Sync 1 DAGs
[2026-06-11T00:28:27.969+0000] {logging_mixin.py:188} INFO - [2026-06-11T00:28:27.968+0000] {dag.py:3947} INFO - Setting next_dagrun for process_files_dynamic to None, run_after=None
[2026-06-11T00:28:27.980+0000] {processor.py:183} INFO - Processing /opt/airflow/dags/com_dinamic_mapping.py took 0.077 seconds
[2026-06-11T00:28:58.397+0000] {processor.py:161} INFO - Started process (PID=19464) to work on /opt/airflow/dags/com_dinamic_mapping.py
[2026-06-11T00:28:58.398+0000] {processor.py:830} INFO - Processing file /opt/airflow/dags/com_dinamic_mapping.py for tasks to queue
[2026-06-11T00:28:58.398+0000] {logging_mixin.py:188} INFO - [2026-06-11T00:28:58.398+0000] {dagbag.py:545} INFO - Filling up the DagBag from /opt/airflow/dags/com_dinamic_mapping.py
[2026-06-11T00:28:58.404+0000] {processor.py:840} INFO - DAG(s) 'process_files_dynamic' retrieved from /opt/airflow/dags/com_dinamic_mapping.py
[2026-06-11T00:28:58.426+0000] {logging_mixin.py:188} INFO - [2026-06-11T00:28:58.426+0000] {dag.py:3089} INFO - Sync 1 DAGs
[2026-06-11T00:28:58.433+0000] {logging_mixin.py:188} INFO - [2026-06-11T00:28:58.433+0000] {dag.py:3947} INFO - Setting next_dagrun for process_files_dynamic to None, run_after=None
[2026-06-11T00:28:58.449+0000] {processor.py:183} INFO - Processing /opt/airflow/dags/com_dinamic_mapping.py took 0.059 seconds
[2026-06-11T00:29:28.894+0000] {processor.py:161} INFO - Started process (PID=19506) to work on /opt/airflow/dags/com_dinamic_mapping.py
[2026-06-11T00:29:28.895+0000] {processor.py:830} INFO - Processing file /opt/airflow/dags/com_dinamic_mapping.py for tasks to queue
[2026-06-11T00:29:28.896+0000] {logging_mixin.py:188} INFO - [2026-06-11T00:29:28.895+0000] {dagbag.py:545} INFO - Filling up the DagBag from /opt/airflow/dags/com_dinamic_mapping.py
[2026-06-11T00:29:28.907+0000] {processor.py:840} INFO - DAG(s) 'process_files_dynamic' retrieved from /opt/airflow/dags/com_dinamic_mapping.py
[2026-06-11T00:29:28.935+0000] {logging_mixin.py:188} INFO - [2026-06-11T00:29:28.935+0000] {dag.py:3089} INFO - Sync 1 DAGs
[2026-06-11T00:29:28.943+0000] {logging_mixin.py:188} INFO - [2026-06-11T00:29:28.943+0000] {dag.py:3947} INFO - Setting next_dagrun for process_files_dynamic to None, run_after=None
[2026-06-11T00:29:28.962+0000] {processor.py:183} INFO - Processing /opt/airflow/dags/com_dinamic_mapping.py took 0.075 seconds
[2026-06-11T00:29:59.334+0000] {processor.py:161} INFO - Started process (PID=19548) to work on /opt/airflow/dags/com_dinamic_mapping.py
[2026-06-11T00:29:59.336+0000] {processor.py:830} INFO - Processing file /opt/airflow/dags/com_dinamic_mapping.py for tasks to queue
[2026-06-11T00:29:59.338+0000] {logging_mixin.py:188} INFO - [2026-06-11T00:29:59.337+0000] {dagbag.py:545} INFO - Filling up the DagBag from /opt/airflow/dags/com_dinamic_mapping.py
[2026-06-11T00:29:59.348+0000] {processor.py:840} INFO - DAG(s) 'process_files_dynamic' retrieved from /opt/airflow/dags/com_dinamic_mapping.py
[2026-06-11T00:29:59.387+0000] {logging_mixin.py:188} INFO - [2026-06-11T00:29:59.386+0000] {dag.py:3089} INFO - Sync 1 DAGs
[2026-06-11T00:29:59.401+0000] {logging_mixin.py:188} INFO - [2026-06-11T00:29:59.401+0000] {dag.py:3947} INFO - Setting next_dagrun for process_files_dynamic to None, run_after=None
[2026-06-11T00:29:59.423+0000] {processor.py:183} INFO - Processing /opt/airflow/dags/com_dinamic_mapping.py took 0.097 seconds
[2026-06-11T00:30:29.807+0000] {processor.py:161} INFO - Started process (PID=19590) to work on /opt/airflow/dags/com_dinamic_mapping.py
[2026-06-11T00:30:29.808+0000] {processor.py:830} INFO - Processing file /opt/airflow/dags/com_dinamic_mapping.py for tasks to queue
[2026-06-11T00:30:29.809+0000] {logging_mixin.py:188} INFO - [2026-06-11T00:30:29.808+0000] {dagbag.py:545} INFO - Filling up the DagBag from /opt/airflow/dags/com_dinamic_mapping.py
[2026-06-11T00:30:29.820+0000] {processor.py:840} INFO - DAG(s) 'process_files_dynamic' retrieved from /opt/airflow/dags/com_dinamic_mapping.py
[2026-06-11T00:30:29.852+0000] {logging_mixin.py:188} INFO - [2026-06-11T00:30:29.851+0000] {dag.py:3089} INFO - Sync 1 DAGs
[2026-06-11T00:30:29.865+0000] {logging_mixin.py:188} INFO - [2026-06-11T00:30:29.865+0000] {dag.py:3947} INFO - Setting next_dagrun for process_files_dynamic to None, run_after=None
[2026-06-11T00:30:29.885+0000] {processor.py:183} INFO - Processing /opt/airflow/dags/com_dinamic_mapping.py took 0.088 seconds
[2026-06-11T00:31:00.248+0000] {processor.py:161} INFO - Started process (PID=19632) to work on /opt/airflow/dags/com_dinamic_mapping.py
[2026-06-11T00:31:00.248+0000] {processor.py:830} INFO - Processing file /opt/airflow/dags/com_dinamic_mapping.py for tasks to queue
[2026-06-11T00:31:00.249+0000] {logging_mixin.py:188} INFO - [2026-06-11T00:31:00.249+0000] {dagbag.py:545} INFO - Filling up the DagBag from /opt/airflow/dags/com_dinamic_mapping.py
[2026-06-11T00:31:00.254+0000] {processor.py:840} INFO - DAG(s) 'process_files_dynamic' retrieved from /opt/airflow/dags/com_dinamic_mapping.py
[2026-06-11T00:31:00.288+0000] {logging_mixin.py:188} INFO - [2026-06-11T00:31:00.288+0000] {dag.py:3089} INFO - Sync 1 DAGs
[2026-06-11T00:31:00.302+0000] {logging_mixin.py:188} INFO - [2026-06-11T00:31:00.302+0000] {dag.py:3947} INFO - Setting next_dagrun for process_files_dynamic to None, run_after=None
[2026-06-11T00:31:00.320+0000] {processor.py:183} INFO - Processing /opt/airflow/dags/com_dinamic_mapping.py took 0.079 seconds
[2026-06-11T00:31:30.707+0000] {processor.py:161} INFO - Started process (PID=19674) to work on /opt/airflow/dags/com_dinamic_mapping.py
[2026-06-11T00:31:30.708+0000] {processor.py:830} INFO - Processing file /opt/airflow/dags/com_dinamic_mapping.py for tasks to queue
[2026-06-11T00:31:30.709+0000] {logging_mixin.py:188} INFO - [2026-06-11T00:31:30.709+0000] {dagbag.py:545} INFO - Filling up the DagBag from /opt/airflow/dags/com_dinamic_mapping.py
[2026-06-11T00:31:30.721+0000] {processor.py:840} INFO - DAG(s) 'process_files_dynamic' retrieved from /opt/airflow/dags/com_dinamic_mapping.py
[2026-06-11T00:31:30.753+0000] {logging_mixin.py:188} INFO - [2026-06-11T00:31:30.753+0000] {dag.py:3089} INFO - Sync 1 DAGs
[2026-06-11T00:31:30.761+0000] {logging_mixin.py:188} INFO - [2026-06-11T00:31:30.761+0000] {dag.py:3947} INFO - Setting next_dagrun for process_files_dynamic to None, run_after=None
[2026-06-11T00:31:30.778+0000] {processor.py:183} INFO - Processing /opt/airflow/dags/com_dinamic_mapping.py took 0.081 seconds
