[2026-06-11T00:00:04.955+0000] {processor.py:161} INFO - Started process (PID=17088) to work on /opt/airflow/dags/dag_monolitico.py
[2026-06-11T00:00:04.956+0000] {processor.py:830} INFO - Processing file /opt/airflow/dags/dag_monolitico.py for tasks to queue
[2026-06-11T00:00:04.957+0000] {logging_mixin.py:188} INFO - [2026-06-11T00:00:04.957+0000] {dagbag.py:545} INFO - Filling up the DagBag from /opt/airflow/dags/dag_monolitico.py
[2026-06-11T00:00:05.144+0000] {processor.py:840} INFO - DAG(s) 'pipeline_clima_monolitico' retrieved from /opt/airflow/dags/dag_monolitico.py
[2026-06-11T00:00:05.179+0000] {logging_mixin.py:188} INFO - [2026-06-11T00:00:05.178+0000] {dag.py:3089} INFO - Sync 1 DAGs
[2026-06-11T00:00:05.203+0000] {logging_mixin.py:188} INFO - [2026-06-11T00:00:05.202+0000] {dag.py:3947} INFO - Setting next_dagrun for pipeline_clima_monolitico to 2024-10-23 00:00:00+00:00, run_after=2024-10-24 00:00:00+00:00
[2026-06-11T00:00:05.225+0000] {processor.py:183} INFO - Processing /opt/airflow/dags/dag_monolitico.py took 0.282 seconds
[2026-06-11T00:00:35.477+0000] {processor.py:161} INFO - Started process (PID=17130) to work on /opt/airflow/dags/dag_monolitico.py
[2026-06-11T00:00:35.478+0000] {processor.py:830} INFO - Processing file /opt/airflow/dags/dag_monolitico.py for tasks to queue
[2026-06-11T00:00:35.479+0000] {logging_mixin.py:188} INFO - [2026-06-11T00:00:35.478+0000] {dagbag.py:545} INFO - Filling up the DagBag from /opt/airflow/dags/dag_monolitico.py
[2026-06-11T00:00:35.675+0000] {processor.py:840} INFO - DAG(s) 'pipeline_clima_monolitico' retrieved from /opt/airflow/dags/dag_monolitico.py
[2026-06-11T00:00:35.704+0000] {logging_mixin.py:188} INFO - [2026-06-11T00:00:35.703+0000] {dag.py:3089} INFO - Sync 1 DAGs
[2026-06-11T00:00:35.717+0000] {logging_mixin.py:188} INFO - [2026-06-11T00:00:35.717+0000] {dag.py:3947} INFO - Setting next_dagrun for pipeline_clima_monolitico to 2024-10-23 00:00:00+00:00, run_after=2024-10-24 00:00:00+00:00
[2026-06-11T00:00:35.729+0000] {processor.py:183} INFO - Processing /opt/airflow/dags/dag_monolitico.py took 0.262 seconds
[2026-06-11T00:01:05.988+0000] {processor.py:161} INFO - Started process (PID=17172) to work on /opt/airflow/dags/dag_monolitico.py
[2026-06-11T00:01:05.989+0000] {processor.py:830} INFO - Processing file /opt/airflow/dags/dag_monolitico.py for tasks to queue
[2026-06-11T00:01:05.990+0000] {logging_mixin.py:188} INFO - [2026-06-11T00:01:05.990+0000] {dagbag.py:545} INFO - Filling up the DagBag from /opt/airflow/dags/dag_monolitico.py
[2026-06-11T00:01:06.180+0000] {processor.py:840} INFO - DAG(s) 'pipeline_clima_monolitico' retrieved from /opt/airflow/dags/dag_monolitico.py
[2026-06-11T00:01:06.202+0000] {logging_mixin.py:188} INFO - [2026-06-11T00:01:06.202+0000] {dag.py:3089} INFO - Sync 1 DAGs
[2026-06-11T00:01:06.214+0000] {logging_mixin.py:188} INFO - [2026-06-11T00:01:06.214+0000] {dag.py:3947} INFO - Setting next_dagrun for pipeline_clima_monolitico to 2024-10-23 00:00:00+00:00, run_after=2024-10-24 00:00:00+00:00
[2026-06-11T00:01:06.225+0000] {processor.py:183} INFO - Processing /opt/airflow/dags/dag_monolitico.py took 0.244 seconds
[2026-06-11T00:01:36.363+0000] {processor.py:161} INFO - Started process (PID=17214) to work on /opt/airflow/dags/dag_monolitico.py
[2026-06-11T00:01:36.364+0000] {processor.py:830} INFO - Processing file /opt/airflow/dags/dag_monolitico.py for tasks to queue
[2026-06-11T00:01:36.366+0000] {logging_mixin.py:188} INFO - [2026-06-11T00:01:36.365+0000] {dagbag.py:545} INFO - Filling up the DagBag from /opt/airflow/dags/dag_monolitico.py
[2026-06-11T00:01:36.554+0000] {processor.py:840} INFO - DAG(s) 'pipeline_clima_monolitico' retrieved from /opt/airflow/dags/dag_monolitico.py
[2026-06-11T00:01:36.578+0000] {logging_mixin.py:188} INFO - [2026-06-11T00:01:36.578+0000] {dag.py:3089} INFO - Sync 1 DAGs
[2026-06-11T00:01:36.591+0000] {logging_mixin.py:188} INFO - [2026-06-11T00:01:36.591+0000] {dag.py:3947} INFO - Setting next_dagrun for pipeline_clima_monolitico to 2024-10-23 00:00:00+00:00, run_after=2024-10-24 00:00:00+00:00
[2026-06-11T00:01:36.612+0000] {processor.py:183} INFO - Processing /opt/airflow/dags/dag_monolitico.py took 0.259 seconds
[2026-06-11T00:02:06.866+0000] {processor.py:161} INFO - Started process (PID=17256) to work on /opt/airflow/dags/dag_monolitico.py
[2026-06-11T00:02:06.868+0000] {processor.py:830} INFO - Processing file /opt/airflow/dags/dag_monolitico.py for tasks to queue
[2026-06-11T00:02:06.868+0000] {logging_mixin.py:188} INFO - [2026-06-11T00:02:06.868+0000] {dagbag.py:545} INFO - Filling up the DagBag from /opt/airflow/dags/dag_monolitico.py
[2026-06-11T00:02:07.053+0000] {processor.py:840} INFO - DAG(s) 'pipeline_clima_monolitico' retrieved from /opt/airflow/dags/dag_monolitico.py
[2026-06-11T00:02:07.073+0000] {logging_mixin.py:188} INFO - [2026-06-11T00:02:07.072+0000] {dag.py:3089} INFO - Sync 1 DAGs
[2026-06-11T00:02:07.086+0000] {logging_mixin.py:188} INFO - [2026-06-11T00:02:07.086+0000] {dag.py:3947} INFO - Setting next_dagrun for pipeline_clima_monolitico to 2024-10-23 00:00:00+00:00, run_after=2024-10-24 00:00:00+00:00
[2026-06-11T00:02:07.097+0000] {processor.py:183} INFO - Processing /opt/airflow/dags/dag_monolitico.py took 0.237 seconds
[2026-06-11T00:02:37.347+0000] {processor.py:161} INFO - Started process (PID=17298) to work on /opt/airflow/dags/dag_monolitico.py
[2026-06-11T00:02:37.347+0000] {processor.py:830} INFO - Processing file /opt/airflow/dags/dag_monolitico.py for tasks to queue
[2026-06-11T00:02:37.348+0000] {logging_mixin.py:188} INFO - [2026-06-11T00:02:37.348+0000] {dagbag.py:545} INFO - Filling up the DagBag from /opt/airflow/dags/dag_monolitico.py
[2026-06-11T00:02:37.547+0000] {processor.py:840} INFO - DAG(s) 'pipeline_clima_monolitico' retrieved from /opt/airflow/dags/dag_monolitico.py
[2026-06-11T00:02:37.570+0000] {logging_mixin.py:188} INFO - [2026-06-11T00:02:37.569+0000] {dag.py:3089} INFO - Sync 1 DAGs
[2026-06-11T00:02:37.582+0000] {logging_mixin.py:188} INFO - [2026-06-11T00:02:37.582+0000] {dag.py:3947} INFO - Setting next_dagrun for pipeline_clima_monolitico to 2024-10-23 00:00:00+00:00, run_after=2024-10-24 00:00:00+00:00
[2026-06-11T00:02:37.598+0000] {processor.py:183} INFO - Processing /opt/airflow/dags/dag_monolitico.py took 0.258 seconds
[2026-06-11T00:03:07.747+0000] {processor.py:161} INFO - Started process (PID=17341) to work on /opt/airflow/dags/dag_monolitico.py
[2026-06-11T00:03:07.748+0000] {processor.py:830} INFO - Processing file /opt/airflow/dags/dag_monolitico.py for tasks to queue
[2026-06-11T00:03:07.750+0000] {logging_mixin.py:188} INFO - [2026-06-11T00:03:07.749+0000] {dagbag.py:545} INFO - Filling up the DagBag from /opt/airflow/dags/dag_monolitico.py
[2026-06-11T00:03:07.936+0000] {processor.py:840} INFO - DAG(s) 'pipeline_clima_monolitico' retrieved from /opt/airflow/dags/dag_monolitico.py
[2026-06-11T00:03:07.961+0000] {logging_mixin.py:188} INFO - [2026-06-11T00:03:07.961+0000] {dag.py:3089} INFO - Sync 1 DAGs
[2026-06-11T00:03:07.982+0000] {logging_mixin.py:188} INFO - [2026-06-11T00:03:07.982+0000] {dag.py:3947} INFO - Setting next_dagrun for pipeline_clima_monolitico to 2024-10-23 00:00:00+00:00, run_after=2024-10-24 00:00:00+00:00
[2026-06-11T00:03:08.002+0000] {processor.py:183} INFO - Processing /opt/airflow/dags/dag_monolitico.py took 0.264 seconds
[2026-06-11T00:03:38.176+0000] {processor.py:161} INFO - Started process (PID=17383) to work on /opt/airflow/dags/dag_monolitico.py
[2026-06-11T00:03:38.177+0000] {processor.py:830} INFO - Processing file /opt/airflow/dags/dag_monolitico.py for tasks to queue
[2026-06-11T00:03:38.178+0000] {logging_mixin.py:188} INFO - [2026-06-11T00:03:38.177+0000] {dagbag.py:545} INFO - Filling up the DagBag from /opt/airflow/dags/dag_monolitico.py
[2026-06-11T00:03:38.366+0000] {processor.py:840} INFO - DAG(s) 'pipeline_clima_monolitico' retrieved from /opt/airflow/dags/dag_monolitico.py
[2026-06-11T00:03:38.392+0000] {logging_mixin.py:188} INFO - [2026-06-11T00:03:38.392+0000] {dag.py:3089} INFO - Sync 1 DAGs
[2026-06-11T00:03:38.418+0000] {logging_mixin.py:188} INFO - [2026-06-11T00:03:38.417+0000] {dag.py:3947} INFO - Setting next_dagrun for pipeline_clima_monolitico to 2024-10-23 00:00:00+00:00, run_after=2024-10-24 00:00:00+00:00
[2026-06-11T00:03:38.477+0000] {processor.py:183} INFO - Processing /opt/airflow/dags/dag_monolitico.py took 0.307 seconds
[2026-06-11T00:04:08.627+0000] {processor.py:161} INFO - Started process (PID=17425) to work on /opt/airflow/dags/dag_monolitico.py
[2026-06-11T00:04:08.629+0000] {processor.py:830} INFO - Processing file /opt/airflow/dags/dag_monolitico.py for tasks to queue
[2026-06-11T00:04:08.630+0000] {logging_mixin.py:188} INFO - [2026-06-11T00:04:08.629+0000] {dagbag.py:545} INFO - Filling up the DagBag from /opt/airflow/dags/dag_monolitico.py
[2026-06-11T00:04:08.814+0000] {processor.py:840} INFO - DAG(s) 'pipeline_clima_monolitico' retrieved from /opt/airflow/dags/dag_monolitico.py
[2026-06-11T00:04:08.848+0000] {logging_mixin.py:188} INFO - [2026-06-11T00:04:08.847+0000] {dag.py:3089} INFO - Sync 1 DAGs
[2026-06-11T00:04:08.871+0000] {logging_mixin.py:188} INFO - [2026-06-11T00:04:08.870+0000] {dag.py:3947} INFO - Setting next_dagrun for pipeline_clima_monolitico to 2024-10-23 00:00:00+00:00, run_after=2024-10-24 00:00:00+00:00
[2026-06-11T00:04:08.897+0000] {processor.py:183} INFO - Processing /opt/airflow/dags/dag_monolitico.py took 0.278 seconds
[2026-06-11T00:04:39.048+0000] {processor.py:161} INFO - Started process (PID=17467) to work on /opt/airflow/dags/dag_monolitico.py
[2026-06-11T00:04:39.049+0000] {processor.py:830} INFO - Processing file /opt/airflow/dags/dag_monolitico.py for tasks to queue
[2026-06-11T00:04:39.050+0000] {logging_mixin.py:188} INFO - [2026-06-11T00:04:39.049+0000] {dagbag.py:545} INFO - Filling up the DagBag from /opt/airflow/dags/dag_monolitico.py
[2026-06-11T00:04:39.295+0000] {processor.py:840} INFO - DAG(s) 'pipeline_clima_monolitico' retrieved from /opt/airflow/dags/dag_monolitico.py
[2026-06-11T00:04:39.327+0000] {logging_mixin.py:188} INFO - [2026-06-11T00:04:39.325+0000] {dag.py:3089} INFO - Sync 1 DAGs
[2026-06-11T00:04:39.350+0000] {logging_mixin.py:188} INFO - [2026-06-11T00:04:39.350+0000] {dag.py:3947} INFO - Setting next_dagrun for pipeline_clima_monolitico to 2024-10-23 00:00:00+00:00, run_after=2024-10-24 00:00:00+00:00
[2026-06-11T00:04:39.367+0000] {processor.py:183} INFO - Processing /opt/airflow/dags/dag_monolitico.py took 0.325 seconds
[2026-06-11T00:05:09.550+0000] {processor.py:161} INFO - Started process (PID=17509) to work on /opt/airflow/dags/dag_monolitico.py
[2026-06-11T00:05:09.552+0000] {processor.py:830} INFO - Processing file /opt/airflow/dags/dag_monolitico.py for tasks to queue
[2026-06-11T00:05:09.553+0000] {logging_mixin.py:188} INFO - [2026-06-11T00:05:09.553+0000] {dagbag.py:545} INFO - Filling up the DagBag from /opt/airflow/dags/dag_monolitico.py
[2026-06-11T00:05:09.760+0000] {processor.py:840} INFO - DAG(s) 'pipeline_clima_monolitico' retrieved from /opt/airflow/dags/dag_monolitico.py
[2026-06-11T00:05:09.792+0000] {logging_mixin.py:188} INFO - [2026-06-11T00:05:09.791+0000] {dag.py:3089} INFO - Sync 1 DAGs
[2026-06-11T00:05:09.813+0000] {logging_mixin.py:188} INFO - [2026-06-11T00:05:09.813+0000] {dag.py:3947} INFO - Setting next_dagrun for pipeline_clima_monolitico to 2024-10-23 00:00:00+00:00, run_after=2024-10-24 00:00:00+00:00
[2026-06-11T00:05:09.836+0000] {processor.py:183} INFO - Processing /opt/airflow/dags/dag_monolitico.py took 0.295 seconds
[2026-06-11T00:05:39.975+0000] {processor.py:161} INFO - Started process (PID=17551) to work on /opt/airflow/dags/dag_monolitico.py
[2026-06-11T00:05:39.977+0000] {processor.py:830} INFO - Processing file /opt/airflow/dags/dag_monolitico.py for tasks to queue
[2026-06-11T00:05:39.978+0000] {logging_mixin.py:188} INFO - [2026-06-11T00:05:39.977+0000] {dagbag.py:545} INFO - Filling up the DagBag from /opt/airflow/dags/dag_monolitico.py
[2026-06-11T00:05:40.162+0000] {processor.py:840} INFO - DAG(s) 'pipeline_clima_monolitico' retrieved from /opt/airflow/dags/dag_monolitico.py
[2026-06-11T00:05:40.183+0000] {logging_mixin.py:188} INFO - [2026-06-11T00:05:40.183+0000] {dag.py:3089} INFO - Sync 1 DAGs
[2026-06-11T00:05:40.199+0000] {logging_mixin.py:188} INFO - [2026-06-11T00:05:40.198+0000] {dag.py:3947} INFO - Setting next_dagrun for pipeline_clima_monolitico to 2024-10-23 00:00:00+00:00, run_after=2024-10-24 00:00:00+00:00
[2026-06-11T00:05:40.222+0000] {processor.py:183} INFO - Processing /opt/airflow/dags/dag_monolitico.py took 0.256 seconds
[2026-06-11T00:06:10.497+0000] {processor.py:161} INFO - Started process (PID=17593) to work on /opt/airflow/dags/dag_monolitico.py
[2026-06-11T00:06:10.499+0000] {processor.py:830} INFO - Processing file /opt/airflow/dags/dag_monolitico.py for tasks to queue
[2026-06-11T00:06:10.500+0000] {logging_mixin.py:188} INFO - [2026-06-11T00:06:10.499+0000] {dagbag.py:545} INFO - Filling up the DagBag from /opt/airflow/dags/dag_monolitico.py
[2026-06-11T00:06:10.773+0000] {processor.py:840} INFO - DAG(s) 'pipeline_clima_monolitico' retrieved from /opt/airflow/dags/dag_monolitico.py
[2026-06-11T00:06:10.806+0000] {logging_mixin.py:188} INFO - [2026-06-11T00:06:10.805+0000] {dag.py:3089} INFO - Sync 1 DAGs
[2026-06-11T00:06:10.829+0000] {logging_mixin.py:188} INFO - [2026-06-11T00:06:10.829+0000] {dag.py:3947} INFO - Setting next_dagrun for pipeline_clima_monolitico to 2024-10-23 00:00:00+00:00, run_after=2024-10-24 00:00:00+00:00
[2026-06-11T00:06:10.850+0000] {processor.py:183} INFO - Processing /opt/airflow/dags/dag_monolitico.py took 0.359 seconds
[2026-06-11T00:06:40.976+0000] {processor.py:161} INFO - Started process (PID=17629) to work on /opt/airflow/dags/dag_monolitico.py
[2026-06-11T00:06:40.976+0000] {processor.py:830} INFO - Processing file /opt/airflow/dags/dag_monolitico.py for tasks to queue
[2026-06-11T00:06:40.977+0000] {logging_mixin.py:188} INFO - [2026-06-11T00:06:40.977+0000] {dagbag.py:545} INFO - Filling up the DagBag from /opt/airflow/dags/dag_monolitico.py
[2026-06-11T00:06:41.176+0000] {processor.py:840} INFO - DAG(s) 'pipeline_clima_monolitico' retrieved from /opt/airflow/dags/dag_monolitico.py
[2026-06-11T00:06:41.208+0000] {logging_mixin.py:188} INFO - [2026-06-11T00:06:41.207+0000] {dag.py:3089} INFO - Sync 1 DAGs
[2026-06-11T00:06:41.224+0000] {logging_mixin.py:188} INFO - [2026-06-11T00:06:41.223+0000] {dag.py:3947} INFO - Setting next_dagrun for pipeline_clima_monolitico to 2024-10-23 00:00:00+00:00, run_after=2024-10-24 00:00:00+00:00
[2026-06-11T00:06:41.245+0000] {processor.py:183} INFO - Processing /opt/airflow/dags/dag_monolitico.py took 0.276 seconds
[2026-06-11T00:07:11.410+0000] {processor.py:161} INFO - Started process (PID=17671) to work on /opt/airflow/dags/dag_monolitico.py
[2026-06-11T00:07:11.412+0000] {processor.py:830} INFO - Processing file /opt/airflow/dags/dag_monolitico.py for tasks to queue
[2026-06-11T00:07:11.413+0000] {logging_mixin.py:188} INFO - [2026-06-11T00:07:11.413+0000] {dagbag.py:545} INFO - Filling up the DagBag from /opt/airflow/dags/dag_monolitico.py
[2026-06-11T00:07:11.593+0000] {processor.py:840} INFO - DAG(s) 'pipeline_clima_monolitico' retrieved from /opt/airflow/dags/dag_monolitico.py
[2026-06-11T00:07:11.630+0000] {logging_mixin.py:188} INFO - [2026-06-11T00:07:11.629+0000] {dag.py:3089} INFO - Sync 1 DAGs
[2026-06-11T00:07:11.656+0000] {logging_mixin.py:188} INFO - [2026-06-11T00:07:11.656+0000] {dag.py:3947} INFO - Setting next_dagrun for pipeline_clima_monolitico to 2024-10-23 00:00:00+00:00, run_after=2024-10-24 00:00:00+00:00
[2026-06-11T00:07:11.672+0000] {processor.py:183} INFO - Processing /opt/airflow/dags/dag_monolitico.py took 0.270 seconds
[2026-06-11T00:07:41.948+0000] {processor.py:161} INFO - Started process (PID=17713) to work on /opt/airflow/dags/dag_monolitico.py
[2026-06-11T00:07:41.950+0000] {processor.py:830} INFO - Processing file /opt/airflow/dags/dag_monolitico.py for tasks to queue
[2026-06-11T00:07:41.951+0000] {logging_mixin.py:188} INFO - [2026-06-11T00:07:41.951+0000] {dagbag.py:545} INFO - Filling up the DagBag from /opt/airflow/dags/dag_monolitico.py
[2026-06-11T00:07:42.132+0000] {processor.py:840} INFO - DAG(s) 'pipeline_clima_monolitico' retrieved from /opt/airflow/dags/dag_monolitico.py
[2026-06-11T00:07:42.158+0000] {logging_mixin.py:188} INFO - [2026-06-11T00:07:42.158+0000] {dag.py:3089} INFO - Sync 1 DAGs
[2026-06-11T00:07:42.182+0000] {logging_mixin.py:188} INFO - [2026-06-11T00:07:42.182+0000] {dag.py:3947} INFO - Setting next_dagrun for pipeline_clima_monolitico to 2024-10-23 00:00:00+00:00, run_after=2024-10-24 00:00:00+00:00
[2026-06-11T00:07:42.195+0000] {processor.py:183} INFO - Processing /opt/airflow/dags/dag_monolitico.py took 0.255 seconds
[2026-06-11T00:08:12.447+0000] {processor.py:161} INFO - Started process (PID=17755) to work on /opt/airflow/dags/dag_monolitico.py
[2026-06-11T00:08:12.447+0000] {processor.py:830} INFO - Processing file /opt/airflow/dags/dag_monolitico.py for tasks to queue
[2026-06-11T00:08:12.448+0000] {logging_mixin.py:188} INFO - [2026-06-11T00:08:12.448+0000] {dagbag.py:545} INFO - Filling up the DagBag from /opt/airflow/dags/dag_monolitico.py
[2026-06-11T00:08:12.634+0000] {processor.py:840} INFO - DAG(s) 'pipeline_clima_monolitico' retrieved from /opt/airflow/dags/dag_monolitico.py
[2026-06-11T00:08:12.654+0000] {logging_mixin.py:188} INFO - [2026-06-11T00:08:12.654+0000] {dag.py:3089} INFO - Sync 1 DAGs
[2026-06-11T00:08:12.667+0000] {logging_mixin.py:188} INFO - [2026-06-11T00:08:12.667+0000] {dag.py:3947} INFO - Setting next_dagrun for pipeline_clima_monolitico to 2024-10-23 00:00:00+00:00, run_after=2024-10-24 00:00:00+00:00
[2026-06-11T00:08:12.680+0000] {processor.py:183} INFO - Processing /opt/airflow/dags/dag_monolitico.py took 0.240 seconds
[2026-06-11T00:08:42.959+0000] {processor.py:161} INFO - Started process (PID=17797) to work on /opt/airflow/dags/dag_monolitico.py
[2026-06-11T00:08:42.959+0000] {processor.py:830} INFO - Processing file /opt/airflow/dags/dag_monolitico.py for tasks to queue
[2026-06-11T00:08:42.960+0000] {logging_mixin.py:188} INFO - [2026-06-11T00:08:42.960+0000] {dagbag.py:545} INFO - Filling up the DagBag from /opt/airflow/dags/dag_monolitico.py
[2026-06-11T00:08:43.143+0000] {processor.py:840} INFO - DAG(s) 'pipeline_clima_monolitico' retrieved from /opt/airflow/dags/dag_monolitico.py
[2026-06-11T00:08:43.166+0000] {logging_mixin.py:188} INFO - [2026-06-11T00:08:43.165+0000] {dag.py:3089} INFO - Sync 1 DAGs
[2026-06-11T00:08:43.178+0000] {logging_mixin.py:188} INFO - [2026-06-11T00:08:43.178+0000] {dag.py:3947} INFO - Setting next_dagrun for pipeline_clima_monolitico to 2024-10-23 00:00:00+00:00, run_after=2024-10-24 00:00:00+00:00
[2026-06-11T00:08:43.197+0000] {processor.py:183} INFO - Processing /opt/airflow/dags/dag_monolitico.py took 0.246 seconds
[2026-06-11T00:09:13.440+0000] {processor.py:161} INFO - Started process (PID=17839) to work on /opt/airflow/dags/dag_monolitico.py
[2026-06-11T00:09:13.442+0000] {processor.py:830} INFO - Processing file /opt/airflow/dags/dag_monolitico.py for tasks to queue
[2026-06-11T00:09:13.443+0000] {logging_mixin.py:188} INFO - [2026-06-11T00:09:13.442+0000] {dagbag.py:545} INFO - Filling up the DagBag from /opt/airflow/dags/dag_monolitico.py
[2026-06-11T00:09:13.632+0000] {processor.py:840} INFO - DAG(s) 'pipeline_clima_monolitico' retrieved from /opt/airflow/dags/dag_monolitico.py
[2026-06-11T00:09:13.657+0000] {logging_mixin.py:188} INFO - [2026-06-11T00:09:13.656+0000] {dag.py:3089} INFO - Sync 1 DAGs
[2026-06-11T00:09:13.673+0000] {logging_mixin.py:188} INFO - [2026-06-11T00:09:13.672+0000] {dag.py:3947} INFO - Setting next_dagrun for pipeline_clima_monolitico to 2024-10-23 00:00:00+00:00, run_after=2024-10-24 00:00:00+00:00
[2026-06-11T00:09:13.694+0000] {processor.py:183} INFO - Processing /opt/airflow/dags/dag_monolitico.py took 0.260 seconds
[2026-06-11T00:09:43.950+0000] {processor.py:161} INFO - Started process (PID=17881) to work on /opt/airflow/dags/dag_monolitico.py
[2026-06-11T00:09:43.951+0000] {processor.py:830} INFO - Processing file /opt/airflow/dags/dag_monolitico.py for tasks to queue
[2026-06-11T00:09:43.952+0000] {logging_mixin.py:188} INFO - [2026-06-11T00:09:43.952+0000] {dagbag.py:545} INFO - Filling up the DagBag from /opt/airflow/dags/dag_monolitico.py
[2026-06-11T00:09:44.173+0000] {processor.py:840} INFO - DAG(s) 'pipeline_clima_monolitico' retrieved from /opt/airflow/dags/dag_monolitico.py
[2026-06-11T00:09:44.201+0000] {logging_mixin.py:188} INFO - [2026-06-11T00:09:44.200+0000] {dag.py:3089} INFO - Sync 1 DAGs
[2026-06-11T00:09:44.214+0000] {logging_mixin.py:188} INFO - [2026-06-11T00:09:44.214+0000] {dag.py:3947} INFO - Setting next_dagrun for pipeline_clima_monolitico to 2024-10-23 00:00:00+00:00, run_after=2024-10-24 00:00:00+00:00
[2026-06-11T00:09:44.227+0000] {processor.py:183} INFO - Processing /opt/airflow/dags/dag_monolitico.py took 0.283 seconds
[2026-06-11T00:10:14.368+0000] {processor.py:161} INFO - Started process (PID=17923) to work on /opt/airflow/dags/dag_monolitico.py
[2026-06-11T00:10:14.370+0000] {processor.py:830} INFO - Processing file /opt/airflow/dags/dag_monolitico.py for tasks to queue
[2026-06-11T00:10:14.371+0000] {logging_mixin.py:188} INFO - [2026-06-11T00:10:14.370+0000] {dagbag.py:545} INFO - Filling up the DagBag from /opt/airflow/dags/dag_monolitico.py
[2026-06-11T00:10:14.554+0000] {processor.py:840} INFO - DAG(s) 'pipeline_clima_monolitico' retrieved from /opt/airflow/dags/dag_monolitico.py
[2026-06-11T00:10:14.589+0000] {logging_mixin.py:188} INFO - [2026-06-11T00:10:14.589+0000] {dag.py:3089} INFO - Sync 1 DAGs
[2026-06-11T00:10:14.605+0000] {logging_mixin.py:188} INFO - [2026-06-11T00:10:14.605+0000] {dag.py:3947} INFO - Setting next_dagrun for pipeline_clima_monolitico to 2024-10-23 00:00:00+00:00, run_after=2024-10-24 00:00:00+00:00
[2026-06-11T00:10:14.618+0000] {processor.py:183} INFO - Processing /opt/airflow/dags/dag_monolitico.py took 0.255 seconds
[2026-06-11T00:10:44.782+0000] {processor.py:161} INFO - Started process (PID=17965) to work on /opt/airflow/dags/dag_monolitico.py
[2026-06-11T00:10:44.782+0000] {processor.py:830} INFO - Processing file /opt/airflow/dags/dag_monolitico.py for tasks to queue
[2026-06-11T00:10:44.783+0000] {logging_mixin.py:188} INFO - [2026-06-11T00:10:44.783+0000] {dagbag.py:545} INFO - Filling up the DagBag from /opt/airflow/dags/dag_monolitico.py
[2026-06-11T00:10:44.966+0000] {processor.py:840} INFO - DAG(s) 'pipeline_clima_monolitico' retrieved from /opt/airflow/dags/dag_monolitico.py
[2026-06-11T00:10:44.988+0000] {logging_mixin.py:188} INFO - [2026-06-11T00:10:44.987+0000] {dag.py:3089} INFO - Sync 1 DAGs
[2026-06-11T00:10:45.000+0000] {logging_mixin.py:188} INFO - [2026-06-11T00:10:45.000+0000] {dag.py:3947} INFO - Setting next_dagrun for pipeline_clima_monolitico to 2024-10-23 00:00:00+00:00, run_after=2024-10-24 00:00:00+00:00
[2026-06-11T00:10:45.011+0000] {processor.py:183} INFO - Processing /opt/airflow/dags/dag_monolitico.py took 0.233 seconds
[2026-06-11T00:11:15.156+0000] {processor.py:161} INFO - Started process (PID=18007) to work on /opt/airflow/dags/dag_monolitico.py
[2026-06-11T00:11:15.158+0000] {processor.py:830} INFO - Processing file /opt/airflow/dags/dag_monolitico.py for tasks to queue
[2026-06-11T00:11:15.158+0000] {logging_mixin.py:188} INFO - [2026-06-11T00:11:15.158+0000] {dagbag.py:545} INFO - Filling up the DagBag from /opt/airflow/dags/dag_monolitico.py
[2026-06-11T00:11:15.363+0000] {processor.py:840} INFO - DAG(s) 'pipeline_clima_monolitico' retrieved from /opt/airflow/dags/dag_monolitico.py
[2026-06-11T00:11:15.396+0000] {logging_mixin.py:188} INFO - [2026-06-11T00:11:15.396+0000] {dag.py:3089} INFO - Sync 1 DAGs
[2026-06-11T00:11:15.414+0000] {logging_mixin.py:188} INFO - [2026-06-11T00:11:15.414+0000] {dag.py:3947} INFO - Setting next_dagrun for pipeline_clima_monolitico to 2024-10-23 00:00:00+00:00, run_after=2024-10-24 00:00:00+00:00
[2026-06-11T00:11:15.431+0000] {processor.py:183} INFO - Processing /opt/airflow/dags/dag_monolitico.py took 0.283 seconds
[2026-06-11T00:11:45.575+0000] {processor.py:161} INFO - Started process (PID=18049) to work on /opt/airflow/dags/dag_monolitico.py
[2026-06-11T00:11:45.576+0000] {processor.py:830} INFO - Processing file /opt/airflow/dags/dag_monolitico.py for tasks to queue
[2026-06-11T00:11:45.577+0000] {logging_mixin.py:188} INFO - [2026-06-11T00:11:45.577+0000] {dagbag.py:545} INFO - Filling up the DagBag from /opt/airflow/dags/dag_monolitico.py
[2026-06-11T00:11:45.762+0000] {processor.py:840} INFO - DAG(s) 'pipeline_clima_monolitico' retrieved from /opt/airflow/dags/dag_monolitico.py
[2026-06-11T00:11:45.787+0000] {logging_mixin.py:188} INFO - [2026-06-11T00:11:45.786+0000] {dag.py:3089} INFO - Sync 1 DAGs
[2026-06-11T00:11:45.800+0000] {logging_mixin.py:188} INFO - [2026-06-11T00:11:45.800+0000] {dag.py:3947} INFO - Setting next_dagrun for pipeline_clima_monolitico to 2024-10-23 00:00:00+00:00, run_after=2024-10-24 00:00:00+00:00
[2026-06-11T00:11:45.817+0000] {processor.py:183} INFO - Processing /opt/airflow/dags/dag_monolitico.py took 0.248 seconds
[2026-06-11T00:12:15.952+0000] {processor.py:161} INFO - Started process (PID=18091) to work on /opt/airflow/dags/dag_monolitico.py
[2026-06-11T00:12:15.953+0000] {processor.py:830} INFO - Processing file /opt/airflow/dags/dag_monolitico.py for tasks to queue
[2026-06-11T00:12:15.954+0000] {logging_mixin.py:188} INFO - [2026-06-11T00:12:15.954+0000] {dagbag.py:545} INFO - Filling up the DagBag from /opt/airflow/dags/dag_monolitico.py
[2026-06-11T00:12:16.199+0000] {processor.py:840} INFO - DAG(s) 'pipeline_clima_monolitico' retrieved from /opt/airflow/dags/dag_monolitico.py
[2026-06-11T00:12:16.233+0000] {logging_mixin.py:188} INFO - [2026-06-11T00:12:16.232+0000] {dag.py:3089} INFO - Sync 1 DAGs
[2026-06-11T00:12:16.264+0000] {logging_mixin.py:188} INFO - [2026-06-11T00:12:16.264+0000] {dag.py:3947} INFO - Setting next_dagrun for pipeline_clima_monolitico to 2024-10-23 00:00:00+00:00, run_after=2024-10-24 00:00:00+00:00
[2026-06-11T00:12:16.286+0000] {processor.py:183} INFO - Processing /opt/airflow/dags/dag_monolitico.py took 0.343 seconds
[2026-06-11T00:12:46.424+0000] {processor.py:161} INFO - Started process (PID=18133) to work on /opt/airflow/dags/dag_monolitico.py
[2026-06-11T00:12:46.425+0000] {processor.py:830} INFO - Processing file /opt/airflow/dags/dag_monolitico.py for tasks to queue
[2026-06-11T00:12:46.425+0000] {logging_mixin.py:188} INFO - [2026-06-11T00:12:46.425+0000] {dagbag.py:545} INFO - Filling up the DagBag from /opt/airflow/dags/dag_monolitico.py
[2026-06-11T00:12:46.631+0000] {processor.py:840} INFO - DAG(s) 'pipeline_clima_monolitico' retrieved from /opt/airflow/dags/dag_monolitico.py
[2026-06-11T00:12:46.670+0000] {logging_mixin.py:188} INFO - [2026-06-11T00:12:46.669+0000] {dag.py:3089} INFO - Sync 1 DAGs
[2026-06-11T00:12:46.698+0000] {logging_mixin.py:188} INFO - [2026-06-11T00:12:46.697+0000] {dag.py:3947} INFO - Setting next_dagrun for pipeline_clima_monolitico to 2024-10-23 00:00:00+00:00, run_after=2024-10-24 00:00:00+00:00
[2026-06-11T00:12:46.719+0000] {processor.py:183} INFO - Processing /opt/airflow/dags/dag_monolitico.py took 0.301 seconds
[2026-06-11T00:13:16.934+0000] {processor.py:161} INFO - Started process (PID=18175) to work on /opt/airflow/dags/dag_monolitico.py
[2026-06-11T00:13:16.936+0000] {processor.py:830} INFO - Processing file /opt/airflow/dags/dag_monolitico.py for tasks to queue
[2026-06-11T00:13:16.936+0000] {logging_mixin.py:188} INFO - [2026-06-11T00:13:16.936+0000] {dagbag.py:545} INFO - Filling up the DagBag from /opt/airflow/dags/dag_monolitico.py
[2026-06-11T00:13:17.213+0000] {processor.py:840} INFO - DAG(s) 'pipeline_clima_monolitico' retrieved from /opt/airflow/dags/dag_monolitico.py
[2026-06-11T00:13:17.245+0000] {logging_mixin.py:188} INFO - [2026-06-11T00:13:17.244+0000] {dag.py:3089} INFO - Sync 1 DAGs
[2026-06-11T00:13:17.267+0000] {logging_mixin.py:188} INFO - [2026-06-11T00:13:17.267+0000] {dag.py:3947} INFO - Setting next_dagrun for pipeline_clima_monolitico to 2024-10-23 00:00:00+00:00, run_after=2024-10-24 00:00:00+00:00
[2026-06-11T00:13:17.282+0000] {processor.py:183} INFO - Processing /opt/airflow/dags/dag_monolitico.py took 0.351 seconds
[2026-06-11T00:13:47.428+0000] {processor.py:161} INFO - Started process (PID=18222) to work on /opt/airflow/dags/dag_monolitico.py
[2026-06-11T00:13:47.429+0000] {processor.py:830} INFO - Processing file /opt/airflow/dags/dag_monolitico.py for tasks to queue
[2026-06-11T00:13:47.430+0000] {logging_mixin.py:188} INFO - [2026-06-11T00:13:47.429+0000] {dagbag.py:545} INFO - Filling up the DagBag from /opt/airflow/dags/dag_monolitico.py
[2026-06-11T00:13:47.688+0000] {processor.py:840} INFO - DAG(s) 'pipeline_clima_monolitico' retrieved from /opt/airflow/dags/dag_monolitico.py
[2026-06-11T00:13:47.727+0000] {logging_mixin.py:188} INFO - [2026-06-11T00:13:47.727+0000] {dag.py:3089} INFO - Sync 1 DAGs
[2026-06-11T00:13:47.742+0000] {logging_mixin.py:188} INFO - [2026-06-11T00:13:47.742+0000] {dag.py:3947} INFO - Setting next_dagrun for pipeline_clima_monolitico to 2024-10-23 00:00:00+00:00, run_after=2024-10-24 00:00:00+00:00
[2026-06-11T00:13:47.771+0000] {processor.py:183} INFO - Processing /opt/airflow/dags/dag_monolitico.py took 0.351 seconds
[2026-06-11T00:14:17.876+0000] {processor.py:161} INFO - Started process (PID=18262) to work on /opt/airflow/dags/dag_monolitico.py
[2026-06-11T00:14:17.879+0000] {processor.py:830} INFO - Processing file /opt/airflow/dags/dag_monolitico.py for tasks to queue
[2026-06-11T00:14:17.880+0000] {logging_mixin.py:188} INFO - [2026-06-11T00:14:17.879+0000] {dagbag.py:545} INFO - Filling up the DagBag from /opt/airflow/dags/dag_monolitico.py
[2026-06-11T00:14:18.082+0000] {processor.py:840} INFO - DAG(s) 'pipeline_clima_monolitico' retrieved from /opt/airflow/dags/dag_monolitico.py
[2026-06-11T00:14:18.114+0000] {logging_mixin.py:188} INFO - [2026-06-11T00:14:18.113+0000] {dag.py:3089} INFO - Sync 1 DAGs
[2026-06-11T00:14:18.127+0000] {logging_mixin.py:188} INFO - [2026-06-11T00:14:18.127+0000] {dag.py:3947} INFO - Setting next_dagrun for pipeline_clima_monolitico to 2024-10-23 00:00:00+00:00, run_after=2024-10-24 00:00:00+00:00
[2026-06-11T00:14:18.141+0000] {processor.py:183} INFO - Processing /opt/airflow/dags/dag_monolitico.py took 0.272 seconds
[2026-06-11T00:14:48.275+0000] {processor.py:161} INFO - Started process (PID=18301) to work on /opt/airflow/dags/dag_monolitico.py
[2026-06-11T00:14:48.279+0000] {processor.py:830} INFO - Processing file /opt/airflow/dags/dag_monolitico.py for tasks to queue
[2026-06-11T00:14:48.279+0000] {logging_mixin.py:188} INFO - [2026-06-11T00:14:48.279+0000] {dagbag.py:545} INFO - Filling up the DagBag from /opt/airflow/dags/dag_monolitico.py
[2026-06-11T00:14:48.463+0000] {processor.py:840} INFO - DAG(s) 'pipeline_clima_monolitico' retrieved from /opt/airflow/dags/dag_monolitico.py
[2026-06-11T00:14:48.498+0000] {logging_mixin.py:188} INFO - [2026-06-11T00:14:48.498+0000] {dag.py:3089} INFO - Sync 1 DAGs
[2026-06-11T00:14:48.519+0000] {logging_mixin.py:188} INFO - [2026-06-11T00:14:48.519+0000] {dag.py:3947} INFO - Setting next_dagrun for pipeline_clima_monolitico to 2024-10-23 00:00:00+00:00, run_after=2024-10-24 00:00:00+00:00
[2026-06-11T00:14:48.534+0000] {processor.py:183} INFO - Processing /opt/airflow/dags/dag_monolitico.py took 0.266 seconds
[2026-06-11T00:15:18.751+0000] {processor.py:161} INFO - Started process (PID=18343) to work on /opt/airflow/dags/dag_monolitico.py
[2026-06-11T00:15:18.755+0000] {processor.py:830} INFO - Processing file /opt/airflow/dags/dag_monolitico.py for tasks to queue
[2026-06-11T00:15:18.758+0000] {logging_mixin.py:188} INFO - [2026-06-11T00:15:18.757+0000] {dagbag.py:545} INFO - Filling up the DagBag from /opt/airflow/dags/dag_monolitico.py
[2026-06-11T00:15:18.962+0000] {processor.py:840} INFO - DAG(s) 'pipeline_clima_monolitico' retrieved from /opt/airflow/dags/dag_monolitico.py
[2026-06-11T00:15:18.983+0000] {logging_mixin.py:188} INFO - [2026-06-11T00:15:18.982+0000] {dag.py:3089} INFO - Sync 1 DAGs
[2026-06-11T00:15:18.996+0000] {logging_mixin.py:188} INFO - [2026-06-11T00:15:18.996+0000] {dag.py:3947} INFO - Setting next_dagrun for pipeline_clima_monolitico to 2024-10-23 00:00:00+00:00, run_after=2024-10-24 00:00:00+00:00
[2026-06-11T00:15:19.008+0000] {processor.py:183} INFO - Processing /opt/airflow/dags/dag_monolitico.py took 0.268 seconds
[2026-06-11T00:15:49.195+0000] {processor.py:161} INFO - Started process (PID=18385) to work on /opt/airflow/dags/dag_monolitico.py
[2026-06-11T00:15:49.195+0000] {processor.py:830} INFO - Processing file /opt/airflow/dags/dag_monolitico.py for tasks to queue
[2026-06-11T00:15:49.196+0000] {logging_mixin.py:188} INFO - [2026-06-11T00:15:49.195+0000] {dagbag.py:545} INFO - Filling up the DagBag from /opt/airflow/dags/dag_monolitico.py
[2026-06-11T00:15:49.392+0000] {processor.py:840} INFO - DAG(s) 'pipeline_clima_monolitico' retrieved from /opt/airflow/dags/dag_monolitico.py
[2026-06-11T00:15:49.417+0000] {logging_mixin.py:188} INFO - [2026-06-11T00:15:49.417+0000] {dag.py:3089} INFO - Sync 1 DAGs
[2026-06-11T00:15:49.432+0000] {logging_mixin.py:188} INFO - [2026-06-11T00:15:49.432+0000] {dag.py:3947} INFO - Setting next_dagrun for pipeline_clima_monolitico to 2024-10-23 00:00:00+00:00, run_after=2024-10-24 00:00:00+00:00
[2026-06-11T00:15:49.450+0000] {processor.py:183} INFO - Processing /opt/airflow/dags/dag_monolitico.py took 0.259 seconds
[2026-06-11T00:16:19.597+0000] {processor.py:161} INFO - Started process (PID=18427) to work on /opt/airflow/dags/dag_monolitico.py
[2026-06-11T00:16:19.599+0000] {processor.py:830} INFO - Processing file /opt/airflow/dags/dag_monolitico.py for tasks to queue
[2026-06-11T00:16:19.600+0000] {logging_mixin.py:188} INFO - [2026-06-11T00:16:19.599+0000] {dagbag.py:545} INFO - Filling up the DagBag from /opt/airflow/dags/dag_monolitico.py
[2026-06-11T00:16:19.788+0000] {processor.py:840} INFO - DAG(s) 'pipeline_clima_monolitico' retrieved from /opt/airflow/dags/dag_monolitico.py
[2026-06-11T00:16:19.821+0000] {logging_mixin.py:188} INFO - [2026-06-11T00:16:19.820+0000] {dag.py:3089} INFO - Sync 1 DAGs
[2026-06-11T00:16:19.846+0000] {logging_mixin.py:188} INFO - [2026-06-11T00:16:19.845+0000] {dag.py:3947} INFO - Setting next_dagrun for pipeline_clima_monolitico to 2024-10-23 00:00:00+00:00, run_after=2024-10-24 00:00:00+00:00
[2026-06-11T00:16:19.870+0000] {processor.py:183} INFO - Processing /opt/airflow/dags/dag_monolitico.py took 0.280 seconds
[2026-06-11T00:16:50.052+0000] {processor.py:161} INFO - Started process (PID=18469) to work on /opt/airflow/dags/dag_monolitico.py
[2026-06-11T00:16:50.053+0000] {processor.py:830} INFO - Processing file /opt/airflow/dags/dag_monolitico.py for tasks to queue
[2026-06-11T00:16:50.054+0000] {logging_mixin.py:188} INFO - [2026-06-11T00:16:50.053+0000] {dagbag.py:545} INFO - Filling up the DagBag from /opt/airflow/dags/dag_monolitico.py
[2026-06-11T00:16:50.240+0000] {processor.py:840} INFO - DAG(s) 'pipeline_clima_monolitico' retrieved from /opt/airflow/dags/dag_monolitico.py
[2026-06-11T00:16:50.267+0000] {logging_mixin.py:188} INFO - [2026-06-11T00:16:50.265+0000] {dag.py:3089} INFO - Sync 1 DAGs
[2026-06-11T00:16:50.287+0000] {logging_mixin.py:188} INFO - [2026-06-11T00:16:50.287+0000] {dag.py:3947} INFO - Setting next_dagrun for pipeline_clima_monolitico to 2024-10-23 00:00:00+00:00, run_after=2024-10-24 00:00:00+00:00
[2026-06-11T00:16:50.302+0000] {processor.py:183} INFO - Processing /opt/airflow/dags/dag_monolitico.py took 0.260 seconds
[2026-06-11T00:17:20.406+0000] {processor.py:161} INFO - Started process (PID=18511) to work on /opt/airflow/dags/dag_monolitico.py
[2026-06-11T00:17:20.407+0000] {processor.py:830} INFO - Processing file /opt/airflow/dags/dag_monolitico.py for tasks to queue
[2026-06-11T00:17:20.409+0000] {logging_mixin.py:188} INFO - [2026-06-11T00:17:20.408+0000] {dagbag.py:545} INFO - Filling up the DagBag from /opt/airflow/dags/dag_monolitico.py
[2026-06-11T00:17:20.672+0000] {processor.py:840} INFO - DAG(s) 'pipeline_clima_monolitico' retrieved from /opt/airflow/dags/dag_monolitico.py
[2026-06-11T00:17:20.699+0000] {logging_mixin.py:188} INFO - [2026-06-11T00:17:20.698+0000] {dag.py:3089} INFO - Sync 1 DAGs
[2026-06-11T00:17:20.711+0000] {logging_mixin.py:188} INFO - [2026-06-11T00:17:20.711+0000] {dag.py:3947} INFO - Setting next_dagrun for pipeline_clima_monolitico to 2024-10-23 00:00:00+00:00, run_after=2024-10-24 00:00:00+00:00
[2026-06-11T00:17:20.726+0000] {processor.py:183} INFO - Processing /opt/airflow/dags/dag_monolitico.py took 0.330 seconds
[2026-06-11T00:17:50.912+0000] {processor.py:161} INFO - Started process (PID=18553) to work on /opt/airflow/dags/dag_monolitico.py
[2026-06-11T00:17:50.914+0000] {processor.py:830} INFO - Processing file /opt/airflow/dags/dag_monolitico.py for tasks to queue
[2026-06-11T00:17:50.915+0000] {logging_mixin.py:188} INFO - [2026-06-11T00:17:50.914+0000] {dagbag.py:545} INFO - Filling up the DagBag from /opt/airflow/dags/dag_monolitico.py
[2026-06-11T00:17:51.175+0000] {processor.py:840} INFO - DAG(s) 'pipeline_clima_monolitico' retrieved from /opt/airflow/dags/dag_monolitico.py
[2026-06-11T00:17:51.209+0000] {logging_mixin.py:188} INFO - [2026-06-11T00:17:51.209+0000] {dag.py:3089} INFO - Sync 1 DAGs
[2026-06-11T00:17:51.235+0000] {logging_mixin.py:188} INFO - [2026-06-11T00:17:51.235+0000] {dag.py:3947} INFO - Setting next_dagrun for pipeline_clima_monolitico to 2024-10-23 00:00:00+00:00, run_after=2024-10-24 00:00:00+00:00
[2026-06-11T00:17:51.255+0000] {processor.py:183} INFO - Processing /opt/airflow/dags/dag_monolitico.py took 0.349 seconds
[2026-06-11T00:18:21.305+0000] {processor.py:161} INFO - Started process (PID=18589) to work on /opt/airflow/dags/dag_monolitico.py
[2026-06-11T00:18:21.306+0000] {processor.py:830} INFO - Processing file /opt/airflow/dags/dag_monolitico.py for tasks to queue
[2026-06-11T00:18:21.307+0000] {logging_mixin.py:188} INFO - [2026-06-11T00:18:21.306+0000] {dagbag.py:545} INFO - Filling up the DagBag from /opt/airflow/dags/dag_monolitico.py
[2026-06-11T00:18:21.562+0000] {processor.py:840} INFO - DAG(s) 'pipeline_clima_monolitico' retrieved from /opt/airflow/dags/dag_monolitico.py
[2026-06-11T00:18:21.599+0000] {logging_mixin.py:188} INFO - [2026-06-11T00:18:21.598+0000] {dag.py:3089} INFO - Sync 1 DAGs
[2026-06-11T00:18:21.624+0000] {logging_mixin.py:188} INFO - [2026-06-11T00:18:21.624+0000] {dag.py:3947} INFO - Setting next_dagrun for pipeline_clima_monolitico to 2024-10-23 00:00:00+00:00, run_after=2024-10-24 00:00:00+00:00
[2026-06-11T00:18:21.644+0000] {processor.py:183} INFO - Processing /opt/airflow/dags/dag_monolitico.py took 0.347 seconds
[2026-06-11T00:18:51.810+0000] {processor.py:161} INFO - Started process (PID=18631) to work on /opt/airflow/dags/dag_monolitico.py
[2026-06-11T00:18:51.813+0000] {processor.py:830} INFO - Processing file /opt/airflow/dags/dag_monolitico.py for tasks to queue
[2026-06-11T00:18:51.816+0000] {logging_mixin.py:188} INFO - [2026-06-11T00:18:51.814+0000] {dagbag.py:545} INFO - Filling up the DagBag from /opt/airflow/dags/dag_monolitico.py
[2026-06-11T00:18:52.004+0000] {processor.py:840} INFO - DAG(s) 'pipeline_clima_monolitico' retrieved from /opt/airflow/dags/dag_monolitico.py
[2026-06-11T00:18:52.029+0000] {logging_mixin.py:188} INFO - [2026-06-11T00:18:52.029+0000] {dag.py:3089} INFO - Sync 1 DAGs
[2026-06-11T00:18:52.048+0000] {logging_mixin.py:188} INFO - [2026-06-11T00:18:52.048+0000] {dag.py:3947} INFO - Setting next_dagrun for pipeline_clima_monolitico to 2024-10-23 00:00:00+00:00, run_after=2024-10-24 00:00:00+00:00
[2026-06-11T00:18:52.065+0000] {processor.py:183} INFO - Processing /opt/airflow/dags/dag_monolitico.py took 0.269 seconds
[2026-06-11T00:19:22.194+0000] {processor.py:161} INFO - Started process (PID=18673) to work on /opt/airflow/dags/dag_monolitico.py
[2026-06-11T00:19:22.195+0000] {processor.py:830} INFO - Processing file /opt/airflow/dags/dag_monolitico.py for tasks to queue
[2026-06-11T00:19:22.196+0000] {logging_mixin.py:188} INFO - [2026-06-11T00:19:22.195+0000] {dagbag.py:545} INFO - Filling up the DagBag from /opt/airflow/dags/dag_monolitico.py
[2026-06-11T00:19:22.385+0000] {processor.py:840} INFO - DAG(s) 'pipeline_clima_monolitico' retrieved from /opt/airflow/dags/dag_monolitico.py
[2026-06-11T00:19:22.411+0000] {logging_mixin.py:188} INFO - [2026-06-11T00:19:22.411+0000] {dag.py:3089} INFO - Sync 1 DAGs
[2026-06-11T00:19:22.424+0000] {logging_mixin.py:188} INFO - [2026-06-11T00:19:22.424+0000] {dag.py:3947} INFO - Setting next_dagrun for pipeline_clima_monolitico to 2024-10-23 00:00:00+00:00, run_after=2024-10-24 00:00:00+00:00
[2026-06-11T00:19:22.440+0000] {processor.py:183} INFO - Processing /opt/airflow/dags/dag_monolitico.py took 0.253 seconds
[2026-06-11T00:19:52.573+0000] {processor.py:161} INFO - Started process (PID=18715) to work on /opt/airflow/dags/dag_monolitico.py
[2026-06-11T00:19:52.575+0000] {processor.py:830} INFO - Processing file /opt/airflow/dags/dag_monolitico.py for tasks to queue
[2026-06-11T00:19:52.575+0000] {logging_mixin.py:188} INFO - [2026-06-11T00:19:52.575+0000] {dagbag.py:545} INFO - Filling up the DagBag from /opt/airflow/dags/dag_monolitico.py
[2026-06-11T00:19:52.830+0000] {processor.py:840} INFO - DAG(s) 'pipeline_clima_monolitico' retrieved from /opt/airflow/dags/dag_monolitico.py
[2026-06-11T00:19:52.856+0000] {logging_mixin.py:188} INFO - [2026-06-11T00:19:52.856+0000] {dag.py:3089} INFO - Sync 1 DAGs
[2026-06-11T00:19:52.869+0000] {logging_mixin.py:188} INFO - [2026-06-11T00:19:52.869+0000] {dag.py:3947} INFO - Setting next_dagrun for pipeline_clima_monolitico to 2024-10-23 00:00:00+00:00, run_after=2024-10-24 00:00:00+00:00
[2026-06-11T00:19:52.884+0000] {processor.py:183} INFO - Processing /opt/airflow/dags/dag_monolitico.py took 0.318 seconds
[2026-06-11T00:20:23.009+0000] {processor.py:161} INFO - Started process (PID=18757) to work on /opt/airflow/dags/dag_monolitico.py
[2026-06-11T00:20:23.010+0000] {processor.py:830} INFO - Processing file /opt/airflow/dags/dag_monolitico.py for tasks to queue
[2026-06-11T00:20:23.011+0000] {logging_mixin.py:188} INFO - [2026-06-11T00:20:23.010+0000] {dagbag.py:545} INFO - Filling up the DagBag from /opt/airflow/dags/dag_monolitico.py
[2026-06-11T00:20:23.286+0000] {processor.py:840} INFO - DAG(s) 'pipeline_clima_monolitico' retrieved from /opt/airflow/dags/dag_monolitico.py
[2026-06-11T00:20:23.318+0000] {logging_mixin.py:188} INFO - [2026-06-11T00:20:23.317+0000] {dag.py:3089} INFO - Sync 1 DAGs
[2026-06-11T00:20:23.350+0000] {logging_mixin.py:188} INFO - [2026-06-11T00:20:23.350+0000] {dag.py:3947} INFO - Setting next_dagrun for pipeline_clima_monolitico to 2024-10-23 00:00:00+00:00, run_after=2024-10-24 00:00:00+00:00
[2026-06-11T00:20:23.377+0000] {processor.py:183} INFO - Processing /opt/airflow/dags/dag_monolitico.py took 0.376 seconds
[2026-06-11T00:20:53.463+0000] {processor.py:161} INFO - Started process (PID=18799) to work on /opt/airflow/dags/dag_monolitico.py
[2026-06-11T00:20:53.465+0000] {processor.py:830} INFO - Processing file /opt/airflow/dags/dag_monolitico.py for tasks to queue
[2026-06-11T00:20:53.466+0000] {logging_mixin.py:188} INFO - [2026-06-11T00:20:53.465+0000] {dagbag.py:545} INFO - Filling up the DagBag from /opt/airflow/dags/dag_monolitico.py
[2026-06-11T00:20:53.721+0000] {processor.py:840} INFO - DAG(s) 'pipeline_clima_monolitico' retrieved from /opt/airflow/dags/dag_monolitico.py
[2026-06-11T00:20:53.756+0000] {logging_mixin.py:188} INFO - [2026-06-11T00:20:53.756+0000] {dag.py:3089} INFO - Sync 1 DAGs
[2026-06-11T00:20:53.776+0000] {logging_mixin.py:188} INFO - [2026-06-11T00:20:53.776+0000] {dag.py:3947} INFO - Setting next_dagrun for pipeline_clima_monolitico to 2024-10-23 00:00:00+00:00, run_after=2024-10-24 00:00:00+00:00
[2026-06-11T00:20:53.793+0000] {processor.py:183} INFO - Processing /opt/airflow/dags/dag_monolitico.py took 0.337 seconds
[2026-06-11T00:21:23.908+0000] {processor.py:161} INFO - Started process (PID=18841) to work on /opt/airflow/dags/dag_monolitico.py
[2026-06-11T00:21:23.908+0000] {processor.py:830} INFO - Processing file /opt/airflow/dags/dag_monolitico.py for tasks to queue
[2026-06-11T00:21:23.908+0000] {logging_mixin.py:188} INFO - [2026-06-11T00:21:23.908+0000] {dagbag.py:545} INFO - Filling up the DagBag from /opt/airflow/dags/dag_monolitico.py
[2026-06-11T00:21:24.178+0000] {processor.py:840} INFO - DAG(s) 'pipeline_clima_monolitico' retrieved from /opt/airflow/dags/dag_monolitico.py
[2026-06-11T00:21:24.206+0000] {logging_mixin.py:188} INFO - [2026-06-11T00:21:24.205+0000] {dag.py:3089} INFO - Sync 1 DAGs
[2026-06-11T00:21:24.223+0000] {logging_mixin.py:188} INFO - [2026-06-11T00:21:24.223+0000] {dag.py:3947} INFO - Setting next_dagrun for pipeline_clima_monolitico to 2024-10-23 00:00:00+00:00, run_after=2024-10-24 00:00:00+00:00
[2026-06-11T00:21:24.243+0000] {processor.py:183} INFO - Processing /opt/airflow/dags/dag_monolitico.py took 0.339 seconds
[2026-06-11T00:21:54.413+0000] {processor.py:161} INFO - Started process (PID=18883) to work on /opt/airflow/dags/dag_monolitico.py
[2026-06-11T00:21:54.415+0000] {processor.py:830} INFO - Processing file /opt/airflow/dags/dag_monolitico.py for tasks to queue
[2026-06-11T00:21:54.415+0000] {logging_mixin.py:188} INFO - [2026-06-11T00:21:54.415+0000] {dagbag.py:545} INFO - Filling up the DagBag from /opt/airflow/dags/dag_monolitico.py
[2026-06-11T00:21:54.616+0000] {processor.py:840} INFO - DAG(s) 'pipeline_clima_monolitico' retrieved from /opt/airflow/dags/dag_monolitico.py
[2026-06-11T00:21:54.653+0000] {logging_mixin.py:188} INFO - [2026-06-11T00:21:54.652+0000] {dag.py:3089} INFO - Sync 1 DAGs
[2026-06-11T00:21:54.675+0000] {logging_mixin.py:188} INFO - [2026-06-11T00:21:54.675+0000] {dag.py:3947} INFO - Setting next_dagrun for pipeline_clima_monolitico to 2024-10-23 00:00:00+00:00, run_after=2024-10-24 00:00:00+00:00
[2026-06-11T00:21:54.694+0000] {processor.py:183} INFO - Processing /opt/airflow/dags/dag_monolitico.py took 0.284 seconds
[2026-06-11T00:22:24.894+0000] {processor.py:161} INFO - Started process (PID=18925) to work on /opt/airflow/dags/dag_monolitico.py
[2026-06-11T00:22:24.895+0000] {processor.py:830} INFO - Processing file /opt/airflow/dags/dag_monolitico.py for tasks to queue
[2026-06-11T00:22:24.895+0000] {logging_mixin.py:188} INFO - [2026-06-11T00:22:24.895+0000] {dagbag.py:545} INFO - Filling up the DagBag from /opt/airflow/dags/dag_monolitico.py
[2026-06-11T00:22:25.111+0000] {processor.py:840} INFO - DAG(s) 'pipeline_clima_monolitico' retrieved from /opt/airflow/dags/dag_monolitico.py
[2026-06-11T00:22:25.144+0000] {logging_mixin.py:188} INFO - [2026-06-11T00:22:25.144+0000] {dag.py:3089} INFO - Sync 1 DAGs
[2026-06-11T00:22:25.161+0000] {logging_mixin.py:188} INFO - [2026-06-11T00:22:25.161+0000] {dag.py:3947} INFO - Setting next_dagrun for pipeline_clima_monolitico to 2024-10-23 00:00:00+00:00, run_after=2024-10-24 00:00:00+00:00
[2026-06-11T00:22:25.185+0000] {processor.py:183} INFO - Processing /opt/airflow/dags/dag_monolitico.py took 0.298 seconds
[2026-06-11T00:22:55.353+0000] {processor.py:161} INFO - Started process (PID=18967) to work on /opt/airflow/dags/dag_monolitico.py
[2026-06-11T00:22:55.355+0000] {processor.py:830} INFO - Processing file /opt/airflow/dags/dag_monolitico.py for tasks to queue
[2026-06-11T00:22:55.355+0000] {logging_mixin.py:188} INFO - [2026-06-11T00:22:55.355+0000] {dagbag.py:545} INFO - Filling up the DagBag from /opt/airflow/dags/dag_monolitico.py
[2026-06-11T00:22:55.546+0000] {processor.py:840} INFO - DAG(s) 'pipeline_clima_monolitico' retrieved from /opt/airflow/dags/dag_monolitico.py
[2026-06-11T00:22:55.573+0000] {logging_mixin.py:188} INFO - [2026-06-11T00:22:55.570+0000] {dag.py:3089} INFO - Sync 1 DAGs
[2026-06-11T00:22:55.599+0000] {logging_mixin.py:188} INFO - [2026-06-11T00:22:55.599+0000] {dag.py:3947} INFO - Setting next_dagrun for pipeline_clima_monolitico to 2024-10-23 00:00:00+00:00, run_after=2024-10-24 00:00:00+00:00
[2026-06-11T00:22:55.620+0000] {processor.py:183} INFO - Processing /opt/airflow/dags/dag_monolitico.py took 0.270 seconds
[2026-06-11T00:23:25.745+0000] {processor.py:161} INFO - Started process (PID=19009) to work on /opt/airflow/dags/dag_monolitico.py
[2026-06-11T00:23:25.745+0000] {processor.py:830} INFO - Processing file /opt/airflow/dags/dag_monolitico.py for tasks to queue
[2026-06-11T00:23:25.746+0000] {logging_mixin.py:188} INFO - [2026-06-11T00:23:25.746+0000] {dagbag.py:545} INFO - Filling up the DagBag from /opt/airflow/dags/dag_monolitico.py
[2026-06-11T00:23:25.953+0000] {processor.py:840} INFO - DAG(s) 'pipeline_clima_monolitico' retrieved from /opt/airflow/dags/dag_monolitico.py
[2026-06-11T00:23:25.978+0000] {logging_mixin.py:188} INFO - [2026-06-11T00:23:25.978+0000] {dag.py:3089} INFO - Sync 1 DAGs
[2026-06-11T00:23:25.997+0000] {logging_mixin.py:188} INFO - [2026-06-11T00:23:25.997+0000] {dag.py:3947} INFO - Setting next_dagrun for pipeline_clima_monolitico to 2024-10-23 00:00:00+00:00, run_after=2024-10-24 00:00:00+00:00
[2026-06-11T00:23:26.013+0000] {processor.py:183} INFO - Processing /opt/airflow/dags/dag_monolitico.py took 0.275 seconds
[2026-06-11T00:23:56.093+0000] {processor.py:161} INFO - Started process (PID=19051) to work on /opt/airflow/dags/dag_monolitico.py
[2026-06-11T00:23:56.095+0000] {processor.py:830} INFO - Processing file /opt/airflow/dags/dag_monolitico.py for tasks to queue
[2026-06-11T00:23:56.096+0000] {logging_mixin.py:188} INFO - [2026-06-11T00:23:56.096+0000] {dagbag.py:545} INFO - Filling up the DagBag from /opt/airflow/dags/dag_monolitico.py
[2026-06-11T00:23:56.292+0000] {processor.py:840} INFO - DAG(s) 'pipeline_clima_monolitico' retrieved from /opt/airflow/dags/dag_monolitico.py
[2026-06-11T00:23:56.318+0000] {logging_mixin.py:188} INFO - [2026-06-11T00:23:56.318+0000] {dag.py:3089} INFO - Sync 1 DAGs
[2026-06-11T00:23:56.340+0000] {logging_mixin.py:188} INFO - [2026-06-11T00:23:56.339+0000] {dag.py:3947} INFO - Setting next_dagrun for pipeline_clima_monolitico to 2024-10-23 00:00:00+00:00, run_after=2024-10-24 00:00:00+00:00
[2026-06-11T00:23:56.364+0000] {processor.py:183} INFO - Processing /opt/airflow/dags/dag_monolitico.py took 0.282 seconds
[2026-06-11T00:24:26.597+0000] {processor.py:161} INFO - Started process (PID=19094) to work on /opt/airflow/dags/dag_monolitico.py
[2026-06-11T00:24:26.598+0000] {processor.py:830} INFO - Processing file /opt/airflow/dags/dag_monolitico.py for tasks to queue
[2026-06-11T00:24:26.599+0000] {logging_mixin.py:188} INFO - [2026-06-11T00:24:26.599+0000] {dagbag.py:545} INFO - Filling up the DagBag from /opt/airflow/dags/dag_monolitico.py
[2026-06-11T00:24:26.915+0000] {processor.py:840} INFO - DAG(s) 'pipeline_clima_monolitico' retrieved from /opt/airflow/dags/dag_monolitico.py
[2026-06-11T00:24:26.941+0000] {logging_mixin.py:188} INFO - [2026-06-11T00:24:26.941+0000] {dag.py:3089} INFO - Sync 1 DAGs
[2026-06-11T00:24:26.968+0000] {logging_mixin.py:188} INFO - [2026-06-11T00:24:26.968+0000] {dag.py:3947} INFO - Setting next_dagrun for pipeline_clima_monolitico to 2024-10-23 00:00:00+00:00, run_after=2024-10-24 00:00:00+00:00
[2026-06-11T00:24:26.992+0000] {processor.py:183} INFO - Processing /opt/airflow/dags/dag_monolitico.py took 0.401 seconds
[2026-06-11T00:24:57.096+0000] {processor.py:161} INFO - Started process (PID=19136) to work on /opt/airflow/dags/dag_monolitico.py
[2026-06-11T00:24:57.098+0000] {processor.py:830} INFO - Processing file /opt/airflow/dags/dag_monolitico.py for tasks to queue
[2026-06-11T00:24:57.099+0000] {logging_mixin.py:188} INFO - [2026-06-11T00:24:57.099+0000] {dagbag.py:545} INFO - Filling up the DagBag from /opt/airflow/dags/dag_monolitico.py
[2026-06-11T00:24:57.293+0000] {processor.py:840} INFO - DAG(s) 'pipeline_clima_monolitico' retrieved from /opt/airflow/dags/dag_monolitico.py
[2026-06-11T00:24:57.319+0000] {logging_mixin.py:188} INFO - [2026-06-11T00:24:57.318+0000] {dag.py:3089} INFO - Sync 1 DAGs
[2026-06-11T00:24:57.338+0000] {logging_mixin.py:188} INFO - [2026-06-11T00:24:57.338+0000] {dag.py:3947} INFO - Setting next_dagrun for pipeline_clima_monolitico to 2024-10-23 00:00:00+00:00, run_after=2024-10-24 00:00:00+00:00
[2026-06-11T00:24:57.383+0000] {processor.py:183} INFO - Processing /opt/airflow/dags/dag_monolitico.py took 0.295 seconds
[2026-06-11T00:25:27.487+0000] {processor.py:161} INFO - Started process (PID=19178) to work on /opt/airflow/dags/dag_monolitico.py
[2026-06-11T00:25:27.489+0000] {processor.py:830} INFO - Processing file /opt/airflow/dags/dag_monolitico.py for tasks to queue
[2026-06-11T00:25:27.490+0000] {logging_mixin.py:188} INFO - [2026-06-11T00:25:27.489+0000] {dagbag.py:545} INFO - Filling up the DagBag from /opt/airflow/dags/dag_monolitico.py
[2026-06-11T00:25:27.762+0000] {processor.py:840} INFO - DAG(s) 'pipeline_clima_monolitico' retrieved from /opt/airflow/dags/dag_monolitico.py
[2026-06-11T00:25:27.798+0000] {logging_mixin.py:188} INFO - [2026-06-11T00:25:27.798+0000] {dag.py:3089} INFO - Sync 1 DAGs
[2026-06-11T00:25:27.815+0000] {logging_mixin.py:188} INFO - [2026-06-11T00:25:27.815+0000] {dag.py:3947} INFO - Setting next_dagrun for pipeline_clima_monolitico to 2024-10-23 00:00:00+00:00, run_after=2024-10-24 00:00:00+00:00
[2026-06-11T00:25:27.836+0000] {processor.py:183} INFO - Processing /opt/airflow/dags/dag_monolitico.py took 0.357 seconds
[2026-06-11T00:25:57.951+0000] {processor.py:161} INFO - Started process (PID=19220) to work on /opt/airflow/dags/dag_monolitico.py
[2026-06-11T00:25:57.952+0000] {processor.py:830} INFO - Processing file /opt/airflow/dags/dag_monolitico.py for tasks to queue
[2026-06-11T00:25:57.953+0000] {logging_mixin.py:188} INFO - [2026-06-11T00:25:57.952+0000] {dagbag.py:545} INFO - Filling up the DagBag from /opt/airflow/dags/dag_monolitico.py
[2026-06-11T00:25:58.139+0000] {processor.py:840} INFO - DAG(s) 'pipeline_clima_monolitico' retrieved from /opt/airflow/dags/dag_monolitico.py
[2026-06-11T00:25:58.163+0000] {logging_mixin.py:188} INFO - [2026-06-11T00:25:58.163+0000] {dag.py:3089} INFO - Sync 1 DAGs
[2026-06-11T00:25:58.183+0000] {logging_mixin.py:188} INFO - [2026-06-11T00:25:58.183+0000] {dag.py:3947} INFO - Setting next_dagrun for pipeline_clima_monolitico to 2024-10-23 00:00:00+00:00, run_after=2024-10-24 00:00:00+00:00
[2026-06-11T00:25:58.205+0000] {processor.py:183} INFO - Processing /opt/airflow/dags/dag_monolitico.py took 0.260 seconds
[2026-06-11T00:26:28.437+0000] {processor.py:161} INFO - Started process (PID=19262) to work on /opt/airflow/dags/dag_monolitico.py
[2026-06-11T00:26:28.438+0000] {processor.py:830} INFO - Processing file /opt/airflow/dags/dag_monolitico.py for tasks to queue
[2026-06-11T00:26:28.440+0000] {logging_mixin.py:188} INFO - [2026-06-11T00:26:28.439+0000] {dagbag.py:545} INFO - Filling up the DagBag from /opt/airflow/dags/dag_monolitico.py
[2026-06-11T00:26:28.697+0000] {processor.py:840} INFO - DAG(s) 'pipeline_clima_monolitico' retrieved from /opt/airflow/dags/dag_monolitico.py
[2026-06-11T00:26:28.731+0000] {logging_mixin.py:188} INFO - [2026-06-11T00:26:28.731+0000] {dag.py:3089} INFO - Sync 1 DAGs
[2026-06-11T00:26:28.756+0000] {logging_mixin.py:188} INFO - [2026-06-11T00:26:28.756+0000] {dag.py:3947} INFO - Setting next_dagrun for pipeline_clima_monolitico to 2024-10-23 00:00:00+00:00, run_after=2024-10-24 00:00:00+00:00
[2026-06-11T00:26:28.778+0000] {processor.py:183} INFO - Processing /opt/airflow/dags/dag_monolitico.py took 0.348 seconds
[2026-06-11T00:26:58.895+0000] {processor.py:161} INFO - Started process (PID=19307) to work on /opt/airflow/dags/dag_monolitico.py
[2026-06-11T00:26:58.896+0000] {processor.py:830} INFO - Processing file /opt/airflow/dags/dag_monolitico.py for tasks to queue
[2026-06-11T00:26:58.897+0000] {logging_mixin.py:188} INFO - [2026-06-11T00:26:58.896+0000] {dagbag.py:545} INFO - Filling up the DagBag from /opt/airflow/dags/dag_monolitico.py
[2026-06-11T00:26:59.161+0000] {processor.py:840} INFO - DAG(s) 'pipeline_clima_monolitico' retrieved from /opt/airflow/dags/dag_monolitico.py
[2026-06-11T00:26:59.182+0000] {logging_mixin.py:188} INFO - [2026-06-11T00:26:59.182+0000] {dag.py:3089} INFO - Sync 1 DAGs
[2026-06-11T00:26:59.195+0000] {logging_mixin.py:188} INFO - [2026-06-11T00:26:59.195+0000] {dag.py:3947} INFO - Setting next_dagrun for pipeline_clima_monolitico to 2024-10-23 00:00:00+00:00, run_after=2024-10-24 00:00:00+00:00
[2026-06-11T00:26:59.213+0000] {processor.py:183} INFO - Processing /opt/airflow/dags/dag_monolitico.py took 0.325 seconds
[2026-06-11T00:27:29.288+0000] {processor.py:161} INFO - Started process (PID=19351) to work on /opt/airflow/dags/dag_monolitico.py
[2026-06-11T00:27:29.290+0000] {processor.py:830} INFO - Processing file /opt/airflow/dags/dag_monolitico.py for tasks to queue
[2026-06-11T00:27:29.292+0000] {logging_mixin.py:188} INFO - [2026-06-11T00:27:29.291+0000] {dagbag.py:545} INFO - Filling up the DagBag from /opt/airflow/dags/dag_monolitico.py
[2026-06-11T00:27:29.533+0000] {processor.py:840} INFO - DAG(s) 'pipeline_clima_monolitico' retrieved from /opt/airflow/dags/dag_monolitico.py
[2026-06-11T00:27:29.561+0000] {logging_mixin.py:188} INFO - [2026-06-11T00:27:29.561+0000] {dag.py:3089} INFO - Sync 1 DAGs
[2026-06-11T00:27:29.588+0000] {logging_mixin.py:188} INFO - [2026-06-11T00:27:29.587+0000] {dag.py:3947} INFO - Setting next_dagrun for pipeline_clima_monolitico to 2024-10-23 00:00:00+00:00, run_after=2024-10-24 00:00:00+00:00
[2026-06-11T00:27:29.605+0000] {processor.py:183} INFO - Processing /opt/airflow/dags/dag_monolitico.py took 0.320 seconds
[2026-06-11T00:27:59.730+0000] {processor.py:161} INFO - Started process (PID=19391) to work on /opt/airflow/dags/dag_monolitico.py
[2026-06-11T00:27:59.732+0000] {processor.py:830} INFO - Processing file /opt/airflow/dags/dag_monolitico.py for tasks to queue
[2026-06-11T00:27:59.733+0000] {logging_mixin.py:188} INFO - [2026-06-11T00:27:59.733+0000] {dagbag.py:545} INFO - Filling up the DagBag from /opt/airflow/dags/dag_monolitico.py
[2026-06-11T00:27:59.964+0000] {processor.py:840} INFO - DAG(s) 'pipeline_clima_monolitico' retrieved from /opt/airflow/dags/dag_monolitico.py
[2026-06-11T00:27:59.989+0000] {logging_mixin.py:188} INFO - [2026-06-11T00:27:59.989+0000] {dag.py:3089} INFO - Sync 1 DAGs
[2026-06-11T00:28:00.012+0000] {logging_mixin.py:188} INFO - [2026-06-11T00:28:00.011+0000] {dag.py:3947} INFO - Setting next_dagrun for pipeline_clima_monolitico to 2024-10-23 00:00:00+00:00, run_after=2024-10-24 00:00:00+00:00
[2026-06-11T00:28:00.030+0000] {processor.py:183} INFO - Processing /opt/airflow/dags/dag_monolitico.py took 0.307 seconds
[2026-06-11T00:28:30.100+0000] {processor.py:161} INFO - Started process (PID=19433) to work on /opt/airflow/dags/dag_monolitico.py
[2026-06-11T00:28:30.102+0000] {processor.py:830} INFO - Processing file /opt/airflow/dags/dag_monolitico.py for tasks to queue
[2026-06-11T00:28:30.103+0000] {logging_mixin.py:188} INFO - [2026-06-11T00:28:30.103+0000] {dagbag.py:545} INFO - Filling up the DagBag from /opt/airflow/dags/dag_monolitico.py
[2026-06-11T00:28:30.323+0000] {processor.py:840} INFO - DAG(s) 'pipeline_clima_monolitico' retrieved from /opt/airflow/dags/dag_monolitico.py
[2026-06-11T00:28:30.353+0000] {logging_mixin.py:188} INFO - [2026-06-11T00:28:30.353+0000] {dag.py:3089} INFO - Sync 1 DAGs
[2026-06-11T00:28:30.371+0000] {logging_mixin.py:188} INFO - [2026-06-11T00:28:30.371+0000] {dag.py:3947} INFO - Setting next_dagrun for pipeline_clima_monolitico to 2024-10-23 00:00:00+00:00, run_after=2024-10-24 00:00:00+00:00
[2026-06-11T00:28:30.515+0000] {processor.py:183} INFO - Processing /opt/airflow/dags/dag_monolitico.py took 0.420 seconds
[2026-06-11T00:29:00.631+0000] {processor.py:161} INFO - Started process (PID=19476) to work on /opt/airflow/dags/dag_monolitico.py
[2026-06-11T00:29:00.632+0000] {processor.py:830} INFO - Processing file /opt/airflow/dags/dag_monolitico.py for tasks to queue
[2026-06-11T00:29:00.632+0000] {logging_mixin.py:188} INFO - [2026-06-11T00:29:00.632+0000] {dagbag.py:545} INFO - Filling up the DagBag from /opt/airflow/dags/dag_monolitico.py
[2026-06-11T00:29:00.832+0000] {processor.py:840} INFO - DAG(s) 'pipeline_clima_monolitico' retrieved from /opt/airflow/dags/dag_monolitico.py
[2026-06-11T00:29:00.866+0000] {logging_mixin.py:188} INFO - [2026-06-11T00:29:00.865+0000] {dag.py:3089} INFO - Sync 1 DAGs
[2026-06-11T00:29:00.892+0000] {logging_mixin.py:188} INFO - [2026-06-11T00:29:00.891+0000] {dag.py:3947} INFO - Setting next_dagrun for pipeline_clima_monolitico to 2024-10-23 00:00:00+00:00, run_after=2024-10-24 00:00:00+00:00
[2026-06-11T00:29:00.914+0000] {processor.py:183} INFO - Processing /opt/airflow/dags/dag_monolitico.py took 0.289 seconds
[2026-06-11T00:29:31.003+0000] {processor.py:161} INFO - Started process (PID=19518) to work on /opt/airflow/dags/dag_monolitico.py
[2026-06-11T00:29:31.005+0000] {processor.py:830} INFO - Processing file /opt/airflow/dags/dag_monolitico.py for tasks to queue
[2026-06-11T00:29:31.007+0000] {logging_mixin.py:188} INFO - [2026-06-11T00:29:31.006+0000] {dagbag.py:545} INFO - Filling up the DagBag from /opt/airflow/dags/dag_monolitico.py
[2026-06-11T00:29:31.204+0000] {processor.py:840} INFO - DAG(s) 'pipeline_clima_monolitico' retrieved from /opt/airflow/dags/dag_monolitico.py
[2026-06-11T00:29:31.225+0000] {logging_mixin.py:188} INFO - [2026-06-11T00:29:31.225+0000] {dag.py:3089} INFO - Sync 1 DAGs
[2026-06-11T00:29:31.250+0000] {logging_mixin.py:188} INFO - [2026-06-11T00:29:31.250+0000] {dag.py:3947} INFO - Setting next_dagrun for pipeline_clima_monolitico to 2024-10-23 00:00:00+00:00, run_after=2024-10-24 00:00:00+00:00
[2026-06-11T00:29:31.271+0000] {processor.py:183} INFO - Processing /opt/airflow/dags/dag_monolitico.py took 0.276 seconds
[2026-06-11T00:30:01.460+0000] {processor.py:161} INFO - Started process (PID=19560) to work on /opt/airflow/dags/dag_monolitico.py
[2026-06-11T00:30:01.461+0000] {processor.py:830} INFO - Processing file /opt/airflow/dags/dag_monolitico.py for tasks to queue
[2026-06-11T00:30:01.461+0000] {logging_mixin.py:188} INFO - [2026-06-11T00:30:01.461+0000] {dagbag.py:545} INFO - Filling up the DagBag from /opt/airflow/dags/dag_monolitico.py
[2026-06-11T00:30:01.645+0000] {processor.py:840} INFO - DAG(s) 'pipeline_clima_monolitico' retrieved from /opt/airflow/dags/dag_monolitico.py
[2026-06-11T00:30:01.679+0000] {logging_mixin.py:188} INFO - [2026-06-11T00:30:01.676+0000] {dag.py:3089} INFO - Sync 1 DAGs
[2026-06-11T00:30:01.696+0000] {logging_mixin.py:188} INFO - [2026-06-11T00:30:01.696+0000] {dag.py:3947} INFO - Setting next_dagrun for pipeline_clima_monolitico to 2024-10-23 00:00:00+00:00, run_after=2024-10-24 00:00:00+00:00
[2026-06-11T00:30:01.710+0000] {processor.py:183} INFO - Processing /opt/airflow/dags/dag_monolitico.py took 0.254 seconds
[2026-06-11T00:30:31.939+0000] {processor.py:161} INFO - Started process (PID=19602) to work on /opt/airflow/dags/dag_monolitico.py
[2026-06-11T00:30:31.942+0000] {processor.py:830} INFO - Processing file /opt/airflow/dags/dag_monolitico.py for tasks to queue
[2026-06-11T00:30:31.943+0000] {logging_mixin.py:188} INFO - [2026-06-11T00:30:31.942+0000] {dagbag.py:545} INFO - Filling up the DagBag from /opt/airflow/dags/dag_monolitico.py
[2026-06-11T00:30:32.146+0000] {processor.py:840} INFO - DAG(s) 'pipeline_clima_monolitico' retrieved from /opt/airflow/dags/dag_monolitico.py
[2026-06-11T00:30:32.177+0000] {logging_mixin.py:188} INFO - [2026-06-11T00:30:32.176+0000] {dag.py:3089} INFO - Sync 1 DAGs
[2026-06-11T00:30:32.197+0000] {logging_mixin.py:188} INFO - [2026-06-11T00:30:32.196+0000] {dag.py:3947} INFO - Setting next_dagrun for pipeline_clima_monolitico to 2024-10-23 00:00:00+00:00, run_after=2024-10-24 00:00:00+00:00
[2026-06-11T00:30:32.215+0000] {processor.py:183} INFO - Processing /opt/airflow/dags/dag_monolitico.py took 0.284 seconds
[2026-06-11T00:31:02.369+0000] {processor.py:161} INFO - Started process (PID=19644) to work on /opt/airflow/dags/dag_monolitico.py
[2026-06-11T00:31:02.371+0000] {processor.py:830} INFO - Processing file /opt/airflow/dags/dag_monolitico.py for tasks to queue
[2026-06-11T00:31:02.372+0000] {logging_mixin.py:188} INFO - [2026-06-11T00:31:02.372+0000] {dagbag.py:545} INFO - Filling up the DagBag from /opt/airflow/dags/dag_monolitico.py
[2026-06-11T00:31:02.551+0000] {processor.py:840} INFO - DAG(s) 'pipeline_clima_monolitico' retrieved from /opt/airflow/dags/dag_monolitico.py
[2026-06-11T00:31:02.575+0000] {logging_mixin.py:188} INFO - [2026-06-11T00:31:02.575+0000] {dag.py:3089} INFO - Sync 1 DAGs
[2026-06-11T00:31:02.680+0000] {logging_mixin.py:188} INFO - [2026-06-11T00:31:02.680+0000] {dag.py:3947} INFO - Setting next_dagrun for pipeline_clima_monolitico to 2024-10-23 00:00:00+00:00, run_after=2024-10-24 00:00:00+00:00
[2026-06-11T00:31:02.704+0000] {processor.py:183} INFO - Processing /opt/airflow/dags/dag_monolitico.py took 0.344 seconds
[2026-06-11T00:31:32.827+0000] {processor.py:161} INFO - Started process (PID=19686) to work on /opt/airflow/dags/dag_monolitico.py
[2026-06-11T00:31:32.829+0000] {processor.py:830} INFO - Processing file /opt/airflow/dags/dag_monolitico.py for tasks to queue
[2026-06-11T00:31:32.830+0000] {logging_mixin.py:188} INFO - [2026-06-11T00:31:32.830+0000] {dagbag.py:545} INFO - Filling up the DagBag from /opt/airflow/dags/dag_monolitico.py
[2026-06-11T00:31:33.011+0000] {processor.py:840} INFO - DAG(s) 'pipeline_clima_monolitico' retrieved from /opt/airflow/dags/dag_monolitico.py
[2026-06-11T00:31:33.043+0000] {logging_mixin.py:188} INFO - [2026-06-11T00:31:33.042+0000] {dag.py:3089} INFO - Sync 1 DAGs
[2026-06-11T00:31:33.065+0000] {logging_mixin.py:188} INFO - [2026-06-11T00:31:33.065+0000] {dag.py:3947} INFO - Setting next_dagrun for pipeline_clima_monolitico to 2024-10-23 00:00:00+00:00, run_after=2024-10-24 00:00:00+00:00
[2026-06-11T00:31:33.087+0000] {processor.py:183} INFO - Processing /opt/airflow/dags/dag_monolitico.py took 0.264 seconds
