[2026-06-11T00:00:02.807+0000] {processor.py:161} INFO - Started process (PID=17073) to work on /opt/airflow/dags/retry_backoff.py
[2026-06-11T00:00:02.808+0000] {processor.py:830} INFO - Processing file /opt/airflow/dags/retry_backoff.py for tasks to queue
[2026-06-11T00:00:02.809+0000] {logging_mixin.py:188} INFO - [2026-06-11T00:00:02.808+0000] {dagbag.py:545} INFO - Filling up the DagBag from /opt/airflow/dags/retry_backoff.py
[2026-06-11T00:00:02.814+0000] {processor.py:840} INFO - DAG(s) 'retry_backoff' retrieved from /opt/airflow/dags/retry_backoff.py
[2026-06-11T00:00:02.845+0000] {logging_mixin.py:188} INFO - [2026-06-11T00:00:02.845+0000] {dag.py:3089} INFO - Sync 1 DAGs
[2026-06-11T00:00:02.861+0000] {logging_mixin.py:188} INFO - [2026-06-11T00:00:02.861+0000] {dag.py:3947} INFO - Setting next_dagrun for retry_backoff to None, run_after=None
[2026-06-11T00:00:02.886+0000] {processor.py:183} INFO - Processing /opt/airflow/dags/retry_backoff.py took 0.094 seconds
[2026-06-11T00:00:33.372+0000] {processor.py:161} INFO - Started process (PID=17115) to work on /opt/airflow/dags/retry_backoff.py
[2026-06-11T00:00:33.372+0000] {processor.py:830} INFO - Processing file /opt/airflow/dags/retry_backoff.py for tasks to queue
[2026-06-11T00:00:33.373+0000] {logging_mixin.py:188} INFO - [2026-06-11T00:00:33.373+0000] {dagbag.py:545} INFO - Filling up the DagBag from /opt/airflow/dags/retry_backoff.py
[2026-06-11T00:00:33.381+0000] {processor.py:840} INFO - DAG(s) 'retry_backoff' retrieved from /opt/airflow/dags/retry_backoff.py
[2026-06-11T00:00:33.404+0000] {logging_mixin.py:188} INFO - [2026-06-11T00:00:33.404+0000] {dag.py:3089} INFO - Sync 1 DAGs
[2026-06-11T00:00:33.416+0000] {logging_mixin.py:188} INFO - [2026-06-11T00:00:33.416+0000] {dag.py:3947} INFO - Setting next_dagrun for retry_backoff to None, run_after=None
[2026-06-11T00:00:33.432+0000] {processor.py:183} INFO - Processing /opt/airflow/dags/retry_backoff.py took 0.070 seconds
[2026-06-11T00:01:03.850+0000] {processor.py:161} INFO - Started process (PID=17157) to work on /opt/airflow/dags/retry_backoff.py
[2026-06-11T00:01:03.852+0000] {processor.py:830} INFO - Processing file /opt/airflow/dags/retry_backoff.py for tasks to queue
[2026-06-11T00:01:03.852+0000] {logging_mixin.py:188} INFO - [2026-06-11T00:01:03.852+0000] {dagbag.py:545} INFO - Filling up the DagBag from /opt/airflow/dags/retry_backoff.py
[2026-06-11T00:01:03.858+0000] {processor.py:840} INFO - DAG(s) 'retry_backoff' retrieved from /opt/airflow/dags/retry_backoff.py
[2026-06-11T00:01:03.898+0000] {logging_mixin.py:188} INFO - [2026-06-11T00:01:03.898+0000] {dag.py:3089} INFO - Sync 1 DAGs
[2026-06-11T00:01:03.908+0000] {logging_mixin.py:188} INFO - [2026-06-11T00:01:03.908+0000] {dag.py:3947} INFO - Setting next_dagrun for retry_backoff to None, run_after=None
[2026-06-11T00:01:03.923+0000] {processor.py:183} INFO - Processing /opt/airflow/dags/retry_backoff.py took 0.083 seconds
[2026-06-11T00:01:34.247+0000] {processor.py:161} INFO - Started process (PID=17199) to work on /opt/airflow/dags/retry_backoff.py
[2026-06-11T00:01:34.247+0000] {processor.py:830} INFO - Processing file /opt/airflow/dags/retry_backoff.py for tasks to queue
[2026-06-11T00:01:34.248+0000] {logging_mixin.py:188} INFO - [2026-06-11T00:01:34.248+0000] {dagbag.py:545} INFO - Filling up the DagBag from /opt/airflow/dags/retry_backoff.py
[2026-06-11T00:01:34.257+0000] {processor.py:840} INFO - DAG(s) 'retry_backoff' retrieved from /opt/airflow/dags/retry_backoff.py
[2026-06-11T00:01:34.289+0000] {logging_mixin.py:188} INFO - [2026-06-11T00:01:34.289+0000] {dag.py:3089} INFO - Sync 1 DAGs
[2026-06-11T00:01:34.296+0000] {logging_mixin.py:188} INFO - [2026-06-11T00:01:34.296+0000] {dag.py:3947} INFO - Setting next_dagrun for retry_backoff to None, run_after=None
[2026-06-11T00:01:34.312+0000] {processor.py:183} INFO - Processing /opt/airflow/dags/retry_backoff.py took 0.073 seconds
[2026-06-11T00:02:04.739+0000] {processor.py:161} INFO - Started process (PID=17241) to work on /opt/airflow/dags/retry_backoff.py
[2026-06-11T00:02:04.741+0000] {processor.py:830} INFO - Processing file /opt/airflow/dags/retry_backoff.py for tasks to queue
[2026-06-11T00:02:04.741+0000] {logging_mixin.py:188} INFO - [2026-06-11T00:02:04.741+0000] {dagbag.py:545} INFO - Filling up the DagBag from /opt/airflow/dags/retry_backoff.py
[2026-06-11T00:02:04.746+0000] {processor.py:840} INFO - DAG(s) 'retry_backoff' retrieved from /opt/airflow/dags/retry_backoff.py
[2026-06-11T00:02:04.783+0000] {logging_mixin.py:188} INFO - [2026-06-11T00:02:04.783+0000] {dag.py:3089} INFO - Sync 1 DAGs
[2026-06-11T00:02:04.793+0000] {logging_mixin.py:188} INFO - [2026-06-11T00:02:04.792+0000] {dag.py:3947} INFO - Setting next_dagrun for retry_backoff to None, run_after=None
[2026-06-11T00:02:04.810+0000] {processor.py:183} INFO - Processing /opt/airflow/dags/retry_backoff.py took 0.078 seconds
[2026-06-11T00:02:35.242+0000] {processor.py:161} INFO - Started process (PID=17283) to work on /opt/airflow/dags/retry_backoff.py
[2026-06-11T00:02:35.243+0000] {processor.py:830} INFO - Processing file /opt/airflow/dags/retry_backoff.py for tasks to queue
[2026-06-11T00:02:35.244+0000] {logging_mixin.py:188} INFO - [2026-06-11T00:02:35.243+0000] {dagbag.py:545} INFO - Filling up the DagBag from /opt/airflow/dags/retry_backoff.py
[2026-06-11T00:02:35.252+0000] {processor.py:840} INFO - DAG(s) 'retry_backoff' retrieved from /opt/airflow/dags/retry_backoff.py
[2026-06-11T00:02:35.286+0000] {logging_mixin.py:188} INFO - [2026-06-11T00:02:35.285+0000] {dag.py:3089} INFO - Sync 1 DAGs
[2026-06-11T00:02:35.293+0000] {logging_mixin.py:188} INFO - [2026-06-11T00:02:35.293+0000] {dag.py:3947} INFO - Setting next_dagrun for retry_backoff to None, run_after=None
[2026-06-11T00:02:35.307+0000] {processor.py:183} INFO - Processing /opt/airflow/dags/retry_backoff.py took 0.078 seconds
[2026-06-11T00:03:05.612+0000] {processor.py:161} INFO - Started process (PID=17326) to work on /opt/airflow/dags/retry_backoff.py
[2026-06-11T00:03:05.614+0000] {processor.py:830} INFO - Processing file /opt/airflow/dags/retry_backoff.py for tasks to queue
[2026-06-11T00:03:05.615+0000] {logging_mixin.py:188} INFO - [2026-06-11T00:03:05.615+0000] {dagbag.py:545} INFO - Filling up the DagBag from /opt/airflow/dags/retry_backoff.py
[2026-06-11T00:03:05.625+0000] {processor.py:840} INFO - DAG(s) 'retry_backoff' retrieved from /opt/airflow/dags/retry_backoff.py
[2026-06-11T00:03:05.652+0000] {logging_mixin.py:188} INFO - [2026-06-11T00:03:05.652+0000] {dag.py:3089} INFO - Sync 1 DAGs
[2026-06-11T00:03:05.659+0000] {logging_mixin.py:188} INFO - [2026-06-11T00:03:05.659+0000] {dag.py:3947} INFO - Setting next_dagrun for retry_backoff to None, run_after=None
[2026-06-11T00:03:05.676+0000] {processor.py:183} INFO - Processing /opt/airflow/dags/retry_backoff.py took 0.079 seconds
[2026-06-11T00:03:36.135+0000] {processor.py:161} INFO - Started process (PID=17368) to work on /opt/airflow/dags/retry_backoff.py
[2026-06-11T00:03:36.136+0000] {processor.py:830} INFO - Processing file /opt/airflow/dags/retry_backoff.py for tasks to queue
[2026-06-11T00:03:36.137+0000] {logging_mixin.py:188} INFO - [2026-06-11T00:03:36.136+0000] {dagbag.py:545} INFO - Filling up the DagBag from /opt/airflow/dags/retry_backoff.py
[2026-06-11T00:03:36.145+0000] {processor.py:840} INFO - DAG(s) 'retry_backoff' retrieved from /opt/airflow/dags/retry_backoff.py
[2026-06-11T00:03:36.176+0000] {logging_mixin.py:188} INFO - [2026-06-11T00:03:36.175+0000] {dag.py:3089} INFO - Sync 1 DAGs
[2026-06-11T00:03:36.188+0000] {logging_mixin.py:188} INFO - [2026-06-11T00:03:36.187+0000] {dag.py:3947} INFO - Setting next_dagrun for retry_backoff to None, run_after=None
[2026-06-11T00:03:36.208+0000] {processor.py:183} INFO - Processing /opt/airflow/dags/retry_backoff.py took 0.082 seconds
[2026-06-11T00:04:06.500+0000] {processor.py:161} INFO - Started process (PID=17410) to work on /opt/airflow/dags/retry_backoff.py
[2026-06-11T00:04:06.501+0000] {processor.py:830} INFO - Processing file /opt/airflow/dags/retry_backoff.py for tasks to queue
[2026-06-11T00:04:06.502+0000] {logging_mixin.py:188} INFO - [2026-06-11T00:04:06.502+0000] {dagbag.py:545} INFO - Filling up the DagBag from /opt/airflow/dags/retry_backoff.py
[2026-06-11T00:04:06.510+0000] {processor.py:840} INFO - DAG(s) 'retry_backoff' retrieved from /opt/airflow/dags/retry_backoff.py
[2026-06-11T00:04:06.541+0000] {logging_mixin.py:188} INFO - [2026-06-11T00:04:06.541+0000] {dag.py:3089} INFO - Sync 1 DAGs
[2026-06-11T00:04:06.555+0000] {logging_mixin.py:188} INFO - [2026-06-11T00:04:06.555+0000] {dag.py:3947} INFO - Setting next_dagrun for retry_backoff to None, run_after=None
[2026-06-11T00:04:06.574+0000] {processor.py:183} INFO - Processing /opt/airflow/dags/retry_backoff.py took 0.087 seconds
[2026-06-11T00:04:37.021+0000] {processor.py:161} INFO - Started process (PID=17452) to work on /opt/airflow/dags/retry_backoff.py
[2026-06-11T00:04:37.023+0000] {processor.py:830} INFO - Processing file /opt/airflow/dags/retry_backoff.py for tasks to queue
[2026-06-11T00:04:37.024+0000] {logging_mixin.py:188} INFO - [2026-06-11T00:04:37.024+0000] {dagbag.py:545} INFO - Filling up the DagBag from /opt/airflow/dags/retry_backoff.py
[2026-06-11T00:04:37.033+0000] {processor.py:840} INFO - DAG(s) 'retry_backoff' retrieved from /opt/airflow/dags/retry_backoff.py
[2026-06-11T00:04:37.077+0000] {logging_mixin.py:188} INFO - [2026-06-11T00:04:37.076+0000] {dag.py:3089} INFO - Sync 1 DAGs
[2026-06-11T00:04:37.091+0000] {logging_mixin.py:188} INFO - [2026-06-11T00:04:37.091+0000] {dag.py:3947} INFO - Setting next_dagrun for retry_backoff to None, run_after=None
[2026-06-11T00:04:37.110+0000] {processor.py:183} INFO - Processing /opt/airflow/dags/retry_backoff.py took 0.096 seconds
[2026-06-11T00:05:07.416+0000] {processor.py:161} INFO - Started process (PID=17494) to work on /opt/airflow/dags/retry_backoff.py
[2026-06-11T00:05:07.417+0000] {processor.py:830} INFO - Processing file /opt/airflow/dags/retry_backoff.py for tasks to queue
[2026-06-11T00:05:07.418+0000] {logging_mixin.py:188} INFO - [2026-06-11T00:05:07.417+0000] {dagbag.py:545} INFO - Filling up the DagBag from /opt/airflow/dags/retry_backoff.py
[2026-06-11T00:05:07.426+0000] {processor.py:840} INFO - DAG(s) 'retry_backoff' retrieved from /opt/airflow/dags/retry_backoff.py
[2026-06-11T00:05:07.459+0000] {logging_mixin.py:188} INFO - [2026-06-11T00:05:07.459+0000] {dag.py:3089} INFO - Sync 1 DAGs
[2026-06-11T00:05:07.473+0000] {logging_mixin.py:188} INFO - [2026-06-11T00:05:07.472+0000] {dag.py:3947} INFO - Setting next_dagrun for retry_backoff to None, run_after=None
[2026-06-11T00:05:07.485+0000] {processor.py:183} INFO - Processing /opt/airflow/dags/retry_backoff.py took 0.077 seconds
[2026-06-11T00:05:37.853+0000] {processor.py:161} INFO - Started process (PID=17536) to work on /opt/airflow/dags/retry_backoff.py
[2026-06-11T00:05:37.855+0000] {processor.py:830} INFO - Processing file /opt/airflow/dags/retry_backoff.py for tasks to queue
[2026-06-11T00:05:37.855+0000] {logging_mixin.py:188} INFO - [2026-06-11T00:05:37.855+0000] {dagbag.py:545} INFO - Filling up the DagBag from /opt/airflow/dags/retry_backoff.py
[2026-06-11T00:05:37.864+0000] {processor.py:840} INFO - DAG(s) 'retry_backoff' retrieved from /opt/airflow/dags/retry_backoff.py
[2026-06-11T00:05:37.893+0000] {logging_mixin.py:188} INFO - [2026-06-11T00:05:37.893+0000] {dag.py:3089} INFO - Sync 1 DAGs
[2026-06-11T00:05:37.907+0000] {logging_mixin.py:188} INFO - [2026-06-11T00:05:37.906+0000] {dag.py:3947} INFO - Setting next_dagrun for retry_backoff to None, run_after=None
[2026-06-11T00:05:37.926+0000] {processor.py:183} INFO - Processing /opt/airflow/dags/retry_backoff.py took 0.081 seconds
[2026-06-11T00:06:08.372+0000] {processor.py:161} INFO - Started process (PID=17572) to work on /opt/airflow/dags/retry_backoff.py
[2026-06-11T00:06:08.373+0000] {processor.py:830} INFO - Processing file /opt/airflow/dags/retry_backoff.py for tasks to queue
[2026-06-11T00:06:08.374+0000] {logging_mixin.py:188} INFO - [2026-06-11T00:06:08.374+0000] {dagbag.py:545} INFO - Filling up the DagBag from /opt/airflow/dags/retry_backoff.py
[2026-06-11T00:06:08.379+0000] {processor.py:840} INFO - DAG(s) 'retry_backoff' retrieved from /opt/airflow/dags/retry_backoff.py
[2026-06-11T00:06:08.418+0000] {logging_mixin.py:188} INFO - [2026-06-11T00:06:08.418+0000] {dag.py:3089} INFO - Sync 1 DAGs
[2026-06-11T00:06:08.427+0000] {logging_mixin.py:188} INFO - [2026-06-11T00:06:08.427+0000] {dag.py:3947} INFO - Setting next_dagrun for retry_backoff to None, run_after=None
[2026-06-11T00:06:08.443+0000] {processor.py:183} INFO - Processing /opt/airflow/dags/retry_backoff.py took 0.078 seconds
[2026-06-11T00:06:38.867+0000] {processor.py:161} INFO - Started process (PID=17614) to work on /opt/airflow/dags/retry_backoff.py
[2026-06-11T00:06:38.869+0000] {processor.py:830} INFO - Processing file /opt/airflow/dags/retry_backoff.py for tasks to queue
[2026-06-11T00:06:38.869+0000] {logging_mixin.py:188} INFO - [2026-06-11T00:06:38.869+0000] {dagbag.py:545} INFO - Filling up the DagBag from /opt/airflow/dags/retry_backoff.py
[2026-06-11T00:06:38.874+0000] {processor.py:840} INFO - DAG(s) 'retry_backoff' retrieved from /opt/airflow/dags/retry_backoff.py
[2026-06-11T00:06:38.904+0000] {logging_mixin.py:188} INFO - [2026-06-11T00:06:38.903+0000] {dag.py:3089} INFO - Sync 1 DAGs
[2026-06-11T00:06:38.913+0000] {logging_mixin.py:188} INFO - [2026-06-11T00:06:38.913+0000] {dag.py:3947} INFO - Setting next_dagrun for retry_backoff to None, run_after=None
[2026-06-11T00:06:38.928+0000] {processor.py:183} INFO - Processing /opt/airflow/dags/retry_backoff.py took 0.069 seconds
[2026-06-11T00:07:09.273+0000] {processor.py:161} INFO - Started process (PID=17656) to work on /opt/airflow/dags/retry_backoff.py
[2026-06-11T00:07:09.274+0000] {processor.py:830} INFO - Processing file /opt/airflow/dags/retry_backoff.py for tasks to queue
[2026-06-11T00:07:09.275+0000] {logging_mixin.py:188} INFO - [2026-06-11T00:07:09.275+0000] {dagbag.py:545} INFO - Filling up the DagBag from /opt/airflow/dags/retry_backoff.py
[2026-06-11T00:07:09.281+0000] {processor.py:840} INFO - DAG(s) 'retry_backoff' retrieved from /opt/airflow/dags/retry_backoff.py
[2026-06-11T00:07:09.312+0000] {logging_mixin.py:188} INFO - [2026-06-11T00:07:09.312+0000] {dag.py:3089} INFO - Sync 1 DAGs
[2026-06-11T00:07:09.320+0000] {logging_mixin.py:188} INFO - [2026-06-11T00:07:09.320+0000] {dag.py:3947} INFO - Setting next_dagrun for retry_backoff to None, run_after=None
[2026-06-11T00:07:09.341+0000] {processor.py:183} INFO - Processing /opt/airflow/dags/retry_backoff.py took 0.082 seconds
[2026-06-11T00:07:39.809+0000] {processor.py:161} INFO - Started process (PID=17698) to work on /opt/airflow/dags/retry_backoff.py
[2026-06-11T00:07:39.812+0000] {processor.py:830} INFO - Processing file /opt/airflow/dags/retry_backoff.py for tasks to queue
[2026-06-11T00:07:39.812+0000] {logging_mixin.py:188} INFO - [2026-06-11T00:07:39.812+0000] {dagbag.py:545} INFO - Filling up the DagBag from /opt/airflow/dags/retry_backoff.py
[2026-06-11T00:07:39.818+0000] {processor.py:840} INFO - DAG(s) 'retry_backoff' retrieved from /opt/airflow/dags/retry_backoff.py
[2026-06-11T00:07:39.851+0000] {logging_mixin.py:188} INFO - [2026-06-11T00:07:39.850+0000] {dag.py:3089} INFO - Sync 1 DAGs
[2026-06-11T00:07:39.859+0000] {logging_mixin.py:188} INFO - [2026-06-11T00:07:39.859+0000] {dag.py:3947} INFO - Setting next_dagrun for retry_backoff to None, run_after=None
[2026-06-11T00:07:39.879+0000] {processor.py:183} INFO - Processing /opt/airflow/dags/retry_backoff.py took 0.079 seconds
[2026-06-11T00:08:10.318+0000] {processor.py:161} INFO - Started process (PID=17740) to work on /opt/airflow/dags/retry_backoff.py
[2026-06-11T00:08:10.319+0000] {processor.py:830} INFO - Processing file /opt/airflow/dags/retry_backoff.py for tasks to queue
[2026-06-11T00:08:10.320+0000] {logging_mixin.py:188} INFO - [2026-06-11T00:08:10.320+0000] {dagbag.py:545} INFO - Filling up the DagBag from /opt/airflow/dags/retry_backoff.py
[2026-06-11T00:08:10.325+0000] {processor.py:840} INFO - DAG(s) 'retry_backoff' retrieved from /opt/airflow/dags/retry_backoff.py
[2026-06-11T00:08:10.359+0000] {logging_mixin.py:188} INFO - [2026-06-11T00:08:10.358+0000] {dag.py:3089} INFO - Sync 1 DAGs
[2026-06-11T00:08:10.375+0000] {logging_mixin.py:188} INFO - [2026-06-11T00:08:10.374+0000] {dag.py:3947} INFO - Setting next_dagrun for retry_backoff to None, run_after=None
[2026-06-11T00:08:10.394+0000] {processor.py:183} INFO - Processing /opt/airflow/dags/retry_backoff.py took 0.086 seconds
[2026-06-11T00:08:40.858+0000] {processor.py:161} INFO - Started process (PID=17782) to work on /opt/airflow/dags/retry_backoff.py
[2026-06-11T00:08:40.860+0000] {processor.py:830} INFO - Processing file /opt/airflow/dags/retry_backoff.py for tasks to queue
[2026-06-11T00:08:40.861+0000] {logging_mixin.py:188} INFO - [2026-06-11T00:08:40.861+0000] {dagbag.py:545} INFO - Filling up the DagBag from /opt/airflow/dags/retry_backoff.py
[2026-06-11T00:08:40.870+0000] {processor.py:840} INFO - DAG(s) 'retry_backoff' retrieved from /opt/airflow/dags/retry_backoff.py
[2026-06-11T00:08:40.895+0000] {logging_mixin.py:188} INFO - [2026-06-11T00:08:40.894+0000] {dag.py:3089} INFO - Sync 1 DAGs
[2026-06-11T00:08:40.902+0000] {logging_mixin.py:188} INFO - [2026-06-11T00:08:40.902+0000] {dag.py:3947} INFO - Setting next_dagrun for retry_backoff to None, run_after=None
[2026-06-11T00:08:40.916+0000] {processor.py:183} INFO - Processing /opt/airflow/dags/retry_backoff.py took 0.069 seconds
[2026-06-11T00:09:11.328+0000] {processor.py:161} INFO - Started process (PID=17824) to work on /opt/airflow/dags/retry_backoff.py
[2026-06-11T00:09:11.329+0000] {processor.py:830} INFO - Processing file /opt/airflow/dags/retry_backoff.py for tasks to queue
[2026-06-11T00:09:11.330+0000] {logging_mixin.py:188} INFO - [2026-06-11T00:09:11.329+0000] {dagbag.py:545} INFO - Filling up the DagBag from /opt/airflow/dags/retry_backoff.py
[2026-06-11T00:09:11.336+0000] {processor.py:840} INFO - DAG(s) 'retry_backoff' retrieved from /opt/airflow/dags/retry_backoff.py
[2026-06-11T00:09:11.355+0000] {logging_mixin.py:188} INFO - [2026-06-11T00:09:11.355+0000] {dag.py:3089} INFO - Sync 1 DAGs
[2026-06-11T00:09:11.363+0000] {logging_mixin.py:188} INFO - [2026-06-11T00:09:11.362+0000] {dag.py:3947} INFO - Setting next_dagrun for retry_backoff to None, run_after=None
[2026-06-11T00:09:11.381+0000] {processor.py:183} INFO - Processing /opt/airflow/dags/retry_backoff.py took 0.063 seconds
[2026-06-11T00:09:41.835+0000] {processor.py:161} INFO - Started process (PID=17866) to work on /opt/airflow/dags/retry_backoff.py
[2026-06-11T00:09:41.837+0000] {processor.py:830} INFO - Processing file /opt/airflow/dags/retry_backoff.py for tasks to queue
[2026-06-11T00:09:41.838+0000] {logging_mixin.py:188} INFO - [2026-06-11T00:09:41.838+0000] {dagbag.py:545} INFO - Filling up the DagBag from /opt/airflow/dags/retry_backoff.py
[2026-06-11T00:09:41.846+0000] {processor.py:840} INFO - DAG(s) 'retry_backoff' retrieved from /opt/airflow/dags/retry_backoff.py
[2026-06-11T00:09:41.865+0000] {logging_mixin.py:188} INFO - [2026-06-11T00:09:41.865+0000] {dag.py:3089} INFO - Sync 1 DAGs
[2026-06-11T00:09:41.872+0000] {logging_mixin.py:188} INFO - [2026-06-11T00:09:41.872+0000] {dag.py:3947} INFO - Setting next_dagrun for retry_backoff to None, run_after=None
[2026-06-11T00:09:41.885+0000] {processor.py:183} INFO - Processing /opt/airflow/dags/retry_backoff.py took 0.061 seconds
[2026-06-11T00:10:12.265+0000] {processor.py:161} INFO - Started process (PID=17908) to work on /opt/airflow/dags/retry_backoff.py
[2026-06-11T00:10:12.266+0000] {processor.py:830} INFO - Processing file /opt/airflow/dags/retry_backoff.py for tasks to queue
[2026-06-11T00:10:12.266+0000] {logging_mixin.py:188} INFO - [2026-06-11T00:10:12.266+0000] {dagbag.py:545} INFO - Filling up the DagBag from /opt/airflow/dags/retry_backoff.py
[2026-06-11T00:10:12.271+0000] {processor.py:840} INFO - DAG(s) 'retry_backoff' retrieved from /opt/airflow/dags/retry_backoff.py
[2026-06-11T00:10:12.304+0000] {logging_mixin.py:188} INFO - [2026-06-11T00:10:12.304+0000] {dag.py:3089} INFO - Sync 1 DAGs
[2026-06-11T00:10:12.318+0000] {logging_mixin.py:188} INFO - [2026-06-11T00:10:12.318+0000] {dag.py:3947} INFO - Setting next_dagrun for retry_backoff to None, run_after=None
[2026-06-11T00:10:12.338+0000] {processor.py:183} INFO - Processing /opt/airflow/dags/retry_backoff.py took 0.082 seconds
[2026-06-11T00:10:42.664+0000] {processor.py:161} INFO - Started process (PID=17950) to work on /opt/airflow/dags/retry_backoff.py
[2026-06-11T00:10:42.666+0000] {processor.py:830} INFO - Processing file /opt/airflow/dags/retry_backoff.py for tasks to queue
[2026-06-11T00:10:42.667+0000] {logging_mixin.py:188} INFO - [2026-06-11T00:10:42.667+0000] {dagbag.py:545} INFO - Filling up the DagBag from /opt/airflow/dags/retry_backoff.py
[2026-06-11T00:10:42.673+0000] {processor.py:840} INFO - DAG(s) 'retry_backoff' retrieved from /opt/airflow/dags/retry_backoff.py
[2026-06-11T00:10:42.699+0000] {logging_mixin.py:188} INFO - [2026-06-11T00:10:42.699+0000] {dag.py:3089} INFO - Sync 1 DAGs
[2026-06-11T00:10:42.708+0000] {logging_mixin.py:188} INFO - [2026-06-11T00:10:42.707+0000] {dag.py:3947} INFO - Setting next_dagrun for retry_backoff to None, run_after=None
[2026-06-11T00:10:42.726+0000] {processor.py:183} INFO - Processing /opt/airflow/dags/retry_backoff.py took 0.068 seconds
[2026-06-11T00:11:13.042+0000] {processor.py:161} INFO - Started process (PID=17992) to work on /opt/airflow/dags/retry_backoff.py
[2026-06-11T00:11:13.043+0000] {processor.py:830} INFO - Processing file /opt/airflow/dags/retry_backoff.py for tasks to queue
[2026-06-11T00:11:13.044+0000] {logging_mixin.py:188} INFO - [2026-06-11T00:11:13.043+0000] {dagbag.py:545} INFO - Filling up the DagBag from /opt/airflow/dags/retry_backoff.py
[2026-06-11T00:11:13.051+0000] {processor.py:840} INFO - DAG(s) 'retry_backoff' retrieved from /opt/airflow/dags/retry_backoff.py
[2026-06-11T00:11:13.085+0000] {logging_mixin.py:188} INFO - [2026-06-11T00:11:13.085+0000] {dag.py:3089} INFO - Sync 1 DAGs
[2026-06-11T00:11:13.099+0000] {logging_mixin.py:188} INFO - [2026-06-11T00:11:13.099+0000] {dag.py:3947} INFO - Setting next_dagrun for retry_backoff to None, run_after=None
[2026-06-11T00:11:13.117+0000] {processor.py:183} INFO - Processing /opt/airflow/dags/retry_backoff.py took 0.083 seconds
[2026-06-11T00:11:43.464+0000] {processor.py:161} INFO - Started process (PID=18034) to work on /opt/airflow/dags/retry_backoff.py
[2026-06-11T00:11:43.465+0000] {processor.py:830} INFO - Processing file /opt/airflow/dags/retry_backoff.py for tasks to queue
[2026-06-11T00:11:43.466+0000] {logging_mixin.py:188} INFO - [2026-06-11T00:11:43.466+0000] {dagbag.py:545} INFO - Filling up the DagBag from /opt/airflow/dags/retry_backoff.py
[2026-06-11T00:11:43.474+0000] {processor.py:840} INFO - DAG(s) 'retry_backoff' retrieved from /opt/airflow/dags/retry_backoff.py
[2026-06-11T00:11:43.508+0000] {logging_mixin.py:188} INFO - [2026-06-11T00:11:43.508+0000] {dag.py:3089} INFO - Sync 1 DAGs
[2026-06-11T00:11:43.520+0000] {logging_mixin.py:188} INFO - [2026-06-11T00:11:43.519+0000] {dag.py:3947} INFO - Setting next_dagrun for retry_backoff to None, run_after=None
[2026-06-11T00:11:43.537+0000] {processor.py:183} INFO - Processing /opt/airflow/dags/retry_backoff.py took 0.081 seconds
[2026-06-11T00:12:13.903+0000] {processor.py:161} INFO - Started process (PID=18076) to work on /opt/airflow/dags/retry_backoff.py
[2026-06-11T00:12:13.903+0000] {processor.py:830} INFO - Processing file /opt/airflow/dags/retry_backoff.py for tasks to queue
[2026-06-11T00:12:13.904+0000] {logging_mixin.py:188} INFO - [2026-06-11T00:12:13.904+0000] {dagbag.py:545} INFO - Filling up the DagBag from /opt/airflow/dags/retry_backoff.py
[2026-06-11T00:12:13.913+0000] {processor.py:840} INFO - DAG(s) 'retry_backoff' retrieved from /opt/airflow/dags/retry_backoff.py
[2026-06-11T00:12:13.969+0000] {logging_mixin.py:188} INFO - [2026-06-11T00:12:13.968+0000] {dag.py:3089} INFO - Sync 1 DAGs
[2026-06-11T00:12:13.985+0000] {logging_mixin.py:188} INFO - [2026-06-11T00:12:13.984+0000] {dag.py:3947} INFO - Setting next_dagrun for retry_backoff to None, run_after=None
[2026-06-11T00:12:14.004+0000] {processor.py:183} INFO - Processing /opt/airflow/dags/retry_backoff.py took 0.112 seconds
[2026-06-11T00:12:44.293+0000] {processor.py:161} INFO - Started process (PID=18118) to work on /opt/airflow/dags/retry_backoff.py
[2026-06-11T00:12:44.295+0000] {processor.py:830} INFO - Processing file /opt/airflow/dags/retry_backoff.py for tasks to queue
[2026-06-11T00:12:44.295+0000] {logging_mixin.py:188} INFO - [2026-06-11T00:12:44.295+0000] {dagbag.py:545} INFO - Filling up the DagBag from /opt/airflow/dags/retry_backoff.py
[2026-06-11T00:12:44.301+0000] {processor.py:840} INFO - DAG(s) 'retry_backoff' retrieved from /opt/airflow/dags/retry_backoff.py
[2026-06-11T00:12:44.338+0000] {logging_mixin.py:188} INFO - [2026-06-11T00:12:44.338+0000] {dag.py:3089} INFO - Sync 1 DAGs
[2026-06-11T00:12:44.352+0000] {logging_mixin.py:188} INFO - [2026-06-11T00:12:44.352+0000] {dag.py:3947} INFO - Setting next_dagrun for retry_backoff to None, run_after=None
[2026-06-11T00:12:44.370+0000] {processor.py:183} INFO - Processing /opt/airflow/dags/retry_backoff.py took 0.089 seconds
[2026-06-11T00:13:14.803+0000] {processor.py:161} INFO - Started process (PID=18160) to work on /opt/airflow/dags/retry_backoff.py
[2026-06-11T00:13:14.806+0000] {processor.py:830} INFO - Processing file /opt/airflow/dags/retry_backoff.py for tasks to queue
[2026-06-11T00:13:14.807+0000] {logging_mixin.py:188} INFO - [2026-06-11T00:13:14.807+0000] {dagbag.py:545} INFO - Filling up the DagBag from /opt/airflow/dags/retry_backoff.py
[2026-06-11T00:13:14.820+0000] {processor.py:840} INFO - DAG(s) 'retry_backoff' retrieved from /opt/airflow/dags/retry_backoff.py
[2026-06-11T00:13:14.852+0000] {logging_mixin.py:188} INFO - [2026-06-11T00:13:14.852+0000] {dag.py:3089} INFO - Sync 1 DAGs
[2026-06-11T00:13:14.868+0000] {logging_mixin.py:188} INFO - [2026-06-11T00:13:14.868+0000] {dag.py:3947} INFO - Setting next_dagrun for retry_backoff to None, run_after=None
[2026-06-11T00:13:14.883+0000] {processor.py:183} INFO - Processing /opt/airflow/dags/retry_backoff.py took 0.089 seconds
[2026-06-11T00:13:45.185+0000] {processor.py:161} INFO - Started process (PID=18202) to work on /opt/airflow/dags/retry_backoff.py
[2026-06-11T00:13:45.185+0000] {processor.py:830} INFO - Processing file /opt/airflow/dags/retry_backoff.py for tasks to queue
[2026-06-11T00:13:45.186+0000] {logging_mixin.py:188} INFO - [2026-06-11T00:13:45.186+0000] {dagbag.py:545} INFO - Filling up the DagBag from /opt/airflow/dags/retry_backoff.py
[2026-06-11T00:13:45.196+0000] {processor.py:840} INFO - DAG(s) 'retry_backoff' retrieved from /opt/airflow/dags/retry_backoff.py
[2026-06-11T00:13:45.223+0000] {logging_mixin.py:188} INFO - [2026-06-11T00:13:45.223+0000] {dag.py:3089} INFO - Sync 1 DAGs
[2026-06-11T00:13:45.238+0000] {logging_mixin.py:188} INFO - [2026-06-11T00:13:45.237+0000] {dag.py:3947} INFO - Setting next_dagrun for retry_backoff to None, run_after=None
[2026-06-11T00:13:45.260+0000] {processor.py:183} INFO - Processing /opt/airflow/dags/retry_backoff.py took 0.084 seconds
[2026-06-11T00:14:15.652+0000] {processor.py:161} INFO - Started process (PID=18244) to work on /opt/airflow/dags/retry_backoff.py
[2026-06-11T00:14:15.654+0000] {processor.py:830} INFO - Processing file /opt/airflow/dags/retry_backoff.py for tasks to queue
[2026-06-11T00:14:15.655+0000] {logging_mixin.py:188} INFO - [2026-06-11T00:14:15.654+0000] {dagbag.py:545} INFO - Filling up the DagBag from /opt/airflow/dags/retry_backoff.py
[2026-06-11T00:14:15.660+0000] {processor.py:840} INFO - DAG(s) 'retry_backoff' retrieved from /opt/airflow/dags/retry_backoff.py
[2026-06-11T00:14:15.685+0000] {logging_mixin.py:188} INFO - [2026-06-11T00:14:15.685+0000] {dag.py:3089} INFO - Sync 1 DAGs
[2026-06-11T00:14:15.698+0000] {logging_mixin.py:188} INFO - [2026-06-11T00:14:15.698+0000] {dag.py:3947} INFO - Setting next_dagrun for retry_backoff to None, run_after=None
[2026-06-11T00:14:15.718+0000] {processor.py:183} INFO - Processing /opt/airflow/dags/retry_backoff.py took 0.070 seconds
[2026-06-11T00:14:46.136+0000] {processor.py:161} INFO - Started process (PID=18286) to work on /opt/airflow/dags/retry_backoff.py
[2026-06-11T00:14:46.137+0000] {processor.py:830} INFO - Processing file /opt/airflow/dags/retry_backoff.py for tasks to queue
[2026-06-11T00:14:46.137+0000] {logging_mixin.py:188} INFO - [2026-06-11T00:14:46.137+0000] {dagbag.py:545} INFO - Filling up the DagBag from /opt/airflow/dags/retry_backoff.py
[2026-06-11T00:14:46.144+0000] {processor.py:840} INFO - DAG(s) 'retry_backoff' retrieved from /opt/airflow/dags/retry_backoff.py
[2026-06-11T00:14:46.182+0000] {logging_mixin.py:188} INFO - [2026-06-11T00:14:46.182+0000] {dag.py:3089} INFO - Sync 1 DAGs
[2026-06-11T00:14:46.197+0000] {logging_mixin.py:188} INFO - [2026-06-11T00:14:46.197+0000] {dag.py:3947} INFO - Setting next_dagrun for retry_backoff to None, run_after=None
[2026-06-11T00:14:46.223+0000] {processor.py:183} INFO - Processing /opt/airflow/dags/retry_backoff.py took 0.094 seconds
[2026-06-11T00:15:16.625+0000] {processor.py:161} INFO - Started process (PID=18328) to work on /opt/airflow/dags/retry_backoff.py
[2026-06-11T00:15:16.627+0000] {processor.py:830} INFO - Processing file /opt/airflow/dags/retry_backoff.py for tasks to queue
[2026-06-11T00:15:16.628+0000] {logging_mixin.py:188} INFO - [2026-06-11T00:15:16.627+0000] {dagbag.py:545} INFO - Filling up the DagBag from /opt/airflow/dags/retry_backoff.py
[2026-06-11T00:15:16.638+0000] {processor.py:840} INFO - DAG(s) 'retry_backoff' retrieved from /opt/airflow/dags/retry_backoff.py
[2026-06-11T00:15:16.667+0000] {logging_mixin.py:188} INFO - [2026-06-11T00:15:16.667+0000] {dag.py:3089} INFO - Sync 1 DAGs
[2026-06-11T00:15:16.675+0000] {logging_mixin.py:188} INFO - [2026-06-11T00:15:16.674+0000] {dag.py:3947} INFO - Setting next_dagrun for retry_backoff to None, run_after=None
[2026-06-11T00:15:16.694+0000] {processor.py:183} INFO - Processing /opt/airflow/dags/retry_backoff.py took 0.076 seconds
[2026-06-11T00:15:47.096+0000] {processor.py:161} INFO - Started process (PID=18370) to work on /opt/airflow/dags/retry_backoff.py
[2026-06-11T00:15:47.098+0000] {processor.py:830} INFO - Processing file /opt/airflow/dags/retry_backoff.py for tasks to queue
[2026-06-11T00:15:47.099+0000] {logging_mixin.py:188} INFO - [2026-06-11T00:15:47.098+0000] {dagbag.py:545} INFO - Filling up the DagBag from /opt/airflow/dags/retry_backoff.py
[2026-06-11T00:15:47.107+0000] {processor.py:840} INFO - DAG(s) 'retry_backoff' retrieved from /opt/airflow/dags/retry_backoff.py
[2026-06-11T00:15:47.139+0000] {logging_mixin.py:188} INFO - [2026-06-11T00:15:47.139+0000] {dag.py:3089} INFO - Sync 1 DAGs
[2026-06-11T00:15:47.148+0000] {logging_mixin.py:188} INFO - [2026-06-11T00:15:47.148+0000] {dag.py:3947} INFO - Setting next_dagrun for retry_backoff to None, run_after=None
[2026-06-11T00:15:47.162+0000] {processor.py:183} INFO - Processing /opt/airflow/dags/retry_backoff.py took 0.074 seconds
[2026-06-11T00:16:17.442+0000] {processor.py:161} INFO - Started process (PID=18412) to work on /opt/airflow/dags/retry_backoff.py
[2026-06-11T00:16:17.444+0000] {processor.py:830} INFO - Processing file /opt/airflow/dags/retry_backoff.py for tasks to queue
[2026-06-11T00:16:17.445+0000] {logging_mixin.py:188} INFO - [2026-06-11T00:16:17.445+0000] {dagbag.py:545} INFO - Filling up the DagBag from /opt/airflow/dags/retry_backoff.py
[2026-06-11T00:16:17.453+0000] {processor.py:840} INFO - DAG(s) 'retry_backoff' retrieved from /opt/airflow/dags/retry_backoff.py
[2026-06-11T00:16:17.484+0000] {logging_mixin.py:188} INFO - [2026-06-11T00:16:17.483+0000] {dag.py:3089} INFO - Sync 1 DAGs
[2026-06-11T00:16:17.493+0000] {logging_mixin.py:188} INFO - [2026-06-11T00:16:17.493+0000] {dag.py:3947} INFO - Setting next_dagrun for retry_backoff to None, run_after=None
[2026-06-11T00:16:17.515+0000] {processor.py:183} INFO - Processing /opt/airflow/dags/retry_backoff.py took 0.079 seconds
[2026-06-11T00:16:47.936+0000] {processor.py:161} INFO - Started process (PID=18454) to work on /opt/airflow/dags/retry_backoff.py
[2026-06-11T00:16:47.937+0000] {processor.py:830} INFO - Processing file /opt/airflow/dags/retry_backoff.py for tasks to queue
[2026-06-11T00:16:47.938+0000] {logging_mixin.py:188} INFO - [2026-06-11T00:16:47.938+0000] {dagbag.py:545} INFO - Filling up the DagBag from /opt/airflow/dags/retry_backoff.py
[2026-06-11T00:16:47.947+0000] {processor.py:840} INFO - DAG(s) 'retry_backoff' retrieved from /opt/airflow/dags/retry_backoff.py
[2026-06-11T00:16:47.974+0000] {logging_mixin.py:188} INFO - [2026-06-11T00:16:47.974+0000] {dag.py:3089} INFO - Sync 1 DAGs
[2026-06-11T00:16:47.989+0000] {logging_mixin.py:188} INFO - [2026-06-11T00:16:47.989+0000] {dag.py:3947} INFO - Setting next_dagrun for retry_backoff to None, run_after=None
[2026-06-11T00:16:48.008+0000] {processor.py:183} INFO - Processing /opt/airflow/dags/retry_backoff.py took 0.080 seconds
[2026-06-11T00:17:18.297+0000] {processor.py:161} INFO - Started process (PID=18490) to work on /opt/airflow/dags/retry_backoff.py
[2026-06-11T00:17:18.298+0000] {processor.py:830} INFO - Processing file /opt/airflow/dags/retry_backoff.py for tasks to queue
[2026-06-11T00:17:18.299+0000] {logging_mixin.py:188} INFO - [2026-06-11T00:17:18.298+0000] {dagbag.py:545} INFO - Filling up the DagBag from /opt/airflow/dags/retry_backoff.py
[2026-06-11T00:17:18.303+0000] {processor.py:840} INFO - DAG(s) 'retry_backoff' retrieved from /opt/airflow/dags/retry_backoff.py
[2026-06-11T00:17:18.334+0000] {logging_mixin.py:188} INFO - [2026-06-11T00:17:18.334+0000] {dag.py:3089} INFO - Sync 1 DAGs
[2026-06-11T00:17:18.346+0000] {logging_mixin.py:188} INFO - [2026-06-11T00:17:18.346+0000] {dag.py:3947} INFO - Setting next_dagrun for retry_backoff to None, run_after=None
[2026-06-11T00:17:18.364+0000] {processor.py:183} INFO - Processing /opt/airflow/dags/retry_backoff.py took 0.074 seconds
[2026-06-11T00:17:48.779+0000] {processor.py:161} INFO - Started process (PID=18532) to work on /opt/airflow/dags/retry_backoff.py
[2026-06-11T00:17:48.780+0000] {processor.py:830} INFO - Processing file /opt/airflow/dags/retry_backoff.py for tasks to queue
[2026-06-11T00:17:48.780+0000] {logging_mixin.py:188} INFO - [2026-06-11T00:17:48.780+0000] {dagbag.py:545} INFO - Filling up the DagBag from /opt/airflow/dags/retry_backoff.py
[2026-06-11T00:17:48.786+0000] {processor.py:840} INFO - DAG(s) 'retry_backoff' retrieved from /opt/airflow/dags/retry_backoff.py
[2026-06-11T00:17:48.820+0000] {logging_mixin.py:188} INFO - [2026-06-11T00:17:48.820+0000] {dag.py:3089} INFO - Sync 1 DAGs
[2026-06-11T00:17:48.834+0000] {logging_mixin.py:188} INFO - [2026-06-11T00:17:48.833+0000] {dag.py:3947} INFO - Setting next_dagrun for retry_backoff to None, run_after=None
[2026-06-11T00:17:48.855+0000] {processor.py:183} INFO - Processing /opt/airflow/dags/retry_backoff.py took 0.082 seconds
[2026-06-11T00:18:19.177+0000] {processor.py:161} INFO - Started process (PID=18574) to work on /opt/airflow/dags/retry_backoff.py
[2026-06-11T00:18:19.180+0000] {processor.py:830} INFO - Processing file /opt/airflow/dags/retry_backoff.py for tasks to queue
[2026-06-11T00:18:19.181+0000] {logging_mixin.py:188} INFO - [2026-06-11T00:18:19.180+0000] {dagbag.py:545} INFO - Filling up the DagBag from /opt/airflow/dags/retry_backoff.py
[2026-06-11T00:18:19.190+0000] {processor.py:840} INFO - DAG(s) 'retry_backoff' retrieved from /opt/airflow/dags/retry_backoff.py
[2026-06-11T00:18:19.217+0000] {logging_mixin.py:188} INFO - [2026-06-11T00:18:19.216+0000] {dag.py:3089} INFO - Sync 1 DAGs
[2026-06-11T00:18:19.231+0000] {logging_mixin.py:188} INFO - [2026-06-11T00:18:19.231+0000] {dag.py:3947} INFO - Setting next_dagrun for retry_backoff to None, run_after=None
[2026-06-11T00:18:19.250+0000] {processor.py:183} INFO - Processing /opt/airflow/dags/retry_backoff.py took 0.082 seconds
[2026-06-11T00:18:49.667+0000] {processor.py:161} INFO - Started process (PID=18616) to work on /opt/airflow/dags/retry_backoff.py
[2026-06-11T00:18:49.667+0000] {processor.py:830} INFO - Processing file /opt/airflow/dags/retry_backoff.py for tasks to queue
[2026-06-11T00:18:49.668+0000] {logging_mixin.py:188} INFO - [2026-06-11T00:18:49.668+0000] {dagbag.py:545} INFO - Filling up the DagBag from /opt/airflow/dags/retry_backoff.py
[2026-06-11T00:18:49.676+0000] {processor.py:840} INFO - DAG(s) 'retry_backoff' retrieved from /opt/airflow/dags/retry_backoff.py
[2026-06-11T00:18:49.703+0000] {logging_mixin.py:188} INFO - [2026-06-11T00:18:49.702+0000] {dag.py:3089} INFO - Sync 1 DAGs
[2026-06-11T00:18:49.718+0000] {logging_mixin.py:188} INFO - [2026-06-11T00:18:49.717+0000] {dag.py:3947} INFO - Setting next_dagrun for retry_backoff to None, run_after=None
[2026-06-11T00:18:49.746+0000] {processor.py:183} INFO - Processing /opt/airflow/dags/retry_backoff.py took 0.083 seconds
[2026-06-11T00:19:20.066+0000] {processor.py:161} INFO - Started process (PID=18658) to work on /opt/airflow/dags/retry_backoff.py
[2026-06-11T00:19:20.068+0000] {processor.py:830} INFO - Processing file /opt/airflow/dags/retry_backoff.py for tasks to queue
[2026-06-11T00:19:20.069+0000] {logging_mixin.py:188} INFO - [2026-06-11T00:19:20.068+0000] {dagbag.py:545} INFO - Filling up the DagBag from /opt/airflow/dags/retry_backoff.py
[2026-06-11T00:19:20.078+0000] {processor.py:840} INFO - DAG(s) 'retry_backoff' retrieved from /opt/airflow/dags/retry_backoff.py
[2026-06-11T00:19:20.108+0000] {logging_mixin.py:188} INFO - [2026-06-11T00:19:20.107+0000] {dag.py:3089} INFO - Sync 1 DAGs
[2026-06-11T00:19:20.120+0000] {logging_mixin.py:188} INFO - [2026-06-11T00:19:20.120+0000] {dag.py:3947} INFO - Setting next_dagrun for retry_backoff to None, run_after=None
[2026-06-11T00:19:20.135+0000] {processor.py:183} INFO - Processing /opt/airflow/dags/retry_backoff.py took 0.079 seconds
[2026-06-11T00:19:50.440+0000] {processor.py:161} INFO - Started process (PID=18700) to work on /opt/airflow/dags/retry_backoff.py
[2026-06-11T00:19:50.442+0000] {processor.py:830} INFO - Processing file /opt/airflow/dags/retry_backoff.py for tasks to queue
[2026-06-11T00:19:50.444+0000] {logging_mixin.py:188} INFO - [2026-06-11T00:19:50.443+0000] {dagbag.py:545} INFO - Filling up the DagBag from /opt/airflow/dags/retry_backoff.py
[2026-06-11T00:19:50.456+0000] {processor.py:840} INFO - DAG(s) 'retry_backoff' retrieved from /opt/airflow/dags/retry_backoff.py
[2026-06-11T00:19:50.492+0000] {logging_mixin.py:188} INFO - [2026-06-11T00:19:50.492+0000] {dag.py:3089} INFO - Sync 1 DAGs
[2026-06-11T00:19:50.503+0000] {logging_mixin.py:188} INFO - [2026-06-11T00:19:50.503+0000] {dag.py:3947} INFO - Setting next_dagrun for retry_backoff to None, run_after=None
[2026-06-11T00:19:50.525+0000] {processor.py:183} INFO - Processing /opt/airflow/dags/retry_backoff.py took 0.093 seconds
[2026-06-11T00:20:20.912+0000] {processor.py:161} INFO - Started process (PID=18742) to work on /opt/airflow/dags/retry_backoff.py
[2026-06-11T00:20:20.914+0000] {processor.py:830} INFO - Processing file /opt/airflow/dags/retry_backoff.py for tasks to queue
[2026-06-11T00:20:20.915+0000] {logging_mixin.py:188} INFO - [2026-06-11T00:20:20.914+0000] {dagbag.py:545} INFO - Filling up the DagBag from /opt/airflow/dags/retry_backoff.py
[2026-06-11T00:20:20.921+0000] {processor.py:840} INFO - DAG(s) 'retry_backoff' retrieved from /opt/airflow/dags/retry_backoff.py
[2026-06-11T00:20:20.940+0000] {logging_mixin.py:188} INFO - [2026-06-11T00:20:20.940+0000] {dag.py:3089} INFO - Sync 1 DAGs
[2026-06-11T00:20:20.951+0000] {logging_mixin.py:188} INFO - [2026-06-11T00:20:20.951+0000] {dag.py:3947} INFO - Setting next_dagrun for retry_backoff to None, run_after=None
[2026-06-11T00:20:20.971+0000] {processor.py:183} INFO - Processing /opt/airflow/dags/retry_backoff.py took 0.073 seconds
[2026-06-11T00:20:51.355+0000] {processor.py:161} INFO - Started process (PID=18784) to work on /opt/airflow/dags/retry_backoff.py
[2026-06-11T00:20:51.356+0000] {processor.py:830} INFO - Processing file /opt/airflow/dags/retry_backoff.py for tasks to queue
[2026-06-11T00:20:51.358+0000] {logging_mixin.py:188} INFO - [2026-06-11T00:20:51.357+0000] {dagbag.py:545} INFO - Filling up the DagBag from /opt/airflow/dags/retry_backoff.py
[2026-06-11T00:20:51.368+0000] {processor.py:840} INFO - DAG(s) 'retry_backoff' retrieved from /opt/airflow/dags/retry_backoff.py
[2026-06-11T00:20:51.391+0000] {logging_mixin.py:188} INFO - [2026-06-11T00:20:51.391+0000] {dag.py:3089} INFO - Sync 1 DAGs
[2026-06-11T00:20:51.409+0000] {logging_mixin.py:188} INFO - [2026-06-11T00:20:51.409+0000] {dag.py:3947} INFO - Setting next_dagrun for retry_backoff to None, run_after=None
[2026-06-11T00:20:51.429+0000] {processor.py:183} INFO - Processing /opt/airflow/dags/retry_backoff.py took 0.088 seconds
[2026-06-11T00:21:21.804+0000] {processor.py:161} INFO - Started process (PID=18826) to work on /opt/airflow/dags/retry_backoff.py
[2026-06-11T00:21:21.806+0000] {processor.py:830} INFO - Processing file /opt/airflow/dags/retry_backoff.py for tasks to queue
[2026-06-11T00:21:21.807+0000] {logging_mixin.py:188} INFO - [2026-06-11T00:21:21.807+0000] {dagbag.py:545} INFO - Filling up the DagBag from /opt/airflow/dags/retry_backoff.py
[2026-06-11T00:21:21.812+0000] {processor.py:840} INFO - DAG(s) 'retry_backoff' retrieved from /opt/airflow/dags/retry_backoff.py
[2026-06-11T00:21:21.836+0000] {logging_mixin.py:188} INFO - [2026-06-11T00:21:21.836+0000] {dag.py:3089} INFO - Sync 1 DAGs
[2026-06-11T00:21:21.844+0000] {logging_mixin.py:188} INFO - [2026-06-11T00:21:21.844+0000] {dag.py:3947} INFO - Setting next_dagrun for retry_backoff to None, run_after=None
[2026-06-11T00:21:21.856+0000] {processor.py:183} INFO - Processing /opt/airflow/dags/retry_backoff.py took 0.059 seconds
[2026-06-11T00:21:52.281+0000] {processor.py:161} INFO - Started process (PID=18868) to work on /opt/airflow/dags/retry_backoff.py
[2026-06-11T00:21:52.283+0000] {processor.py:830} INFO - Processing file /opt/airflow/dags/retry_backoff.py for tasks to queue
[2026-06-11T00:21:52.283+0000] {logging_mixin.py:188} INFO - [2026-06-11T00:21:52.283+0000] {dagbag.py:545} INFO - Filling up the DagBag from /opt/airflow/dags/retry_backoff.py
[2026-06-11T00:21:52.289+0000] {processor.py:840} INFO - DAG(s) 'retry_backoff' retrieved from /opt/airflow/dags/retry_backoff.py
[2026-06-11T00:21:52.324+0000] {logging_mixin.py:188} INFO - [2026-06-11T00:21:52.324+0000] {dag.py:3089} INFO - Sync 1 DAGs
[2026-06-11T00:21:52.336+0000] {logging_mixin.py:188} INFO - [2026-06-11T00:21:52.336+0000] {dag.py:3947} INFO - Setting next_dagrun for retry_backoff to None, run_after=None
[2026-06-11T00:21:52.355+0000] {processor.py:183} INFO - Processing /opt/airflow/dags/retry_backoff.py took 0.083 seconds
[2026-06-11T00:22:22.759+0000] {processor.py:161} INFO - Started process (PID=18910) to work on /opt/airflow/dags/retry_backoff.py
[2026-06-11T00:22:22.760+0000] {processor.py:830} INFO - Processing file /opt/airflow/dags/retry_backoff.py for tasks to queue
[2026-06-11T00:22:22.761+0000] {logging_mixin.py:188} INFO - [2026-06-11T00:22:22.760+0000] {dagbag.py:545} INFO - Filling up the DagBag from /opt/airflow/dags/retry_backoff.py
[2026-06-11T00:22:22.766+0000] {processor.py:840} INFO - DAG(s) 'retry_backoff' retrieved from /opt/airflow/dags/retry_backoff.py
[2026-06-11T00:22:22.798+0000] {logging_mixin.py:188} INFO - [2026-06-11T00:22:22.797+0000] {dag.py:3089} INFO - Sync 1 DAGs
[2026-06-11T00:22:22.813+0000] {logging_mixin.py:188} INFO - [2026-06-11T00:22:22.813+0000] {dag.py:3947} INFO - Setting next_dagrun for retry_backoff to None, run_after=None
[2026-06-11T00:22:22.833+0000] {processor.py:183} INFO - Processing /opt/airflow/dags/retry_backoff.py took 0.078 seconds
[2026-06-11T00:22:53.238+0000] {processor.py:161} INFO - Started process (PID=18952) to work on /opt/airflow/dags/retry_backoff.py
[2026-06-11T00:22:53.240+0000] {processor.py:830} INFO - Processing file /opt/airflow/dags/retry_backoff.py for tasks to queue
[2026-06-11T00:22:53.241+0000] {logging_mixin.py:188} INFO - [2026-06-11T00:22:53.240+0000] {dagbag.py:545} INFO - Filling up the DagBag from /opt/airflow/dags/retry_backoff.py
[2026-06-11T00:22:53.251+0000] {processor.py:840} INFO - DAG(s) 'retry_backoff' retrieved from /opt/airflow/dags/retry_backoff.py
[2026-06-11T00:22:53.284+0000] {logging_mixin.py:188} INFO - [2026-06-11T00:22:53.284+0000] {dag.py:3089} INFO - Sync 1 DAGs
[2026-06-11T00:22:53.299+0000] {logging_mixin.py:188} INFO - [2026-06-11T00:22:53.299+0000] {dag.py:3947} INFO - Setting next_dagrun for retry_backoff to None, run_after=None
[2026-06-11T00:22:53.316+0000] {processor.py:183} INFO - Processing /opt/airflow/dags/retry_backoff.py took 0.091 seconds
[2026-06-11T00:23:23.618+0000] {processor.py:161} INFO - Started process (PID=18994) to work on /opt/airflow/dags/retry_backoff.py
[2026-06-11T00:23:23.618+0000] {processor.py:830} INFO - Processing file /opt/airflow/dags/retry_backoff.py for tasks to queue
[2026-06-11T00:23:23.619+0000] {logging_mixin.py:188} INFO - [2026-06-11T00:23:23.619+0000] {dagbag.py:545} INFO - Filling up the DagBag from /opt/airflow/dags/retry_backoff.py
[2026-06-11T00:23:23.624+0000] {processor.py:840} INFO - DAG(s) 'retry_backoff' retrieved from /opt/airflow/dags/retry_backoff.py
[2026-06-11T00:23:23.648+0000] {logging_mixin.py:188} INFO - [2026-06-11T00:23:23.648+0000] {dag.py:3089} INFO - Sync 1 DAGs
[2026-06-11T00:23:23.656+0000] {logging_mixin.py:188} INFO - [2026-06-11T00:23:23.656+0000] {dag.py:3947} INFO - Setting next_dagrun for retry_backoff to None, run_after=None
[2026-06-11T00:23:23.670+0000] {processor.py:183} INFO - Processing /opt/airflow/dags/retry_backoff.py took 0.060 seconds
[2026-06-11T00:23:53.958+0000] {processor.py:161} INFO - Started process (PID=19036) to work on /opt/airflow/dags/retry_backoff.py
[2026-06-11T00:23:53.959+0000] {processor.py:830} INFO - Processing file /opt/airflow/dags/retry_backoff.py for tasks to queue
[2026-06-11T00:23:53.960+0000] {logging_mixin.py:188} INFO - [2026-06-11T00:23:53.960+0000] {dagbag.py:545} INFO - Filling up the DagBag from /opt/airflow/dags/retry_backoff.py
[2026-06-11T00:23:53.965+0000] {processor.py:840} INFO - DAG(s) 'retry_backoff' retrieved from /opt/airflow/dags/retry_backoff.py
[2026-06-11T00:23:53.999+0000] {logging_mixin.py:188} INFO - [2026-06-11T00:23:53.999+0000] {dag.py:3089} INFO - Sync 1 DAGs
[2026-06-11T00:23:54.008+0000] {logging_mixin.py:188} INFO - [2026-06-11T00:23:54.008+0000] {dag.py:3947} INFO - Setting next_dagrun for retry_backoff to None, run_after=None
[2026-06-11T00:23:54.028+0000] {processor.py:183} INFO - Processing /opt/airflow/dags/retry_backoff.py took 0.078 seconds
[2026-06-11T00:24:24.468+0000] {processor.py:161} INFO - Started process (PID=19079) to work on /opt/airflow/dags/retry_backoff.py
[2026-06-11T00:24:24.470+0000] {processor.py:830} INFO - Processing file /opt/airflow/dags/retry_backoff.py for tasks to queue
[2026-06-11T00:24:24.472+0000] {logging_mixin.py:188} INFO - [2026-06-11T00:24:24.471+0000] {dagbag.py:545} INFO - Filling up the DagBag from /opt/airflow/dags/retry_backoff.py
[2026-06-11T00:24:24.484+0000] {processor.py:840} INFO - DAG(s) 'retry_backoff' retrieved from /opt/airflow/dags/retry_backoff.py
[2026-06-11T00:24:24.520+0000] {logging_mixin.py:188} INFO - [2026-06-11T00:24:24.520+0000] {dag.py:3089} INFO - Sync 1 DAGs
[2026-06-11T00:24:24.532+0000] {logging_mixin.py:188} INFO - [2026-06-11T00:24:24.532+0000] {dag.py:3947} INFO - Setting next_dagrun for retry_backoff to None, run_after=None
[2026-06-11T00:24:24.549+0000] {processor.py:183} INFO - Processing /opt/airflow/dags/retry_backoff.py took 0.093 seconds
[2026-06-11T00:24:54.953+0000] {processor.py:161} INFO - Started process (PID=19121) to work on /opt/airflow/dags/retry_backoff.py
[2026-06-11T00:24:54.955+0000] {processor.py:830} INFO - Processing file /opt/airflow/dags/retry_backoff.py for tasks to queue
[2026-06-11T00:24:54.956+0000] {logging_mixin.py:188} INFO - [2026-06-11T00:24:54.956+0000] {dagbag.py:545} INFO - Filling up the DagBag from /opt/airflow/dags/retry_backoff.py
[2026-06-11T00:24:54.964+0000] {processor.py:840} INFO - DAG(s) 'retry_backoff' retrieved from /opt/airflow/dags/retry_backoff.py
[2026-06-11T00:24:55.000+0000] {logging_mixin.py:188} INFO - [2026-06-11T00:24:54.999+0000] {dag.py:3089} INFO - Sync 1 DAGs
[2026-06-11T00:24:55.013+0000] {logging_mixin.py:188} INFO - [2026-06-11T00:24:55.013+0000] {dag.py:3947} INFO - Setting next_dagrun for retry_backoff to None, run_after=None
[2026-06-11T00:24:55.035+0000] {processor.py:183} INFO - Processing /opt/airflow/dags/retry_backoff.py took 0.088 seconds
[2026-06-11T00:25:25.344+0000] {processor.py:161} INFO - Started process (PID=19163) to work on /opt/airflow/dags/retry_backoff.py
[2026-06-11T00:25:25.345+0000] {processor.py:830} INFO - Processing file /opt/airflow/dags/retry_backoff.py for tasks to queue
[2026-06-11T00:25:25.346+0000] {logging_mixin.py:188} INFO - [2026-06-11T00:25:25.345+0000] {dagbag.py:545} INFO - Filling up the DagBag from /opt/airflow/dags/retry_backoff.py
[2026-06-11T00:25:25.357+0000] {processor.py:840} INFO - DAG(s) 'retry_backoff' retrieved from /opt/airflow/dags/retry_backoff.py
[2026-06-11T00:25:25.396+0000] {logging_mixin.py:188} INFO - [2026-06-11T00:25:25.396+0000] {dag.py:3089} INFO - Sync 1 DAGs
[2026-06-11T00:25:25.405+0000] {logging_mixin.py:188} INFO - [2026-06-11T00:25:25.405+0000] {dag.py:3947} INFO - Setting next_dagrun for retry_backoff to None, run_after=None
[2026-06-11T00:25:25.425+0000] {processor.py:183} INFO - Processing /opt/airflow/dags/retry_backoff.py took 0.089 seconds
[2026-06-11T00:25:55.810+0000] {processor.py:161} INFO - Started process (PID=19205) to work on /opt/airflow/dags/retry_backoff.py
[2026-06-11T00:25:55.813+0000] {processor.py:830} INFO - Processing file /opt/airflow/dags/retry_backoff.py for tasks to queue
[2026-06-11T00:25:55.814+0000] {logging_mixin.py:188} INFO - [2026-06-11T00:25:55.814+0000] {dagbag.py:545} INFO - Filling up the DagBag from /opt/airflow/dags/retry_backoff.py
[2026-06-11T00:25:55.826+0000] {processor.py:840} INFO - DAG(s) 'retry_backoff' retrieved from /opt/airflow/dags/retry_backoff.py
[2026-06-11T00:25:55.856+0000] {logging_mixin.py:188} INFO - [2026-06-11T00:25:55.855+0000] {dag.py:3089} INFO - Sync 1 DAGs
[2026-06-11T00:25:55.869+0000] {logging_mixin.py:188} INFO - [2026-06-11T00:25:55.869+0000] {dag.py:3947} INFO - Setting next_dagrun for retry_backoff to None, run_after=None
[2026-06-11T00:25:55.892+0000] {processor.py:183} INFO - Processing /opt/airflow/dags/retry_backoff.py took 0.095 seconds
[2026-06-11T00:26:26.305+0000] {processor.py:161} INFO - Started process (PID=19247) to work on /opt/airflow/dags/retry_backoff.py
[2026-06-11T00:26:26.306+0000] {processor.py:830} INFO - Processing file /opt/airflow/dags/retry_backoff.py for tasks to queue
[2026-06-11T00:26:26.308+0000] {logging_mixin.py:188} INFO - [2026-06-11T00:26:26.307+0000] {dagbag.py:545} INFO - Filling up the DagBag from /opt/airflow/dags/retry_backoff.py
[2026-06-11T00:26:26.319+0000] {processor.py:840} INFO - DAG(s) 'retry_backoff' retrieved from /opt/airflow/dags/retry_backoff.py
[2026-06-11T00:26:26.349+0000] {logging_mixin.py:188} INFO - [2026-06-11T00:26:26.349+0000] {dag.py:3089} INFO - Sync 1 DAGs
[2026-06-11T00:26:26.363+0000] {logging_mixin.py:188} INFO - [2026-06-11T00:26:26.363+0000] {dag.py:3947} INFO - Setting next_dagrun for retry_backoff to None, run_after=None
[2026-06-11T00:26:26.383+0000] {processor.py:183} INFO - Processing /opt/airflow/dags/retry_backoff.py took 0.092 seconds
[2026-06-11T00:26:56.692+0000] {processor.py:161} INFO - Started process (PID=19289) to work on /opt/airflow/dags/retry_backoff.py
[2026-06-11T00:26:56.693+0000] {processor.py:830} INFO - Processing file /opt/airflow/dags/retry_backoff.py for tasks to queue
[2026-06-11T00:26:56.694+0000] {logging_mixin.py:188} INFO - [2026-06-11T00:26:56.694+0000] {dagbag.py:545} INFO - Filling up the DagBag from /opt/airflow/dags/retry_backoff.py
[2026-06-11T00:26:56.698+0000] {processor.py:840} INFO - DAG(s) 'retry_backoff' retrieved from /opt/airflow/dags/retry_backoff.py
[2026-06-11T00:26:56.731+0000] {logging_mixin.py:188} INFO - [2026-06-11T00:26:56.731+0000] {dag.py:3089} INFO - Sync 1 DAGs
[2026-06-11T00:26:56.745+0000] {logging_mixin.py:188} INFO - [2026-06-11T00:26:56.744+0000] {dag.py:3947} INFO - Setting next_dagrun for retry_backoff to None, run_after=None
[2026-06-11T00:26:56.765+0000] {processor.py:183} INFO - Processing /opt/airflow/dags/retry_backoff.py took 0.078 seconds
[2026-06-11T00:27:27.047+0000] {processor.py:161} INFO - Started process (PID=19331) to work on /opt/airflow/dags/retry_backoff.py
[2026-06-11T00:27:27.048+0000] {processor.py:830} INFO - Processing file /opt/airflow/dags/retry_backoff.py for tasks to queue
[2026-06-11T00:27:27.048+0000] {logging_mixin.py:188} INFO - [2026-06-11T00:27:27.048+0000] {dagbag.py:545} INFO - Filling up the DagBag from /opt/airflow/dags/retry_backoff.py
[2026-06-11T00:27:27.054+0000] {processor.py:840} INFO - DAG(s) 'retry_backoff' retrieved from /opt/airflow/dags/retry_backoff.py
[2026-06-11T00:27:27.090+0000] {logging_mixin.py:188} INFO - [2026-06-11T00:27:27.089+0000] {dag.py:3089} INFO - Sync 1 DAGs
[2026-06-11T00:27:27.104+0000] {logging_mixin.py:188} INFO - [2026-06-11T00:27:27.104+0000] {dag.py:3947} INFO - Setting next_dagrun for retry_backoff to None, run_after=None
[2026-06-11T00:27:27.123+0000] {processor.py:183} INFO - Processing /opt/airflow/dags/retry_backoff.py took 0.080 seconds
[2026-06-11T00:27:57.507+0000] {processor.py:161} INFO - Started process (PID=19367) to work on /opt/airflow/dags/retry_backoff.py
[2026-06-11T00:27:57.509+0000] {processor.py:830} INFO - Processing file /opt/airflow/dags/retry_backoff.py for tasks to queue
[2026-06-11T00:27:57.510+0000] {logging_mixin.py:188} INFO - [2026-06-11T00:27:57.510+0000] {dagbag.py:545} INFO - Filling up the DagBag from /opt/airflow/dags/retry_backoff.py
[2026-06-11T00:27:57.516+0000] {processor.py:840} INFO - DAG(s) 'retry_backoff' retrieved from /opt/airflow/dags/retry_backoff.py
[2026-06-11T00:27:57.546+0000] {logging_mixin.py:188} INFO - [2026-06-11T00:27:57.546+0000] {dag.py:3089} INFO - Sync 1 DAGs
[2026-06-11T00:27:57.558+0000] {logging_mixin.py:188} INFO - [2026-06-11T00:27:57.557+0000] {dag.py:3947} INFO - Setting next_dagrun for retry_backoff to None, run_after=None
[2026-06-11T00:27:57.579+0000] {processor.py:183} INFO - Processing /opt/airflow/dags/retry_backoff.py took 0.079 seconds
[2026-06-11T00:28:27.909+0000] {processor.py:161} INFO - Started process (PID=19409) to work on /opt/airflow/dags/retry_backoff.py
[2026-06-11T00:28:27.911+0000] {processor.py:830} INFO - Processing file /opt/airflow/dags/retry_backoff.py for tasks to queue
[2026-06-11T00:28:27.912+0000] {logging_mixin.py:188} INFO - [2026-06-11T00:28:27.912+0000] {dagbag.py:545} INFO - Filling up the DagBag from /opt/airflow/dags/retry_backoff.py
[2026-06-11T00:28:27.922+0000] {processor.py:840} INFO - DAG(s) 'retry_backoff' retrieved from /opt/airflow/dags/retry_backoff.py
[2026-06-11T00:28:27.950+0000] {logging_mixin.py:188} INFO - [2026-06-11T00:28:27.950+0000] {dag.py:3089} INFO - Sync 1 DAGs
[2026-06-11T00:28:27.962+0000] {logging_mixin.py:188} INFO - [2026-06-11T00:28:27.962+0000] {dag.py:3947} INFO - Setting next_dagrun for retry_backoff to None, run_after=None
[2026-06-11T00:28:27.979+0000] {processor.py:183} INFO - Processing /opt/airflow/dags/retry_backoff.py took 0.080 seconds
[2026-06-11T00:28:58.389+0000] {processor.py:161} INFO - Started process (PID=19461) to work on /opt/airflow/dags/retry_backoff.py
[2026-06-11T00:28:58.391+0000] {processor.py:830} INFO - Processing file /opt/airflow/dags/retry_backoff.py for tasks to queue
[2026-06-11T00:28:58.393+0000] {logging_mixin.py:188} INFO - [2026-06-11T00:28:58.392+0000] {dagbag.py:545} INFO - Filling up the DagBag from /opt/airflow/dags/retry_backoff.py
[2026-06-11T00:28:58.400+0000] {processor.py:840} INFO - DAG(s) 'retry_backoff' retrieved from /opt/airflow/dags/retry_backoff.py
[2026-06-11T00:28:58.432+0000] {logging_mixin.py:188} INFO - [2026-06-11T00:28:58.432+0000] {dag.py:3089} INFO - Sync 1 DAGs
[2026-06-11T00:28:58.442+0000] {logging_mixin.py:188} INFO - [2026-06-11T00:28:58.442+0000] {dag.py:3947} INFO - Setting next_dagrun for retry_backoff to None, run_after=None
[2026-06-11T00:28:58.462+0000] {processor.py:183} INFO - Processing /opt/airflow/dags/retry_backoff.py took 0.085 seconds
[2026-06-11T00:29:28.885+0000] {processor.py:161} INFO - Started process (PID=19503) to work on /opt/airflow/dags/retry_backoff.py
[2026-06-11T00:29:28.886+0000] {processor.py:830} INFO - Processing file /opt/airflow/dags/retry_backoff.py for tasks to queue
[2026-06-11T00:29:28.887+0000] {logging_mixin.py:188} INFO - [2026-06-11T00:29:28.886+0000] {dagbag.py:545} INFO - Filling up the DagBag from /opt/airflow/dags/retry_backoff.py
[2026-06-11T00:29:28.892+0000] {processor.py:840} INFO - DAG(s) 'retry_backoff' retrieved from /opt/airflow/dags/retry_backoff.py
[2026-06-11T00:29:28.918+0000] {logging_mixin.py:188} INFO - [2026-06-11T00:29:28.918+0000] {dag.py:3089} INFO - Sync 1 DAGs
[2026-06-11T00:29:28.926+0000] {logging_mixin.py:188} INFO - [2026-06-11T00:29:28.925+0000] {dag.py:3947} INFO - Setting next_dagrun for retry_backoff to None, run_after=None
[2026-06-11T00:29:28.943+0000] {processor.py:183} INFO - Processing /opt/airflow/dags/retry_backoff.py took 0.063 seconds
[2026-06-11T00:29:59.322+0000] {processor.py:161} INFO - Started process (PID=19545) to work on /opt/airflow/dags/retry_backoff.py
[2026-06-11T00:29:59.324+0000] {processor.py:830} INFO - Processing file /opt/airflow/dags/retry_backoff.py for tasks to queue
[2026-06-11T00:29:59.325+0000] {logging_mixin.py:188} INFO - [2026-06-11T00:29:59.324+0000] {dagbag.py:545} INFO - Filling up the DagBag from /opt/airflow/dags/retry_backoff.py
[2026-06-11T00:29:59.336+0000] {processor.py:840} INFO - DAG(s) 'retry_backoff' retrieved from /opt/airflow/dags/retry_backoff.py
[2026-06-11T00:29:59.372+0000] {logging_mixin.py:188} INFO - [2026-06-11T00:29:59.372+0000] {dag.py:3089} INFO - Sync 1 DAGs
[2026-06-11T00:29:59.383+0000] {logging_mixin.py:188} INFO - [2026-06-11T00:29:59.383+0000] {dag.py:3947} INFO - Setting next_dagrun for retry_backoff to None, run_after=None
[2026-06-11T00:29:59.404+0000] {processor.py:183} INFO - Processing /opt/airflow/dags/retry_backoff.py took 0.088 seconds
[2026-06-11T00:30:29.800+0000] {processor.py:161} INFO - Started process (PID=19587) to work on /opt/airflow/dags/retry_backoff.py
[2026-06-11T00:30:29.802+0000] {processor.py:830} INFO - Processing file /opt/airflow/dags/retry_backoff.py for tasks to queue
[2026-06-11T00:30:29.804+0000] {logging_mixin.py:188} INFO - [2026-06-11T00:30:29.803+0000] {dagbag.py:545} INFO - Filling up the DagBag from /opt/airflow/dags/retry_backoff.py
[2026-06-11T00:30:29.815+0000] {processor.py:840} INFO - DAG(s) 'retry_backoff' retrieved from /opt/airflow/dags/retry_backoff.py
[2026-06-11T00:30:29.850+0000] {logging_mixin.py:188} INFO - [2026-06-11T00:30:29.850+0000] {dag.py:3089} INFO - Sync 1 DAGs
[2026-06-11T00:30:29.865+0000] {logging_mixin.py:188} INFO - [2026-06-11T00:30:29.865+0000] {dag.py:3947} INFO - Setting next_dagrun for retry_backoff to None, run_after=None
[2026-06-11T00:30:29.885+0000] {processor.py:183} INFO - Processing /opt/airflow/dags/retry_backoff.py took 0.092 seconds
[2026-06-11T00:31:00.241+0000] {processor.py:161} INFO - Started process (PID=19629) to work on /opt/airflow/dags/retry_backoff.py
[2026-06-11T00:31:00.243+0000] {processor.py:830} INFO - Processing file /opt/airflow/dags/retry_backoff.py for tasks to queue
[2026-06-11T00:31:00.244+0000] {logging_mixin.py:188} INFO - [2026-06-11T00:31:00.244+0000] {dagbag.py:545} INFO - Filling up the DagBag from /opt/airflow/dags/retry_backoff.py
[2026-06-11T00:31:00.251+0000] {processor.py:840} INFO - DAG(s) 'retry_backoff' retrieved from /opt/airflow/dags/retry_backoff.py
[2026-06-11T00:31:00.283+0000] {logging_mixin.py:188} INFO - [2026-06-11T00:31:00.282+0000] {dag.py:3089} INFO - Sync 1 DAGs
[2026-06-11T00:31:00.297+0000] {logging_mixin.py:188} INFO - [2026-06-11T00:31:00.297+0000] {dag.py:3947} INFO - Setting next_dagrun for retry_backoff to None, run_after=None
[2026-06-11T00:31:00.316+0000] {processor.py:183} INFO - Processing /opt/airflow/dags/retry_backoff.py took 0.085 seconds
[2026-06-11T00:31:30.702+0000] {processor.py:161} INFO - Started process (PID=19671) to work on /opt/airflow/dags/retry_backoff.py
[2026-06-11T00:31:30.704+0000] {processor.py:830} INFO - Processing file /opt/airflow/dags/retry_backoff.py for tasks to queue
[2026-06-11T00:31:30.705+0000] {logging_mixin.py:188} INFO - [2026-06-11T00:31:30.705+0000] {dagbag.py:545} INFO - Filling up the DagBag from /opt/airflow/dags/retry_backoff.py
[2026-06-11T00:31:30.716+0000] {processor.py:840} INFO - DAG(s) 'retry_backoff' retrieved from /opt/airflow/dags/retry_backoff.py
[2026-06-11T00:31:30.751+0000] {logging_mixin.py:188} INFO - [2026-06-11T00:31:30.751+0000] {dag.py:3089} INFO - Sync 1 DAGs
[2026-06-11T00:31:30.766+0000] {logging_mixin.py:188} INFO - [2026-06-11T00:31:30.766+0000] {dag.py:3947} INFO - Setting next_dagrun for retry_backoff to None, run_after=None
[2026-06-11T00:31:30.786+0000] {processor.py:183} INFO - Processing /opt/airflow/dags/retry_backoff.py took 0.097 seconds
