[2026-06-11T00:00:30.223+0000] {processor.py:161} INFO - Started process (PID=17108) to work on /opt/airflow/dags/retry_simples.py
[2026-06-11T00:00:30.225+0000] {processor.py:830} INFO - Processing file /opt/airflow/dags/retry_simples.py for tasks to queue
[2026-06-11T00:00:30.226+0000] {logging_mixin.py:188} INFO - [2026-06-11T00:00:30.226+0000] {dagbag.py:545} INFO - Filling up the DagBag from /opt/airflow/dags/retry_simples.py
[2026-06-11T00:00:30.240+0000] {processor.py:840} INFO - DAG(s) 'retry_simples' retrieved from /opt/airflow/dags/retry_simples.py
[2026-06-11T00:00:30.286+0000] {logging_mixin.py:188} INFO - [2026-06-11T00:00:30.285+0000] {dag.py:3089} INFO - Sync 1 DAGs
[2026-06-11T00:00:30.303+0000] {logging_mixin.py:188} INFO - [2026-06-11T00:00:30.303+0000] {dag.py:3947} INFO - Setting next_dagrun for retry_simples to None, run_after=None
[2026-06-11T00:00:30.322+0000] {processor.py:183} INFO - Processing /opt/airflow/dags/retry_simples.py took 0.106 seconds
[2026-06-11T00:01:00.743+0000] {processor.py:161} INFO - Started process (PID=17150) to work on /opt/airflow/dags/retry_simples.py
[2026-06-11T00:01:00.744+0000] {processor.py:830} INFO - Processing file /opt/airflow/dags/retry_simples.py for tasks to queue
[2026-06-11T00:01:00.745+0000] {logging_mixin.py:188} INFO - [2026-06-11T00:01:00.744+0000] {dagbag.py:545} INFO - Filling up the DagBag from /opt/airflow/dags/retry_simples.py
[2026-06-11T00:01:00.749+0000] {processor.py:840} INFO - DAG(s) 'retry_simples' retrieved from /opt/airflow/dags/retry_simples.py
[2026-06-11T00:01:00.775+0000] {logging_mixin.py:188} INFO - [2026-06-11T00:01:00.774+0000] {dag.py:3089} INFO - Sync 1 DAGs
[2026-06-11T00:01:00.781+0000] {logging_mixin.py:188} INFO - [2026-06-11T00:01:00.781+0000] {dag.py:3947} INFO - Setting next_dagrun for retry_simples to None, run_after=None
[2026-06-11T00:01:00.792+0000] {processor.py:183} INFO - Processing /opt/airflow/dags/retry_simples.py took 0.056 seconds
[2026-06-11T00:01:31.228+0000] {processor.py:161} INFO - Started process (PID=17192) to work on /opt/airflow/dags/retry_simples.py
[2026-06-11T00:01:31.228+0000] {processor.py:830} INFO - Processing file /opt/airflow/dags/retry_simples.py for tasks to queue
[2026-06-11T00:01:31.229+0000] {logging_mixin.py:188} INFO - [2026-06-11T00:01:31.229+0000] {dagbag.py:545} INFO - Filling up the DagBag from /opt/airflow/dags/retry_simples.py
[2026-06-11T00:01:31.237+0000] {processor.py:840} INFO - DAG(s) 'retry_simples' retrieved from /opt/airflow/dags/retry_simples.py
[2026-06-11T00:01:31.260+0000] {logging_mixin.py:188} INFO - [2026-06-11T00:01:31.260+0000] {dag.py:3089} INFO - Sync 1 DAGs
[2026-06-11T00:01:31.268+0000] {logging_mixin.py:188} INFO - [2026-06-11T00:01:31.268+0000] {dag.py:3947} INFO - Setting next_dagrun for retry_simples to None, run_after=None
[2026-06-11T00:01:31.282+0000] {processor.py:183} INFO - Processing /opt/airflow/dags/retry_simples.py took 0.059 seconds
[2026-06-11T00:02:01.624+0000] {processor.py:161} INFO - Started process (PID=17234) to work on /opt/airflow/dags/retry_simples.py
[2026-06-11T00:02:01.625+0000] {processor.py:830} INFO - Processing file /opt/airflow/dags/retry_simples.py for tasks to queue
[2026-06-11T00:02:01.626+0000] {logging_mixin.py:188} INFO - [2026-06-11T00:02:01.625+0000] {dagbag.py:545} INFO - Filling up the DagBag from /opt/airflow/dags/retry_simples.py
[2026-06-11T00:02:01.630+0000] {processor.py:840} INFO - DAG(s) 'retry_simples' retrieved from /opt/airflow/dags/retry_simples.py
[2026-06-11T00:02:01.661+0000] {logging_mixin.py:188} INFO - [2026-06-11T00:02:01.661+0000] {dag.py:3089} INFO - Sync 1 DAGs
[2026-06-11T00:02:01.671+0000] {logging_mixin.py:188} INFO - [2026-06-11T00:02:01.671+0000] {dag.py:3947} INFO - Setting next_dagrun for retry_simples to None, run_after=None
[2026-06-11T00:02:01.684+0000] {processor.py:183} INFO - Processing /opt/airflow/dags/retry_simples.py took 0.068 seconds
[2026-06-11T00:02:32.118+0000] {processor.py:161} INFO - Started process (PID=17276) to work on /opt/airflow/dags/retry_simples.py
[2026-06-11T00:02:32.119+0000] {processor.py:830} INFO - Processing file /opt/airflow/dags/retry_simples.py for tasks to queue
[2026-06-11T00:02:32.120+0000] {logging_mixin.py:188} INFO - [2026-06-11T00:02:32.120+0000] {dagbag.py:545} INFO - Filling up the DagBag from /opt/airflow/dags/retry_simples.py
[2026-06-11T00:02:32.128+0000] {processor.py:840} INFO - DAG(s) 'retry_simples' retrieved from /opt/airflow/dags/retry_simples.py
[2026-06-11T00:02:32.153+0000] {logging_mixin.py:188} INFO - [2026-06-11T00:02:32.153+0000] {dag.py:3089} INFO - Sync 1 DAGs
[2026-06-11T00:02:32.168+0000] {logging_mixin.py:188} INFO - [2026-06-11T00:02:32.167+0000] {dag.py:3947} INFO - Setting next_dagrun for retry_simples to None, run_after=None
[2026-06-11T00:02:32.186+0000] {processor.py:183} INFO - Processing /opt/airflow/dags/retry_simples.py took 0.077 seconds
[2026-06-11T00:03:02.577+0000] {processor.py:161} INFO - Started process (PID=17319) to work on /opt/airflow/dags/retry_simples.py
[2026-06-11T00:03:02.579+0000] {processor.py:830} INFO - Processing file /opt/airflow/dags/retry_simples.py for tasks to queue
[2026-06-11T00:03:02.580+0000] {logging_mixin.py:188} INFO - [2026-06-11T00:03:02.580+0000] {dagbag.py:545} INFO - Filling up the DagBag from /opt/airflow/dags/retry_simples.py
[2026-06-11T00:03:02.586+0000] {processor.py:840} INFO - DAG(s) 'retry_simples' retrieved from /opt/airflow/dags/retry_simples.py
[2026-06-11T00:03:02.611+0000] {logging_mixin.py:188} INFO - [2026-06-11T00:03:02.610+0000] {dag.py:3089} INFO - Sync 1 DAGs
[2026-06-11T00:03:02.618+0000] {logging_mixin.py:188} INFO - [2026-06-11T00:03:02.618+0000] {dag.py:3947} INFO - Setting next_dagrun for retry_simples to None, run_after=None
[2026-06-11T00:03:02.634+0000] {processor.py:183} INFO - Processing /opt/airflow/dags/retry_simples.py took 0.066 seconds
[2026-06-11T00:03:33.027+0000] {processor.py:161} INFO - Started process (PID=17361) to work on /opt/airflow/dags/retry_simples.py
[2026-06-11T00:03:33.028+0000] {processor.py:830} INFO - Processing file /opt/airflow/dags/retry_simples.py for tasks to queue
[2026-06-11T00:03:33.029+0000] {logging_mixin.py:188} INFO - [2026-06-11T00:03:33.029+0000] {dagbag.py:545} INFO - Filling up the DagBag from /opt/airflow/dags/retry_simples.py
[2026-06-11T00:03:33.038+0000] {processor.py:840} INFO - DAG(s) 'retry_simples' retrieved from /opt/airflow/dags/retry_simples.py
[2026-06-11T00:03:33.063+0000] {logging_mixin.py:188} INFO - [2026-06-11T00:03:33.063+0000] {dag.py:3089} INFO - Sync 1 DAGs
[2026-06-11T00:03:33.070+0000] {logging_mixin.py:188} INFO - [2026-06-11T00:03:33.070+0000] {dag.py:3947} INFO - Setting next_dagrun for retry_simples to None, run_after=None
[2026-06-11T00:03:33.085+0000] {processor.py:183} INFO - Processing /opt/airflow/dags/retry_simples.py took 0.069 seconds
[2026-06-11T00:04:03.463+0000] {processor.py:161} INFO - Started process (PID=17403) to work on /opt/airflow/dags/retry_simples.py
[2026-06-11T00:04:03.463+0000] {processor.py:830} INFO - Processing file /opt/airflow/dags/retry_simples.py for tasks to queue
[2026-06-11T00:04:03.464+0000] {logging_mixin.py:188} INFO - [2026-06-11T00:04:03.464+0000] {dagbag.py:545} INFO - Filling up the DagBag from /opt/airflow/dags/retry_simples.py
[2026-06-11T00:04:03.472+0000] {processor.py:840} INFO - DAG(s) 'retry_simples' retrieved from /opt/airflow/dags/retry_simples.py
[2026-06-11T00:04:03.501+0000] {logging_mixin.py:188} INFO - [2026-06-11T00:04:03.501+0000] {dag.py:3089} INFO - Sync 1 DAGs
[2026-06-11T00:04:03.515+0000] {logging_mixin.py:188} INFO - [2026-06-11T00:04:03.514+0000] {dag.py:3947} INFO - Setting next_dagrun for retry_simples to None, run_after=None
[2026-06-11T00:04:03.535+0000] {processor.py:183} INFO - Processing /opt/airflow/dags/retry_simples.py took 0.079 seconds
[2026-06-11T00:04:33.913+0000] {processor.py:161} INFO - Started process (PID=17445) to work on /opt/airflow/dags/retry_simples.py
[2026-06-11T00:04:33.914+0000] {processor.py:830} INFO - Processing file /opt/airflow/dags/retry_simples.py for tasks to queue
[2026-06-11T00:04:33.915+0000] {logging_mixin.py:188} INFO - [2026-06-11T00:04:33.914+0000] {dagbag.py:545} INFO - Filling up the DagBag from /opt/airflow/dags/retry_simples.py
[2026-06-11T00:04:33.923+0000] {processor.py:840} INFO - DAG(s) 'retry_simples' retrieved from /opt/airflow/dags/retry_simples.py
[2026-06-11T00:04:33.956+0000] {logging_mixin.py:188} INFO - [2026-06-11T00:04:33.956+0000] {dag.py:3089} INFO - Sync 1 DAGs
[2026-06-11T00:04:33.970+0000] {logging_mixin.py:188} INFO - [2026-06-11T00:04:33.970+0000] {dag.py:3947} INFO - Setting next_dagrun for retry_simples to None, run_after=None
[2026-06-11T00:04:33.990+0000] {processor.py:183} INFO - Processing /opt/airflow/dags/retry_simples.py took 0.085 seconds
[2026-06-11T00:05:04.314+0000] {processor.py:161} INFO - Started process (PID=17481) to work on /opt/airflow/dags/retry_simples.py
[2026-06-11T00:05:04.314+0000] {processor.py:830} INFO - Processing file /opt/airflow/dags/retry_simples.py for tasks to queue
[2026-06-11T00:05:04.315+0000] {logging_mixin.py:188} INFO - [2026-06-11T00:05:04.315+0000] {dagbag.py:545} INFO - Filling up the DagBag from /opt/airflow/dags/retry_simples.py
[2026-06-11T00:05:04.319+0000] {processor.py:840} INFO - DAG(s) 'retry_simples' retrieved from /opt/airflow/dags/retry_simples.py
[2026-06-11T00:05:04.341+0000] {logging_mixin.py:188} INFO - [2026-06-11T00:05:04.341+0000] {dag.py:3089} INFO - Sync 1 DAGs
[2026-06-11T00:05:04.356+0000] {logging_mixin.py:188} INFO - [2026-06-11T00:05:04.356+0000] {dag.py:3947} INFO - Setting next_dagrun for retry_simples to None, run_after=None
[2026-06-11T00:05:04.377+0000] {processor.py:183} INFO - Processing /opt/airflow/dags/retry_simples.py took 0.069 seconds
[2026-06-11T00:05:34.838+0000] {processor.py:161} INFO - Started process (PID=17523) to work on /opt/airflow/dags/retry_simples.py
[2026-06-11T00:05:34.839+0000] {processor.py:830} INFO - Processing file /opt/airflow/dags/retry_simples.py for tasks to queue
[2026-06-11T00:05:34.839+0000] {logging_mixin.py:188} INFO - [2026-06-11T00:05:34.839+0000] {dagbag.py:545} INFO - Filling up the DagBag from /opt/airflow/dags/retry_simples.py
[2026-06-11T00:05:34.844+0000] {processor.py:840} INFO - DAG(s) 'retry_simples' retrieved from /opt/airflow/dags/retry_simples.py
[2026-06-11T00:05:34.869+0000] {logging_mixin.py:188} INFO - [2026-06-11T00:05:34.869+0000] {dag.py:3089} INFO - Sync 1 DAGs
[2026-06-11T00:05:34.882+0000] {logging_mixin.py:188} INFO - [2026-06-11T00:05:34.882+0000] {dag.py:3947} INFO - Setting next_dagrun for retry_simples to None, run_after=None
[2026-06-11T00:05:34.901+0000] {processor.py:183} INFO - Processing /opt/airflow/dags/retry_simples.py took 0.069 seconds
[2026-06-11T00:06:05.249+0000] {processor.py:161} INFO - Started process (PID=17565) to work on /opt/airflow/dags/retry_simples.py
[2026-06-11T00:06:05.249+0000] {processor.py:830} INFO - Processing file /opt/airflow/dags/retry_simples.py for tasks to queue
[2026-06-11T00:06:05.250+0000] {logging_mixin.py:188} INFO - [2026-06-11T00:06:05.250+0000] {dagbag.py:545} INFO - Filling up the DagBag from /opt/airflow/dags/retry_simples.py
[2026-06-11T00:06:05.254+0000] {processor.py:840} INFO - DAG(s) 'retry_simples' retrieved from /opt/airflow/dags/retry_simples.py
[2026-06-11T00:06:05.299+0000] {logging_mixin.py:188} INFO - [2026-06-11T00:06:05.298+0000] {dag.py:3089} INFO - Sync 1 DAGs
[2026-06-11T00:06:05.312+0000] {logging_mixin.py:188} INFO - [2026-06-11T00:06:05.312+0000] {dag.py:3947} INFO - Setting next_dagrun for retry_simples to None, run_after=None
[2026-06-11T00:06:05.333+0000] {processor.py:183} INFO - Processing /opt/airflow/dags/retry_simples.py took 0.091 seconds
[2026-06-11T00:06:35.760+0000] {processor.py:161} INFO - Started process (PID=17607) to work on /opt/airflow/dags/retry_simples.py
[2026-06-11T00:06:35.761+0000] {processor.py:830} INFO - Processing file /opt/airflow/dags/retry_simples.py for tasks to queue
[2026-06-11T00:06:35.762+0000] {logging_mixin.py:188} INFO - [2026-06-11T00:06:35.762+0000] {dagbag.py:545} INFO - Filling up the DagBag from /opt/airflow/dags/retry_simples.py
[2026-06-11T00:06:35.766+0000] {processor.py:840} INFO - DAG(s) 'retry_simples' retrieved from /opt/airflow/dags/retry_simples.py
[2026-06-11T00:06:35.797+0000] {logging_mixin.py:188} INFO - [2026-06-11T00:06:35.797+0000] {dag.py:3089} INFO - Sync 1 DAGs
[2026-06-11T00:06:35.804+0000] {logging_mixin.py:188} INFO - [2026-06-11T00:06:35.804+0000] {dag.py:3947} INFO - Setting next_dagrun for retry_simples to None, run_after=None
[2026-06-11T00:06:35.814+0000] {processor.py:183} INFO - Processing /opt/airflow/dags/retry_simples.py took 0.061 seconds
[2026-06-11T00:07:06.237+0000] {processor.py:161} INFO - Started process (PID=17649) to work on /opt/airflow/dags/retry_simples.py
[2026-06-11T00:07:06.238+0000] {processor.py:830} INFO - Processing file /opt/airflow/dags/retry_simples.py for tasks to queue
[2026-06-11T00:07:06.240+0000] {logging_mixin.py:188} INFO - [2026-06-11T00:07:06.238+0000] {dagbag.py:545} INFO - Filling up the DagBag from /opt/airflow/dags/retry_simples.py
[2026-06-11T00:07:06.247+0000] {processor.py:840} INFO - DAG(s) 'retry_simples' retrieved from /opt/airflow/dags/retry_simples.py
[2026-06-11T00:07:06.275+0000] {logging_mixin.py:188} INFO - [2026-06-11T00:07:06.275+0000] {dag.py:3089} INFO - Sync 1 DAGs
[2026-06-11T00:07:06.287+0000] {logging_mixin.py:188} INFO - [2026-06-11T00:07:06.287+0000] {dag.py:3947} INFO - Setting next_dagrun for retry_simples to None, run_after=None
[2026-06-11T00:07:06.309+0000] {processor.py:183} INFO - Processing /opt/airflow/dags/retry_simples.py took 0.079 seconds
[2026-06-11T00:07:36.682+0000] {processor.py:161} INFO - Started process (PID=17691) to work on /opt/airflow/dags/retry_simples.py
[2026-06-11T00:07:36.682+0000] {processor.py:830} INFO - Processing file /opt/airflow/dags/retry_simples.py for tasks to queue
[2026-06-11T00:07:36.683+0000] {logging_mixin.py:188} INFO - [2026-06-11T00:07:36.683+0000] {dagbag.py:545} INFO - Filling up the DagBag from /opt/airflow/dags/retry_simples.py
[2026-06-11T00:07:36.687+0000] {processor.py:840} INFO - DAG(s) 'retry_simples' retrieved from /opt/airflow/dags/retry_simples.py
[2026-06-11T00:07:36.721+0000] {logging_mixin.py:188} INFO - [2026-06-11T00:07:36.721+0000] {dag.py:3089} INFO - Sync 1 DAGs
[2026-06-11T00:07:36.736+0000] {logging_mixin.py:188} INFO - [2026-06-11T00:07:36.736+0000] {dag.py:3947} INFO - Setting next_dagrun for retry_simples to None, run_after=None
[2026-06-11T00:07:36.755+0000] {processor.py:183} INFO - Processing /opt/airflow/dags/retry_simples.py took 0.082 seconds
[2026-06-11T00:08:07.203+0000] {processor.py:161} INFO - Started process (PID=17733) to work on /opt/airflow/dags/retry_simples.py
[2026-06-11T00:08:07.204+0000] {processor.py:830} INFO - Processing file /opt/airflow/dags/retry_simples.py for tasks to queue
[2026-06-11T00:08:07.206+0000] {logging_mixin.py:188} INFO - [2026-06-11T00:08:07.205+0000] {dagbag.py:545} INFO - Filling up the DagBag from /opt/airflow/dags/retry_simples.py
[2026-06-11T00:08:07.215+0000] {processor.py:840} INFO - DAG(s) 'retry_simples' retrieved from /opt/airflow/dags/retry_simples.py
[2026-06-11T00:08:07.248+0000] {logging_mixin.py:188} INFO - [2026-06-11T00:08:07.248+0000] {dag.py:3089} INFO - Sync 1 DAGs
[2026-06-11T00:08:07.262+0000] {logging_mixin.py:188} INFO - [2026-06-11T00:08:07.262+0000] {dag.py:3947} INFO - Setting next_dagrun for retry_simples to None, run_after=None
[2026-06-11T00:08:07.283+0000] {processor.py:183} INFO - Processing /opt/airflow/dags/retry_simples.py took 0.088 seconds
[2026-06-11T00:08:37.731+0000] {processor.py:161} INFO - Started process (PID=17775) to work on /opt/airflow/dags/retry_simples.py
[2026-06-11T00:08:37.731+0000] {processor.py:830} INFO - Processing file /opt/airflow/dags/retry_simples.py for tasks to queue
[2026-06-11T00:08:37.732+0000] {logging_mixin.py:188} INFO - [2026-06-11T00:08:37.731+0000] {dagbag.py:545} INFO - Filling up the DagBag from /opt/airflow/dags/retry_simples.py
[2026-06-11T00:08:37.736+0000] {processor.py:840} INFO - DAG(s) 'retry_simples' retrieved from /opt/airflow/dags/retry_simples.py
[2026-06-11T00:08:37.777+0000] {logging_mixin.py:188} INFO - [2026-06-11T00:08:37.777+0000] {dag.py:3089} INFO - Sync 1 DAGs
[2026-06-11T00:08:37.787+0000] {logging_mixin.py:188} INFO - [2026-06-11T00:08:37.787+0000] {dag.py:3947} INFO - Setting next_dagrun for retry_simples to None, run_after=None
[2026-06-11T00:08:37.806+0000] {processor.py:183} INFO - Processing /opt/airflow/dags/retry_simples.py took 0.084 seconds
[2026-06-11T00:09:08.209+0000] {processor.py:161} INFO - Started process (PID=17817) to work on /opt/airflow/dags/retry_simples.py
[2026-06-11T00:09:08.210+0000] {processor.py:830} INFO - Processing file /opt/airflow/dags/retry_simples.py for tasks to queue
[2026-06-11T00:09:08.211+0000] {logging_mixin.py:188} INFO - [2026-06-11T00:09:08.211+0000] {dagbag.py:545} INFO - Filling up the DagBag from /opt/airflow/dags/retry_simples.py
[2026-06-11T00:09:08.216+0000] {processor.py:840} INFO - DAG(s) 'retry_simples' retrieved from /opt/airflow/dags/retry_simples.py
[2026-06-11T00:09:08.255+0000] {logging_mixin.py:188} INFO - [2026-06-11T00:09:08.255+0000] {dag.py:3089} INFO - Sync 1 DAGs
[2026-06-11T00:09:08.268+0000] {logging_mixin.py:188} INFO - [2026-06-11T00:09:08.268+0000] {dag.py:3947} INFO - Setting next_dagrun for retry_simples to None, run_after=None
[2026-06-11T00:09:08.281+0000] {processor.py:183} INFO - Processing /opt/airflow/dags/retry_simples.py took 0.079 seconds
[2026-06-11T00:09:38.714+0000] {processor.py:161} INFO - Started process (PID=17859) to work on /opt/airflow/dags/retry_simples.py
[2026-06-11T00:09:38.715+0000] {processor.py:830} INFO - Processing file /opt/airflow/dags/retry_simples.py for tasks to queue
[2026-06-11T00:09:38.716+0000] {logging_mixin.py:188} INFO - [2026-06-11T00:09:38.716+0000] {dagbag.py:545} INFO - Filling up the DagBag from /opt/airflow/dags/retry_simples.py
[2026-06-11T00:09:38.722+0000] {processor.py:840} INFO - DAG(s) 'retry_simples' retrieved from /opt/airflow/dags/retry_simples.py
[2026-06-11T00:09:38.754+0000] {logging_mixin.py:188} INFO - [2026-06-11T00:09:38.753+0000] {dag.py:3089} INFO - Sync 1 DAGs
[2026-06-11T00:09:38.761+0000] {logging_mixin.py:188} INFO - [2026-06-11T00:09:38.761+0000] {dag.py:3947} INFO - Setting next_dagrun for retry_simples to None, run_after=None
[2026-06-11T00:09:38.778+0000] {processor.py:183} INFO - Processing /opt/airflow/dags/retry_simples.py took 0.075 seconds
[2026-06-11T00:10:09.164+0000] {processor.py:161} INFO - Started process (PID=17901) to work on /opt/airflow/dags/retry_simples.py
[2026-06-11T00:10:09.165+0000] {processor.py:830} INFO - Processing file /opt/airflow/dags/retry_simples.py for tasks to queue
[2026-06-11T00:10:09.166+0000] {logging_mixin.py:188} INFO - [2026-06-11T00:10:09.165+0000] {dagbag.py:545} INFO - Filling up the DagBag from /opt/airflow/dags/retry_simples.py
[2026-06-11T00:10:09.170+0000] {processor.py:840} INFO - DAG(s) 'retry_simples' retrieved from /opt/airflow/dags/retry_simples.py
[2026-06-11T00:10:09.195+0000] {logging_mixin.py:188} INFO - [2026-06-11T00:10:09.195+0000] {dag.py:3089} INFO - Sync 1 DAGs
[2026-06-11T00:10:09.206+0000] {logging_mixin.py:188} INFO - [2026-06-11T00:10:09.206+0000] {dag.py:3947} INFO - Setting next_dagrun for retry_simples to None, run_after=None
[2026-06-11T00:10:09.218+0000] {processor.py:183} INFO - Processing /opt/airflow/dags/retry_simples.py took 0.057 seconds
[2026-06-11T00:10:39.584+0000] {processor.py:161} INFO - Started process (PID=17943) to work on /opt/airflow/dags/retry_simples.py
[2026-06-11T00:10:39.585+0000] {processor.py:830} INFO - Processing file /opt/airflow/dags/retry_simples.py for tasks to queue
[2026-06-11T00:10:39.586+0000] {logging_mixin.py:188} INFO - [2026-06-11T00:10:39.585+0000] {dagbag.py:545} INFO - Filling up the DagBag from /opt/airflow/dags/retry_simples.py
[2026-06-11T00:10:39.590+0000] {processor.py:840} INFO - DAG(s) 'retry_simples' retrieved from /opt/airflow/dags/retry_simples.py
[2026-06-11T00:10:39.609+0000] {logging_mixin.py:188} INFO - [2026-06-11T00:10:39.609+0000] {dag.py:3089} INFO - Sync 1 DAGs
[2026-06-11T00:10:39.616+0000] {logging_mixin.py:188} INFO - [2026-06-11T00:10:39.616+0000] {dag.py:3947} INFO - Setting next_dagrun for retry_simples to None, run_after=None
[2026-06-11T00:10:39.627+0000] {processor.py:183} INFO - Processing /opt/airflow/dags/retry_simples.py took 0.048 seconds
[2026-06-11T00:11:10.025+0000] {processor.py:161} INFO - Started process (PID=17985) to work on /opt/airflow/dags/retry_simples.py
[2026-06-11T00:11:10.025+0000] {processor.py:830} INFO - Processing file /opt/airflow/dags/retry_simples.py for tasks to queue
[2026-06-11T00:11:10.026+0000] {logging_mixin.py:188} INFO - [2026-06-11T00:11:10.026+0000] {dagbag.py:545} INFO - Filling up the DagBag from /opt/airflow/dags/retry_simples.py
[2026-06-11T00:11:10.031+0000] {processor.py:840} INFO - DAG(s) 'retry_simples' retrieved from /opt/airflow/dags/retry_simples.py
[2026-06-11T00:11:10.062+0000] {logging_mixin.py:188} INFO - [2026-06-11T00:11:10.062+0000] {dag.py:3089} INFO - Sync 1 DAGs
[2026-06-11T00:11:10.073+0000] {logging_mixin.py:188} INFO - [2026-06-11T00:11:10.072+0000] {dag.py:3947} INFO - Setting next_dagrun for retry_simples to None, run_after=None
[2026-06-11T00:11:10.091+0000] {processor.py:183} INFO - Processing /opt/airflow/dags/retry_simples.py took 0.076 seconds
[2026-06-11T00:11:40.366+0000] {processor.py:161} INFO - Started process (PID=18027) to work on /opt/airflow/dags/retry_simples.py
[2026-06-11T00:11:40.367+0000] {processor.py:830} INFO - Processing file /opt/airflow/dags/retry_simples.py for tasks to queue
[2026-06-11T00:11:40.367+0000] {logging_mixin.py:188} INFO - [2026-06-11T00:11:40.367+0000] {dagbag.py:545} INFO - Filling up the DagBag from /opt/airflow/dags/retry_simples.py
[2026-06-11T00:11:40.371+0000] {processor.py:840} INFO - DAG(s) 'retry_simples' retrieved from /opt/airflow/dags/retry_simples.py
[2026-06-11T00:11:40.402+0000] {logging_mixin.py:188} INFO - [2026-06-11T00:11:40.402+0000] {dag.py:3089} INFO - Sync 1 DAGs
[2026-06-11T00:11:40.416+0000] {logging_mixin.py:188} INFO - [2026-06-11T00:11:40.416+0000] {dag.py:3947} INFO - Setting next_dagrun for retry_simples to None, run_after=None
[2026-06-11T00:11:40.437+0000] {processor.py:183} INFO - Processing /opt/airflow/dags/retry_simples.py took 0.077 seconds
[2026-06-11T00:12:10.809+0000] {processor.py:161} INFO - Started process (PID=18069) to work on /opt/airflow/dags/retry_simples.py
[2026-06-11T00:12:10.810+0000] {processor.py:830} INFO - Processing file /opt/airflow/dags/retry_simples.py for tasks to queue
[2026-06-11T00:12:10.811+0000] {logging_mixin.py:188} INFO - [2026-06-11T00:12:10.810+0000] {dagbag.py:545} INFO - Filling up the DagBag from /opt/airflow/dags/retry_simples.py
[2026-06-11T00:12:10.815+0000] {processor.py:840} INFO - DAG(s) 'retry_simples' retrieved from /opt/airflow/dags/retry_simples.py
[2026-06-11T00:12:10.834+0000] {logging_mixin.py:188} INFO - [2026-06-11T00:12:10.833+0000] {dag.py:3089} INFO - Sync 1 DAGs
[2026-06-11T00:12:10.841+0000] {logging_mixin.py:188} INFO - [2026-06-11T00:12:10.840+0000] {dag.py:3947} INFO - Setting next_dagrun for retry_simples to None, run_after=None
[2026-06-11T00:12:10.855+0000] {processor.py:183} INFO - Processing /opt/airflow/dags/retry_simples.py took 0.052 seconds
[2026-06-11T00:12:41.173+0000] {processor.py:161} INFO - Started process (PID=18111) to work on /opt/airflow/dags/retry_simples.py
[2026-06-11T00:12:41.174+0000] {processor.py:830} INFO - Processing file /opt/airflow/dags/retry_simples.py for tasks to queue
[2026-06-11T00:12:41.175+0000] {logging_mixin.py:188} INFO - [2026-06-11T00:12:41.175+0000] {dagbag.py:545} INFO - Filling up the DagBag from /opt/airflow/dags/retry_simples.py
[2026-06-11T00:12:41.183+0000] {processor.py:840} INFO - DAG(s) 'retry_simples' retrieved from /opt/airflow/dags/retry_simples.py
[2026-06-11T00:12:41.216+0000] {logging_mixin.py:188} INFO - [2026-06-11T00:12:41.216+0000] {dag.py:3089} INFO - Sync 1 DAGs
[2026-06-11T00:12:41.228+0000] {logging_mixin.py:188} INFO - [2026-06-11T00:12:41.228+0000] {dag.py:3947} INFO - Setting next_dagrun for retry_simples to None, run_after=None
[2026-06-11T00:12:41.248+0000] {processor.py:183} INFO - Processing /opt/airflow/dags/retry_simples.py took 0.082 seconds
[2026-06-11T00:13:11.682+0000] {processor.py:161} INFO - Started process (PID=18153) to work on /opt/airflow/dags/retry_simples.py
[2026-06-11T00:13:11.683+0000] {processor.py:830} INFO - Processing file /opt/airflow/dags/retry_simples.py for tasks to queue
[2026-06-11T00:13:11.685+0000] {logging_mixin.py:188} INFO - [2026-06-11T00:13:11.684+0000] {dagbag.py:545} INFO - Filling up the DagBag from /opt/airflow/dags/retry_simples.py
[2026-06-11T00:13:11.693+0000] {processor.py:840} INFO - DAG(s) 'retry_simples' retrieved from /opt/airflow/dags/retry_simples.py
[2026-06-11T00:13:11.733+0000] {logging_mixin.py:188} INFO - [2026-06-11T00:13:11.733+0000] {dag.py:3089} INFO - Sync 1 DAGs
[2026-06-11T00:13:11.747+0000] {logging_mixin.py:188} INFO - [2026-06-11T00:13:11.747+0000] {dag.py:3947} INFO - Setting next_dagrun for retry_simples to None, run_after=None
[2026-06-11T00:13:11.772+0000] {processor.py:183} INFO - Processing /opt/airflow/dags/retry_simples.py took 0.096 seconds
[2026-06-11T00:13:42.166+0000] {processor.py:161} INFO - Started process (PID=18195) to work on /opt/airflow/dags/retry_simples.py
[2026-06-11T00:13:42.169+0000] {processor.py:830} INFO - Processing file /opt/airflow/dags/retry_simples.py for tasks to queue
[2026-06-11T00:13:42.170+0000] {logging_mixin.py:188} INFO - [2026-06-11T00:13:42.170+0000] {dagbag.py:545} INFO - Filling up the DagBag from /opt/airflow/dags/retry_simples.py
[2026-06-11T00:13:42.179+0000] {processor.py:840} INFO - DAG(s) 'retry_simples' retrieved from /opt/airflow/dags/retry_simples.py
[2026-06-11T00:13:42.204+0000] {logging_mixin.py:188} INFO - [2026-06-11T00:13:42.203+0000] {dag.py:3089} INFO - Sync 1 DAGs
[2026-06-11T00:13:42.211+0000] {logging_mixin.py:188} INFO - [2026-06-11T00:13:42.211+0000] {dag.py:3947} INFO - Setting next_dagrun for retry_simples to None, run_after=None
[2026-06-11T00:13:42.231+0000] {processor.py:183} INFO - Processing /opt/airflow/dags/retry_simples.py took 0.078 seconds
[2026-06-11T00:14:12.536+0000] {processor.py:161} INFO - Started process (PID=18237) to work on /opt/airflow/dags/retry_simples.py
[2026-06-11T00:14:12.536+0000] {processor.py:830} INFO - Processing file /opt/airflow/dags/retry_simples.py for tasks to queue
[2026-06-11T00:14:12.537+0000] {logging_mixin.py:188} INFO - [2026-06-11T00:14:12.537+0000] {dagbag.py:545} INFO - Filling up the DagBag from /opt/airflow/dags/retry_simples.py
[2026-06-11T00:14:12.542+0000] {processor.py:840} INFO - DAG(s) 'retry_simples' retrieved from /opt/airflow/dags/retry_simples.py
[2026-06-11T00:14:12.578+0000] {logging_mixin.py:188} INFO - [2026-06-11T00:14:12.578+0000] {dag.py:3089} INFO - Sync 1 DAGs
[2026-06-11T00:14:12.587+0000] {logging_mixin.py:188} INFO - [2026-06-11T00:14:12.586+0000] {dag.py:3947} INFO - Setting next_dagrun for retry_simples to None, run_after=None
[2026-06-11T00:14:12.610+0000] {processor.py:183} INFO - Processing /opt/airflow/dags/retry_simples.py took 0.080 seconds
[2026-06-11T00:14:43.035+0000] {processor.py:161} INFO - Started process (PID=18279) to work on /opt/airflow/dags/retry_simples.py
[2026-06-11T00:14:43.036+0000] {processor.py:830} INFO - Processing file /opt/airflow/dags/retry_simples.py for tasks to queue
[2026-06-11T00:14:43.037+0000] {logging_mixin.py:188} INFO - [2026-06-11T00:14:43.036+0000] {dagbag.py:545} INFO - Filling up the DagBag from /opt/airflow/dags/retry_simples.py
[2026-06-11T00:14:43.045+0000] {processor.py:840} INFO - DAG(s) 'retry_simples' retrieved from /opt/airflow/dags/retry_simples.py
[2026-06-11T00:14:43.078+0000] {logging_mixin.py:188} INFO - [2026-06-11T00:14:43.078+0000] {dag.py:3089} INFO - Sync 1 DAGs
[2026-06-11T00:14:43.092+0000] {logging_mixin.py:188} INFO - [2026-06-11T00:14:43.092+0000] {dag.py:3947} INFO - Setting next_dagrun for retry_simples to None, run_after=None
[2026-06-11T00:14:43.113+0000] {processor.py:183} INFO - Processing /opt/airflow/dags/retry_simples.py took 0.088 seconds
[2026-06-11T00:15:13.508+0000] {processor.py:161} INFO - Started process (PID=18321) to work on /opt/airflow/dags/retry_simples.py
[2026-06-11T00:15:13.509+0000] {processor.py:830} INFO - Processing file /opt/airflow/dags/retry_simples.py for tasks to queue
[2026-06-11T00:15:13.509+0000] {logging_mixin.py:188} INFO - [2026-06-11T00:15:13.509+0000] {dagbag.py:545} INFO - Filling up the DagBag from /opt/airflow/dags/retry_simples.py
[2026-06-11T00:15:13.514+0000] {processor.py:840} INFO - DAG(s) 'retry_simples' retrieved from /opt/airflow/dags/retry_simples.py
[2026-06-11T00:15:13.547+0000] {logging_mixin.py:188} INFO - [2026-06-11T00:15:13.547+0000] {dag.py:3089} INFO - Sync 1 DAGs
[2026-06-11T00:15:13.556+0000] {logging_mixin.py:188} INFO - [2026-06-11T00:15:13.556+0000] {dag.py:3947} INFO - Setting next_dagrun for retry_simples to None, run_after=None
[2026-06-11T00:15:13.573+0000] {processor.py:183} INFO - Processing /opt/airflow/dags/retry_simples.py took 0.072 seconds
[2026-06-11T00:15:43.988+0000] {processor.py:161} INFO - Started process (PID=18363) to work on /opt/airflow/dags/retry_simples.py
[2026-06-11T00:15:43.988+0000] {processor.py:830} INFO - Processing file /opt/airflow/dags/retry_simples.py for tasks to queue
[2026-06-11T00:15:43.989+0000] {logging_mixin.py:188} INFO - [2026-06-11T00:15:43.989+0000] {dagbag.py:545} INFO - Filling up the DagBag from /opt/airflow/dags/retry_simples.py
[2026-06-11T00:15:43.994+0000] {processor.py:840} INFO - DAG(s) 'retry_simples' retrieved from /opt/airflow/dags/retry_simples.py
[2026-06-11T00:15:44.030+0000] {logging_mixin.py:188} INFO - [2026-06-11T00:15:44.030+0000] {dag.py:3089} INFO - Sync 1 DAGs
[2026-06-11T00:15:44.047+0000] {logging_mixin.py:188} INFO - [2026-06-11T00:15:44.047+0000] {dag.py:3947} INFO - Setting next_dagrun for retry_simples to None, run_after=None
[2026-06-11T00:15:44.067+0000] {processor.py:183} INFO - Processing /opt/airflow/dags/retry_simples.py took 0.083 seconds
[2026-06-11T00:16:14.432+0000] {processor.py:161} INFO - Started process (PID=18399) to work on /opt/airflow/dags/retry_simples.py
[2026-06-11T00:16:14.433+0000] {processor.py:830} INFO - Processing file /opt/airflow/dags/retry_simples.py for tasks to queue
[2026-06-11T00:16:14.436+0000] {logging_mixin.py:188} INFO - [2026-06-11T00:16:14.435+0000] {dagbag.py:545} INFO - Filling up the DagBag from /opt/airflow/dags/retry_simples.py
[2026-06-11T00:16:14.450+0000] {processor.py:840} INFO - DAG(s) 'retry_simples' retrieved from /opt/airflow/dags/retry_simples.py
[2026-06-11T00:16:14.478+0000] {logging_mixin.py:188} INFO - [2026-06-11T00:16:14.478+0000] {dag.py:3089} INFO - Sync 1 DAGs
[2026-06-11T00:16:14.488+0000] {logging_mixin.py:188} INFO - [2026-06-11T00:16:14.488+0000] {dag.py:3947} INFO - Setting next_dagrun for retry_simples to None, run_after=None
[2026-06-11T00:16:14.505+0000] {processor.py:183} INFO - Processing /opt/airflow/dags/retry_simples.py took 0.085 seconds
[2026-06-11T00:16:44.837+0000] {processor.py:161} INFO - Started process (PID=18441) to work on /opt/airflow/dags/retry_simples.py
[2026-06-11T00:16:44.838+0000] {processor.py:830} INFO - Processing file /opt/airflow/dags/retry_simples.py for tasks to queue
[2026-06-11T00:16:44.838+0000] {logging_mixin.py:188} INFO - [2026-06-11T00:16:44.838+0000] {dagbag.py:545} INFO - Filling up the DagBag from /opt/airflow/dags/retry_simples.py
[2026-06-11T00:16:44.844+0000] {processor.py:840} INFO - DAG(s) 'retry_simples' retrieved from /opt/airflow/dags/retry_simples.py
[2026-06-11T00:16:44.867+0000] {logging_mixin.py:188} INFO - [2026-06-11T00:16:44.867+0000] {dag.py:3089} INFO - Sync 1 DAGs
[2026-06-11T00:16:44.875+0000] {logging_mixin.py:188} INFO - [2026-06-11T00:16:44.875+0000] {dag.py:3947} INFO - Setting next_dagrun for retry_simples to None, run_after=None
[2026-06-11T00:16:44.896+0000] {processor.py:183} INFO - Processing /opt/airflow/dags/retry_simples.py took 0.066 seconds
[2026-06-11T00:17:15.280+0000] {processor.py:161} INFO - Started process (PID=18483) to work on /opt/airflow/dags/retry_simples.py
[2026-06-11T00:17:15.280+0000] {processor.py:830} INFO - Processing file /opt/airflow/dags/retry_simples.py for tasks to queue
[2026-06-11T00:17:15.281+0000] {logging_mixin.py:188} INFO - [2026-06-11T00:17:15.280+0000] {dagbag.py:545} INFO - Filling up the DagBag from /opt/airflow/dags/retry_simples.py
[2026-06-11T00:17:15.290+0000] {processor.py:840} INFO - DAG(s) 'retry_simples' retrieved from /opt/airflow/dags/retry_simples.py
[2026-06-11T00:17:15.325+0000] {logging_mixin.py:188} INFO - [2026-06-11T00:17:15.325+0000] {dag.py:3089} INFO - Sync 1 DAGs
[2026-06-11T00:17:15.339+0000] {logging_mixin.py:188} INFO - [2026-06-11T00:17:15.338+0000] {dag.py:3947} INFO - Setting next_dagrun for retry_simples to None, run_after=None
[2026-06-11T00:17:15.358+0000] {processor.py:183} INFO - Processing /opt/airflow/dags/retry_simples.py took 0.083 seconds
[2026-06-11T00:17:45.672+0000] {processor.py:161} INFO - Started process (PID=18525) to work on /opt/airflow/dags/retry_simples.py
[2026-06-11T00:17:45.674+0000] {processor.py:830} INFO - Processing file /opt/airflow/dags/retry_simples.py for tasks to queue
[2026-06-11T00:17:45.675+0000] {logging_mixin.py:188} INFO - [2026-06-11T00:17:45.675+0000] {dagbag.py:545} INFO - Filling up the DagBag from /opt/airflow/dags/retry_simples.py
[2026-06-11T00:17:45.685+0000] {processor.py:840} INFO - DAG(s) 'retry_simples' retrieved from /opt/airflow/dags/retry_simples.py
[2026-06-11T00:17:45.718+0000] {logging_mixin.py:188} INFO - [2026-06-11T00:17:45.718+0000] {dag.py:3089} INFO - Sync 1 DAGs
[2026-06-11T00:17:45.730+0000] {logging_mixin.py:188} INFO - [2026-06-11T00:17:45.730+0000] {dag.py:3947} INFO - Setting next_dagrun for retry_simples to None, run_after=None
[2026-06-11T00:17:45.754+0000] {processor.py:183} INFO - Processing /opt/airflow/dags/retry_simples.py took 0.090 seconds
[2026-06-11T00:18:16.160+0000] {processor.py:161} INFO - Started process (PID=18567) to work on /opt/airflow/dags/retry_simples.py
[2026-06-11T00:18:16.161+0000] {processor.py:830} INFO - Processing file /opt/airflow/dags/retry_simples.py for tasks to queue
[2026-06-11T00:18:16.162+0000] {logging_mixin.py:188} INFO - [2026-06-11T00:18:16.162+0000] {dagbag.py:545} INFO - Filling up the DagBag from /opt/airflow/dags/retry_simples.py
[2026-06-11T00:18:16.166+0000] {processor.py:840} INFO - DAG(s) 'retry_simples' retrieved from /opt/airflow/dags/retry_simples.py
[2026-06-11T00:18:16.188+0000] {logging_mixin.py:188} INFO - [2026-06-11T00:18:16.187+0000] {dag.py:3089} INFO - Sync 1 DAGs
[2026-06-11T00:18:16.203+0000] {logging_mixin.py:188} INFO - [2026-06-11T00:18:16.203+0000] {dag.py:3947} INFO - Setting next_dagrun for retry_simples to None, run_after=None
[2026-06-11T00:18:16.222+0000] {processor.py:183} INFO - Processing /opt/airflow/dags/retry_simples.py took 0.069 seconds
[2026-06-11T00:18:46.564+0000] {processor.py:161} INFO - Started process (PID=18609) to work on /opt/airflow/dags/retry_simples.py
[2026-06-11T00:18:46.564+0000] {processor.py:830} INFO - Processing file /opt/airflow/dags/retry_simples.py for tasks to queue
[2026-06-11T00:18:46.565+0000] {logging_mixin.py:188} INFO - [2026-06-11T00:18:46.564+0000] {dagbag.py:545} INFO - Filling up the DagBag from /opt/airflow/dags/retry_simples.py
[2026-06-11T00:18:46.573+0000] {processor.py:840} INFO - DAG(s) 'retry_simples' retrieved from /opt/airflow/dags/retry_simples.py
[2026-06-11T00:18:46.596+0000] {logging_mixin.py:188} INFO - [2026-06-11T00:18:46.596+0000] {dag.py:3089} INFO - Sync 1 DAGs
[2026-06-11T00:18:46.604+0000] {logging_mixin.py:188} INFO - [2026-06-11T00:18:46.604+0000] {dag.py:3947} INFO - Setting next_dagrun for retry_simples to None, run_after=None
[2026-06-11T00:18:46.621+0000] {processor.py:183} INFO - Processing /opt/airflow/dags/retry_simples.py took 0.079 seconds
[2026-06-11T00:19:17.047+0000] {processor.py:161} INFO - Started process (PID=18651) to work on /opt/airflow/dags/retry_simples.py
[2026-06-11T00:19:17.048+0000] {processor.py:830} INFO - Processing file /opt/airflow/dags/retry_simples.py for tasks to queue
[2026-06-11T00:19:17.049+0000] {logging_mixin.py:188} INFO - [2026-06-11T00:19:17.048+0000] {dagbag.py:545} INFO - Filling up the DagBag from /opt/airflow/dags/retry_simples.py
[2026-06-11T00:19:17.053+0000] {processor.py:840} INFO - DAG(s) 'retry_simples' retrieved from /opt/airflow/dags/retry_simples.py
[2026-06-11T00:19:17.087+0000] {logging_mixin.py:188} INFO - [2026-06-11T00:19:17.087+0000] {dag.py:3089} INFO - Sync 1 DAGs
[2026-06-11T00:19:17.100+0000] {logging_mixin.py:188} INFO - [2026-06-11T00:19:17.100+0000] {dag.py:3947} INFO - Setting next_dagrun for retry_simples to None, run_after=None
[2026-06-11T00:19:17.118+0000] {processor.py:183} INFO - Processing /opt/airflow/dags/retry_simples.py took 0.078 seconds
[2026-06-11T00:19:47.416+0000] {processor.py:161} INFO - Started process (PID=18693) to work on /opt/airflow/dags/retry_simples.py
[2026-06-11T00:19:47.417+0000] {processor.py:830} INFO - Processing file /opt/airflow/dags/retry_simples.py for tasks to queue
[2026-06-11T00:19:47.418+0000] {logging_mixin.py:188} INFO - [2026-06-11T00:19:47.418+0000] {dagbag.py:545} INFO - Filling up the DagBag from /opt/airflow/dags/retry_simples.py
[2026-06-11T00:19:47.427+0000] {processor.py:840} INFO - DAG(s) 'retry_simples' retrieved from /opt/airflow/dags/retry_simples.py
[2026-06-11T00:19:47.455+0000] {logging_mixin.py:188} INFO - [2026-06-11T00:19:47.455+0000] {dag.py:3089} INFO - Sync 1 DAGs
[2026-06-11T00:19:47.469+0000] {logging_mixin.py:188} INFO - [2026-06-11T00:19:47.469+0000] {dag.py:3947} INFO - Setting next_dagrun for retry_simples to None, run_after=None
[2026-06-11T00:19:47.485+0000] {processor.py:183} INFO - Processing /opt/airflow/dags/retry_simples.py took 0.074 seconds
[2026-06-11T00:20:17.791+0000] {processor.py:161} INFO - Started process (PID=18735) to work on /opt/airflow/dags/retry_simples.py
[2026-06-11T00:20:17.792+0000] {processor.py:830} INFO - Processing file /opt/airflow/dags/retry_simples.py for tasks to queue
[2026-06-11T00:20:17.795+0000] {logging_mixin.py:188} INFO - [2026-06-11T00:20:17.793+0000] {dagbag.py:545} INFO - Filling up the DagBag from /opt/airflow/dags/retry_simples.py
[2026-06-11T00:20:17.803+0000] {processor.py:840} INFO - DAG(s) 'retry_simples' retrieved from /opt/airflow/dags/retry_simples.py
[2026-06-11T00:20:17.840+0000] {logging_mixin.py:188} INFO - [2026-06-11T00:20:17.840+0000] {dag.py:3089} INFO - Sync 1 DAGs
[2026-06-11T00:20:17.855+0000] {logging_mixin.py:188} INFO - [2026-06-11T00:20:17.855+0000] {dag.py:3947} INFO - Setting next_dagrun for retry_simples to None, run_after=None
[2026-06-11T00:20:17.876+0000] {processor.py:183} INFO - Processing /opt/airflow/dags/retry_simples.py took 0.093 seconds
[2026-06-11T00:20:48.254+0000] {processor.py:161} INFO - Started process (PID=18777) to work on /opt/airflow/dags/retry_simples.py
[2026-06-11T00:20:48.255+0000] {processor.py:830} INFO - Processing file /opt/airflow/dags/retry_simples.py for tasks to queue
[2026-06-11T00:20:48.256+0000] {logging_mixin.py:188} INFO - [2026-06-11T00:20:48.255+0000] {dagbag.py:545} INFO - Filling up the DagBag from /opt/airflow/dags/retry_simples.py
[2026-06-11T00:20:48.264+0000] {processor.py:840} INFO - DAG(s) 'retry_simples' retrieved from /opt/airflow/dags/retry_simples.py
[2026-06-11T00:20:48.292+0000] {logging_mixin.py:188} INFO - [2026-06-11T00:20:48.292+0000] {dag.py:3089} INFO - Sync 1 DAGs
[2026-06-11T00:20:48.307+0000] {logging_mixin.py:188} INFO - [2026-06-11T00:20:48.307+0000] {dag.py:3947} INFO - Setting next_dagrun for retry_simples to None, run_after=None
[2026-06-11T00:20:48.327+0000] {processor.py:183} INFO - Processing /opt/airflow/dags/retry_simples.py took 0.080 seconds
[2026-06-11T00:21:18.686+0000] {processor.py:161} INFO - Started process (PID=18819) to work on /opt/airflow/dags/retry_simples.py
[2026-06-11T00:21:18.690+0000] {processor.py:830} INFO - Processing file /opt/airflow/dags/retry_simples.py for tasks to queue
[2026-06-11T00:21:18.692+0000] {logging_mixin.py:188} INFO - [2026-06-11T00:21:18.691+0000] {dagbag.py:545} INFO - Filling up the DagBag from /opt/airflow/dags/retry_simples.py
[2026-06-11T00:21:18.704+0000] {processor.py:840} INFO - DAG(s) 'retry_simples' retrieved from /opt/airflow/dags/retry_simples.py
[2026-06-11T00:21:18.740+0000] {logging_mixin.py:188} INFO - [2026-06-11T00:21:18.740+0000] {dag.py:3089} INFO - Sync 1 DAGs
[2026-06-11T00:21:18.751+0000] {logging_mixin.py:188} INFO - [2026-06-11T00:21:18.751+0000] {dag.py:3947} INFO - Setting next_dagrun for retry_simples to None, run_after=None
[2026-06-11T00:21:18.770+0000] {processor.py:183} INFO - Processing /opt/airflow/dags/retry_simples.py took 0.095 seconds
[2026-06-11T00:21:49.167+0000] {processor.py:161} INFO - Started process (PID=18861) to work on /opt/airflow/dags/retry_simples.py
[2026-06-11T00:21:49.167+0000] {processor.py:830} INFO - Processing file /opt/airflow/dags/retry_simples.py for tasks to queue
[2026-06-11T00:21:49.168+0000] {logging_mixin.py:188} INFO - [2026-06-11T00:21:49.168+0000] {dagbag.py:545} INFO - Filling up the DagBag from /opt/airflow/dags/retry_simples.py
[2026-06-11T00:21:49.173+0000] {processor.py:840} INFO - DAG(s) 'retry_simples' retrieved from /opt/airflow/dags/retry_simples.py
[2026-06-11T00:21:49.211+0000] {logging_mixin.py:188} INFO - [2026-06-11T00:21:49.210+0000] {dag.py:3089} INFO - Sync 1 DAGs
[2026-06-11T00:21:49.225+0000] {logging_mixin.py:188} INFO - [2026-06-11T00:21:49.224+0000] {dag.py:3947} INFO - Setting next_dagrun for retry_simples to None, run_after=None
[2026-06-11T00:21:49.242+0000] {processor.py:183} INFO - Processing /opt/airflow/dags/retry_simples.py took 0.080 seconds
[2026-06-11T00:22:19.631+0000] {processor.py:161} INFO - Started process (PID=18903) to work on /opt/airflow/dags/retry_simples.py
[2026-06-11T00:22:19.632+0000] {processor.py:830} INFO - Processing file /opt/airflow/dags/retry_simples.py for tasks to queue
[2026-06-11T00:22:19.633+0000] {logging_mixin.py:188} INFO - [2026-06-11T00:22:19.632+0000] {dagbag.py:545} INFO - Filling up the DagBag from /opt/airflow/dags/retry_simples.py
[2026-06-11T00:22:19.644+0000] {processor.py:840} INFO - DAG(s) 'retry_simples' retrieved from /opt/airflow/dags/retry_simples.py
[2026-06-11T00:22:19.681+0000] {logging_mixin.py:188} INFO - [2026-06-11T00:22:19.681+0000] {dag.py:3089} INFO - Sync 1 DAGs
[2026-06-11T00:22:19.690+0000] {logging_mixin.py:188} INFO - [2026-06-11T00:22:19.690+0000] {dag.py:3947} INFO - Setting next_dagrun for retry_simples to None, run_after=None
[2026-06-11T00:22:19.708+0000] {processor.py:183} INFO - Processing /opt/airflow/dags/retry_simples.py took 0.082 seconds
[2026-06-11T00:22:50.118+0000] {processor.py:161} INFO - Started process (PID=18945) to work on /opt/airflow/dags/retry_simples.py
[2026-06-11T00:22:50.120+0000] {processor.py:830} INFO - Processing file /opt/airflow/dags/retry_simples.py for tasks to queue
[2026-06-11T00:22:50.126+0000] {logging_mixin.py:188} INFO - [2026-06-11T00:22:50.122+0000] {dagbag.py:545} INFO - Filling up the DagBag from /opt/airflow/dags/retry_simples.py
[2026-06-11T00:22:50.143+0000] {processor.py:840} INFO - DAG(s) 'retry_simples' retrieved from /opt/airflow/dags/retry_simples.py
[2026-06-11T00:22:50.168+0000] {logging_mixin.py:188} INFO - [2026-06-11T00:22:50.168+0000] {dag.py:3089} INFO - Sync 1 DAGs
[2026-06-11T00:22:50.176+0000] {logging_mixin.py:188} INFO - [2026-06-11T00:22:50.176+0000] {dag.py:3947} INFO - Setting next_dagrun for retry_simples to None, run_after=None
[2026-06-11T00:22:50.192+0000] {processor.py:183} INFO - Processing /opt/airflow/dags/retry_simples.py took 0.092 seconds
[2026-06-11T00:23:20.600+0000] {processor.py:161} INFO - Started process (PID=18987) to work on /opt/airflow/dags/retry_simples.py
[2026-06-11T00:23:20.601+0000] {processor.py:830} INFO - Processing file /opt/airflow/dags/retry_simples.py for tasks to queue
[2026-06-11T00:23:20.602+0000] {logging_mixin.py:188} INFO - [2026-06-11T00:23:20.601+0000] {dagbag.py:545} INFO - Filling up the DagBag from /opt/airflow/dags/retry_simples.py
[2026-06-11T00:23:20.608+0000] {processor.py:840} INFO - DAG(s) 'retry_simples' retrieved from /opt/airflow/dags/retry_simples.py
[2026-06-11T00:23:20.637+0000] {logging_mixin.py:188} INFO - [2026-06-11T00:23:20.636+0000] {dag.py:3089} INFO - Sync 1 DAGs
[2026-06-11T00:23:20.651+0000] {logging_mixin.py:188} INFO - [2026-06-11T00:23:20.651+0000] {dag.py:3947} INFO - Setting next_dagrun for retry_simples to None, run_after=None
[2026-06-11T00:23:20.672+0000] {processor.py:183} INFO - Processing /opt/airflow/dags/retry_simples.py took 0.079 seconds
[2026-06-11T00:23:50.937+0000] {processor.py:161} INFO - Started process (PID=19029) to work on /opt/airflow/dags/retry_simples.py
[2026-06-11T00:23:50.938+0000] {processor.py:830} INFO - Processing file /opt/airflow/dags/retry_simples.py for tasks to queue
[2026-06-11T00:23:50.939+0000] {logging_mixin.py:188} INFO - [2026-06-11T00:23:50.938+0000] {dagbag.py:545} INFO - Filling up the DagBag from /opt/airflow/dags/retry_simples.py
[2026-06-11T00:23:50.945+0000] {processor.py:840} INFO - DAG(s) 'retry_simples' retrieved from /opt/airflow/dags/retry_simples.py
[2026-06-11T00:23:50.970+0000] {logging_mixin.py:188} INFO - [2026-06-11T00:23:50.969+0000] {dag.py:3089} INFO - Sync 1 DAGs
[2026-06-11T00:23:50.979+0000] {logging_mixin.py:188} INFO - [2026-06-11T00:23:50.978+0000] {dag.py:3947} INFO - Setting next_dagrun for retry_simples to None, run_after=None
[2026-06-11T00:23:50.995+0000] {processor.py:183} INFO - Processing /opt/airflow/dags/retry_simples.py took 0.065 seconds
[2026-06-11T00:24:21.327+0000] {processor.py:161} INFO - Started process (PID=19072) to work on /opt/airflow/dags/retry_simples.py
[2026-06-11T00:24:21.328+0000] {processor.py:830} INFO - Processing file /opt/airflow/dags/retry_simples.py for tasks to queue
[2026-06-11T00:24:21.330+0000] {logging_mixin.py:188} INFO - [2026-06-11T00:24:21.330+0000] {dagbag.py:545} INFO - Filling up the DagBag from /opt/airflow/dags/retry_simples.py
[2026-06-11T00:24:21.339+0000] {processor.py:840} INFO - DAG(s) 'retry_simples' retrieved from /opt/airflow/dags/retry_simples.py
[2026-06-11T00:24:21.385+0000] {logging_mixin.py:188} INFO - [2026-06-11T00:24:21.385+0000] {dag.py:3089} INFO - Sync 1 DAGs
[2026-06-11T00:24:21.399+0000] {logging_mixin.py:188} INFO - [2026-06-11T00:24:21.399+0000] {dag.py:3947} INFO - Setting next_dagrun for retry_simples to None, run_after=None
[2026-06-11T00:24:21.422+0000] {processor.py:183} INFO - Processing /opt/airflow/dags/retry_simples.py took 0.104 seconds
[2026-06-11T00:24:51.861+0000] {processor.py:161} INFO - Started process (PID=19114) to work on /opt/airflow/dags/retry_simples.py
[2026-06-11T00:24:51.862+0000] {processor.py:830} INFO - Processing file /opt/airflow/dags/retry_simples.py for tasks to queue
[2026-06-11T00:24:51.862+0000] {logging_mixin.py:188} INFO - [2026-06-11T00:24:51.862+0000] {dagbag.py:545} INFO - Filling up the DagBag from /opt/airflow/dags/retry_simples.py
[2026-06-11T00:24:51.866+0000] {processor.py:840} INFO - DAG(s) 'retry_simples' retrieved from /opt/airflow/dags/retry_simples.py
[2026-06-11T00:24:51.897+0000] {logging_mixin.py:188} INFO - [2026-06-11T00:24:51.897+0000] {dag.py:3089} INFO - Sync 1 DAGs
[2026-06-11T00:24:51.912+0000] {logging_mixin.py:188} INFO - [2026-06-11T00:24:51.912+0000] {dag.py:3947} INFO - Setting next_dagrun for retry_simples to None, run_after=None
[2026-06-11T00:24:51.936+0000] {processor.py:183} INFO - Processing /opt/airflow/dags/retry_simples.py took 0.083 seconds
[2026-06-11T00:25:22.327+0000] {processor.py:161} INFO - Started process (PID=19156) to work on /opt/airflow/dags/retry_simples.py
[2026-06-11T00:25:22.329+0000] {processor.py:830} INFO - Processing file /opt/airflow/dags/retry_simples.py for tasks to queue
[2026-06-11T00:25:22.331+0000] {logging_mixin.py:188} INFO - [2026-06-11T00:25:22.331+0000] {dagbag.py:545} INFO - Filling up the DagBag from /opt/airflow/dags/retry_simples.py
[2026-06-11T00:25:22.340+0000] {processor.py:840} INFO - DAG(s) 'retry_simples' retrieved from /opt/airflow/dags/retry_simples.py
[2026-06-11T00:25:22.370+0000] {logging_mixin.py:188} INFO - [2026-06-11T00:25:22.370+0000] {dag.py:3089} INFO - Sync 1 DAGs
[2026-06-11T00:25:22.382+0000] {logging_mixin.py:188} INFO - [2026-06-11T00:25:22.381+0000] {dag.py:3947} INFO - Setting next_dagrun for retry_simples to None, run_after=None
[2026-06-11T00:25:22.406+0000] {processor.py:183} INFO - Processing /opt/airflow/dags/retry_simples.py took 0.086 seconds
[2026-06-11T00:25:52.695+0000] {processor.py:161} INFO - Started process (PID=19198) to work on /opt/airflow/dags/retry_simples.py
[2026-06-11T00:25:52.696+0000] {processor.py:830} INFO - Processing file /opt/airflow/dags/retry_simples.py for tasks to queue
[2026-06-11T00:25:52.696+0000] {logging_mixin.py:188} INFO - [2026-06-11T00:25:52.696+0000] {dagbag.py:545} INFO - Filling up the DagBag from /opt/airflow/dags/retry_simples.py
[2026-06-11T00:25:52.705+0000] {processor.py:840} INFO - DAG(s) 'retry_simples' retrieved from /opt/airflow/dags/retry_simples.py
[2026-06-11T00:25:52.731+0000] {logging_mixin.py:188} INFO - [2026-06-11T00:25:52.731+0000] {dag.py:3089} INFO - Sync 1 DAGs
[2026-06-11T00:25:52.745+0000] {logging_mixin.py:188} INFO - [2026-06-11T00:25:52.745+0000] {dag.py:3947} INFO - Setting next_dagrun for retry_simples to None, run_after=None
[2026-06-11T00:25:52.764+0000] {processor.py:183} INFO - Processing /opt/airflow/dags/retry_simples.py took 0.075 seconds
[2026-06-11T00:26:23.189+0000] {processor.py:161} INFO - Started process (PID=19240) to work on /opt/airflow/dags/retry_simples.py
[2026-06-11T00:26:23.190+0000] {processor.py:830} INFO - Processing file /opt/airflow/dags/retry_simples.py for tasks to queue
[2026-06-11T00:26:23.192+0000] {logging_mixin.py:188} INFO - [2026-06-11T00:26:23.192+0000] {dagbag.py:545} INFO - Filling up the DagBag from /opt/airflow/dags/retry_simples.py
[2026-06-11T00:26:23.200+0000] {processor.py:840} INFO - DAG(s) 'retry_simples' retrieved from /opt/airflow/dags/retry_simples.py
[2026-06-11T00:26:23.239+0000] {logging_mixin.py:188} INFO - [2026-06-11T00:26:23.239+0000] {dag.py:3089} INFO - Sync 1 DAGs
[2026-06-11T00:26:23.253+0000] {logging_mixin.py:188} INFO - [2026-06-11T00:26:23.253+0000] {dag.py:3947} INFO - Setting next_dagrun for retry_simples to None, run_after=None
[2026-06-11T00:26:23.273+0000] {processor.py:183} INFO - Processing /opt/airflow/dags/retry_simples.py took 0.090 seconds
[2026-06-11T00:26:53.681+0000] {processor.py:161} INFO - Started process (PID=19276) to work on /opt/airflow/dags/retry_simples.py
[2026-06-11T00:26:53.682+0000] {processor.py:830} INFO - Processing file /opt/airflow/dags/retry_simples.py for tasks to queue
[2026-06-11T00:26:53.684+0000] {logging_mixin.py:188} INFO - [2026-06-11T00:26:53.683+0000] {dagbag.py:545} INFO - Filling up the DagBag from /opt/airflow/dags/retry_simples.py
[2026-06-11T00:26:53.698+0000] {processor.py:840} INFO - DAG(s) 'retry_simples' retrieved from /opt/airflow/dags/retry_simples.py
[2026-06-11T00:26:53.733+0000] {logging_mixin.py:188} INFO - [2026-06-11T00:26:53.733+0000] {dag.py:3089} INFO - Sync 1 DAGs
[2026-06-11T00:26:53.744+0000] {logging_mixin.py:188} INFO - [2026-06-11T00:26:53.744+0000] {dag.py:3947} INFO - Setting next_dagrun for retry_simples to None, run_after=None
[2026-06-11T00:26:53.762+0000] {processor.py:183} INFO - Processing /opt/airflow/dags/retry_simples.py took 0.091 seconds
[2026-06-11T00:27:24.029+0000] {processor.py:161} INFO - Started process (PID=19318) to work on /opt/airflow/dags/retry_simples.py
[2026-06-11T00:27:24.030+0000] {processor.py:830} INFO - Processing file /opt/airflow/dags/retry_simples.py for tasks to queue
[2026-06-11T00:27:24.031+0000] {logging_mixin.py:188} INFO - [2026-06-11T00:27:24.030+0000] {dagbag.py:545} INFO - Filling up the DagBag from /opt/airflow/dags/retry_simples.py
[2026-06-11T00:27:24.040+0000] {processor.py:840} INFO - DAG(s) 'retry_simples' retrieved from /opt/airflow/dags/retry_simples.py
[2026-06-11T00:27:24.074+0000] {logging_mixin.py:188} INFO - [2026-06-11T00:27:24.074+0000] {dag.py:3089} INFO - Sync 1 DAGs
[2026-06-11T00:27:24.089+0000] {logging_mixin.py:188} INFO - [2026-06-11T00:27:24.089+0000] {dag.py:3947} INFO - Setting next_dagrun for retry_simples to None, run_after=None
[2026-06-11T00:27:24.114+0000] {processor.py:183} INFO - Processing /opt/airflow/dags/retry_simples.py took 0.089 seconds
[2026-06-11T00:27:54.406+0000] {processor.py:161} INFO - Started process (PID=19360) to work on /opt/airflow/dags/retry_simples.py
[2026-06-11T00:27:54.406+0000] {processor.py:830} INFO - Processing file /opt/airflow/dags/retry_simples.py for tasks to queue
[2026-06-11T00:27:54.407+0000] {logging_mixin.py:188} INFO - [2026-06-11T00:27:54.407+0000] {dagbag.py:545} INFO - Filling up the DagBag from /opt/airflow/dags/retry_simples.py
[2026-06-11T00:27:54.411+0000] {processor.py:840} INFO - DAG(s) 'retry_simples' retrieved from /opt/airflow/dags/retry_simples.py
[2026-06-11T00:27:54.436+0000] {logging_mixin.py:188} INFO - [2026-06-11T00:27:54.436+0000] {dag.py:3089} INFO - Sync 1 DAGs
[2026-06-11T00:27:54.445+0000] {logging_mixin.py:188} INFO - [2026-06-11T00:27:54.445+0000] {dag.py:3947} INFO - Setting next_dagrun for retry_simples to None, run_after=None
[2026-06-11T00:27:54.466+0000] {processor.py:183} INFO - Processing /opt/airflow/dags/retry_simples.py took 0.073 seconds
[2026-06-11T00:28:24.889+0000] {processor.py:161} INFO - Started process (PID=19402) to work on /opt/airflow/dags/retry_simples.py
[2026-06-11T00:28:24.890+0000] {processor.py:830} INFO - Processing file /opt/airflow/dags/retry_simples.py for tasks to queue
[2026-06-11T00:28:24.892+0000] {logging_mixin.py:188} INFO - [2026-06-11T00:28:24.892+0000] {dagbag.py:545} INFO - Filling up the DagBag from /opt/airflow/dags/retry_simples.py
[2026-06-11T00:28:24.900+0000] {processor.py:840} INFO - DAG(s) 'retry_simples' retrieved from /opt/airflow/dags/retry_simples.py
[2026-06-11T00:28:24.926+0000] {logging_mixin.py:188} INFO - [2026-06-11T00:28:24.926+0000] {dag.py:3089} INFO - Sync 1 DAGs
[2026-06-11T00:28:24.940+0000] {logging_mixin.py:188} INFO - [2026-06-11T00:28:24.940+0000] {dag.py:3947} INFO - Setting next_dagrun for retry_simples to None, run_after=None
[2026-06-11T00:28:24.956+0000] {processor.py:183} INFO - Processing /opt/airflow/dags/retry_simples.py took 0.075 seconds
[2026-06-11T00:28:55.333+0000] {processor.py:161} INFO - Started process (PID=19454) to work on /opt/airflow/dags/retry_simples.py
[2026-06-11T00:28:55.334+0000] {processor.py:830} INFO - Processing file /opt/airflow/dags/retry_simples.py for tasks to queue
[2026-06-11T00:28:55.334+0000] {logging_mixin.py:188} INFO - [2026-06-11T00:28:55.334+0000] {dagbag.py:545} INFO - Filling up the DagBag from /opt/airflow/dags/retry_simples.py
[2026-06-11T00:28:55.338+0000] {processor.py:840} INFO - DAG(s) 'retry_simples' retrieved from /opt/airflow/dags/retry_simples.py
[2026-06-11T00:28:55.365+0000] {logging_mixin.py:188} INFO - [2026-06-11T00:28:55.365+0000] {dag.py:3089} INFO - Sync 1 DAGs
[2026-06-11T00:28:55.380+0000] {logging_mixin.py:188} INFO - [2026-06-11T00:28:55.380+0000] {dag.py:3947} INFO - Setting next_dagrun for retry_simples to None, run_after=None
[2026-06-11T00:28:55.397+0000] {processor.py:183} INFO - Processing /opt/airflow/dags/retry_simples.py took 0.070 seconds
[2026-06-11T00:29:25.857+0000] {processor.py:161} INFO - Started process (PID=19498) to work on /opt/airflow/dags/retry_simples.py
[2026-06-11T00:29:25.858+0000] {processor.py:830} INFO - Processing file /opt/airflow/dags/retry_simples.py for tasks to queue
[2026-06-11T00:29:25.859+0000] {logging_mixin.py:188} INFO - [2026-06-11T00:29:25.858+0000] {dagbag.py:545} INFO - Filling up the DagBag from /opt/airflow/dags/retry_simples.py
[2026-06-11T00:29:25.867+0000] {processor.py:840} INFO - DAG(s) 'retry_simples' retrieved from /opt/airflow/dags/retry_simples.py
[2026-06-11T00:29:25.894+0000] {logging_mixin.py:188} INFO - [2026-06-11T00:29:25.894+0000] {dag.py:3089} INFO - Sync 1 DAGs
[2026-06-11T00:29:25.904+0000] {logging_mixin.py:188} INFO - [2026-06-11T00:29:25.904+0000] {dag.py:3947} INFO - Setting next_dagrun for retry_simples to None, run_after=None
[2026-06-11T00:29:25.928+0000] {processor.py:183} INFO - Processing /opt/airflow/dags/retry_simples.py took 0.079 seconds
[2026-06-11T00:29:56.299+0000] {processor.py:161} INFO - Started process (PID=19540) to work on /opt/airflow/dags/retry_simples.py
[2026-06-11T00:29:56.301+0000] {processor.py:830} INFO - Processing file /opt/airflow/dags/retry_simples.py for tasks to queue
[2026-06-11T00:29:56.301+0000] {logging_mixin.py:188} INFO - [2026-06-11T00:29:56.301+0000] {dagbag.py:545} INFO - Filling up the DagBag from /opt/airflow/dags/retry_simples.py
[2026-06-11T00:29:56.306+0000] {processor.py:840} INFO - DAG(s) 'retry_simples' retrieved from /opt/airflow/dags/retry_simples.py
[2026-06-11T00:29:56.339+0000] {logging_mixin.py:188} INFO - [2026-06-11T00:29:56.339+0000] {dag.py:3089} INFO - Sync 1 DAGs
[2026-06-11T00:29:56.353+0000] {logging_mixin.py:188} INFO - [2026-06-11T00:29:56.353+0000] {dag.py:3947} INFO - Setting next_dagrun for retry_simples to None, run_after=None
[2026-06-11T00:29:56.373+0000] {processor.py:183} INFO - Processing /opt/airflow/dags/retry_simples.py took 0.080 seconds
[2026-06-11T00:30:26.771+0000] {processor.py:161} INFO - Started process (PID=19582) to work on /opt/airflow/dags/retry_simples.py
[2026-06-11T00:30:26.772+0000] {processor.py:830} INFO - Processing file /opt/airflow/dags/retry_simples.py for tasks to queue
[2026-06-11T00:30:26.773+0000] {logging_mixin.py:188} INFO - [2026-06-11T00:30:26.773+0000] {dagbag.py:545} INFO - Filling up the DagBag from /opt/airflow/dags/retry_simples.py
[2026-06-11T00:30:26.781+0000] {processor.py:840} INFO - DAG(s) 'retry_simples' retrieved from /opt/airflow/dags/retry_simples.py
[2026-06-11T00:30:26.806+0000] {logging_mixin.py:188} INFO - [2026-06-11T00:30:26.806+0000] {dag.py:3089} INFO - Sync 1 DAGs
[2026-06-11T00:30:26.821+0000] {logging_mixin.py:188} INFO - [2026-06-11T00:30:26.821+0000] {dag.py:3947} INFO - Setting next_dagrun for retry_simples to None, run_after=None
[2026-06-11T00:30:26.841+0000] {processor.py:183} INFO - Processing /opt/airflow/dags/retry_simples.py took 0.076 seconds
[2026-06-11T00:30:57.201+0000] {processor.py:161} INFO - Started process (PID=19624) to work on /opt/airflow/dags/retry_simples.py
[2026-06-11T00:30:57.201+0000] {processor.py:830} INFO - Processing file /opt/airflow/dags/retry_simples.py for tasks to queue
[2026-06-11T00:30:57.202+0000] {logging_mixin.py:188} INFO - [2026-06-11T00:30:57.202+0000] {dagbag.py:545} INFO - Filling up the DagBag from /opt/airflow/dags/retry_simples.py
[2026-06-11T00:30:57.210+0000] {processor.py:840} INFO - DAG(s) 'retry_simples' retrieved from /opt/airflow/dags/retry_simples.py
[2026-06-11T00:30:57.241+0000] {logging_mixin.py:188} INFO - [2026-06-11T00:30:57.241+0000] {dag.py:3089} INFO - Sync 1 DAGs
[2026-06-11T00:30:57.256+0000] {logging_mixin.py:188} INFO - [2026-06-11T00:30:57.255+0000] {dag.py:3947} INFO - Setting next_dagrun for retry_simples to None, run_after=None
[2026-06-11T00:30:57.274+0000] {processor.py:183} INFO - Processing /opt/airflow/dags/retry_simples.py took 0.078 seconds
[2026-06-11T00:31:27.666+0000] {processor.py:161} INFO - Started process (PID=19664) to work on /opt/airflow/dags/retry_simples.py
[2026-06-11T00:31:27.667+0000] {processor.py:830} INFO - Processing file /opt/airflow/dags/retry_simples.py for tasks to queue
[2026-06-11T00:31:27.669+0000] {logging_mixin.py:188} INFO - [2026-06-11T00:31:27.668+0000] {dagbag.py:545} INFO - Filling up the DagBag from /opt/airflow/dags/retry_simples.py
[2026-06-11T00:31:27.674+0000] {processor.py:840} INFO - DAG(s) 'retry_simples' retrieved from /opt/airflow/dags/retry_simples.py
[2026-06-11T00:31:27.706+0000] {logging_mixin.py:188} INFO - [2026-06-11T00:31:27.706+0000] {dag.py:3089} INFO - Sync 1 DAGs
[2026-06-11T00:31:27.715+0000] {logging_mixin.py:188} INFO - [2026-06-11T00:31:27.715+0000] {dag.py:3947} INFO - Setting next_dagrun for retry_simples to None, run_after=None
[2026-06-11T00:31:27.736+0000] {processor.py:183} INFO - Processing /opt/airflow/dags/retry_simples.py took 0.078 seconds
