[2026-06-11T00:00:03.929+0000] {processor.py:161} INFO - Started process (PID=17083) to work on /opt/airflow/dags/sem_dinamic_mapping.py
[2026-06-11T00:00:03.930+0000] {processor.py:830} INFO - Processing file /opt/airflow/dags/sem_dinamic_mapping.py for tasks to queue
[2026-06-11T00:00:03.932+0000] {logging_mixin.py:188} INFO - [2026-06-11T00:00:03.931+0000] {dagbag.py:545} INFO - Filling up the DagBag from /opt/airflow/dags/sem_dinamic_mapping.py
[2026-06-11T00:00:03.941+0000] {processor.py:840} INFO - DAG(s) 'process_files_hardcoded' retrieved from /opt/airflow/dags/sem_dinamic_mapping.py
[2026-06-11T00:00:03.978+0000] {logging_mixin.py:188} INFO - [2026-06-11T00:00:03.978+0000] {dag.py:3089} INFO - Sync 1 DAGs
[2026-06-11T00:00:03.987+0000] {logging_mixin.py:188} INFO - [2026-06-11T00:00:03.986+0000] {dag.py:3947} INFO - Setting next_dagrun for process_files_hardcoded to None, run_after=None
[2026-06-11T00:00:04.005+0000] {processor.py:183} INFO - Processing /opt/airflow/dags/sem_dinamic_mapping.py took 0.088 seconds
[2026-06-11T00:00:34.403+0000] {processor.py:161} INFO - Started process (PID=17125) to work on /opt/airflow/dags/sem_dinamic_mapping.py
[2026-06-11T00:00:34.404+0000] {processor.py:830} INFO - Processing file /opt/airflow/dags/sem_dinamic_mapping.py for tasks to queue
[2026-06-11T00:00:34.405+0000] {logging_mixin.py:188} INFO - [2026-06-11T00:00:34.405+0000] {dagbag.py:545} INFO - Filling up the DagBag from /opt/airflow/dags/sem_dinamic_mapping.py
[2026-06-11T00:00:34.411+0000] {processor.py:840} INFO - DAG(s) 'process_files_hardcoded' retrieved from /opt/airflow/dags/sem_dinamic_mapping.py
[2026-06-11T00:00:34.439+0000] {logging_mixin.py:188} INFO - [2026-06-11T00:00:34.439+0000] {dag.py:3089} INFO - Sync 1 DAGs
[2026-06-11T00:00:34.447+0000] {logging_mixin.py:188} INFO - [2026-06-11T00:00:34.447+0000] {dag.py:3947} INFO - Setting next_dagrun for process_files_hardcoded to None, run_after=None
[2026-06-11T00:00:34.473+0000] {processor.py:183} INFO - Processing /opt/airflow/dags/sem_dinamic_mapping.py took 0.080 seconds
[2026-06-11T00:01:04.962+0000] {processor.py:161} INFO - Started process (PID=17167) to work on /opt/airflow/dags/sem_dinamic_mapping.py
[2026-06-11T00:01:04.964+0000] {processor.py:830} INFO - Processing file /opt/airflow/dags/sem_dinamic_mapping.py for tasks to queue
[2026-06-11T00:01:04.964+0000] {logging_mixin.py:188} INFO - [2026-06-11T00:01:04.964+0000] {dagbag.py:545} INFO - Filling up the DagBag from /opt/airflow/dags/sem_dinamic_mapping.py
[2026-06-11T00:01:04.970+0000] {processor.py:840} INFO - DAG(s) 'process_files_hardcoded' retrieved from /opt/airflow/dags/sem_dinamic_mapping.py
[2026-06-11T00:01:05.007+0000] {logging_mixin.py:188} INFO - [2026-06-11T00:01:05.006+0000] {dag.py:3089} INFO - Sync 1 DAGs
[2026-06-11T00:01:05.022+0000] {logging_mixin.py:188} INFO - [2026-06-11T00:01:05.021+0000] {dag.py:3947} INFO - Setting next_dagrun for process_files_hardcoded to None, run_after=None
[2026-06-11T00:01:05.041+0000] {processor.py:183} INFO - Processing /opt/airflow/dags/sem_dinamic_mapping.py took 0.085 seconds
[2026-06-11T00:01:35.332+0000] {processor.py:161} INFO - Started process (PID=17209) to work on /opt/airflow/dags/sem_dinamic_mapping.py
[2026-06-11T00:01:35.333+0000] {processor.py:830} INFO - Processing file /opt/airflow/dags/sem_dinamic_mapping.py for tasks to queue
[2026-06-11T00:01:35.334+0000] {logging_mixin.py:188} INFO - [2026-06-11T00:01:35.334+0000] {dagbag.py:545} INFO - Filling up the DagBag from /opt/airflow/dags/sem_dinamic_mapping.py
[2026-06-11T00:01:35.344+0000] {processor.py:840} INFO - DAG(s) 'process_files_hardcoded' retrieved from /opt/airflow/dags/sem_dinamic_mapping.py
[2026-06-11T00:01:35.377+0000] {logging_mixin.py:188} INFO - [2026-06-11T00:01:35.376+0000] {dag.py:3089} INFO - Sync 1 DAGs
[2026-06-11T00:01:35.383+0000] {logging_mixin.py:188} INFO - [2026-06-11T00:01:35.383+0000] {dag.py:3947} INFO - Setting next_dagrun for process_files_hardcoded to None, run_after=None
[2026-06-11T00:01:35.400+0000] {processor.py:183} INFO - Processing /opt/airflow/dags/sem_dinamic_mapping.py took 0.077 seconds
[2026-06-11T00:02:05.773+0000] {processor.py:161} INFO - Started process (PID=17251) to work on /opt/airflow/dags/sem_dinamic_mapping.py
[2026-06-11T00:02:05.774+0000] {processor.py:830} INFO - Processing file /opt/airflow/dags/sem_dinamic_mapping.py for tasks to queue
[2026-06-11T00:02:05.775+0000] {logging_mixin.py:188} INFO - [2026-06-11T00:02:05.775+0000] {dagbag.py:545} INFO - Filling up the DagBag from /opt/airflow/dags/sem_dinamic_mapping.py
[2026-06-11T00:02:05.784+0000] {processor.py:840} INFO - DAG(s) 'process_files_hardcoded' retrieved from /opt/airflow/dags/sem_dinamic_mapping.py
[2026-06-11T00:02:05.836+0000] {logging_mixin.py:188} INFO - [2026-06-11T00:02:05.836+0000] {dag.py:3089} INFO - Sync 1 DAGs
[2026-06-11T00:02:05.847+0000] {logging_mixin.py:188} INFO - [2026-06-11T00:02:05.847+0000] {dag.py:3947} INFO - Setting next_dagrun for process_files_hardcoded to None, run_after=None
[2026-06-11T00:02:05.874+0000] {processor.py:183} INFO - Processing /opt/airflow/dags/sem_dinamic_mapping.py took 0.109 seconds
[2026-06-11T00:02:36.268+0000] {processor.py:161} INFO - Started process (PID=17293) to work on /opt/airflow/dags/sem_dinamic_mapping.py
[2026-06-11T00:02:36.269+0000] {processor.py:830} INFO - Processing file /opt/airflow/dags/sem_dinamic_mapping.py for tasks to queue
[2026-06-11T00:02:36.270+0000] {logging_mixin.py:188} INFO - [2026-06-11T00:02:36.269+0000] {dagbag.py:545} INFO - Filling up the DagBag from /opt/airflow/dags/sem_dinamic_mapping.py
[2026-06-11T00:02:36.279+0000] {processor.py:840} INFO - DAG(s) 'process_files_hardcoded' retrieved from /opt/airflow/dags/sem_dinamic_mapping.py
[2026-06-11T00:02:36.314+0000] {logging_mixin.py:188} INFO - [2026-06-11T00:02:36.314+0000] {dag.py:3089} INFO - Sync 1 DAGs
[2026-06-11T00:02:36.322+0000] {logging_mixin.py:188} INFO - [2026-06-11T00:02:36.321+0000] {dag.py:3947} INFO - Setting next_dagrun for process_files_hardcoded to None, run_after=None
[2026-06-11T00:02:36.335+0000] {processor.py:183} INFO - Processing /opt/airflow/dags/sem_dinamic_mapping.py took 0.075 seconds
[2026-06-11T00:03:06.718+0000] {processor.py:161} INFO - Started process (PID=17336) to work on /opt/airflow/dags/sem_dinamic_mapping.py
[2026-06-11T00:03:06.720+0000] {processor.py:830} INFO - Processing file /opt/airflow/dags/sem_dinamic_mapping.py for tasks to queue
[2026-06-11T00:03:06.721+0000] {logging_mixin.py:188} INFO - [2026-06-11T00:03:06.720+0000] {dagbag.py:545} INFO - Filling up the DagBag from /opt/airflow/dags/sem_dinamic_mapping.py
[2026-06-11T00:03:06.728+0000] {processor.py:840} INFO - DAG(s) 'process_files_hardcoded' retrieved from /opt/airflow/dags/sem_dinamic_mapping.py
[2026-06-11T00:03:06.765+0000] {logging_mixin.py:188} INFO - [2026-06-11T00:03:06.765+0000] {dag.py:3089} INFO - Sync 1 DAGs
[2026-06-11T00:03:06.773+0000] {logging_mixin.py:188} INFO - [2026-06-11T00:03:06.773+0000] {dag.py:3947} INFO - Setting next_dagrun for process_files_hardcoded to None, run_after=None
[2026-06-11T00:03:06.785+0000] {processor.py:183} INFO - Processing /opt/airflow/dags/sem_dinamic_mapping.py took 0.075 seconds
[2026-06-11T00:03:37.154+0000] {processor.py:161} INFO - Started process (PID=17378) to work on /opt/airflow/dags/sem_dinamic_mapping.py
[2026-06-11T00:03:37.154+0000] {processor.py:830} INFO - Processing file /opt/airflow/dags/sem_dinamic_mapping.py for tasks to queue
[2026-06-11T00:03:37.155+0000] {logging_mixin.py:188} INFO - [2026-06-11T00:03:37.155+0000] {dagbag.py:545} INFO - Filling up the DagBag from /opt/airflow/dags/sem_dinamic_mapping.py
[2026-06-11T00:03:37.162+0000] {processor.py:840} INFO - DAG(s) 'process_files_hardcoded' retrieved from /opt/airflow/dags/sem_dinamic_mapping.py
[2026-06-11T00:03:37.184+0000] {logging_mixin.py:188} INFO - [2026-06-11T00:03:37.184+0000] {dag.py:3089} INFO - Sync 1 DAGs
[2026-06-11T00:03:37.191+0000] {logging_mixin.py:188} INFO - [2026-06-11T00:03:37.191+0000] {dag.py:3947} INFO - Setting next_dagrun for process_files_hardcoded to None, run_after=None
[2026-06-11T00:03:37.212+0000] {processor.py:183} INFO - Processing /opt/airflow/dags/sem_dinamic_mapping.py took 0.063 seconds
[2026-06-11T00:04:07.594+0000] {processor.py:161} INFO - Started process (PID=17420) to work on /opt/airflow/dags/sem_dinamic_mapping.py
[2026-06-11T00:04:07.596+0000] {processor.py:830} INFO - Processing file /opt/airflow/dags/sem_dinamic_mapping.py for tasks to queue
[2026-06-11T00:04:07.596+0000] {logging_mixin.py:188} INFO - [2026-06-11T00:04:07.596+0000] {dagbag.py:545} INFO - Filling up the DagBag from /opt/airflow/dags/sem_dinamic_mapping.py
[2026-06-11T00:04:07.603+0000] {processor.py:840} INFO - DAG(s) 'process_files_hardcoded' retrieved from /opt/airflow/dags/sem_dinamic_mapping.py
[2026-06-11T00:04:07.649+0000] {logging_mixin.py:188} INFO - [2026-06-11T00:04:07.649+0000] {dag.py:3089} INFO - Sync 1 DAGs
[2026-06-11T00:04:07.669+0000] {logging_mixin.py:188} INFO - [2026-06-11T00:04:07.668+0000] {dag.py:3947} INFO - Setting next_dagrun for process_files_hardcoded to None, run_after=None
[2026-06-11T00:04:07.692+0000] {processor.py:183} INFO - Processing /opt/airflow/dags/sem_dinamic_mapping.py took 0.107 seconds
[2026-06-11T00:04:38.038+0000] {processor.py:161} INFO - Started process (PID=17462) to work on /opt/airflow/dags/sem_dinamic_mapping.py
[2026-06-11T00:04:38.039+0000] {processor.py:830} INFO - Processing file /opt/airflow/dags/sem_dinamic_mapping.py for tasks to queue
[2026-06-11T00:04:38.040+0000] {logging_mixin.py:188} INFO - [2026-06-11T00:04:38.039+0000] {dagbag.py:545} INFO - Filling up the DagBag from /opt/airflow/dags/sem_dinamic_mapping.py
[2026-06-11T00:04:38.053+0000] {processor.py:840} INFO - DAG(s) 'process_files_hardcoded' retrieved from /opt/airflow/dags/sem_dinamic_mapping.py
[2026-06-11T00:04:38.083+0000] {logging_mixin.py:188} INFO - [2026-06-11T00:04:38.083+0000] {dag.py:3089} INFO - Sync 1 DAGs
[2026-06-11T00:04:38.097+0000] {logging_mixin.py:188} INFO - [2026-06-11T00:04:38.096+0000] {dag.py:3947} INFO - Setting next_dagrun for process_files_hardcoded to None, run_after=None
[2026-06-11T00:04:38.116+0000] {processor.py:183} INFO - Processing /opt/airflow/dags/sem_dinamic_mapping.py took 0.084 seconds
[2026-06-11T00:05:08.524+0000] {processor.py:161} INFO - Started process (PID=17504) to work on /opt/airflow/dags/sem_dinamic_mapping.py
[2026-06-11T00:05:08.526+0000] {processor.py:830} INFO - Processing file /opt/airflow/dags/sem_dinamic_mapping.py for tasks to queue
[2026-06-11T00:05:08.527+0000] {logging_mixin.py:188} INFO - [2026-06-11T00:05:08.526+0000] {dagbag.py:545} INFO - Filling up the DagBag from /opt/airflow/dags/sem_dinamic_mapping.py
[2026-06-11T00:05:08.534+0000] {processor.py:840} INFO - DAG(s) 'process_files_hardcoded' retrieved from /opt/airflow/dags/sem_dinamic_mapping.py
[2026-06-11T00:05:08.568+0000] {logging_mixin.py:188} INFO - [2026-06-11T00:05:08.567+0000] {dag.py:3089} INFO - Sync 1 DAGs
[2026-06-11T00:05:08.575+0000] {logging_mixin.py:188} INFO - [2026-06-11T00:05:08.575+0000] {dag.py:3947} INFO - Setting next_dagrun for process_files_hardcoded to None, run_after=None
[2026-06-11T00:05:08.588+0000] {processor.py:183} INFO - Processing /opt/airflow/dags/sem_dinamic_mapping.py took 0.072 seconds
[2026-06-11T00:05:38.947+0000] {processor.py:161} INFO - Started process (PID=17546) to work on /opt/airflow/dags/sem_dinamic_mapping.py
[2026-06-11T00:05:38.949+0000] {processor.py:830} INFO - Processing file /opt/airflow/dags/sem_dinamic_mapping.py for tasks to queue
[2026-06-11T00:05:38.950+0000] {logging_mixin.py:188} INFO - [2026-06-11T00:05:38.950+0000] {dagbag.py:545} INFO - Filling up the DagBag from /opt/airflow/dags/sem_dinamic_mapping.py
[2026-06-11T00:05:38.955+0000] {processor.py:840} INFO - DAG(s) 'process_files_hardcoded' retrieved from /opt/airflow/dags/sem_dinamic_mapping.py
[2026-06-11T00:05:39.000+0000] {logging_mixin.py:188} INFO - [2026-06-11T00:05:39.000+0000] {dag.py:3089} INFO - Sync 1 DAGs
[2026-06-11T00:05:39.021+0000] {logging_mixin.py:188} INFO - [2026-06-11T00:05:39.020+0000] {dag.py:3947} INFO - Setting next_dagrun for process_files_hardcoded to None, run_after=None
[2026-06-11T00:05:39.049+0000] {processor.py:183} INFO - Processing /opt/airflow/dags/sem_dinamic_mapping.py took 0.105 seconds
[2026-06-11T00:06:09.472+0000] {processor.py:161} INFO - Started process (PID=17588) to work on /opt/airflow/dags/sem_dinamic_mapping.py
[2026-06-11T00:06:09.472+0000] {processor.py:830} INFO - Processing file /opt/airflow/dags/sem_dinamic_mapping.py for tasks to queue
[2026-06-11T00:06:09.473+0000] {logging_mixin.py:188} INFO - [2026-06-11T00:06:09.473+0000] {dagbag.py:545} INFO - Filling up the DagBag from /opt/airflow/dags/sem_dinamic_mapping.py
[2026-06-11T00:06:09.477+0000] {processor.py:840} INFO - DAG(s) 'process_files_hardcoded' retrieved from /opt/airflow/dags/sem_dinamic_mapping.py
[2026-06-11T00:06:09.508+0000] {logging_mixin.py:188} INFO - [2026-06-11T00:06:09.508+0000] {dag.py:3089} INFO - Sync 1 DAGs
[2026-06-11T00:06:09.523+0000] {logging_mixin.py:188} INFO - [2026-06-11T00:06:09.523+0000] {dag.py:3947} INFO - Setting next_dagrun for process_files_hardcoded to None, run_after=None
[2026-06-11T00:06:09.542+0000] {processor.py:183} INFO - Processing /opt/airflow/dags/sem_dinamic_mapping.py took 0.075 seconds
[2026-06-11T00:06:39.909+0000] {processor.py:161} INFO - Started process (PID=17624) to work on /opt/airflow/dags/sem_dinamic_mapping.py
[2026-06-11T00:06:39.911+0000] {processor.py:830} INFO - Processing file /opt/airflow/dags/sem_dinamic_mapping.py for tasks to queue
[2026-06-11T00:06:39.912+0000] {logging_mixin.py:188} INFO - [2026-06-11T00:06:39.912+0000] {dagbag.py:545} INFO - Filling up the DagBag from /opt/airflow/dags/sem_dinamic_mapping.py
[2026-06-11T00:06:39.926+0000] {processor.py:840} INFO - DAG(s) 'process_files_hardcoded' retrieved from /opt/airflow/dags/sem_dinamic_mapping.py
[2026-06-11T00:06:39.951+0000] {logging_mixin.py:188} INFO - [2026-06-11T00:06:39.951+0000] {dag.py:3089} INFO - Sync 1 DAGs
[2026-06-11T00:06:39.959+0000] {logging_mixin.py:188} INFO - [2026-06-11T00:06:39.959+0000] {dag.py:3947} INFO - Setting next_dagrun for process_files_hardcoded to None, run_after=None
[2026-06-11T00:06:39.970+0000] {processor.py:183} INFO - Processing /opt/airflow/dags/sem_dinamic_mapping.py took 0.073 seconds
[2026-06-11T00:07:10.384+0000] {processor.py:161} INFO - Started process (PID=17666) to work on /opt/airflow/dags/sem_dinamic_mapping.py
[2026-06-11T00:07:10.385+0000] {processor.py:830} INFO - Processing file /opt/airflow/dags/sem_dinamic_mapping.py for tasks to queue
[2026-06-11T00:07:10.386+0000] {logging_mixin.py:188} INFO - [2026-06-11T00:07:10.386+0000] {dagbag.py:545} INFO - Filling up the DagBag from /opt/airflow/dags/sem_dinamic_mapping.py
[2026-06-11T00:07:10.397+0000] {processor.py:840} INFO - DAG(s) 'process_files_hardcoded' retrieved from /opt/airflow/dags/sem_dinamic_mapping.py
[2026-06-11T00:07:10.433+0000] {logging_mixin.py:188} INFO - [2026-06-11T00:07:10.433+0000] {dag.py:3089} INFO - Sync 1 DAGs
[2026-06-11T00:07:10.440+0000] {logging_mixin.py:188} INFO - [2026-06-11T00:07:10.440+0000] {dag.py:3947} INFO - Setting next_dagrun for process_files_hardcoded to None, run_after=None
[2026-06-11T00:07:10.452+0000] {processor.py:183} INFO - Processing /opt/airflow/dags/sem_dinamic_mapping.py took 0.075 seconds
[2026-06-11T00:07:40.921+0000] {processor.py:161} INFO - Started process (PID=17708) to work on /opt/airflow/dags/sem_dinamic_mapping.py
[2026-06-11T00:07:40.922+0000] {processor.py:830} INFO - Processing file /opt/airflow/dags/sem_dinamic_mapping.py for tasks to queue
[2026-06-11T00:07:40.924+0000] {logging_mixin.py:188} INFO - [2026-06-11T00:07:40.923+0000] {dagbag.py:545} INFO - Filling up the DagBag from /opt/airflow/dags/sem_dinamic_mapping.py
[2026-06-11T00:07:40.931+0000] {processor.py:840} INFO - DAG(s) 'process_files_hardcoded' retrieved from /opt/airflow/dags/sem_dinamic_mapping.py
[2026-06-11T00:07:40.964+0000] {logging_mixin.py:188} INFO - [2026-06-11T00:07:40.963+0000] {dag.py:3089} INFO - Sync 1 DAGs
[2026-06-11T00:07:40.976+0000] {logging_mixin.py:188} INFO - [2026-06-11T00:07:40.976+0000] {dag.py:3947} INFO - Setting next_dagrun for process_files_hardcoded to None, run_after=None
[2026-06-11T00:07:41.000+0000] {processor.py:183} INFO - Processing /opt/airflow/dags/sem_dinamic_mapping.py took 0.089 seconds
[2026-06-11T00:08:11.420+0000] {processor.py:161} INFO - Started process (PID=17750) to work on /opt/airflow/dags/sem_dinamic_mapping.py
[2026-06-11T00:08:11.421+0000] {processor.py:830} INFO - Processing file /opt/airflow/dags/sem_dinamic_mapping.py for tasks to queue
[2026-06-11T00:08:11.422+0000] {logging_mixin.py:188} INFO - [2026-06-11T00:08:11.421+0000] {dagbag.py:545} INFO - Filling up the DagBag from /opt/airflow/dags/sem_dinamic_mapping.py
[2026-06-11T00:08:11.427+0000] {processor.py:840} INFO - DAG(s) 'process_files_hardcoded' retrieved from /opt/airflow/dags/sem_dinamic_mapping.py
[2026-06-11T00:08:11.458+0000] {logging_mixin.py:188} INFO - [2026-06-11T00:08:11.458+0000] {dag.py:3089} INFO - Sync 1 DAGs
[2026-06-11T00:08:11.474+0000] {logging_mixin.py:188} INFO - [2026-06-11T00:08:11.474+0000] {dag.py:3947} INFO - Setting next_dagrun for process_files_hardcoded to None, run_after=None
[2026-06-11T00:08:11.496+0000] {processor.py:183} INFO - Processing /opt/airflow/dags/sem_dinamic_mapping.py took 0.083 seconds
[2026-06-11T00:08:41.883+0000] {processor.py:161} INFO - Started process (PID=17792) to work on /opt/airflow/dags/sem_dinamic_mapping.py
[2026-06-11T00:08:41.885+0000] {processor.py:830} INFO - Processing file /opt/airflow/dags/sem_dinamic_mapping.py for tasks to queue
[2026-06-11T00:08:41.886+0000] {logging_mixin.py:188} INFO - [2026-06-11T00:08:41.885+0000] {dagbag.py:545} INFO - Filling up the DagBag from /opt/airflow/dags/sem_dinamic_mapping.py
[2026-06-11T00:08:41.895+0000] {processor.py:840} INFO - DAG(s) 'process_files_hardcoded' retrieved from /opt/airflow/dags/sem_dinamic_mapping.py
[2026-06-11T00:08:41.921+0000] {logging_mixin.py:188} INFO - [2026-06-11T00:08:41.921+0000] {dag.py:3089} INFO - Sync 1 DAGs
[2026-06-11T00:08:41.929+0000] {logging_mixin.py:188} INFO - [2026-06-11T00:08:41.928+0000] {dag.py:3947} INFO - Setting next_dagrun for process_files_hardcoded to None, run_after=None
[2026-06-11T00:08:41.941+0000] {processor.py:183} INFO - Processing /opt/airflow/dags/sem_dinamic_mapping.py took 0.068 seconds
[2026-06-11T00:09:12.417+0000] {processor.py:161} INFO - Started process (PID=17834) to work on /opt/airflow/dags/sem_dinamic_mapping.py
[2026-06-11T00:09:12.418+0000] {processor.py:830} INFO - Processing file /opt/airflow/dags/sem_dinamic_mapping.py for tasks to queue
[2026-06-11T00:09:12.419+0000] {logging_mixin.py:188} INFO - [2026-06-11T00:09:12.419+0000] {dagbag.py:545} INFO - Filling up the DagBag from /opt/airflow/dags/sem_dinamic_mapping.py
[2026-06-11T00:09:12.428+0000] {processor.py:840} INFO - DAG(s) 'process_files_hardcoded' retrieved from /opt/airflow/dags/sem_dinamic_mapping.py
[2026-06-11T00:09:12.469+0000] {logging_mixin.py:188} INFO - [2026-06-11T00:09:12.469+0000] {dag.py:3089} INFO - Sync 1 DAGs
[2026-06-11T00:09:12.478+0000] {logging_mixin.py:188} INFO - [2026-06-11T00:09:12.478+0000] {dag.py:3947} INFO - Setting next_dagrun for process_files_hardcoded to None, run_after=None
[2026-06-11T00:09:12.494+0000] {processor.py:183} INFO - Processing /opt/airflow/dags/sem_dinamic_mapping.py took 0.084 seconds
[2026-06-11T00:09:42.931+0000] {processor.py:161} INFO - Started process (PID=17876) to work on /opt/airflow/dags/sem_dinamic_mapping.py
[2026-06-11T00:09:42.934+0000] {processor.py:830} INFO - Processing file /opt/airflow/dags/sem_dinamic_mapping.py for tasks to queue
[2026-06-11T00:09:42.935+0000] {logging_mixin.py:188} INFO - [2026-06-11T00:09:42.935+0000] {dagbag.py:545} INFO - Filling up the DagBag from /opt/airflow/dags/sem_dinamic_mapping.py
[2026-06-11T00:09:42.942+0000] {processor.py:840} INFO - DAG(s) 'process_files_hardcoded' retrieved from /opt/airflow/dags/sem_dinamic_mapping.py
[2026-06-11T00:09:42.980+0000] {logging_mixin.py:188} INFO - [2026-06-11T00:09:42.980+0000] {dag.py:3089} INFO - Sync 1 DAGs
[2026-06-11T00:09:42.990+0000] {logging_mixin.py:188} INFO - [2026-06-11T00:09:42.989+0000] {dag.py:3947} INFO - Setting next_dagrun for process_files_hardcoded to None, run_after=None
[2026-06-11T00:09:43.017+0000] {processor.py:183} INFO - Processing /opt/airflow/dags/sem_dinamic_mapping.py took 0.096 seconds
[2026-06-11T00:10:13.289+0000] {processor.py:161} INFO - Started process (PID=17918) to work on /opt/airflow/dags/sem_dinamic_mapping.py
[2026-06-11T00:10:13.290+0000] {processor.py:830} INFO - Processing file /opt/airflow/dags/sem_dinamic_mapping.py for tasks to queue
[2026-06-11T00:10:13.291+0000] {logging_mixin.py:188} INFO - [2026-06-11T00:10:13.290+0000] {dagbag.py:545} INFO - Filling up the DagBag from /opt/airflow/dags/sem_dinamic_mapping.py
[2026-06-11T00:10:13.300+0000] {processor.py:840} INFO - DAG(s) 'process_files_hardcoded' retrieved from /opt/airflow/dags/sem_dinamic_mapping.py
[2026-06-11T00:10:13.326+0000] {logging_mixin.py:188} INFO - [2026-06-11T00:10:13.326+0000] {dag.py:3089} INFO - Sync 1 DAGs
[2026-06-11T00:10:13.335+0000] {logging_mixin.py:188} INFO - [2026-06-11T00:10:13.335+0000] {dag.py:3947} INFO - Setting next_dagrun for process_files_hardcoded to None, run_after=None
[2026-06-11T00:10:13.353+0000] {processor.py:183} INFO - Processing /opt/airflow/dags/sem_dinamic_mapping.py took 0.071 seconds
[2026-06-11T00:10:43.758+0000] {processor.py:161} INFO - Started process (PID=17960) to work on /opt/airflow/dags/sem_dinamic_mapping.py
[2026-06-11T00:10:43.760+0000] {processor.py:830} INFO - Processing file /opt/airflow/dags/sem_dinamic_mapping.py for tasks to queue
[2026-06-11T00:10:43.761+0000] {logging_mixin.py:188} INFO - [2026-06-11T00:10:43.760+0000] {dagbag.py:545} INFO - Filling up the DagBag from /opt/airflow/dags/sem_dinamic_mapping.py
[2026-06-11T00:10:43.771+0000] {processor.py:840} INFO - DAG(s) 'process_files_hardcoded' retrieved from /opt/airflow/dags/sem_dinamic_mapping.py
[2026-06-11T00:10:43.803+0000] {logging_mixin.py:188} INFO - [2026-06-11T00:10:43.803+0000] {dag.py:3089} INFO - Sync 1 DAGs
[2026-06-11T00:10:43.814+0000] {logging_mixin.py:188} INFO - [2026-06-11T00:10:43.813+0000] {dag.py:3947} INFO - Setting next_dagrun for process_files_hardcoded to None, run_after=None
[2026-06-11T00:10:43.829+0000] {processor.py:183} INFO - Processing /opt/airflow/dags/sem_dinamic_mapping.py took 0.077 seconds
[2026-06-11T00:11:14.134+0000] {processor.py:161} INFO - Started process (PID=18002) to work on /opt/airflow/dags/sem_dinamic_mapping.py
[2026-06-11T00:11:14.135+0000] {processor.py:830} INFO - Processing file /opt/airflow/dags/sem_dinamic_mapping.py for tasks to queue
[2026-06-11T00:11:14.135+0000] {logging_mixin.py:188} INFO - [2026-06-11T00:11:14.135+0000] {dagbag.py:545} INFO - Filling up the DagBag from /opt/airflow/dags/sem_dinamic_mapping.py
[2026-06-11T00:11:14.140+0000] {processor.py:840} INFO - DAG(s) 'process_files_hardcoded' retrieved from /opt/airflow/dags/sem_dinamic_mapping.py
[2026-06-11T00:11:14.174+0000] {logging_mixin.py:188} INFO - [2026-06-11T00:11:14.174+0000] {dag.py:3089} INFO - Sync 1 DAGs
[2026-06-11T00:11:14.183+0000] {logging_mixin.py:188} INFO - [2026-06-11T00:11:14.183+0000] {dag.py:3947} INFO - Setting next_dagrun for process_files_hardcoded to None, run_after=None
[2026-06-11T00:11:14.201+0000] {processor.py:183} INFO - Processing /opt/airflow/dags/sem_dinamic_mapping.py took 0.071 seconds
[2026-06-11T00:11:44.480+0000] {processor.py:161} INFO - Started process (PID=18044) to work on /opt/airflow/dags/sem_dinamic_mapping.py
[2026-06-11T00:11:44.482+0000] {processor.py:830} INFO - Processing file /opt/airflow/dags/sem_dinamic_mapping.py for tasks to queue
[2026-06-11T00:11:44.482+0000] {logging_mixin.py:188} INFO - [2026-06-11T00:11:44.482+0000] {dagbag.py:545} INFO - Filling up the DagBag from /opt/airflow/dags/sem_dinamic_mapping.py
[2026-06-11T00:11:44.487+0000] {processor.py:840} INFO - DAG(s) 'process_files_hardcoded' retrieved from /opt/airflow/dags/sem_dinamic_mapping.py
[2026-06-11T00:11:44.513+0000] {logging_mixin.py:188} INFO - [2026-06-11T00:11:44.513+0000] {dag.py:3089} INFO - Sync 1 DAGs
[2026-06-11T00:11:44.521+0000] {logging_mixin.py:188} INFO - [2026-06-11T00:11:44.521+0000] {dag.py:3947} INFO - Setting next_dagrun for process_files_hardcoded to None, run_after=None
[2026-06-11T00:11:44.542+0000] {processor.py:183} INFO - Processing /opt/airflow/dags/sem_dinamic_mapping.py took 0.070 seconds
[2026-06-11T00:12:14.932+0000] {processor.py:161} INFO - Started process (PID=18086) to work on /opt/airflow/dags/sem_dinamic_mapping.py
[2026-06-11T00:12:14.933+0000] {processor.py:830} INFO - Processing file /opt/airflow/dags/sem_dinamic_mapping.py for tasks to queue
[2026-06-11T00:12:14.934+0000] {logging_mixin.py:188} INFO - [2026-06-11T00:12:14.934+0000] {dagbag.py:545} INFO - Filling up the DagBag from /opt/airflow/dags/sem_dinamic_mapping.py
[2026-06-11T00:12:14.944+0000] {processor.py:840} INFO - DAG(s) 'process_files_hardcoded' retrieved from /opt/airflow/dags/sem_dinamic_mapping.py
[2026-06-11T00:12:14.973+0000] {logging_mixin.py:188} INFO - [2026-06-11T00:12:14.972+0000] {dag.py:3089} INFO - Sync 1 DAGs
[2026-06-11T00:12:14.983+0000] {logging_mixin.py:188} INFO - [2026-06-11T00:12:14.983+0000] {dag.py:3947} INFO - Setting next_dagrun for process_files_hardcoded to None, run_after=None
[2026-06-11T00:12:15.001+0000] {processor.py:183} INFO - Processing /opt/airflow/dags/sem_dinamic_mapping.py took 0.081 seconds
[2026-06-11T00:12:45.407+0000] {processor.py:161} INFO - Started process (PID=18128) to work on /opt/airflow/dags/sem_dinamic_mapping.py
[2026-06-11T00:12:45.409+0000] {processor.py:830} INFO - Processing file /opt/airflow/dags/sem_dinamic_mapping.py for tasks to queue
[2026-06-11T00:12:45.410+0000] {logging_mixin.py:188} INFO - [2026-06-11T00:12:45.410+0000] {dagbag.py:545} INFO - Filling up the DagBag from /opt/airflow/dags/sem_dinamic_mapping.py
[2026-06-11T00:12:45.420+0000] {processor.py:840} INFO - DAG(s) 'process_files_hardcoded' retrieved from /opt/airflow/dags/sem_dinamic_mapping.py
[2026-06-11T00:12:45.460+0000] {logging_mixin.py:188} INFO - [2026-06-11T00:12:45.460+0000] {dag.py:3089} INFO - Sync 1 DAGs
[2026-06-11T00:12:45.476+0000] {logging_mixin.py:188} INFO - [2026-06-11T00:12:45.476+0000] {dag.py:3947} INFO - Setting next_dagrun for process_files_hardcoded to None, run_after=None
[2026-06-11T00:12:45.494+0000] {processor.py:183} INFO - Processing /opt/airflow/dags/sem_dinamic_mapping.py took 0.093 seconds
[2026-06-11T00:13:15.913+0000] {processor.py:161} INFO - Started process (PID=18170) to work on /opt/airflow/dags/sem_dinamic_mapping.py
[2026-06-11T00:13:15.914+0000] {processor.py:830} INFO - Processing file /opt/airflow/dags/sem_dinamic_mapping.py for tasks to queue
[2026-06-11T00:13:15.915+0000] {logging_mixin.py:188} INFO - [2026-06-11T00:13:15.915+0000] {dagbag.py:545} INFO - Filling up the DagBag from /opt/airflow/dags/sem_dinamic_mapping.py
[2026-06-11T00:13:15.920+0000] {processor.py:840} INFO - DAG(s) 'process_files_hardcoded' retrieved from /opt/airflow/dags/sem_dinamic_mapping.py
[2026-06-11T00:13:15.952+0000] {logging_mixin.py:188} INFO - [2026-06-11T00:13:15.951+0000] {dag.py:3089} INFO - Sync 1 DAGs
[2026-06-11T00:13:15.965+0000] {logging_mixin.py:188} INFO - [2026-06-11T00:13:15.965+0000] {dag.py:3947} INFO - Setting next_dagrun for process_files_hardcoded to None, run_after=None
[2026-06-11T00:13:15.989+0000] {processor.py:183} INFO - Processing /opt/airflow/dags/sem_dinamic_mapping.py took 0.081 seconds
[2026-06-11T00:13:46.292+0000] {processor.py:161} INFO - Started process (PID=18212) to work on /opt/airflow/dags/sem_dinamic_mapping.py
[2026-06-11T00:13:46.294+0000] {processor.py:830} INFO - Processing file /opt/airflow/dags/sem_dinamic_mapping.py for tasks to queue
[2026-06-11T00:13:46.296+0000] {logging_mixin.py:188} INFO - [2026-06-11T00:13:46.295+0000] {dagbag.py:545} INFO - Filling up the DagBag from /opt/airflow/dags/sem_dinamic_mapping.py
[2026-06-11T00:13:46.330+0000] {processor.py:840} INFO - DAG(s) 'process_files_hardcoded' retrieved from /opt/airflow/dags/sem_dinamic_mapping.py
[2026-06-11T00:13:46.392+0000] {logging_mixin.py:188} INFO - [2026-06-11T00:13:46.392+0000] {dag.py:3089} INFO - Sync 1 DAGs
[2026-06-11T00:13:46.403+0000] {logging_mixin.py:188} INFO - [2026-06-11T00:13:46.403+0000] {dag.py:3947} INFO - Setting next_dagrun for process_files_hardcoded to None, run_after=None
[2026-06-11T00:13:46.427+0000] {processor.py:183} INFO - Processing /opt/airflow/dags/sem_dinamic_mapping.py took 0.143 seconds
[2026-06-11T00:14:16.751+0000] {processor.py:161} INFO - Started process (PID=18254) to work on /opt/airflow/dags/sem_dinamic_mapping.py
[2026-06-11T00:14:16.752+0000] {processor.py:830} INFO - Processing file /opt/airflow/dags/sem_dinamic_mapping.py for tasks to queue
[2026-06-11T00:14:16.752+0000] {logging_mixin.py:188} INFO - [2026-06-11T00:14:16.752+0000] {dagbag.py:545} INFO - Filling up the DagBag from /opt/airflow/dags/sem_dinamic_mapping.py
[2026-06-11T00:14:16.760+0000] {processor.py:840} INFO - DAG(s) 'process_files_hardcoded' retrieved from /opt/airflow/dags/sem_dinamic_mapping.py
[2026-06-11T00:14:16.798+0000] {logging_mixin.py:188} INFO - [2026-06-11T00:14:16.797+0000] {dag.py:3089} INFO - Sync 1 DAGs
[2026-06-11T00:14:16.812+0000] {logging_mixin.py:188} INFO - [2026-06-11T00:14:16.812+0000] {dag.py:3947} INFO - Setting next_dagrun for process_files_hardcoded to None, run_after=None
[2026-06-11T00:14:16.833+0000] {processor.py:183} INFO - Processing /opt/airflow/dags/sem_dinamic_mapping.py took 0.090 seconds
[2026-06-11T00:14:47.251+0000] {processor.py:161} INFO - Started process (PID=18296) to work on /opt/airflow/dags/sem_dinamic_mapping.py
[2026-06-11T00:14:47.253+0000] {processor.py:830} INFO - Processing file /opt/airflow/dags/sem_dinamic_mapping.py for tasks to queue
[2026-06-11T00:14:47.254+0000] {logging_mixin.py:188} INFO - [2026-06-11T00:14:47.253+0000] {dagbag.py:545} INFO - Filling up the DagBag from /opt/airflow/dags/sem_dinamic_mapping.py
[2026-06-11T00:14:47.259+0000] {processor.py:840} INFO - DAG(s) 'process_files_hardcoded' retrieved from /opt/airflow/dags/sem_dinamic_mapping.py
[2026-06-11T00:14:47.302+0000] {logging_mixin.py:188} INFO - [2026-06-11T00:14:47.301+0000] {dag.py:3089} INFO - Sync 1 DAGs
[2026-06-11T00:14:47.316+0000] {logging_mixin.py:188} INFO - [2026-06-11T00:14:47.315+0000] {dag.py:3947} INFO - Setting next_dagrun for process_files_hardcoded to None, run_after=None
[2026-06-11T00:14:47.327+0000] {processor.py:183} INFO - Processing /opt/airflow/dags/sem_dinamic_mapping.py took 0.082 seconds
[2026-06-11T00:15:17.719+0000] {processor.py:161} INFO - Started process (PID=18338) to work on /opt/airflow/dags/sem_dinamic_mapping.py
[2026-06-11T00:15:17.721+0000] {processor.py:830} INFO - Processing file /opt/airflow/dags/sem_dinamic_mapping.py for tasks to queue
[2026-06-11T00:15:17.721+0000] {logging_mixin.py:188} INFO - [2026-06-11T00:15:17.721+0000] {dagbag.py:545} INFO - Filling up the DagBag from /opt/airflow/dags/sem_dinamic_mapping.py
[2026-06-11T00:15:17.726+0000] {processor.py:840} INFO - DAG(s) 'process_files_hardcoded' retrieved from /opt/airflow/dags/sem_dinamic_mapping.py
[2026-06-11T00:15:17.759+0000] {logging_mixin.py:188} INFO - [2026-06-11T00:15:17.758+0000] {dag.py:3089} INFO - Sync 1 DAGs
[2026-06-11T00:15:17.776+0000] {logging_mixin.py:188} INFO - [2026-06-11T00:15:17.775+0000] {dag.py:3947} INFO - Setting next_dagrun for process_files_hardcoded to None, run_after=None
[2026-06-11T00:15:17.797+0000] {processor.py:183} INFO - Processing /opt/airflow/dags/sem_dinamic_mapping.py took 0.081 seconds
[2026-06-11T00:15:48.113+0000] {processor.py:161} INFO - Started process (PID=18380) to work on /opt/airflow/dags/sem_dinamic_mapping.py
[2026-06-11T00:15:48.115+0000] {processor.py:830} INFO - Processing file /opt/airflow/dags/sem_dinamic_mapping.py for tasks to queue
[2026-06-11T00:15:48.116+0000] {logging_mixin.py:188} INFO - [2026-06-11T00:15:48.115+0000] {dagbag.py:545} INFO - Filling up the DagBag from /opt/airflow/dags/sem_dinamic_mapping.py
[2026-06-11T00:15:48.121+0000] {processor.py:840} INFO - DAG(s) 'process_files_hardcoded' retrieved from /opt/airflow/dags/sem_dinamic_mapping.py
[2026-06-11T00:15:48.145+0000] {logging_mixin.py:188} INFO - [2026-06-11T00:15:48.145+0000] {dag.py:3089} INFO - Sync 1 DAGs
[2026-06-11T00:15:48.152+0000] {logging_mixin.py:188} INFO - [2026-06-11T00:15:48.152+0000] {dag.py:3947} INFO - Setting next_dagrun for process_files_hardcoded to None, run_after=None
[2026-06-11T00:15:48.169+0000] {processor.py:183} INFO - Processing /opt/airflow/dags/sem_dinamic_mapping.py took 0.061 seconds
[2026-06-11T00:16:18.560+0000] {processor.py:161} INFO - Started process (PID=18422) to work on /opt/airflow/dags/sem_dinamic_mapping.py
[2026-06-11T00:16:18.562+0000] {processor.py:830} INFO - Processing file /opt/airflow/dags/sem_dinamic_mapping.py for tasks to queue
[2026-06-11T00:16:18.562+0000] {logging_mixin.py:188} INFO - [2026-06-11T00:16:18.562+0000] {dagbag.py:545} INFO - Filling up the DagBag from /opt/airflow/dags/sem_dinamic_mapping.py
[2026-06-11T00:16:18.570+0000] {processor.py:840} INFO - DAG(s) 'process_files_hardcoded' retrieved from /opt/airflow/dags/sem_dinamic_mapping.py
[2026-06-11T00:16:18.595+0000] {logging_mixin.py:188} INFO - [2026-06-11T00:16:18.595+0000] {dag.py:3089} INFO - Sync 1 DAGs
[2026-06-11T00:16:18.602+0000] {logging_mixin.py:188} INFO - [2026-06-11T00:16:18.602+0000] {dag.py:3947} INFO - Setting next_dagrun for process_files_hardcoded to None, run_after=None
[2026-06-11T00:16:18.618+0000] {processor.py:183} INFO - Processing /opt/airflow/dags/sem_dinamic_mapping.py took 0.061 seconds
[2026-06-11T00:16:48.958+0000] {processor.py:161} INFO - Started process (PID=18464) to work on /opt/airflow/dags/sem_dinamic_mapping.py
[2026-06-11T00:16:48.959+0000] {processor.py:830} INFO - Processing file /opt/airflow/dags/sem_dinamic_mapping.py for tasks to queue
[2026-06-11T00:16:48.960+0000] {logging_mixin.py:188} INFO - [2026-06-11T00:16:48.959+0000] {dagbag.py:545} INFO - Filling up the DagBag from /opt/airflow/dags/sem_dinamic_mapping.py
[2026-06-11T00:16:48.964+0000] {processor.py:840} INFO - DAG(s) 'process_files_hardcoded' retrieved from /opt/airflow/dags/sem_dinamic_mapping.py
[2026-06-11T00:16:48.992+0000] {logging_mixin.py:188} INFO - [2026-06-11T00:16:48.991+0000] {dag.py:3089} INFO - Sync 1 DAGs
[2026-06-11T00:16:49.000+0000] {logging_mixin.py:188} INFO - [2026-06-11T00:16:49.000+0000] {dag.py:3947} INFO - Setting next_dagrun for process_files_hardcoded to None, run_after=None
[2026-06-11T00:16:49.018+0000] {processor.py:183} INFO - Processing /opt/airflow/dags/sem_dinamic_mapping.py took 0.065 seconds
[2026-06-11T00:17:19.315+0000] {processor.py:161} INFO - Started process (PID=18506) to work on /opt/airflow/dags/sem_dinamic_mapping.py
[2026-06-11T00:17:19.317+0000] {processor.py:830} INFO - Processing file /opt/airflow/dags/sem_dinamic_mapping.py for tasks to queue
[2026-06-11T00:17:19.318+0000] {logging_mixin.py:188} INFO - [2026-06-11T00:17:19.318+0000] {dagbag.py:545} INFO - Filling up the DagBag from /opt/airflow/dags/sem_dinamic_mapping.py
[2026-06-11T00:17:19.326+0000] {processor.py:840} INFO - DAG(s) 'process_files_hardcoded' retrieved from /opt/airflow/dags/sem_dinamic_mapping.py
[2026-06-11T00:17:19.359+0000] {logging_mixin.py:188} INFO - [2026-06-11T00:17:19.359+0000] {dag.py:3089} INFO - Sync 1 DAGs
[2026-06-11T00:17:19.374+0000] {logging_mixin.py:188} INFO - [2026-06-11T00:17:19.373+0000] {dag.py:3947} INFO - Setting next_dagrun for process_files_hardcoded to None, run_after=None
[2026-06-11T00:17:19.393+0000] {processor.py:183} INFO - Processing /opt/airflow/dags/sem_dinamic_mapping.py took 0.084 seconds
[2026-06-11T00:17:49.889+0000] {processor.py:161} INFO - Started process (PID=18542) to work on /opt/airflow/dags/sem_dinamic_mapping.py
[2026-06-11T00:17:49.890+0000] {processor.py:830} INFO - Processing file /opt/airflow/dags/sem_dinamic_mapping.py for tasks to queue
[2026-06-11T00:17:49.890+0000] {logging_mixin.py:188} INFO - [2026-06-11T00:17:49.890+0000] {dagbag.py:545} INFO - Filling up the DagBag from /opt/airflow/dags/sem_dinamic_mapping.py
[2026-06-11T00:17:49.900+0000] {processor.py:840} INFO - DAG(s) 'process_files_hardcoded' retrieved from /opt/airflow/dags/sem_dinamic_mapping.py
[2026-06-11T00:17:49.929+0000] {logging_mixin.py:188} INFO - [2026-06-11T00:17:49.928+0000] {dag.py:3089} INFO - Sync 1 DAGs
[2026-06-11T00:17:49.946+0000] {logging_mixin.py:188} INFO - [2026-06-11T00:17:49.946+0000] {dag.py:3947} INFO - Setting next_dagrun for process_files_hardcoded to None, run_after=None
[2026-06-11T00:17:49.963+0000] {processor.py:183} INFO - Processing /opt/airflow/dags/sem_dinamic_mapping.py took 0.081 seconds
[2026-06-11T00:18:20.283+0000] {processor.py:161} INFO - Started process (PID=18584) to work on /opt/airflow/dags/sem_dinamic_mapping.py
[2026-06-11T00:18:20.285+0000] {processor.py:830} INFO - Processing file /opt/airflow/dags/sem_dinamic_mapping.py for tasks to queue
[2026-06-11T00:18:20.285+0000] {logging_mixin.py:188} INFO - [2026-06-11T00:18:20.285+0000] {dagbag.py:545} INFO - Filling up the DagBag from /opt/airflow/dags/sem_dinamic_mapping.py
[2026-06-11T00:18:20.291+0000] {processor.py:840} INFO - DAG(s) 'process_files_hardcoded' retrieved from /opt/airflow/dags/sem_dinamic_mapping.py
[2026-06-11T00:18:20.329+0000] {logging_mixin.py:188} INFO - [2026-06-11T00:18:20.329+0000] {dag.py:3089} INFO - Sync 1 DAGs
[2026-06-11T00:18:20.339+0000] {logging_mixin.py:188} INFO - [2026-06-11T00:18:20.339+0000] {dag.py:3947} INFO - Setting next_dagrun for process_files_hardcoded to None, run_after=None
[2026-06-11T00:18:20.360+0000] {processor.py:183} INFO - Processing /opt/airflow/dags/sem_dinamic_mapping.py took 0.081 seconds
[2026-06-11T00:18:50.775+0000] {processor.py:161} INFO - Started process (PID=18626) to work on /opt/airflow/dags/sem_dinamic_mapping.py
[2026-06-11T00:18:50.775+0000] {processor.py:830} INFO - Processing file /opt/airflow/dags/sem_dinamic_mapping.py for tasks to queue
[2026-06-11T00:18:50.777+0000] {logging_mixin.py:188} INFO - [2026-06-11T00:18:50.776+0000] {dagbag.py:545} INFO - Filling up the DagBag from /opt/airflow/dags/sem_dinamic_mapping.py
[2026-06-11T00:18:50.783+0000] {processor.py:840} INFO - DAG(s) 'process_files_hardcoded' retrieved from /opt/airflow/dags/sem_dinamic_mapping.py
[2026-06-11T00:18:50.817+0000] {logging_mixin.py:188} INFO - [2026-06-11T00:18:50.817+0000] {dag.py:3089} INFO - Sync 1 DAGs
[2026-06-11T00:18:50.826+0000] {logging_mixin.py:188} INFO - [2026-06-11T00:18:50.825+0000] {dag.py:3947} INFO - Setting next_dagrun for process_files_hardcoded to None, run_after=None
[2026-06-11T00:18:50.846+0000] {processor.py:183} INFO - Processing /opt/airflow/dags/sem_dinamic_mapping.py took 0.075 seconds
[2026-06-11T00:19:21.174+0000] {processor.py:161} INFO - Started process (PID=18668) to work on /opt/airflow/dags/sem_dinamic_mapping.py
[2026-06-11T00:19:21.176+0000] {processor.py:830} INFO - Processing file /opt/airflow/dags/sem_dinamic_mapping.py for tasks to queue
[2026-06-11T00:19:21.178+0000] {logging_mixin.py:188} INFO - [2026-06-11T00:19:21.177+0000] {dagbag.py:545} INFO - Filling up the DagBag from /opt/airflow/dags/sem_dinamic_mapping.py
[2026-06-11T00:19:21.191+0000] {processor.py:840} INFO - DAG(s) 'process_files_hardcoded' retrieved from /opt/airflow/dags/sem_dinamic_mapping.py
[2026-06-11T00:19:21.227+0000] {logging_mixin.py:188} INFO - [2026-06-11T00:19:21.226+0000] {dag.py:3089} INFO - Sync 1 DAGs
[2026-06-11T00:19:21.239+0000] {logging_mixin.py:188} INFO - [2026-06-11T00:19:21.239+0000] {dag.py:3947} INFO - Setting next_dagrun for process_files_hardcoded to None, run_after=None
[2026-06-11T00:19:21.255+0000] {processor.py:183} INFO - Processing /opt/airflow/dags/sem_dinamic_mapping.py took 0.091 seconds
[2026-06-11T00:19:51.555+0000] {processor.py:161} INFO - Started process (PID=18710) to work on /opt/airflow/dags/sem_dinamic_mapping.py
[2026-06-11T00:19:51.556+0000] {processor.py:830} INFO - Processing file /opt/airflow/dags/sem_dinamic_mapping.py for tasks to queue
[2026-06-11T00:19:51.556+0000] {logging_mixin.py:188} INFO - [2026-06-11T00:19:51.556+0000] {dagbag.py:545} INFO - Filling up the DagBag from /opt/airflow/dags/sem_dinamic_mapping.py
[2026-06-11T00:19:51.562+0000] {processor.py:840} INFO - DAG(s) 'process_files_hardcoded' retrieved from /opt/airflow/dags/sem_dinamic_mapping.py
[2026-06-11T00:19:51.589+0000] {logging_mixin.py:188} INFO - [2026-06-11T00:19:51.589+0000] {dag.py:3089} INFO - Sync 1 DAGs
[2026-06-11T00:19:51.596+0000] {logging_mixin.py:188} INFO - [2026-06-11T00:19:51.596+0000] {dag.py:3947} INFO - Setting next_dagrun for process_files_hardcoded to None, run_after=None
[2026-06-11T00:19:51.609+0000] {processor.py:183} INFO - Processing /opt/airflow/dags/sem_dinamic_mapping.py took 0.060 seconds
[2026-06-11T00:20:21.925+0000] {processor.py:161} INFO - Started process (PID=18752) to work on /opt/airflow/dags/sem_dinamic_mapping.py
[2026-06-11T00:20:21.926+0000] {processor.py:830} INFO - Processing file /opt/airflow/dags/sem_dinamic_mapping.py for tasks to queue
[2026-06-11T00:20:21.927+0000] {logging_mixin.py:188} INFO - [2026-06-11T00:20:21.926+0000] {dagbag.py:545} INFO - Filling up the DagBag from /opt/airflow/dags/sem_dinamic_mapping.py
[2026-06-11T00:20:21.931+0000] {processor.py:840} INFO - DAG(s) 'process_files_hardcoded' retrieved from /opt/airflow/dags/sem_dinamic_mapping.py
[2026-06-11T00:20:21.956+0000] {logging_mixin.py:188} INFO - [2026-06-11T00:20:21.956+0000] {dag.py:3089} INFO - Sync 1 DAGs
[2026-06-11T00:20:21.969+0000] {logging_mixin.py:188} INFO - [2026-06-11T00:20:21.969+0000] {dag.py:3947} INFO - Setting next_dagrun for process_files_hardcoded to None, run_after=None
[2026-06-11T00:20:21.986+0000] {processor.py:183} INFO - Processing /opt/airflow/dags/sem_dinamic_mapping.py took 0.065 seconds
[2026-06-11T00:20:52.373+0000] {processor.py:161} INFO - Started process (PID=18794) to work on /opt/airflow/dags/sem_dinamic_mapping.py
[2026-06-11T00:20:52.373+0000] {processor.py:830} INFO - Processing file /opt/airflow/dags/sem_dinamic_mapping.py for tasks to queue
[2026-06-11T00:20:52.374+0000] {logging_mixin.py:188} INFO - [2026-06-11T00:20:52.374+0000] {dagbag.py:545} INFO - Filling up the DagBag from /opt/airflow/dags/sem_dinamic_mapping.py
[2026-06-11T00:20:52.378+0000] {processor.py:840} INFO - DAG(s) 'process_files_hardcoded' retrieved from /opt/airflow/dags/sem_dinamic_mapping.py
[2026-06-11T00:20:52.415+0000] {logging_mixin.py:188} INFO - [2026-06-11T00:20:52.415+0000] {dag.py:3089} INFO - Sync 1 DAGs
[2026-06-11T00:20:52.424+0000] {logging_mixin.py:188} INFO - [2026-06-11T00:20:52.423+0000] {dag.py:3947} INFO - Setting next_dagrun for process_files_hardcoded to None, run_after=None
[2026-06-11T00:20:52.444+0000] {processor.py:183} INFO - Processing /opt/airflow/dags/sem_dinamic_mapping.py took 0.076 seconds
[2026-06-11T00:21:22.890+0000] {processor.py:161} INFO - Started process (PID=18836) to work on /opt/airflow/dags/sem_dinamic_mapping.py
[2026-06-11T00:21:22.892+0000] {processor.py:830} INFO - Processing file /opt/airflow/dags/sem_dinamic_mapping.py for tasks to queue
[2026-06-11T00:21:22.892+0000] {logging_mixin.py:188} INFO - [2026-06-11T00:21:22.892+0000] {dagbag.py:545} INFO - Filling up the DagBag from /opt/airflow/dags/sem_dinamic_mapping.py
[2026-06-11T00:21:22.897+0000] {processor.py:840} INFO - DAG(s) 'process_files_hardcoded' retrieved from /opt/airflow/dags/sem_dinamic_mapping.py
[2026-06-11T00:21:22.918+0000] {logging_mixin.py:188} INFO - [2026-06-11T00:21:22.918+0000] {dag.py:3089} INFO - Sync 1 DAGs
[2026-06-11T00:21:22.928+0000] {logging_mixin.py:188} INFO - [2026-06-11T00:21:22.928+0000] {dag.py:3947} INFO - Setting next_dagrun for process_files_hardcoded to None, run_after=None
[2026-06-11T00:21:22.948+0000] {processor.py:183} INFO - Processing /opt/airflow/dags/sem_dinamic_mapping.py took 0.064 seconds
[2026-06-11T00:21:53.400+0000] {processor.py:161} INFO - Started process (PID=18878) to work on /opt/airflow/dags/sem_dinamic_mapping.py
[2026-06-11T00:21:53.401+0000] {processor.py:830} INFO - Processing file /opt/airflow/dags/sem_dinamic_mapping.py for tasks to queue
[2026-06-11T00:21:53.403+0000] {logging_mixin.py:188} INFO - [2026-06-11T00:21:53.402+0000] {dagbag.py:545} INFO - Filling up the DagBag from /opt/airflow/dags/sem_dinamic_mapping.py
[2026-06-11T00:21:53.413+0000] {processor.py:840} INFO - DAG(s) 'process_files_hardcoded' retrieved from /opt/airflow/dags/sem_dinamic_mapping.py
[2026-06-11T00:21:53.454+0000] {logging_mixin.py:188} INFO - [2026-06-11T00:21:53.454+0000] {dag.py:3089} INFO - Sync 1 DAGs
[2026-06-11T00:21:53.465+0000] {logging_mixin.py:188} INFO - [2026-06-11T00:21:53.465+0000] {dag.py:3947} INFO - Setting next_dagrun for process_files_hardcoded to None, run_after=None
[2026-06-11T00:21:53.483+0000] {processor.py:183} INFO - Processing /opt/airflow/dags/sem_dinamic_mapping.py took 0.097 seconds
[2026-06-11T00:22:23.869+0000] {processor.py:161} INFO - Started process (PID=18920) to work on /opt/airflow/dags/sem_dinamic_mapping.py
[2026-06-11T00:22:23.871+0000] {processor.py:830} INFO - Processing file /opt/airflow/dags/sem_dinamic_mapping.py for tasks to queue
[2026-06-11T00:22:23.871+0000] {logging_mixin.py:188} INFO - [2026-06-11T00:22:23.871+0000] {dagbag.py:545} INFO - Filling up the DagBag from /opt/airflow/dags/sem_dinamic_mapping.py
[2026-06-11T00:22:23.877+0000] {processor.py:840} INFO - DAG(s) 'process_files_hardcoded' retrieved from /opt/airflow/dags/sem_dinamic_mapping.py
[2026-06-11T00:22:23.911+0000] {logging_mixin.py:188} INFO - [2026-06-11T00:22:23.911+0000] {dag.py:3089} INFO - Sync 1 DAGs
[2026-06-11T00:22:23.923+0000] {logging_mixin.py:188} INFO - [2026-06-11T00:22:23.923+0000] {dag.py:3947} INFO - Setting next_dagrun for process_files_hardcoded to None, run_after=None
[2026-06-11T00:22:23.943+0000] {processor.py:183} INFO - Processing /opt/airflow/dags/sem_dinamic_mapping.py took 0.081 seconds
[2026-06-11T00:22:54.336+0000] {processor.py:161} INFO - Started process (PID=18962) to work on /opt/airflow/dags/sem_dinamic_mapping.py
[2026-06-11T00:22:54.337+0000] {processor.py:830} INFO - Processing file /opt/airflow/dags/sem_dinamic_mapping.py for tasks to queue
[2026-06-11T00:22:54.337+0000] {logging_mixin.py:188} INFO - [2026-06-11T00:22:54.337+0000] {dagbag.py:545} INFO - Filling up the DagBag from /opt/airflow/dags/sem_dinamic_mapping.py
[2026-06-11T00:22:54.342+0000] {processor.py:840} INFO - DAG(s) 'process_files_hardcoded' retrieved from /opt/airflow/dags/sem_dinamic_mapping.py
[2026-06-11T00:22:54.379+0000] {logging_mixin.py:188} INFO - [2026-06-11T00:22:54.379+0000] {dag.py:3089} INFO - Sync 1 DAGs
[2026-06-11T00:22:54.392+0000] {logging_mixin.py:188} INFO - [2026-06-11T00:22:54.391+0000] {dag.py:3947} INFO - Setting next_dagrun for process_files_hardcoded to None, run_after=None
[2026-06-11T00:22:54.404+0000] {processor.py:183} INFO - Processing /opt/airflow/dags/sem_dinamic_mapping.py took 0.072 seconds
[2026-06-11T00:23:24.700+0000] {processor.py:161} INFO - Started process (PID=19004) to work on /opt/airflow/dags/sem_dinamic_mapping.py
[2026-06-11T00:23:24.702+0000] {processor.py:830} INFO - Processing file /opt/airflow/dags/sem_dinamic_mapping.py for tasks to queue
[2026-06-11T00:23:24.703+0000] {logging_mixin.py:188} INFO - [2026-06-11T00:23:24.702+0000] {dagbag.py:545} INFO - Filling up the DagBag from /opt/airflow/dags/sem_dinamic_mapping.py
[2026-06-11T00:23:24.707+0000] {processor.py:840} INFO - DAG(s) 'process_files_hardcoded' retrieved from /opt/airflow/dags/sem_dinamic_mapping.py
[2026-06-11T00:23:24.733+0000] {logging_mixin.py:188} INFO - [2026-06-11T00:23:24.733+0000] {dag.py:3089} INFO - Sync 1 DAGs
[2026-06-11T00:23:24.740+0000] {logging_mixin.py:188} INFO - [2026-06-11T00:23:24.740+0000] {dag.py:3947} INFO - Setting next_dagrun for process_files_hardcoded to None, run_after=None
[2026-06-11T00:23:24.756+0000] {processor.py:183} INFO - Processing /opt/airflow/dags/sem_dinamic_mapping.py took 0.061 seconds
[2026-06-11T00:23:55.059+0000] {processor.py:161} INFO - Started process (PID=19046) to work on /opt/airflow/dags/sem_dinamic_mapping.py
[2026-06-11T00:23:55.059+0000] {processor.py:830} INFO - Processing file /opt/airflow/dags/sem_dinamic_mapping.py for tasks to queue
[2026-06-11T00:23:55.060+0000] {logging_mixin.py:188} INFO - [2026-06-11T00:23:55.059+0000] {dagbag.py:545} INFO - Filling up the DagBag from /opt/airflow/dags/sem_dinamic_mapping.py
[2026-06-11T00:23:55.065+0000] {processor.py:840} INFO - DAG(s) 'process_files_hardcoded' retrieved from /opt/airflow/dags/sem_dinamic_mapping.py
[2026-06-11T00:23:55.092+0000] {logging_mixin.py:188} INFO - [2026-06-11T00:23:55.091+0000] {dag.py:3089} INFO - Sync 1 DAGs
[2026-06-11T00:23:55.102+0000] {logging_mixin.py:188} INFO - [2026-06-11T00:23:55.101+0000] {dag.py:3947} INFO - Setting next_dagrun for process_files_hardcoded to None, run_after=None
[2026-06-11T00:23:55.125+0000] {processor.py:183} INFO - Processing /opt/airflow/dags/sem_dinamic_mapping.py took 0.070 seconds
[2026-06-11T00:24:25.500+0000] {processor.py:161} INFO - Started process (PID=19089) to work on /opt/airflow/dags/sem_dinamic_mapping.py
[2026-06-11T00:24:25.501+0000] {processor.py:830} INFO - Processing file /opt/airflow/dags/sem_dinamic_mapping.py for tasks to queue
[2026-06-11T00:24:25.502+0000] {logging_mixin.py:188} INFO - [2026-06-11T00:24:25.502+0000] {dagbag.py:545} INFO - Filling up the DagBag from /opt/airflow/dags/sem_dinamic_mapping.py
[2026-06-11T00:24:25.513+0000] {processor.py:840} INFO - DAG(s) 'process_files_hardcoded' retrieved from /opt/airflow/dags/sem_dinamic_mapping.py
[2026-06-11T00:24:25.551+0000] {logging_mixin.py:188} INFO - [2026-06-11T00:24:25.550+0000] {dag.py:3089} INFO - Sync 1 DAGs
[2026-06-11T00:24:25.568+0000] {logging_mixin.py:188} INFO - [2026-06-11T00:24:25.568+0000] {dag.py:3947} INFO - Setting next_dagrun for process_files_hardcoded to None, run_after=None
[2026-06-11T00:24:25.585+0000] {processor.py:183} INFO - Processing /opt/airflow/dags/sem_dinamic_mapping.py took 0.095 seconds
[2026-06-11T00:24:56.080+0000] {processor.py:161} INFO - Started process (PID=19131) to work on /opt/airflow/dags/sem_dinamic_mapping.py
[2026-06-11T00:24:56.082+0000] {processor.py:830} INFO - Processing file /opt/airflow/dags/sem_dinamic_mapping.py for tasks to queue
[2026-06-11T00:24:56.083+0000] {logging_mixin.py:188} INFO - [2026-06-11T00:24:56.082+0000] {dagbag.py:545} INFO - Filling up the DagBag from /opt/airflow/dags/sem_dinamic_mapping.py
[2026-06-11T00:24:56.096+0000] {processor.py:840} INFO - DAG(s) 'process_files_hardcoded' retrieved from /opt/airflow/dags/sem_dinamic_mapping.py
[2026-06-11T00:24:56.129+0000] {logging_mixin.py:188} INFO - [2026-06-11T00:24:56.129+0000] {dag.py:3089} INFO - Sync 1 DAGs
[2026-06-11T00:24:56.142+0000] {logging_mixin.py:188} INFO - [2026-06-11T00:24:56.142+0000] {dag.py:3947} INFO - Setting next_dagrun for process_files_hardcoded to None, run_after=None
[2026-06-11T00:24:56.162+0000] {processor.py:183} INFO - Processing /opt/airflow/dags/sem_dinamic_mapping.py took 0.094 seconds
[2026-06-11T00:25:26.465+0000] {processor.py:161} INFO - Started process (PID=19173) to work on /opt/airflow/dags/sem_dinamic_mapping.py
[2026-06-11T00:25:26.466+0000] {processor.py:830} INFO - Processing file /opt/airflow/dags/sem_dinamic_mapping.py for tasks to queue
[2026-06-11T00:25:26.467+0000] {logging_mixin.py:188} INFO - [2026-06-11T00:25:26.467+0000] {dagbag.py:545} INFO - Filling up the DagBag from /opt/airflow/dags/sem_dinamic_mapping.py
[2026-06-11T00:25:26.481+0000] {processor.py:840} INFO - DAG(s) 'process_files_hardcoded' retrieved from /opt/airflow/dags/sem_dinamic_mapping.py
[2026-06-11T00:25:26.514+0000] {logging_mixin.py:188} INFO - [2026-06-11T00:25:26.514+0000] {dag.py:3089} INFO - Sync 1 DAGs
[2026-06-11T00:25:26.522+0000] {logging_mixin.py:188} INFO - [2026-06-11T00:25:26.521+0000] {dag.py:3947} INFO - Setting next_dagrun for process_files_hardcoded to None, run_after=None
[2026-06-11T00:25:26.534+0000] {processor.py:183} INFO - Processing /opt/airflow/dags/sem_dinamic_mapping.py took 0.078 seconds
[2026-06-11T00:25:56.926+0000] {processor.py:161} INFO - Started process (PID=19215) to work on /opt/airflow/dags/sem_dinamic_mapping.py
[2026-06-11T00:25:56.927+0000] {processor.py:830} INFO - Processing file /opt/airflow/dags/sem_dinamic_mapping.py for tasks to queue
[2026-06-11T00:25:56.928+0000] {logging_mixin.py:188} INFO - [2026-06-11T00:25:56.928+0000] {dagbag.py:545} INFO - Filling up the DagBag from /opt/airflow/dags/sem_dinamic_mapping.py
[2026-06-11T00:25:56.932+0000] {processor.py:840} INFO - DAG(s) 'process_files_hardcoded' retrieved from /opt/airflow/dags/sem_dinamic_mapping.py
[2026-06-11T00:25:56.964+0000] {logging_mixin.py:188} INFO - [2026-06-11T00:25:56.963+0000] {dag.py:3089} INFO - Sync 1 DAGs
[2026-06-11T00:25:56.980+0000] {logging_mixin.py:188} INFO - [2026-06-11T00:25:56.980+0000] {dag.py:3947} INFO - Setting next_dagrun for process_files_hardcoded to None, run_after=None
[2026-06-11T00:25:57.005+0000] {processor.py:183} INFO - Processing /opt/airflow/dags/sem_dinamic_mapping.py took 0.085 seconds
[2026-06-11T00:26:27.411+0000] {processor.py:161} INFO - Started process (PID=19257) to work on /opt/airflow/dags/sem_dinamic_mapping.py
[2026-06-11T00:26:27.412+0000] {processor.py:830} INFO - Processing file /opt/airflow/dags/sem_dinamic_mapping.py for tasks to queue
[2026-06-11T00:26:27.412+0000] {logging_mixin.py:188} INFO - [2026-06-11T00:26:27.412+0000] {dagbag.py:545} INFO - Filling up the DagBag from /opt/airflow/dags/sem_dinamic_mapping.py
[2026-06-11T00:26:27.418+0000] {processor.py:840} INFO - DAG(s) 'process_files_hardcoded' retrieved from /opt/airflow/dags/sem_dinamic_mapping.py
[2026-06-11T00:26:27.467+0000] {logging_mixin.py:188} INFO - [2026-06-11T00:26:27.467+0000] {dag.py:3089} INFO - Sync 1 DAGs
[2026-06-11T00:26:27.476+0000] {logging_mixin.py:188} INFO - [2026-06-11T00:26:27.476+0000] {dag.py:3947} INFO - Setting next_dagrun for process_files_hardcoded to None, run_after=None
[2026-06-11T00:26:27.494+0000] {processor.py:183} INFO - Processing /opt/airflow/dags/sem_dinamic_mapping.py took 0.089 seconds
[2026-06-11T00:26:57.792+0000] {processor.py:161} INFO - Started process (PID=19299) to work on /opt/airflow/dags/sem_dinamic_mapping.py
[2026-06-11T00:26:57.794+0000] {processor.py:830} INFO - Processing file /opt/airflow/dags/sem_dinamic_mapping.py for tasks to queue
[2026-06-11T00:26:57.795+0000] {logging_mixin.py:188} INFO - [2026-06-11T00:26:57.795+0000] {dagbag.py:545} INFO - Filling up the DagBag from /opt/airflow/dags/sem_dinamic_mapping.py
[2026-06-11T00:26:57.804+0000] {processor.py:840} INFO - DAG(s) 'process_files_hardcoded' retrieved from /opt/airflow/dags/sem_dinamic_mapping.py
[2026-06-11T00:26:57.830+0000] {logging_mixin.py:188} INFO - [2026-06-11T00:26:57.830+0000] {dag.py:3089} INFO - Sync 1 DAGs
[2026-06-11T00:26:57.840+0000] {logging_mixin.py:188} INFO - [2026-06-11T00:26:57.840+0000] {dag.py:3947} INFO - Setting next_dagrun for process_files_hardcoded to None, run_after=None
[2026-06-11T00:26:57.861+0000] {processor.py:183} INFO - Processing /opt/airflow/dags/sem_dinamic_mapping.py took 0.076 seconds
[2026-06-11T00:27:28.068+0000] {processor.py:161} INFO - Started process (PID=19341) to work on /opt/airflow/dags/sem_dinamic_mapping.py
[2026-06-11T00:27:28.070+0000] {processor.py:830} INFO - Processing file /opt/airflow/dags/sem_dinamic_mapping.py for tasks to queue
[2026-06-11T00:27:28.071+0000] {logging_mixin.py:188} INFO - [2026-06-11T00:27:28.071+0000] {dagbag.py:545} INFO - Filling up the DagBag from /opt/airflow/dags/sem_dinamic_mapping.py
[2026-06-11T00:27:28.081+0000] {processor.py:840} INFO - DAG(s) 'process_files_hardcoded' retrieved from /opt/airflow/dags/sem_dinamic_mapping.py
[2026-06-11T00:27:28.110+0000] {logging_mixin.py:188} INFO - [2026-06-11T00:27:28.110+0000] {dag.py:3089} INFO - Sync 1 DAGs
[2026-06-11T00:27:28.125+0000] {logging_mixin.py:188} INFO - [2026-06-11T00:27:28.124+0000] {dag.py:3947} INFO - Setting next_dagrun for process_files_hardcoded to None, run_after=None
[2026-06-11T00:27:28.147+0000] {processor.py:183} INFO - Processing /opt/airflow/dags/sem_dinamic_mapping.py took 0.086 seconds
[2026-06-11T00:27:58.611+0000] {processor.py:161} INFO - Started process (PID=19383) to work on /opt/airflow/dags/sem_dinamic_mapping.py
[2026-06-11T00:27:58.613+0000] {processor.py:830} INFO - Processing file /opt/airflow/dags/sem_dinamic_mapping.py for tasks to queue
[2026-06-11T00:27:58.613+0000] {logging_mixin.py:188} INFO - [2026-06-11T00:27:58.613+0000] {dagbag.py:545} INFO - Filling up the DagBag from /opt/airflow/dags/sem_dinamic_mapping.py
[2026-06-11T00:27:58.618+0000] {processor.py:840} INFO - DAG(s) 'process_files_hardcoded' retrieved from /opt/airflow/dags/sem_dinamic_mapping.py
[2026-06-11T00:27:58.658+0000] {logging_mixin.py:188} INFO - [2026-06-11T00:27:58.657+0000] {dag.py:3089} INFO - Sync 1 DAGs
[2026-06-11T00:27:58.673+0000] {logging_mixin.py:188} INFO - [2026-06-11T00:27:58.673+0000] {dag.py:3947} INFO - Setting next_dagrun for process_files_hardcoded to None, run_after=None
[2026-06-11T00:27:58.695+0000] {processor.py:183} INFO - Processing /opt/airflow/dags/sem_dinamic_mapping.py took 0.092 seconds
[2026-06-11T00:28:29.004+0000] {processor.py:161} INFO - Started process (PID=19419) to work on /opt/airflow/dags/sem_dinamic_mapping.py
[2026-06-11T00:28:29.006+0000] {processor.py:830} INFO - Processing file /opt/airflow/dags/sem_dinamic_mapping.py for tasks to queue
[2026-06-11T00:28:29.007+0000] {logging_mixin.py:188} INFO - [2026-06-11T00:28:29.006+0000] {dagbag.py:545} INFO - Filling up the DagBag from /opt/airflow/dags/sem_dinamic_mapping.py
[2026-06-11T00:28:29.014+0000] {processor.py:840} INFO - DAG(s) 'process_files_hardcoded' retrieved from /opt/airflow/dags/sem_dinamic_mapping.py
[2026-06-11T00:28:29.040+0000] {logging_mixin.py:188} INFO - [2026-06-11T00:28:29.040+0000] {dag.py:3089} INFO - Sync 1 DAGs
[2026-06-11T00:28:29.052+0000] {logging_mixin.py:188} INFO - [2026-06-11T00:28:29.051+0000] {dag.py:3947} INFO - Setting next_dagrun for process_files_hardcoded to None, run_after=None
[2026-06-11T00:28:29.069+0000] {processor.py:183} INFO - Processing /opt/airflow/dags/sem_dinamic_mapping.py took 0.068 seconds
[2026-06-11T00:28:59.494+0000] {processor.py:161} INFO - Started process (PID=19471) to work on /opt/airflow/dags/sem_dinamic_mapping.py
[2026-06-11T00:28:59.495+0000] {processor.py:830} INFO - Processing file /opt/airflow/dags/sem_dinamic_mapping.py for tasks to queue
[2026-06-11T00:28:59.496+0000] {logging_mixin.py:188} INFO - [2026-06-11T00:28:59.496+0000] {dagbag.py:545} INFO - Filling up the DagBag from /opt/airflow/dags/sem_dinamic_mapping.py
[2026-06-11T00:28:59.510+0000] {processor.py:840} INFO - DAG(s) 'process_files_hardcoded' retrieved from /opt/airflow/dags/sem_dinamic_mapping.py
[2026-06-11T00:28:59.550+0000] {logging_mixin.py:188} INFO - [2026-06-11T00:28:59.550+0000] {dag.py:3089} INFO - Sync 1 DAGs
[2026-06-11T00:28:59.567+0000] {logging_mixin.py:188} INFO - [2026-06-11T00:28:59.566+0000] {dag.py:3947} INFO - Setting next_dagrun for process_files_hardcoded to None, run_after=None
[2026-06-11T00:28:59.595+0000] {processor.py:183} INFO - Processing /opt/airflow/dags/sem_dinamic_mapping.py took 0.110 seconds
[2026-06-11T00:29:29.980+0000] {processor.py:161} INFO - Started process (PID=19513) to work on /opt/airflow/dags/sem_dinamic_mapping.py
[2026-06-11T00:29:29.982+0000] {processor.py:830} INFO - Processing file /opt/airflow/dags/sem_dinamic_mapping.py for tasks to queue
[2026-06-11T00:29:29.982+0000] {logging_mixin.py:188} INFO - [2026-06-11T00:29:29.982+0000] {dagbag.py:545} INFO - Filling up the DagBag from /opt/airflow/dags/sem_dinamic_mapping.py
[2026-06-11T00:29:29.988+0000] {processor.py:840} INFO - DAG(s) 'process_files_hardcoded' retrieved from /opt/airflow/dags/sem_dinamic_mapping.py
[2026-06-11T00:29:30.014+0000] {logging_mixin.py:188} INFO - [2026-06-11T00:29:30.013+0000] {dag.py:3089} INFO - Sync 1 DAGs
[2026-06-11T00:29:30.023+0000] {logging_mixin.py:188} INFO - [2026-06-11T00:29:30.023+0000] {dag.py:3947} INFO - Setting next_dagrun for process_files_hardcoded to None, run_after=None
[2026-06-11T00:29:30.044+0000] {processor.py:183} INFO - Processing /opt/airflow/dags/sem_dinamic_mapping.py took 0.068 seconds
[2026-06-11T00:30:00.440+0000] {processor.py:161} INFO - Started process (PID=19555) to work on /opt/airflow/dags/sem_dinamic_mapping.py
[2026-06-11T00:30:00.442+0000] {processor.py:830} INFO - Processing file /opt/airflow/dags/sem_dinamic_mapping.py for tasks to queue
[2026-06-11T00:30:00.442+0000] {logging_mixin.py:188} INFO - [2026-06-11T00:30:00.442+0000] {dagbag.py:545} INFO - Filling up the DagBag from /opt/airflow/dags/sem_dinamic_mapping.py
[2026-06-11T00:30:00.448+0000] {processor.py:840} INFO - DAG(s) 'process_files_hardcoded' retrieved from /opt/airflow/dags/sem_dinamic_mapping.py
[2026-06-11T00:30:00.476+0000] {logging_mixin.py:188} INFO - [2026-06-11T00:30:00.476+0000] {dag.py:3089} INFO - Sync 1 DAGs
[2026-06-11T00:30:00.490+0000] {logging_mixin.py:188} INFO - [2026-06-11T00:30:00.490+0000] {dag.py:3947} INFO - Setting next_dagrun for process_files_hardcoded to None, run_after=None
[2026-06-11T00:30:00.510+0000] {processor.py:183} INFO - Processing /opt/airflow/dags/sem_dinamic_mapping.py took 0.075 seconds
[2026-06-11T00:30:30.890+0000] {processor.py:161} INFO - Started process (PID=19597) to work on /opt/airflow/dags/sem_dinamic_mapping.py
[2026-06-11T00:30:30.892+0000] {processor.py:830} INFO - Processing file /opt/airflow/dags/sem_dinamic_mapping.py for tasks to queue
[2026-06-11T00:30:30.893+0000] {logging_mixin.py:188} INFO - [2026-06-11T00:30:30.893+0000] {dagbag.py:545} INFO - Filling up the DagBag from /opt/airflow/dags/sem_dinamic_mapping.py
[2026-06-11T00:30:30.899+0000] {processor.py:840} INFO - DAG(s) 'process_files_hardcoded' retrieved from /opt/airflow/dags/sem_dinamic_mapping.py
[2026-06-11T00:30:30.930+0000] {logging_mixin.py:188} INFO - [2026-06-11T00:30:30.929+0000] {dag.py:3089} INFO - Sync 1 DAGs
[2026-06-11T00:30:30.938+0000] {logging_mixin.py:188} INFO - [2026-06-11T00:30:30.938+0000] {dag.py:3947} INFO - Setting next_dagrun for process_files_hardcoded to None, run_after=None
[2026-06-11T00:30:30.959+0000] {processor.py:183} INFO - Processing /opt/airflow/dags/sem_dinamic_mapping.py took 0.075 seconds
[2026-06-11T00:31:01.345+0000] {processor.py:161} INFO - Started process (PID=19639) to work on /opt/airflow/dags/sem_dinamic_mapping.py
[2026-06-11T00:31:01.346+0000] {processor.py:830} INFO - Processing file /opt/airflow/dags/sem_dinamic_mapping.py for tasks to queue
[2026-06-11T00:31:01.347+0000] {logging_mixin.py:188} INFO - [2026-06-11T00:31:01.347+0000] {dagbag.py:545} INFO - Filling up the DagBag from /opt/airflow/dags/sem_dinamic_mapping.py
[2026-06-11T00:31:01.352+0000] {processor.py:840} INFO - DAG(s) 'process_files_hardcoded' retrieved from /opt/airflow/dags/sem_dinamic_mapping.py
[2026-06-11T00:31:01.377+0000] {logging_mixin.py:188} INFO - [2026-06-11T00:31:01.377+0000] {dag.py:3089} INFO - Sync 1 DAGs
[2026-06-11T00:31:01.389+0000] {logging_mixin.py:188} INFO - [2026-06-11T00:31:01.389+0000] {dag.py:3947} INFO - Setting next_dagrun for process_files_hardcoded to None, run_after=None
[2026-06-11T00:31:01.414+0000] {processor.py:183} INFO - Processing /opt/airflow/dags/sem_dinamic_mapping.py took 0.073 seconds
[2026-06-11T00:31:31.808+0000] {processor.py:161} INFO - Started process (PID=19681) to work on /opt/airflow/dags/sem_dinamic_mapping.py
[2026-06-11T00:31:31.809+0000] {processor.py:830} INFO - Processing file /opt/airflow/dags/sem_dinamic_mapping.py for tasks to queue
[2026-06-11T00:31:31.810+0000] {logging_mixin.py:188} INFO - [2026-06-11T00:31:31.810+0000] {dagbag.py:545} INFO - Filling up the DagBag from /opt/airflow/dags/sem_dinamic_mapping.py
[2026-06-11T00:31:31.816+0000] {processor.py:840} INFO - DAG(s) 'process_files_hardcoded' retrieved from /opt/airflow/dags/sem_dinamic_mapping.py
[2026-06-11T00:31:31.842+0000] {logging_mixin.py:188} INFO - [2026-06-11T00:31:31.841+0000] {dag.py:3089} INFO - Sync 1 DAGs
[2026-06-11T00:31:31.857+0000] {logging_mixin.py:188} INFO - [2026-06-11T00:31:31.857+0000] {dag.py:3947} INFO - Setting next_dagrun for process_files_hardcoded to None, run_after=None
[2026-06-11T00:31:31.873+0000] {processor.py:183} INFO - Processing /opt/airflow/dags/sem_dinamic_mapping.py took 0.068 seconds
