[2026-06-27T17:42:53.017+0000] {local_task_job_runner.py:120} INFO - ::group::Pre task execution logs
[2026-06-27T17:42:53.070+0000] {taskinstance.py:2076} INFO - Dependencies all met for dep_context=non-requeueable deps ti=<TaskInstance: clima_etl_corrigido2.verificar manual__2026-06-27T17:42:45.192820+00:00 [queued]>
[2026-06-27T17:42:53.084+0000] {taskinstance.py:2076} INFO - Dependencies all met for dep_context=requeueable deps ti=<TaskInstance: clima_etl_corrigido2.verificar manual__2026-06-27T17:42:45.192820+00:00 [queued]>
[2026-06-27T17:42:53.085+0000] {taskinstance.py:2306} INFO - Starting attempt 1 of 3
[2026-06-27T17:42:53.102+0000] {taskinstance.py:2330} INFO - Executing <Task(_PythonDecoratedOperator): verificar> on 2026-06-27 17:42:45.192820+00:00
[2026-06-27T17:42:53.107+0000] {standard_task_runner.py:64} INFO - Started process 5678 to run task
[2026-06-27T17:42:53.110+0000] {standard_task_runner.py:90} INFO - Running: ['***', 'tasks', 'run', 'clima_etl_corrigido2', 'verificar', 'manual__2026-06-27T17:42:45.192820+00:00', '--job-id', '749', '--raw', '--subdir', 'DAGS_FOLDER/clima_etl_corrigido2.py', '--cfg-path', '/tmp/tmpf_0uv1ea']
[2026-06-27T17:42:53.112+0000] {standard_task_runner.py:91} INFO - Job 749: Subtask verificar
[2026-06-27T17:42:53.203+0000] {task_command.py:426} INFO - Running <TaskInstance: clima_etl_corrigido2.verificar manual__2026-06-27T17:42:45.192820+00:00 [running]> on host 111e4500e751
[2026-06-27T17:42:53.554+0000] {taskinstance.py:2648} INFO - Exporting env vars: AIRFLOW_CTX_DAG_OWNER='lab' AIRFLOW_CTX_DAG_ID='clima_etl_corrigido2' AIRFLOW_CTX_TASK_ID='verificar' AIRFLOW_CTX_EXECUTION_DATE='2026-06-27T17:42:45.192820+00:00' AIRFLOW_CTX_TRY_NUMBER='1' AIRFLOW_CTX_DAG_RUN_ID='manual__2026-06-27T17:42:45.192820+00:00'
[2026-06-27T17:42:53.555+0000] {taskinstance.py:430} INFO - ::endgroup::
[2026-06-27T17:42:53.590+0000] {base.py:84} INFO - Using connection ID 'postgres_lab' for task execution.
[2026-06-27T17:42:53.598+0000] {sql.py:495} INFO - Running statement: SELECT COUNT(*), ROUND(AVG(temperatura_c)::numeric, 2) FROM clima WHERE dag_run_id = %s, parameters: ('manual__2026-06-27T17:42:45.192820+00:00',)
[2026-06-27T17:42:53.600+0000] {sql.py:504} INFO - Rows affected: 1
[2026-06-27T17:42:53.602+0000] {clima_etl_corrigido2.py:256} INFO - === VERIFICAÇÃO ===
[2026-06-27T17:42:53.603+0000] {clima_etl_corrigido2.py:257} INFO - Registros na tabela para manual__2026-06-27T17:42:45.192820+00:00: 72 (esperado: 72)
[2026-06-27T17:42:53.603+0000] {clima_etl_corrigido2.py:258} INFO - Temperatura média geral: 19.34°C
[2026-06-27T17:42:53.603+0000] {clima_etl_corrigido2.py:265} INFO - ✓ Verificação OK!
[2026-06-27T17:42:53.604+0000] {python.py:237} INFO - Done. Returned value was: None
[2026-06-27T17:42:53.604+0000] {taskinstance.py:441} INFO - ::group::Post task execution logs
[2026-06-27T17:42:53.620+0000] {taskinstance.py:1206} INFO - Marking task as SUCCESS. dag_id=clima_etl_corrigido2, task_id=verificar, run_id=manual__2026-06-27T17:42:45.192820+00:00, execution_date=20260627T174245, start_date=20260627T174253, end_date=20260627T174253
[2026-06-27T17:42:53.677+0000] {local_task_job_runner.py:243} INFO - Task exited with return code 0
[2026-06-27T17:42:53.706+0000] {taskinstance.py:3503} INFO - 0 downstream tasks scheduled from follow-on schedule check
[2026-06-27T17:42:53.709+0000] {local_task_job_runner.py:222} INFO - ::endgroup::
