[2026-06-10T23:19:52.955+0000] {local_task_job_runner.py:120} INFO - ::group::Pre task execution logs
[2026-06-10T23:19:52.985+0000] {taskinstance.py:2076} INFO - Dependencies all met for dep_context=non-requeueable deps ti=<TaskInstance: clima_etl.buscar_clima manual__2026-06-10T23:19:52.464386+00:00 [queued]>
[2026-06-10T23:19:52.993+0000] {taskinstance.py:2076} INFO - Dependencies all met for dep_context=requeueable deps ti=<TaskInstance: clima_etl.buscar_clima manual__2026-06-10T23:19:52.464386+00:00 [queued]>
[2026-06-10T23:19:52.993+0000] {taskinstance.py:2306} INFO - Starting attempt 1 of 3
[2026-06-10T23:19:53.005+0000] {taskinstance.py:2330} INFO - Executing <Task(_PythonDecoratedOperator): buscar_clima> on 2026-06-10 23:19:52.464386+00:00
[2026-06-10T23:19:53.011+0000] {standard_task_runner.py:64} INFO - Started process 13760 to run task
[2026-06-10T23:19:53.013+0000] {standard_task_runner.py:90} INFO - Running: ['***', 'tasks', 'run', 'clima_etl', 'buscar_clima', 'manual__2026-06-10T23:19:52.464386+00:00', '--job-id', '2485', '--raw', '--subdir', 'DAGS_FOLDER/clima_etl.py', '--cfg-path', '/tmp/tmp7w9b3loh']
[2026-06-10T23:19:53.013+0000] {standard_task_runner.py:91} INFO - Job 2485: Subtask buscar_clima
[2026-06-10T23:19:53.063+0000] {task_command.py:426} INFO - Running <TaskInstance: clima_etl.buscar_clima manual__2026-06-10T23:19:52.464386+00:00 [running]> on host 924392a8df6f
[2026-06-10T23:19:53.279+0000] {taskinstance.py:2648} INFO - Exporting env vars: AIRFLOW_CTX_DAG_OWNER='lab' AIRFLOW_CTX_DAG_ID='clima_etl' AIRFLOW_CTX_TASK_ID='buscar_clima' AIRFLOW_CTX_EXECUTION_DATE='2026-06-10T23:19:52.464386+00:00' AIRFLOW_CTX_TRY_NUMBER='1' AIRFLOW_CTX_DAG_RUN_ID='manual__2026-06-10T23:19:52.464386+00:00'
[2026-06-10T23:19:53.279+0000] {taskinstance.py:430} INFO - ::endgroup::
[2026-06-10T23:19:53.280+0000] {clima_etl.py:90} INFO - Buscando dados para São Paulo (-23.5505, -46.6333)
[2026-06-10T23:19:54.034+0000] {clima_etl.py:108} INFO - ✓ São Paulo — 24 horas coletadas
[2026-06-10T23:19:54.034+0000] {clima_etl.py:90} INFO - Buscando dados para Rio de Janeiro (-22.9068, -43.1729)
[2026-06-10T23:19:54.796+0000] {clima_etl.py:108} INFO - ✓ Rio de Janeiro — 24 horas coletadas
[2026-06-10T23:19:54.796+0000] {clima_etl.py:90} INFO - Buscando dados para Brasília (-15.7801, -47.9292)
[2026-06-10T23:19:55.544+0000] {clima_etl.py:108} INFO - ✓ Brasília — 24 horas coletadas
[2026-06-10T23:19:55.544+0000] {clima_etl.py:114} INFO - Total de cidades coletadas: 3
[2026-06-10T23:19:55.544+0000] {python.py:237} INFO - Done. Returned value was: [{'latitude': -23.514938, 'longitude': -46.610504, 'generationtime_ms': 0.02110004425048828, 'utc_offset_seconds': -10800, 'timezone': 'America/Sao_Paulo', 'timezone_abbreviation': 'GMT-3', 'elevation': 758.0, 'hourly_units': {'time': 'iso8601', 'temperature_2m': '°C'}, 'hourly': {'time': ['2026-06-10T00:00', '2026-06-10T01:00', '2026-06-10T02:00', '2026-06-10T03:00', '2026-06-10T04:00', '2026-06-10T05:00', '2026-06-10T06:00', '2026-06-10T07:00', '2026-06-10T08:00', '2026-06-10T09:00', '2026-06-10T10:00', '2026-06-10T11:00', '2026-06-10T12:00', '2026-06-10T13:00', '2026-06-10T14:00', '2026-06-10T15:00', '2026-06-10T16:00', '2026-06-10T17:00', '2026-06-10T18:00', '2026-06-10T19:00', '2026-06-10T20:00', '2026-06-10T21:00', '2026-06-10T22:00', '2026-06-10T23:00'], 'temperature_2m': [15.6, 15.1, 14.5, 13.4, 12.7, 12.3, 12.1, 12.0, 13.6, 16.8, 19.3, 21.2, 22.7, 23.7, 24.3, 24.5, 24.2, 22.4, 19.4, 17.8, 17.3, 17.0, 17.0, 17.0]}, '_cidade': 'São Paulo'}, {'latitude': -22.952549, 'longitude': -43.215027, 'generationtime_ms': 0.0171661376953125, 'utc_offset_seconds': -10800, 'timezone': 'America/Sao_Paulo', 'timezone_abbreviation': 'GMT-3', 'elevation': 12.0, 'hourly_units': {'time': 'iso8601', 'temperature_2m': '°C'}, 'hourly': {'time': ['2026-06-10T00:00', '2026-06-10T01:00', '2026-06-10T02:00', '2026-06-10T03:00', '2026-06-10T04:00', '2026-06-10T05:00', '2026-06-10T06:00', '2026-06-10T07:00', '2026-06-10T08:00', '2026-06-10T09:00', '2026-06-10T10:00', '2026-06-10T11:00', '2026-06-10T12:00', '2026-06-10T13:00', '2026-06-10T14:00', '2026-06-10T15:00', '2026-06-10T16:00', '2026-06-10T17:00', '2026-06-10T18:00', '2026-06-10T19:00', '2026-06-10T20:00', '2026-06-10T21:00', '2026-06-10T22:00', '2026-06-10T23:00'], 'temperature_2m': [20.7, 20.4, 20.1, 19.1, 18.8, 18.3, 18.2, 18.7, 20.6, 22.0, 23.2, 24.0, 24.0, 23.5, 23.1, 22.6, 22.3, 21.5, 20.9, 20.7, 20.7, 20.5, 20.4, 20.4]}, '_cidade': 'Rio de Janeiro'}, {'latitude': -15.782073, 'longitude': -47.88678, 'generationtime_ms': 0.02872943878173828, 'utc_offset_seconds': -10800, 'timezone': 'America/Sao_Paulo', 'timezone_abbreviation': 'GMT-3', 'elevation': 1136.0, 'hourly_units': {'time': 'iso8601', 'temperature_2m': '°C'}, 'hourly': {'time': ['2026-06-10T00:00', '2026-06-10T01:00', '2026-06-10T02:00', '2026-06-10T03:00', '2026-06-10T04:00', '2026-06-10T05:00', '2026-06-10T06:00', '2026-06-10T07:00', '2026-06-10T08:00', '2026-06-10T09:00', '2026-06-10T10:00', '2026-06-10T11:00', '2026-06-10T12:00', '2026-06-10T13:00', '2026-06-10T14:00', '2026-06-10T15:00', '2026-06-10T16:00', '2026-06-10T17:00', '2026-06-10T18:00', '2026-06-10T19:00', '2026-06-10T20:00', '2026-06-10T21:00', '2026-06-10T22:00', '2026-06-10T23:00'], 'temperature_2m': [18.8, 18.9, 18.3, 17.9, 18.1, 17.4, 16.4, 16.5, 18.6, 21.2, 23.2, 24.8, 26.0, 26.8, 26.6, 26.6, 26.1, 25.1, 24.0, 22.9, 21.3, 20.4, 19.7, 19.3]}, '_cidade': 'Brasília'}]
[2026-06-10T23:19:55.545+0000] {taskinstance.py:441} INFO - ::group::Post task execution logs
[2026-06-10T23:19:55.571+0000] {taskinstance.py:1206} INFO - Marking task as SUCCESS. dag_id=clima_etl, task_id=buscar_clima, run_id=manual__2026-06-10T23:19:52.464386+00:00, execution_date=20260610T231952, start_date=20260610T231952, end_date=20260610T231955
[2026-06-10T23:19:55.593+0000] {local_task_job_runner.py:243} INFO - Task exited with return code 0
[2026-06-10T23:19:55.623+0000] {taskinstance.py:3503} INFO - 1 downstream tasks scheduled from follow-on schedule check
[2026-06-10T23:19:55.626+0000] {local_task_job_runner.py:222} INFO - ::endgroup::
