[2026-06-20T23:12:46.262+0000] {local_task_job_runner.py:120} INFO - ::group::Pre task execution logs
[2026-06-20T23:12:46.330+0000] {taskinstance.py:2076} INFO - Dependencies all met for dep_context=non-requeueable deps ti=<TaskInstance: clima_etl_corrigido.buscar_clima manual__2026-06-20T23:12:29.724297+00:00 [queued]>
[2026-06-20T23:12:46.344+0000] {taskinstance.py:2076} INFO - Dependencies all met for dep_context=requeueable deps ti=<TaskInstance: clima_etl_corrigido.buscar_clima manual__2026-06-20T23:12:29.724297+00:00 [queued]>
[2026-06-20T23:12:46.345+0000] {taskinstance.py:2306} INFO - Starting attempt 1 of 3
[2026-06-20T23:12:46.379+0000] {taskinstance.py:2330} INFO - Executing <Task(_PythonDecoratedOperator): buscar_clima> on 2026-06-20 23:12:29.724297+00:00
[2026-06-20T23:12:46.387+0000] {standard_task_runner.py:64} INFO - Started process 1231 to run task
[2026-06-20T23:12:46.398+0000] {standard_task_runner.py:90} INFO - Running: ['***', 'tasks', 'run', 'clima_etl_corrigido', 'buscar_clima', 'manual__2026-06-20T23:12:29.724297+00:00', '--job-id', '732', '--raw', '--subdir', 'DAGS_FOLDER/clima_etl_corrigido.py', '--cfg-path', '/tmp/tmp5xawj6y6']
[2026-06-20T23:12:46.399+0000] {standard_task_runner.py:91} INFO - Job 732: Subtask buscar_clima
[2026-06-20T23:12:46.528+0000] {task_command.py:426} INFO - Running <TaskInstance: clima_etl_corrigido.buscar_clima manual__2026-06-20T23:12:29.724297+00:00 [running]> on host cab3a2a0a567
[2026-06-20T23:12:46.769+0000] {taskinstance.py:2648} INFO - Exporting env vars: AIRFLOW_CTX_DAG_OWNER='lab' AIRFLOW_CTX_DAG_ID='clima_etl_corrigido' AIRFLOW_CTX_TASK_ID='buscar_clima' AIRFLOW_CTX_EXECUTION_DATE='2026-06-20T23:12:29.724297+00:00' AIRFLOW_CTX_TRY_NUMBER='1' AIRFLOW_CTX_DAG_RUN_ID='manual__2026-06-20T23:12:29.724297+00:00'
[2026-06-20T23:12:46.770+0000] {taskinstance.py:430} INFO - ::endgroup::
[2026-06-20T23:12:46.771+0000] {clima_etl_corrigido.py:90} INFO - Buscando dados para São Paulo (-23.5505, -46.6333)
[2026-06-20T23:12:47.753+0000] {clima_etl_corrigido.py:108} INFO - ✓ São Paulo — 24 horas coletadas
[2026-06-20T23:12:47.754+0000] {clima_etl_corrigido.py:90} INFO - Buscando dados para Rio de Janeiro (-22.9068, -43.1729)
[2026-06-20T23:12:48.743+0000] {clima_etl_corrigido.py:108} INFO - ✓ Rio de Janeiro — 24 horas coletadas
[2026-06-20T23:12:48.744+0000] {clima_etl_corrigido.py:90} INFO - Buscando dados para Brasília (-15.7801, -47.9292)
[2026-06-20T23:12:49.716+0000] {clima_etl_corrigido.py:108} INFO - ✓ Brasília — 24 horas coletadas
[2026-06-20T23:12:49.716+0000] {clima_etl_corrigido.py:114} INFO - Total de cidades coletadas: 3
[2026-06-20T23:12:49.720+0000] {python.py:237} INFO - Done. Returned value was: [{'latitude': -23.514938, 'longitude': -46.610504, 'generationtime_ms': 0.01800060272216797, 'utc_offset_seconds': -10800, 'timezone': 'America/Sao_Paulo', 'timezone_abbreviation': 'GMT-3', 'elevation': 758.0, 'hourly_units': {'time': 'iso8601', 'temperature_2m': '°C'}, 'hourly': {'time': ['2026-06-20T00:00', '2026-06-20T01:00', '2026-06-20T02:00', '2026-06-20T03:00', '2026-06-20T04:00', '2026-06-20T05:00', '2026-06-20T06:00', '2026-06-20T07:00', '2026-06-20T08:00', '2026-06-20T09:00', '2026-06-20T10:00', '2026-06-20T11:00', '2026-06-20T12:00', '2026-06-20T13:00', '2026-06-20T14:00', '2026-06-20T15:00', '2026-06-20T16:00', '2026-06-20T17:00', '2026-06-20T18:00', '2026-06-20T19:00', '2026-06-20T20:00', '2026-06-20T21:00', '2026-06-20T22:00', '2026-06-20T23:00'], 'temperature_2m': [15.6, 15.4, 14.6, 14.3, 13.7, 13.4, 13.5, 13.8, 15.2, 17.8, 20.9, 22.8, 22.5, 22.5, 22.2, 21.9, 21.6, 21.1, 20.4, 19.6, 16.9, 16.0, 15.4, 15.4]}, '_cidade': 'São Paulo'}, {'latitude': -22.952549, 'longitude': -43.215027, 'generationtime_ms': 0.030279159545898438, 'utc_offset_seconds': -10800, 'timezone': 'America/Sao_Paulo', 'timezone_abbreviation': 'GMT-3', 'elevation': 12.0, 'hourly_units': {'time': 'iso8601', 'temperature_2m': '°C'}, 'hourly': {'time': ['2026-06-20T00:00', '2026-06-20T01:00', '2026-06-20T02:00', '2026-06-20T03:00', '2026-06-20T04:00', '2026-06-20T05:00', '2026-06-20T06:00', '2026-06-20T07:00', '2026-06-20T08:00', '2026-06-20T09:00', '2026-06-20T10:00', '2026-06-20T11:00', '2026-06-20T12:00', '2026-06-20T13:00', '2026-06-20T14:00', '2026-06-20T15:00', '2026-06-20T16:00', '2026-06-20T17:00', '2026-06-20T18:00', '2026-06-20T19:00', '2026-06-20T20:00', '2026-06-20T21:00', '2026-06-20T22:00', '2026-06-20T23:00'], 'temperature_2m': [18.8, 18.3, 17.3, 17.6, 17.5, 17.5, 17.6, 17.6, 18.6, 20.4, 22.0, 23.5, 24.9, 25.9, 26.4, 26.3, 25.6, 23.5, 22.6, 22.3, 21.7, 21.4, 21.2, 21.6]}, '_cidade': 'Rio de Janeiro'}, {'latitude': -15.782073, 'longitude': -47.88678, 'generationtime_ms': 0.023484230041503906, 'utc_offset_seconds': -10800, 'timezone': 'America/Sao_Paulo', 'timezone_abbreviation': 'GMT-3', 'elevation': 1136.0, 'hourly_units': {'time': 'iso8601', 'temperature_2m': '°C'}, 'hourly': {'time': ['2026-06-20T00:00', '2026-06-20T01:00', '2026-06-20T02:00', '2026-06-20T03:00', '2026-06-20T04:00', '2026-06-20T05:00', '2026-06-20T06:00', '2026-06-20T07:00', '2026-06-20T08:00', '2026-06-20T09:00', '2026-06-20T10:00', '2026-06-20T11:00', '2026-06-20T12:00', '2026-06-20T13:00', '2026-06-20T14:00', '2026-06-20T15:00', '2026-06-20T16:00', '2026-06-20T17:00', '2026-06-20T18:00', '2026-06-20T19:00', '2026-06-20T20:00', '2026-06-20T21:00', '2026-06-20T22:00', '2026-06-20T23:00'], 'temperature_2m': [18.2, 17.7, 17.3, 17.1, 16.9, 16.8, 16.7, 16.3, 17.7, 20.2, 22.2, 23.9, 24.6, 25.1, 25.7, 26.0, 25.9, 25.2, 23.5, 22.3, 21.4, 20.6, 20.2, 19.7]}, '_cidade': 'Brasília'}]
[2026-06-20T23:12:49.721+0000] {taskinstance.py:441} INFO - ::group::Post task execution logs
[2026-06-20T23:12:50.300+0000] {taskinstance.py:1206} INFO - Marking task as SUCCESS. dag_id=clima_etl_corrigido, task_id=buscar_clima, run_id=manual__2026-06-20T23:12:29.724297+00:00, execution_date=20260620T231229, start_date=20260620T231246, end_date=20260620T231250
[2026-06-20T23:12:50.430+0000] {local_task_job_runner.py:243} INFO - Task exited with return code 0
[2026-06-20T23:12:50.504+0000] {taskinstance.py:3503} INFO - 1 downstream tasks scheduled from follow-on schedule check
[2026-06-20T23:12:50.514+0000] {local_task_job_runner.py:222} INFO - ::endgroup::
