[2026-06-28T18:35:27.211+0000] {local_task_job_runner.py:120} INFO - ::group::Pre task execution logs
[2026-06-28T18:35:27.326+0000] {taskinstance.py:2076} INFO - Dependencies all met for dep_context=non-requeueable deps ti=<TaskInstance: shopbrasil_panorama_precos.calcular_metricas manual__2026-06-28T18:33:37.649899+00:00 map_index=0 [queued]>
[2026-06-28T18:35:27.350+0000] {taskinstance.py:2076} INFO - Dependencies all met for dep_context=requeueable deps ti=<TaskInstance: shopbrasil_panorama_precos.calcular_metricas manual__2026-06-28T18:33:37.649899+00:00 map_index=0 [queued]>
[2026-06-28T18:35:27.350+0000] {taskinstance.py:2306} INFO - Starting attempt 1 of 4
[2026-06-28T18:35:27.370+0000] {taskinstance.py:2330} INFO - Executing <Mapped(_PythonDecoratedOperator): calcular_metricas> on 2026-06-28 18:33:37.649899+00:00
[2026-06-28T18:35:27.380+0000] {standard_task_runner.py:64} INFO - Started process 23553 to run task
[2026-06-28T18:35:27.403+0000] {standard_task_runner.py:90} INFO - Running: ['***', 'tasks', 'run', 'shopbrasil_panorama_precos', 'calcular_metricas', 'manual__2026-06-28T18:33:37.649899+00:00', '--job-id', '780', '--raw', '--subdir', 'DAGS_FOLDER/shopbrasil_panorama_precos.py', '--cfg-path', '/tmp/tmp5sl7208b', '--map-index', '0']
[2026-06-28T18:35:27.411+0000] {standard_task_runner.py:91} INFO - Job 780: Subtask calcular_metricas
[2026-06-28T18:35:27.565+0000] {task_command.py:426} INFO - Running <TaskInstance: shopbrasil_panorama_precos.calcular_metricas manual__2026-06-28T18:33:37.649899+00:00 map_index=0 [running]> on host cc8c651b391b
[2026-06-28T18:35:28.096+0000] {taskinstance.py:2648} INFO - Exporting env vars: AIRFLOW_CTX_DAG_OWNER='shopbrasil_data' AIRFLOW_CTX_DAG_ID='shopbrasil_panorama_precos' AIRFLOW_CTX_TASK_ID='calcular_metricas' AIRFLOW_CTX_EXECUTION_DATE='2026-06-28T18:33:37.649899+00:00' AIRFLOW_CTX_TRY_NUMBER='1' AIRFLOW_CTX_DAG_RUN_ID='manual__2026-06-28T18:33:37.649899+00:00'
[2026-06-28T18:35:28.097+0000] {taskinstance.py:430} INFO - ::endgroup::
[2026-06-28T18:35:28.098+0000] {taskinstance.py:441} INFO - ::group::Post task execution logs
[2026-06-28T18:35:28.098+0000] {taskinstance.py:2905} ERROR - Task failed with exception
Traceback (most recent call last):
  File "/home/airflow/.local/lib/python3.11/site-packages/airflow/models/taskinstance.py", line 460, in _execute_task
    result = _execute_callable(context=context, **execute_callable_kwargs)
             ^^^^^^^^^^^^^^^^^^^^^^^^^^^^^^^^^^^^^^^^^^^^^^^^^^^^^^^^^^^^^
  File "/home/airflow/.local/lib/python3.11/site-packages/airflow/models/taskinstance.py", line 432, in _execute_callable
    return execute_callable(context=context, **execute_callable_kwargs)
           ^^^^^^^^^^^^^^^^^^^^^^^^^^^^^^^^^^^^^^^^^^^^^^^^^^^^^^^^^^^^
  File "/home/airflow/.local/lib/python3.11/site-packages/airflow/models/baseoperator.py", line 401, in wrapper
    return func(self, *args, **kwargs)
           ^^^^^^^^^^^^^^^^^^^^^^^^^^^
  File "/home/airflow/.local/lib/python3.11/site-packages/airflow/decorators/base.py", line 265, in execute
    return_value = super().execute(context)
                   ^^^^^^^^^^^^^^^^^^^^^^^^
  File "/home/airflow/.local/lib/python3.11/site-packages/airflow/models/baseoperator.py", line 401, in wrapper
    return func(self, *args, **kwargs)
           ^^^^^^^^^^^^^^^^^^^^^^^^^^^
  File "/home/airflow/.local/lib/python3.11/site-packages/airflow/operators/python.py", line 235, in execute
    return_value = self.execute_callable()
                   ^^^^^^^^^^^^^^^^^^^^^^^
  File "/home/airflow/.local/lib/python3.11/site-packages/airflow/operators/python.py", line 252, in execute_callable
    return self.python_callable(*self.op_args, **self.op_kwargs)
           ^^^^^^^^^^^^^^^^^^^^^^^^^^^^^^^^^^^^^^^^^^^^^^^^^^^^^
  File "/opt/airflow/dags/shopbrasil_panorama_precos.py", line 248, in calcular_metricas
    raise NotImplementedError("calcular_metricas — aguardando implementação")
NotImplementedError: calcular_metricas — aguardando implementação
[2026-06-28T18:35:28.121+0000] {taskinstance.py:1206} INFO - Marking task as UP_FOR_RETRY. dag_id=shopbrasil_panorama_precos, task_id=calcular_metricas, run_id=manual__2026-06-28T18:33:37.649899+00:00, map_index=0, execution_date=20260628T183337, start_date=20260628T183527, end_date=20260628T183528
[2026-06-28T18:35:28.137+0000] {standard_task_runner.py:110} ERROR - Failed to execute job 780 for task calcular_metricas (calcular_metricas — aguardando implementação; 23553)
[2026-06-28T18:35:28.212+0000] {local_task_job_runner.py:243} INFO - Task exited with return code 1
[2026-06-28T18:35:28.245+0000] {local_task_job_runner.py:222} INFO - ::endgroup::
