[2026-06-20T23:12:39.912+0000] {local_task_job_runner.py:120} INFO - ::group::Pre task execution logs
[2026-06-20T23:12:40.040+0000] {taskinstance.py:2076} INFO - Dependencies all met for dep_context=non-requeueable deps ti=<TaskInstance: clima_etl_corrigido.carregar scheduled__2026-06-19T06:00:00+00:00 [queued]>
[2026-06-20T23:12:40.059+0000] {taskinstance.py:2076} INFO - Dependencies all met for dep_context=requeueable deps ti=<TaskInstance: clima_etl_corrigido.carregar scheduled__2026-06-19T06:00:00+00:00 [queued]>
[2026-06-20T23:12:40.059+0000] {taskinstance.py:2306} INFO - Starting attempt 1 of 3
[2026-06-20T23:12:40.086+0000] {taskinstance.py:2330} INFO - Executing <Task(_PythonDecoratedOperator): carregar> on 2026-06-19 06:00:00+00:00
[2026-06-20T23:12:40.098+0000] {standard_task_runner.py:64} INFO - Started process 1215 to run task
[2026-06-20T23:12:40.104+0000] {standard_task_runner.py:90} INFO - Running: ['***', 'tasks', 'run', 'clima_etl_corrigido', 'carregar', 'scheduled__2026-06-19T06:00:00+00:00', '--job-id', '730', '--raw', '--subdir', 'DAGS_FOLDER/clima_etl_corrigido.py', '--cfg-path', '/tmp/tmprod2fdlh']
[2026-06-20T23:12:40.107+0000] {standard_task_runner.py:91} INFO - Job 730: Subtask carregar
[2026-06-20T23:12:40.252+0000] {task_command.py:426} INFO - Running <TaskInstance: clima_etl_corrigido.carregar scheduled__2026-06-19T06:00:00+00:00 [running]> on host cab3a2a0a567
[2026-06-20T23:12:40.471+0000] {taskinstance.py:2648} INFO - Exporting env vars: AIRFLOW_CTX_DAG_OWNER='lab' AIRFLOW_CTX_DAG_ID='clima_etl_corrigido' AIRFLOW_CTX_TASK_ID='carregar' AIRFLOW_CTX_EXECUTION_DATE='2026-06-19T06:00:00+00:00' AIRFLOW_CTX_TRY_NUMBER='1' AIRFLOW_CTX_DAG_RUN_ID='scheduled__2026-06-19T06:00:00+00:00'
[2026-06-20T23:12:40.472+0000] {taskinstance.py:430} INFO - ::endgroup::
[2026-06-20T23:12:41.081+0000] {base.py:84} INFO - Using connection ID 'postgres_lab' for task execution.
[2026-06-20T23:12:41.467+0000] {clima_etl_corrigido.py:200} INFO - Idempotência: 72 registros anteriores removidos para 2026-06-19
[2026-06-20T23:12:41.616+0000] {clima_etl_corrigido.py:222} INFO - ✓ 72 registros inseridos na tabela 'clima'
[2026-06-20T23:12:41.617+0000] {clima_etl_corrigido.py:223} INFO -   run_id: scheduled__2026-06-19T06:00:00+00:00 | data: 2026-06-19
[2026-06-20T23:12:41.617+0000] {python.py:237} INFO - Done. Returned value was: 72
[2026-06-20T23:12:41.618+0000] {taskinstance.py:441} INFO - ::group::Post task execution logs
[2026-06-20T23:12:41.681+0000] {taskinstance.py:1206} INFO - Marking task as SUCCESS. dag_id=clima_etl_corrigido, task_id=carregar, run_id=scheduled__2026-06-19T06:00:00+00:00, execution_date=20260619T060000, start_date=20260620T231240, end_date=20260620T231241
[2026-06-20T23:12:41.752+0000] {local_task_job_runner.py:243} INFO - Task exited with return code 0
[2026-06-20T23:12:41.800+0000] {taskinstance.py:3503} INFO - 1 downstream tasks scheduled from follow-on schedule check
[2026-06-20T23:12:41.806+0000] {local_task_job_runner.py:222} INFO - ::endgroup::
