[2026-06-28T18:55:24.612+0000] {local_task_job_runner.py:120} INFO - ::group::Pre task execution logs
[2026-06-28T18:55:24.645+0000] {taskinstance.py:2076} INFO - Dependencies all met for dep_context=non-requeueable deps ti=<TaskInstance: shopbrasil_panorama_precos.ingestao.listar_categorias manual__2026-06-28T18:53:59.829024+00:00 [queued]>
[2026-06-28T18:55:24.655+0000] {taskinstance.py:2076} INFO - Dependencies all met for dep_context=requeueable deps ti=<TaskInstance: shopbrasil_panorama_precos.ingestao.listar_categorias manual__2026-06-28T18:53:59.829024+00:00 [queued]>
[2026-06-28T18:55:24.655+0000] {taskinstance.py:2306} INFO - Starting attempt 1 of 4
[2026-06-28T18:55:24.671+0000] {taskinstance.py:2330} INFO - Executing <Task(_PythonDecoratedOperator): ingestao.listar_categorias> on 2026-06-28 18:53:59.829024+00:00
[2026-06-28T18:55:24.675+0000] {standard_task_runner.py:64} INFO - Started process 25992 to run task
[2026-06-28T18:55:24.679+0000] {standard_task_runner.py:90} INFO - Running: ['***', 'tasks', 'run', 'shopbrasil_panorama_precos', 'ingestao.listar_categorias', 'manual__2026-06-28T18:53:59.829024+00:00', '--job-id', '814', '--raw', '--subdir', 'DAGS_FOLDER/shopbrasil_panorama_precos.py', '--cfg-path', '/tmp/tmpxyesacys']
[2026-06-28T18:55:24.680+0000] {standard_task_runner.py:91} INFO - Job 814: Subtask ingestao.listar_categorias
[2026-06-28T18:55:24.741+0000] {task_command.py:426} INFO - Running <TaskInstance: shopbrasil_panorama_precos.ingestao.listar_categorias manual__2026-06-28T18:53:59.829024+00:00 [running]> on host cc8c651b391b
[2026-06-28T18:55:24.995+0000] {taskinstance.py:2648} INFO - Exporting env vars: AIRFLOW_CTX_DAG_OWNER='shopbrasil_data' AIRFLOW_CTX_DAG_ID='shopbrasil_panorama_precos' AIRFLOW_CTX_TASK_ID='ingestao.listar_categorias' AIRFLOW_CTX_EXECUTION_DATE='2026-06-28T18:53:59.829024+00:00' AIRFLOW_CTX_TRY_NUMBER='1' AIRFLOW_CTX_DAG_RUN_ID='manual__2026-06-28T18:53:59.829024+00:00'
[2026-06-28T18:55:24.995+0000] {taskinstance.py:430} INFO - ::endgroup::
[2026-06-28T18:55:24.997+0000] {shopbrasil_panorama_precos.py:204} INFO - Listando categorias a partir de 20 produtos
[2026-06-28T18:55:24.997+0000] {categories.py:29} INFO - ✓ categoria=electronics — 6 produto(s)
[2026-06-28T18:55:24.997+0000] {categories.py:29} INFO - ✓ categoria=jewelery — 4 produto(s)
[2026-06-28T18:55:24.997+0000] {categories.py:29} INFO - ✓ categoria=men's clothing — 4 produto(s)
[2026-06-28T18:55:24.997+0000] {categories.py:29} INFO - ✓ categoria=women's clothing — 6 produto(s)
[2026-06-28T18:55:24.997+0000] {categories.py:31} INFO - Total de categorias listadas: 4
[2026-06-28T18:55:24.997+0000] {shopbrasil_panorama_precos.py:212} INFO - Categorias para fan-out: ['electronics', 'jewelery', "men's clothing", "women's clothing"]
[2026-06-28T18:55:24.997+0000] {python.py:237} INFO - Done. Returned value was: ['electronics', 'jewelery', "men's clothing", "women's clothing"]
[2026-06-28T18:55:24.997+0000] {taskinstance.py:441} INFO - ::group::Post task execution logs
[2026-06-28T18:55:25.033+0000] {taskinstance.py:1206} INFO - Marking task as SUCCESS. dag_id=shopbrasil_panorama_precos, task_id=ingestao.listar_categorias, run_id=manual__2026-06-28T18:53:59.829024+00:00, execution_date=20260628T185359, start_date=20260628T185524, end_date=20260628T185525
[2026-06-28T18:55:25.100+0000] {local_task_job_runner.py:243} INFO - Task exited with return code 0
[2026-06-28T18:55:25.464+0000] {taskinstance.py:3503} INFO - 4 downstream tasks scheduled from follow-on schedule check
[2026-06-28T18:55:25.500+0000] {local_task_job_runner.py:222} INFO - ::endgroup::
