[2026-06-10T23:11:44.370+0000] {local_task_job_runner.py:120} INFO - ::group::Pre task execution logs
[2026-06-10T23:11:44.401+0000] {taskinstance.py:2076} INFO - Dependencies all met for dep_context=non-requeueable deps ti=<TaskInstance: clima_etl.carregar scheduled__2026-06-09T06:00:00+00:00 [queued]>
[2026-06-10T23:11:44.413+0000] {taskinstance.py:2076} INFO - Dependencies all met for dep_context=requeueable deps ti=<TaskInstance: clima_etl.carregar scheduled__2026-06-09T06:00:00+00:00 [queued]>
[2026-06-10T23:11:44.413+0000] {taskinstance.py:2306} INFO - Starting attempt 1 of 3
[2026-06-10T23:11:44.425+0000] {taskinstance.py:2330} INFO - Executing <Task(_PythonDecoratedOperator): carregar> on 2026-06-09 06:00:00+00:00
[2026-06-10T23:11:44.428+0000] {standard_task_runner.py:64} INFO - Started process 13082 to run task
[2026-06-10T23:11:44.431+0000] {standard_task_runner.py:90} INFO - Running: ['***', 'tasks', 'run', 'clima_etl', 'carregar', 'scheduled__2026-06-09T06:00:00+00:00', '--job-id', '2483', '--raw', '--subdir', 'DAGS_FOLDER/clima_etl.py', '--cfg-path', '/tmp/tmpgbn_qsbl']
[2026-06-10T23:11:44.431+0000] {standard_task_runner.py:91} INFO - Job 2483: Subtask carregar
[2026-06-10T23:11:44.483+0000] {task_command.py:426} INFO - Running <TaskInstance: clima_etl.carregar scheduled__2026-06-09T06:00:00+00:00 [running]> on host 924392a8df6f
[2026-06-10T23:11:44.708+0000] {taskinstance.py:2648} INFO - Exporting env vars: AIRFLOW_CTX_DAG_OWNER='lab' AIRFLOW_CTX_DAG_ID='clima_etl' AIRFLOW_CTX_TASK_ID='carregar' AIRFLOW_CTX_EXECUTION_DATE='2026-06-09T06:00:00+00:00' AIRFLOW_CTX_TRY_NUMBER='1' AIRFLOW_CTX_DAG_RUN_ID='scheduled__2026-06-09T06:00:00+00:00'
[2026-06-10T23:11:44.709+0000] {taskinstance.py:430} INFO - ::endgroup::
[2026-06-10T23:11:44.740+0000] {base.py:84} INFO - Using connection ID 'postgres_lab' for task execution.
[2026-06-10T23:11:44.768+0000] {clima_etl.py:222} INFO - ✓ 72 registros inseridos na tabela 'clima'
[2026-06-10T23:11:44.769+0000] {clima_etl.py:223} INFO -   run_id: scheduled__2026-06-09T06:00:00+00:00 | data: 2026-06-09
[2026-06-10T23:11:44.770+0000] {python.py:237} INFO - Done. Returned value was: 72
[2026-06-10T23:11:44.770+0000] {taskinstance.py:441} INFO - ::group::Post task execution logs
[2026-06-10T23:11:44.803+0000] {taskinstance.py:1206} INFO - Marking task as SUCCESS. dag_id=clima_etl, task_id=carregar, run_id=scheduled__2026-06-09T06:00:00+00:00, execution_date=20260609T060000, start_date=20260610T231144, end_date=20260610T231144
[2026-06-10T23:11:44.842+0000] {local_task_job_runner.py:243} INFO - Task exited with return code 0
[2026-06-10T23:11:44.867+0000] {taskinstance.py:3503} INFO - 1 downstream tasks scheduled from follow-on schedule check
[2026-06-10T23:11:44.869+0000] {local_task_job_runner.py:222} INFO - ::endgroup::
