[2026-06-27T17:42:51.828+0000] {local_task_job_runner.py:120} INFO - ::group::Pre task execution logs
[2026-06-27T17:42:51.884+0000] {taskinstance.py:2076} INFO - Dependencies all met for dep_context=non-requeueable deps ti=<TaskInstance: clima_etl_corrigido2.carregar manual__2026-06-27T17:42:45.192820+00:00 [queued]>
[2026-06-27T17:42:51.897+0000] {taskinstance.py:2076} INFO - Dependencies all met for dep_context=requeueable deps ti=<TaskInstance: clima_etl_corrigido2.carregar manual__2026-06-27T17:42:45.192820+00:00 [queued]>
[2026-06-27T17:42:51.897+0000] {taskinstance.py:2306} INFO - Starting attempt 1 of 3
[2026-06-27T17:42:51.916+0000] {taskinstance.py:2330} INFO - Executing <Task(_PythonDecoratedOperator): carregar> on 2026-06-27 17:42:45.192820+00:00
[2026-06-27T17:42:51.921+0000] {standard_task_runner.py:64} INFO - Started process 5670 to run task
[2026-06-27T17:42:51.924+0000] {standard_task_runner.py:90} INFO - Running: ['***', 'tasks', 'run', 'clima_etl_corrigido2', 'carregar', 'manual__2026-06-27T17:42:45.192820+00:00', '--job-id', '748', '--raw', '--subdir', 'DAGS_FOLDER/clima_etl_corrigido2.py', '--cfg-path', '/tmp/tmpl0io2puv']
[2026-06-27T17:42:51.925+0000] {standard_task_runner.py:91} INFO - Job 748: Subtask carregar
[2026-06-27T17:42:52.002+0000] {task_command.py:426} INFO - Running <TaskInstance: clima_etl_corrigido2.carregar manual__2026-06-27T17:42:45.192820+00:00 [running]> on host 111e4500e751
[2026-06-27T17:42:52.488+0000] {taskinstance.py:2648} INFO - Exporting env vars: AIRFLOW_CTX_DAG_OWNER='lab' AIRFLOW_CTX_DAG_ID='clima_etl_corrigido2' AIRFLOW_CTX_TASK_ID='carregar' AIRFLOW_CTX_EXECUTION_DATE='2026-06-27T17:42:45.192820+00:00' AIRFLOW_CTX_TRY_NUMBER='1' AIRFLOW_CTX_DAG_RUN_ID='manual__2026-06-27T17:42:45.192820+00:00'
[2026-06-27T17:42:52.489+0000] {taskinstance.py:430} INFO - ::endgroup::
[2026-06-27T17:42:52.525+0000] {base.py:84} INFO - Using connection ID 'postgres_lab' for task execution.
[2026-06-27T17:42:52.535+0000] {clima_etl_corrigido2.py:200} INFO - Idempotência: 72 registros anteriores removidos para 2026-06-27
[2026-06-27T17:42:52.597+0000] {clima_etl_corrigido2.py:222} INFO - ✓ 72 registros inseridos na tabela 'clima'
[2026-06-27T17:42:52.598+0000] {clima_etl_corrigido2.py:223} INFO -   run_id: manual__2026-06-27T17:42:45.192820+00:00 | data: 2026-06-27
[2026-06-27T17:42:52.599+0000] {python.py:237} INFO - Done. Returned value was: 72
[2026-06-27T17:42:52.599+0000] {taskinstance.py:441} INFO - ::group::Post task execution logs
[2026-06-27T17:42:52.645+0000] {taskinstance.py:1206} INFO - Marking task as SUCCESS. dag_id=clima_etl_corrigido2, task_id=carregar, run_id=manual__2026-06-27T17:42:45.192820+00:00, execution_date=20260627T174245, start_date=20260627T174251, end_date=20260627T174252
[2026-06-27T17:42:52.711+0000] {local_task_job_runner.py:243} INFO - Task exited with return code 0
[2026-06-27T17:42:52.757+0000] {taskinstance.py:3503} INFO - 0 downstream tasks scheduled from follow-on schedule check
[2026-06-27T17:42:52.763+0000] {local_task_job_runner.py:222} INFO - ::endgroup::
