[2026-06-28T16:15:33.086+0000] {local_task_job_runner.py:120} INFO - ::group::Pre task execution logs
[2026-06-28T16:15:33.144+0000] {taskinstance.py:2076} INFO - Dependencies all met for dep_context=non-requeueable deps ti=<TaskInstance: shopbrasil_panorama_precos.buscar_produtos scheduled__2026-06-28T09:00:00+00:00 [queued]>
[2026-06-28T16:15:33.155+0000] {taskinstance.py:2076} INFO - Dependencies all met for dep_context=requeueable deps ti=<TaskInstance: shopbrasil_panorama_precos.buscar_produtos scheduled__2026-06-28T09:00:00+00:00 [queued]>
[2026-06-28T16:15:33.155+0000] {taskinstance.py:2306} INFO - Starting attempt 1 of 4
[2026-06-28T16:15:33.172+0000] {taskinstance.py:2330} INFO - Executing <Task(_PythonDecoratedOperator): buscar_produtos> on 2026-06-28 09:00:00+00:00
[2026-06-28T16:15:33.176+0000] {standard_task_runner.py:64} INFO - Started process 7844 to run task
[2026-06-28T16:15:33.179+0000] {standard_task_runner.py:90} INFO - Running: ['***', 'tasks', 'run', 'shopbrasil_panorama_precos', 'buscar_produtos', 'scheduled__2026-06-28T09:00:00+00:00', '--job-id', '755', '--raw', '--subdir', 'DAGS_FOLDER/shopbrasil_panorama_precos.py', '--cfg-path', '/tmp/tmpiahwl2cb']
[2026-06-28T16:15:33.181+0000] {standard_task_runner.py:91} INFO - Job 755: Subtask buscar_produtos
[2026-06-28T16:15:33.247+0000] {task_command.py:426} INFO - Running <TaskInstance: shopbrasil_panorama_precos.buscar_produtos scheduled__2026-06-28T09:00:00+00:00 [running]> on host cc8c651b391b
[2026-06-28T16:15:33.532+0000] {taskinstance.py:2648} INFO - Exporting env vars: AIRFLOW_CTX_DAG_OWNER='shopbrasil_data' AIRFLOW_CTX_DAG_ID='shopbrasil_panorama_precos' AIRFLOW_CTX_TASK_ID='buscar_produtos' AIRFLOW_CTX_EXECUTION_DATE='2026-06-28T09:00:00+00:00' AIRFLOW_CTX_TRY_NUMBER='1' AIRFLOW_CTX_DAG_RUN_ID='scheduled__2026-06-28T09:00:00+00:00'
[2026-06-28T16:15:33.533+0000] {taskinstance.py:430} INFO - ::endgroup::
[2026-06-28T16:15:33.533+0000] {shopbrasil_panorama_precos.py:131} INFO - Buscando produtos na FakeStore API: https://fakestoreapi.com/products
[2026-06-28T16:15:34.722+0000] {shopbrasil_panorama_precos.py:146} INFO - ✓ produto id=1 — categoria=men's clothing — preço=109.95
[2026-06-28T16:15:34.723+0000] {shopbrasil_panorama_precos.py:146} INFO - ✓ produto id=2 — categoria=men's clothing — preço=22.30
[2026-06-28T16:15:34.723+0000] {shopbrasil_panorama_precos.py:146} INFO - ✓ produto id=3 — categoria=men's clothing — preço=55.99
[2026-06-28T16:15:34.723+0000] {shopbrasil_panorama_precos.py:146} INFO - ✓ produto id=4 — categoria=men's clothing — preço=15.99
[2026-06-28T16:15:34.723+0000] {shopbrasil_panorama_precos.py:146} INFO - ✓ produto id=5 — categoria=jewelery — preço=695.00
[2026-06-28T16:15:34.723+0000] {shopbrasil_panorama_precos.py:146} INFO - ✓ produto id=6 — categoria=jewelery — preço=168.00
[2026-06-28T16:15:34.723+0000] {shopbrasil_panorama_precos.py:146} INFO - ✓ produto id=7 — categoria=jewelery — preço=9.99
[2026-06-28T16:15:34.723+0000] {shopbrasil_panorama_precos.py:146} INFO - ✓ produto id=8 — categoria=jewelery — preço=10.99
[2026-06-28T16:15:34.723+0000] {shopbrasil_panorama_precos.py:146} INFO - ✓ produto id=9 — categoria=electronics — preço=64.00
[2026-06-28T16:15:34.723+0000] {shopbrasil_panorama_precos.py:146} INFO - ✓ produto id=10 — categoria=electronics — preço=109.00
[2026-06-28T16:15:34.723+0000] {shopbrasil_panorama_precos.py:146} INFO - ✓ produto id=11 — categoria=electronics — preço=109.00
[2026-06-28T16:15:34.723+0000] {shopbrasil_panorama_precos.py:146} INFO - ✓ produto id=12 — categoria=electronics — preço=114.00
[2026-06-28T16:15:34.723+0000] {shopbrasil_panorama_precos.py:146} INFO - ✓ produto id=13 — categoria=electronics — preço=599.00
[2026-06-28T16:15:34.724+0000] {shopbrasil_panorama_precos.py:146} INFO - ✓ produto id=14 — categoria=electronics — preço=999.99
[2026-06-28T16:15:34.724+0000] {shopbrasil_panorama_precos.py:146} INFO - ✓ produto id=15 — categoria=women's clothing — preço=56.99
[2026-06-28T16:15:34.724+0000] {shopbrasil_panorama_precos.py:146} INFO - ✓ produto id=16 — categoria=women's clothing — preço=29.95
[2026-06-28T16:15:34.724+0000] {shopbrasil_panorama_precos.py:146} INFO - ✓ produto id=17 — categoria=women's clothing — preço=39.99
[2026-06-28T16:15:34.724+0000] {shopbrasil_panorama_precos.py:146} INFO - ✓ produto id=18 — categoria=women's clothing — preço=9.85
[2026-06-28T16:15:34.724+0000] {shopbrasil_panorama_precos.py:146} INFO - ✓ produto id=19 — categoria=women's clothing — preço=7.95
[2026-06-28T16:15:34.724+0000] {shopbrasil_panorama_precos.py:146} INFO - ✓ produto id=20 — categoria=women's clothing — preço=12.99
[2026-06-28T16:15:34.724+0000] {shopbrasil_panorama_precos.py:153} INFO - Total de produtos coletados: 20
[2026-06-28T16:15:34.724+0000] {python.py:237} INFO - Done. Returned value was: [{'id': 1, 'price': 109.95, 'category': "men's clothing"}, {'id': 2, 'price': 22.3, 'category': "men's clothing"}, {'id': 3, 'price': 55.99, 'category': "men's clothing"}, {'id': 4, 'price': 15.99, 'category': "men's clothing"}, {'id': 5, 'price': 695.0, 'category': 'jewelery'}, {'id': 6, 'price': 168.0, 'category': 'jewelery'}, {'id': 7, 'price': 9.99, 'category': 'jewelery'}, {'id': 8, 'price': 10.99, 'category': 'jewelery'}, {'id': 9, 'price': 64.0, 'category': 'electronics'}, {'id': 10, 'price': 109.0, 'category': 'electronics'}, {'id': 11, 'price': 109.0, 'category': 'electronics'}, {'id': 12, 'price': 114.0, 'category': 'electronics'}, {'id': 13, 'price': 599.0, 'category': 'electronics'}, {'id': 14, 'price': 999.99, 'category': 'electronics'}, {'id': 15, 'price': 56.99, 'category': "women's clothing"}, {'id': 16, 'price': 29.95, 'category': "women's clothing"}, {'id': 17, 'price': 39.99, 'category': "women's clothing"}, {'id': 18, 'price': 9.85, 'category': "women's clothing"}, {'id': 19, 'price': 7.95, 'category': "women's clothing"}, {'id': 20, 'price': 12.99, 'category': "women's clothing"}]
[2026-06-28T16:15:34.725+0000] {taskinstance.py:441} INFO - ::group::Post task execution logs
[2026-06-28T16:15:34.770+0000] {taskinstance.py:1206} INFO - Marking task as SUCCESS. dag_id=shopbrasil_panorama_precos, task_id=buscar_produtos, run_id=scheduled__2026-06-28T09:00:00+00:00, execution_date=20260628T090000, start_date=20260628T161533, end_date=20260628T161534
[2026-06-28T16:15:34.835+0000] {local_task_job_runner.py:243} INFO - Task exited with return code 0
[2026-06-28T16:15:34.872+0000] {taskinstance.py:3503} INFO - 1 downstream tasks scheduled from follow-on schedule check
[2026-06-28T16:15:34.876+0000] {local_task_job_runner.py:222} INFO - ::endgroup::
