[2026-06-10T23:36:07.851+0000] {local_task_job_runner.py:120} INFO - ::group::Pre task execution logs
[2026-06-10T23:36:07.884+0000] {taskinstance.py:2076} INFO - Dependencies all met for dep_context=non-requeueable deps ti=<TaskInstance: clima_etl.verificar manual__2026-06-10T23:36:01.676481+00:00 [queued]>
[2026-06-10T23:36:07.889+0000] {taskinstance.py:2076} INFO - Dependencies all met for dep_context=requeueable deps ti=<TaskInstance: clima_etl.verificar manual__2026-06-10T23:36:01.676481+00:00 [queued]>
[2026-06-10T23:36:07.889+0000] {taskinstance.py:2306} INFO - Starting attempt 1 of 3
[2026-06-10T23:36:07.898+0000] {taskinstance.py:2330} INFO - Executing <Task(_PythonDecoratedOperator): verificar> on 2026-06-10 23:36:01.676481+00:00
[2026-06-10T23:36:07.904+0000] {standard_task_runner.py:64} INFO - Started process 15108 to run task
[2026-06-10T23:36:07.907+0000] {standard_task_runner.py:90} INFO - Running: ['***', 'tasks', 'run', 'clima_etl', 'verificar', 'manual__2026-06-10T23:36:01.676481+00:00', '--job-id', '2492', '--raw', '--subdir', 'DAGS_FOLDER/clima_etl.py', '--cfg-path', '/tmp/tmpbq_twgll']
[2026-06-10T23:36:07.909+0000] {standard_task_runner.py:91} INFO - Job 2492: Subtask verificar
[2026-06-10T23:36:07.989+0000] {task_command.py:426} INFO - Running <TaskInstance: clima_etl.verificar manual__2026-06-10T23:36:01.676481+00:00 [running]> on host 924392a8df6f
[2026-06-10T23:36:08.277+0000] {taskinstance.py:2648} INFO - Exporting env vars: AIRFLOW_CTX_DAG_OWNER='lab' AIRFLOW_CTX_DAG_ID='clima_etl' AIRFLOW_CTX_TASK_ID='verificar' AIRFLOW_CTX_EXECUTION_DATE='2026-06-10T23:36:01.676481+00:00' AIRFLOW_CTX_TRY_NUMBER='1' AIRFLOW_CTX_DAG_RUN_ID='manual__2026-06-10T23:36:01.676481+00:00'
[2026-06-10T23:36:08.278+0000] {taskinstance.py:430} INFO - ::endgroup::
[2026-06-10T23:36:08.303+0000] {base.py:84} INFO - Using connection ID 'postgres_lab' for task execution.
[2026-06-10T23:36:08.312+0000] {sql.py:495} INFO - Running statement: SELECT COUNT(*), ROUND(AVG(temperatura_c)::numeric, 2) FROM clima WHERE dag_run_id = %s, parameters: ('manual__2026-06-10T23:36:01.676481+00:00',)
[2026-06-10T23:36:08.315+0000] {sql.py:504} INFO - Rows affected: 1
[2026-06-10T23:36:08.317+0000] {clima_etl.py:256} INFO - === VERIFICAÇÃO ===
[2026-06-10T23:36:08.318+0000] {clima_etl.py:257} INFO - Registros na tabela para manual__2026-06-10T23:36:01.676481+00:00: 72 (esperado: 72)
[2026-06-10T23:36:08.319+0000] {clima_etl.py:258} INFO - Temperatura média geral: 20.08°C
[2026-06-10T23:36:08.320+0000] {clima_etl.py:265} INFO - ✓ Verificação OK!
[2026-06-10T23:36:08.320+0000] {python.py:237} INFO - Done. Returned value was: None
[2026-06-10T23:36:08.321+0000] {taskinstance.py:441} INFO - ::group::Post task execution logs
[2026-06-10T23:36:08.343+0000] {taskinstance.py:1206} INFO - Marking task as SUCCESS. dag_id=clima_etl, task_id=verificar, run_id=manual__2026-06-10T23:36:01.676481+00:00, execution_date=20260610T233601, start_date=20260610T233607, end_date=20260610T233608
[2026-06-10T23:36:08.401+0000] {local_task_job_runner.py:243} INFO - Task exited with return code 0
[2026-06-10T23:36:08.435+0000] {taskinstance.py:3503} INFO - 0 downstream tasks scheduled from follow-on schedule check
[2026-06-10T23:36:08.438+0000] {local_task_job_runner.py:222} INFO - ::endgroup::
