[2026-06-28T18:33:43.096+0000] {local_task_job_runner.py:120} INFO - ::group::Pre task execution logs
[2026-06-28T18:33:43.180+0000] {taskinstance.py:2076} INFO - Dependencies all met for dep_context=non-requeueable deps ti=<TaskInstance: shopbrasil_panorama_precos.calcular_metricas manual__2026-06-28T17:42:30.997049+00:00 map_index=2 [queued]>
[2026-06-28T18:33:43.205+0000] {taskinstance.py:2076} INFO - Dependencies all met for dep_context=requeueable deps ti=<TaskInstance: shopbrasil_panorama_precos.calcular_metricas manual__2026-06-28T17:42:30.997049+00:00 map_index=2 [queued]>
[2026-06-28T18:33:43.205+0000] {taskinstance.py:2306} INFO - Starting attempt 1 of 4
[2026-06-28T18:33:43.233+0000] {taskinstance.py:2330} INFO - Executing <Mapped(_PythonDecoratedOperator): calcular_metricas> on 2026-06-28 17:42:30.997049+00:00
[2026-06-28T18:33:43.239+0000] {standard_task_runner.py:64} INFO - Started process 23352 to run task
[2026-06-28T18:33:43.257+0000] {standard_task_runner.py:90} INFO - Running: ['***', 'tasks', 'run', 'shopbrasil_panorama_precos', 'calcular_metricas', 'manual__2026-06-28T17:42:30.997049+00:00', '--job-id', '774', '--raw', '--subdir', 'DAGS_FOLDER/shopbrasil_panorama_precos.py', '--cfg-path', '/tmp/tmp8oer3ipi', '--map-index', '2']
[2026-06-28T18:33:43.258+0000] {standard_task_runner.py:91} INFO - Job 774: Subtask calcular_metricas
[2026-06-28T18:33:43.433+0000] {task_command.py:426} INFO - Running <TaskInstance: shopbrasil_panorama_precos.calcular_metricas manual__2026-06-28T17:42:30.997049+00:00 map_index=2 [running]> on host cc8c651b391b
[2026-06-28T18:33:43.993+0000] {taskinstance.py:2648} INFO - Exporting env vars: AIRFLOW_CTX_DAG_OWNER='shopbrasil_data' AIRFLOW_CTX_DAG_ID='shopbrasil_panorama_precos' AIRFLOW_CTX_TASK_ID='calcular_metricas' AIRFLOW_CTX_EXECUTION_DATE='2026-06-28T17:42:30.997049+00:00' AIRFLOW_CTX_TRY_NUMBER='1' AIRFLOW_CTX_DAG_RUN_ID='manual__2026-06-28T17:42:30.997049+00:00'
[2026-06-28T18:33:43.994+0000] {taskinstance.py:430} INFO - ::endgroup::
[2026-06-28T18:33:43.994+0000] {taskinstance.py:441} INFO - ::group::Post task execution logs
[2026-06-28T18:33:43.995+0000] {taskinstance.py:2905} ERROR - Task failed with exception
Traceback (most recent call last):
  File "/home/airflow/.local/lib/python3.11/site-packages/airflow/models/taskinstance.py", line 460, in _execute_task
    result = _execute_callable(context=context, **execute_callable_kwargs)
             ^^^^^^^^^^^^^^^^^^^^^^^^^^^^^^^^^^^^^^^^^^^^^^^^^^^^^^^^^^^^^
  File "/home/airflow/.local/lib/python3.11/site-packages/airflow/models/taskinstance.py", line 432, in _execute_callable
    return execute_callable(context=context, **execute_callable_kwargs)
           ^^^^^^^^^^^^^^^^^^^^^^^^^^^^^^^^^^^^^^^^^^^^^^^^^^^^^^^^^^^^
  File "/home/airflow/.local/lib/python3.11/site-packages/airflow/models/baseoperator.py", line 401, in wrapper
    return func(self, *args, **kwargs)
           ^^^^^^^^^^^^^^^^^^^^^^^^^^^
  File "/home/airflow/.local/lib/python3.11/site-packages/airflow/decorators/base.py", line 265, in execute
    return_value = super().execute(context)
                   ^^^^^^^^^^^^^^^^^^^^^^^^
  File "/home/airflow/.local/lib/python3.11/site-packages/airflow/models/baseoperator.py", line 401, in wrapper
    return func(self, *args, **kwargs)
           ^^^^^^^^^^^^^^^^^^^^^^^^^^^
  File "/home/airflow/.local/lib/python3.11/site-packages/airflow/operators/python.py", line 235, in execute
    return_value = self.execute_callable()
                   ^^^^^^^^^^^^^^^^^^^^^^^
  File "/home/airflow/.local/lib/python3.11/site-packages/airflow/operators/python.py", line 252, in execute_callable
    return self.python_callable(*self.op_args, **self.op_kwargs)
           ^^^^^^^^^^^^^^^^^^^^^^^^^^^^^^^^^^^^^^^^^^^^^^^^^^^^^
  File "/opt/airflow/dags/shopbrasil_panorama_precos.py", line 248, in calcular_metricas
    raise NotImplementedError("calcular_metricas — aguardando implementação")
NotImplementedError: calcular_metricas — aguardando implementação
[2026-06-28T18:33:44.009+0000] {taskinstance.py:1206} INFO - Marking task as UP_FOR_RETRY. dag_id=shopbrasil_panorama_precos, task_id=calcular_metricas, run_id=manual__2026-06-28T17:42:30.997049+00:00, map_index=2, execution_date=20260628T174230, start_date=20260628T183343, end_date=20260628T183344
[2026-06-28T18:33:44.035+0000] {standard_task_runner.py:110} ERROR - Failed to execute job 774 for task calcular_metricas (calcular_metricas — aguardando implementação; 23352)
[2026-06-28T18:33:44.047+0000] {local_task_job_runner.py:243} INFO - Task exited with return code 1
[2026-06-28T18:33:44.095+0000] {taskinstance.py:3503} INFO - 0 downstream tasks scheduled from follow-on schedule check
[2026-06-28T18:33:44.100+0000] {local_task_job_runner.py:222} INFO - ::endgroup::
