[2026-06-10T22:10:01.563+0000] {local_task_job_runner.py:120} INFO - ::group::Pre task execution logs
[2026-06-10T22:10:01.685+0000] {taskinstance.py:2076} INFO - Dependencies all met for dep_context=non-requeueable deps ti=<TaskInstance: pipeline_clima_monolitico.fetch_belo_horizonte scheduled__2024-01-26T00:00:00+00:00 [queued]>
[2026-06-10T22:10:01.716+0000] {taskinstance.py:2076} INFO - Dependencies all met for dep_context=requeueable deps ti=<TaskInstance: pipeline_clima_monolitico.fetch_belo_horizonte scheduled__2024-01-26T00:00:00+00:00 [queued]>
[2026-06-10T22:10:01.717+0000] {taskinstance.py:2306} INFO - Starting attempt 1 of 1
[2026-06-10T22:10:01.761+0000] {taskinstance.py:2330} INFO - Executing <Task(_PythonDecoratedOperator): fetch_belo_horizonte> on 2024-01-26 00:00:00+00:00
[2026-06-10T22:10:01.779+0000] {standard_task_runner.py:64} INFO - Started process 1200 to run task
[2026-06-10T22:10:01.794+0000] {standard_task_runner.py:90} INFO - Running: ['***', 'tasks', 'run', 'pipeline_clima_monolitico', 'fetch_belo_horizonte', 'scheduled__2024-01-26T00:00:00+00:00', '--job-id', '197', '--raw', '--subdir', 'DAGS_FOLDER/dag_monolitico.py', '--cfg-path', '/tmp/tmpobqn66y8']
[2026-06-10T22:10:01.798+0000] {standard_task_runner.py:91} INFO - Job 197: Subtask fetch_belo_horizonte
[2026-06-10T22:10:01.944+0000] {task_command.py:426} INFO - Running <TaskInstance: pipeline_clima_monolitico.fetch_belo_horizonte scheduled__2024-01-26T00:00:00+00:00 [running]> on host 924392a8df6f
[2026-06-10T22:10:02.174+0000] {taskinstance.py:2648} INFO - Exporting env vars: AIRFLOW_CTX_DAG_OWNER='data_team' AIRFLOW_CTX_DAG_ID='pipeline_clima_monolitico' AIRFLOW_CTX_TASK_ID='fetch_belo_horizonte' AIRFLOW_CTX_EXECUTION_DATE='2024-01-26T00:00:00+00:00' AIRFLOW_CTX_TRY_NUMBER='1' AIRFLOW_CTX_DAG_RUN_ID='scheduled__2024-01-26T00:00:00+00:00'
[2026-06-10T22:10:02.176+0000] {taskinstance.py:430} INFO - ::endgroup::
[2026-06-10T22:10:02.934+0000] {taskinstance.py:441} INFO - ::group::Post task execution logs
[2026-06-10T22:10:02.935+0000] {taskinstance.py:2905} ERROR - Task failed with exception
Traceback (most recent call last):
  File "/home/airflow/.local/lib/python3.11/site-packages/airflow/models/taskinstance.py", line 465, in _execute_task
    result = _execute_callable(context=context, **execute_callable_kwargs)
             ^^^^^^^^^^^^^^^^^^^^^^^^^^^^^^^^^^^^^^^^^^^^^^^^^^^^^^^^^^^^^
  File "/home/airflow/.local/lib/python3.11/site-packages/airflow/models/taskinstance.py", line 432, in _execute_callable
    return execute_callable(context=context, **execute_callable_kwargs)
           ^^^^^^^^^^^^^^^^^^^^^^^^^^^^^^^^^^^^^^^^^^^^^^^^^^^^^^^^^^^^
  File "/home/airflow/.local/lib/python3.11/site-packages/airflow/models/baseoperator.py", line 401, in wrapper
    return func(self, *args, **kwargs)
           ^^^^^^^^^^^^^^^^^^^^^^^^^^^
  File "/home/airflow/.local/lib/python3.11/site-packages/airflow/decorators/base.py", line 265, in execute
    return_value = super().execute(context)
                   ^^^^^^^^^^^^^^^^^^^^^^^^
  File "/home/airflow/.local/lib/python3.11/site-packages/airflow/models/baseoperator.py", line 401, in wrapper
    return func(self, *args, **kwargs)
           ^^^^^^^^^^^^^^^^^^^^^^^^^^^
  File "/home/airflow/.local/lib/python3.11/site-packages/airflow/operators/python.py", line 235, in execute
    return_value = self.execute_callable()
                   ^^^^^^^^^^^^^^^^^^^^^^^
  File "/home/airflow/.local/lib/python3.11/site-packages/airflow/operators/python.py", line 252, in execute_callable
    return self.python_callable(*self.op_args, **self.op_kwargs)
           ^^^^^^^^^^^^^^^^^^^^^^^^^^^^^^^^^^^^^^^^^^^^^^^^^^^^^
  File "/opt/airflow/dags/dag_monolitico.py", line 67, in fetch_belo_horizonte
    response.raise_for_status()
  File "/home/airflow/.local/lib/python3.11/site-packages/requests/models.py", line 1024, in raise_for_status
    raise HTTPError(http_error_msg, response=self)
requests.exceptions.HTTPError: 429 Client Error: Too Many Requests for url: https://api.open-meteo.com/v1/forecast?latitude=-19.8267&longitude=-43.9345&hourly=temperature_2m%2Cprecipitation&forecast_days=1
[2026-06-10T22:10:02.949+0000] {taskinstance.py:1206} INFO - Marking task as FAILED. dag_id=pipeline_clima_monolitico, task_id=fetch_belo_horizonte, run_id=scheduled__2024-01-26T00:00:00+00:00, execution_date=20240126T000000, start_date=20260610T221001, end_date=20260610T221002
[2026-06-10T22:10:02.962+0000] {standard_task_runner.py:110} ERROR - Failed to execute job 197 for task fetch_belo_horizonte (429 Client Error: Too Many Requests for url: https://api.open-meteo.com/v1/forecast?latitude=-19.8267&longitude=-43.9345&hourly=temperature_2m%2Cprecipitation&forecast_days=1; 1200)
[2026-06-10T22:10:02.975+0000] {local_task_job_runner.py:243} INFO - Task exited with return code 1
[2026-06-10T22:10:03.018+0000] {taskinstance.py:3503} INFO - 0 downstream tasks scheduled from follow-on schedule check
[2026-06-10T22:10:03.023+0000] {local_task_job_runner.py:222} INFO - ::endgroup::
