[2026-06-10T22:10:07.626+0000] {local_task_job_runner.py:120} INFO - ::group::Pre task execution logs
[2026-06-10T22:10:07.684+0000] {taskinstance.py:2076} INFO - Dependencies all met for dep_context=non-requeueable deps ti=<TaskInstance: pipeline_clima_monolitico.fetch_sao_paulo scheduled__2024-02-02T00:00:00+00:00 [queued]>
[2026-06-10T22:10:07.693+0000] {taskinstance.py:2076} INFO - Dependencies all met for dep_context=requeueable deps ti=<TaskInstance: pipeline_clima_monolitico.fetch_sao_paulo scheduled__2024-02-02T00:00:00+00:00 [queued]>
[2026-06-10T22:10:07.693+0000] {taskinstance.py:2306} INFO - Starting attempt 1 of 1
[2026-06-10T22:10:07.706+0000] {taskinstance.py:2330} INFO - Executing <Task(_PythonDecoratedOperator): fetch_sao_paulo> on 2024-02-02 00:00:00+00:00
[2026-06-10T22:10:07.713+0000] {standard_task_runner.py:64} INFO - Started process 1257 to run task
[2026-06-10T22:10:07.716+0000] {standard_task_runner.py:90} INFO - Running: ['***', 'tasks', 'run', 'pipeline_clima_monolitico', 'fetch_sao_paulo', 'scheduled__2024-02-02T00:00:00+00:00', '--job-id', '220', '--raw', '--subdir', 'DAGS_FOLDER/dag_monolitico.py', '--cfg-path', '/tmp/tmpl2e8wa0a']
[2026-06-10T22:10:07.718+0000] {standard_task_runner.py:91} INFO - Job 220: Subtask fetch_sao_paulo
[2026-06-10T22:10:07.789+0000] {task_command.py:426} INFO - Running <TaskInstance: pipeline_clima_monolitico.fetch_sao_paulo scheduled__2024-02-02T00:00:00+00:00 [running]> on host 924392a8df6f
[2026-06-10T22:10:07.910+0000] {taskinstance.py:2648} INFO - Exporting env vars: AIRFLOW_CTX_DAG_OWNER='data_team' AIRFLOW_CTX_DAG_ID='pipeline_clima_monolitico' AIRFLOW_CTX_TASK_ID='fetch_sao_paulo' AIRFLOW_CTX_EXECUTION_DATE='2024-02-02T00:00:00+00:00' AIRFLOW_CTX_TRY_NUMBER='1' AIRFLOW_CTX_DAG_RUN_ID='scheduled__2024-02-02T00:00:00+00:00'
[2026-06-10T22:10:07.912+0000] {taskinstance.py:430} INFO - ::endgroup::
[2026-06-10T22:10:08.668+0000] {taskinstance.py:441} INFO - ::group::Post task execution logs
[2026-06-10T22:10:08.669+0000] {taskinstance.py:2905} ERROR - Task failed with exception
Traceback (most recent call last):
  File "/home/airflow/.local/lib/python3.11/site-packages/airflow/models/taskinstance.py", line 465, in _execute_task
    result = _execute_callable(context=context, **execute_callable_kwargs)
             ^^^^^^^^^^^^^^^^^^^^^^^^^^^^^^^^^^^^^^^^^^^^^^^^^^^^^^^^^^^^^
  File "/home/airflow/.local/lib/python3.11/site-packages/airflow/models/taskinstance.py", line 432, in _execute_callable
    return execute_callable(context=context, **execute_callable_kwargs)
           ^^^^^^^^^^^^^^^^^^^^^^^^^^^^^^^^^^^^^^^^^^^^^^^^^^^^^^^^^^^^
  File "/home/airflow/.local/lib/python3.11/site-packages/airflow/models/baseoperator.py", line 401, in wrapper
    return func(self, *args, **kwargs)
           ^^^^^^^^^^^^^^^^^^^^^^^^^^^
  File "/home/airflow/.local/lib/python3.11/site-packages/airflow/decorators/base.py", line 265, in execute
    return_value = super().execute(context)
                   ^^^^^^^^^^^^^^^^^^^^^^^^
  File "/home/airflow/.local/lib/python3.11/site-packages/airflow/models/baseoperator.py", line 401, in wrapper
    return func(self, *args, **kwargs)
           ^^^^^^^^^^^^^^^^^^^^^^^^^^^
  File "/home/airflow/.local/lib/python3.11/site-packages/airflow/operators/python.py", line 235, in execute
    return_value = self.execute_callable()
                   ^^^^^^^^^^^^^^^^^^^^^^^
  File "/home/airflow/.local/lib/python3.11/site-packages/airflow/operators/python.py", line 252, in execute_callable
    return self.python_callable(*self.op_args, **self.op_kwargs)
           ^^^^^^^^^^^^^^^^^^^^^^^^^^^^^^^^^^^^^^^^^^^^^^^^^^^^^
  File "/opt/airflow/dags/dag_monolitico.py", line 39, in fetch_sao_paulo
    response.raise_for_status()
  File "/home/airflow/.local/lib/python3.11/site-packages/requests/models.py", line 1024, in raise_for_status
    raise HTTPError(http_error_msg, response=self)
requests.exceptions.HTTPError: 429 Client Error: Too Many Requests for url: https://api.open-meteo.com/v1/forecast?latitude=-23.5505&longitude=-46.6333&hourly=temperature_2m%2Cprecipitation&forecast_days=1
[2026-06-10T22:10:08.682+0000] {taskinstance.py:1206} INFO - Marking task as FAILED. dag_id=pipeline_clima_monolitico, task_id=fetch_sao_paulo, run_id=scheduled__2024-02-02T00:00:00+00:00, execution_date=20240202T000000, start_date=20260610T221007, end_date=20260610T221008
[2026-06-10T22:10:08.696+0000] {standard_task_runner.py:110} ERROR - Failed to execute job 220 for task fetch_sao_paulo (429 Client Error: Too Many Requests for url: https://api.open-meteo.com/v1/forecast?latitude=-23.5505&longitude=-46.6333&hourly=temperature_2m%2Cprecipitation&forecast_days=1; 1257)
[2026-06-10T22:10:08.731+0000] {local_task_job_runner.py:243} INFO - Task exited with return code 1
[2026-06-10T22:10:08.745+0000] {local_task_job_runner.py:222} INFO - ::endgroup::
