[2026-06-10T22:50:01.265+0000] {local_task_job_runner.py:120} INFO - ::group::Pre task execution logs
[2026-06-10T22:50:01.381+0000] {taskinstance.py:2076} INFO - Dependencies all met for dep_context=non-requeueable deps ti=<TaskInstance: pipeline_clima_monolitico.fetch_rio_de_janeiro scheduled__2024-06-07T00:00:00+00:00 [queued]>
[2026-06-10T22:50:01.410+0000] {taskinstance.py:2076} INFO - Dependencies all met for dep_context=requeueable deps ti=<TaskInstance: pipeline_clima_monolitico.fetch_rio_de_janeiro scheduled__2024-06-07T00:00:00+00:00 [queued]>
[2026-06-10T22:50:01.411+0000] {taskinstance.py:2306} INFO - Starting attempt 1 of 1
[2026-06-10T22:50:01.449+0000] {taskinstance.py:2330} INFO - Executing <Task(_PythonDecoratedOperator): fetch_rio_de_janeiro> on 2024-06-07 00:00:00+00:00
[2026-06-10T22:50:01.491+0000] {standard_task_runner.py:64} INFO - Started process 7800 to run task
[2026-06-10T22:50:01.495+0000] {standard_task_runner.py:90} INFO - Running: ['***', 'tasks', 'run', 'pipeline_clima_monolitico', 'fetch_rio_de_janeiro', 'scheduled__2024-06-07T00:00:00+00:00', '--job-id', '1302', '--raw', '--subdir', 'DAGS_FOLDER/dag_monolitico.py', '--cfg-path', '/tmp/tmpx203fnj0']
[2026-06-10T22:50:01.500+0000] {standard_task_runner.py:91} INFO - Job 1302: Subtask fetch_rio_de_janeiro
[2026-06-10T22:50:01.642+0000] {task_command.py:426} INFO - Running <TaskInstance: pipeline_clima_monolitico.fetch_rio_de_janeiro scheduled__2024-06-07T00:00:00+00:00 [running]> on host 924392a8df6f
[2026-06-10T22:50:01.804+0000] {taskinstance.py:2648} INFO - Exporting env vars: AIRFLOW_CTX_DAG_OWNER='data_team' AIRFLOW_CTX_DAG_ID='pipeline_clima_monolitico' AIRFLOW_CTX_TASK_ID='fetch_rio_de_janeiro' AIRFLOW_CTX_EXECUTION_DATE='2024-06-07T00:00:00+00:00' AIRFLOW_CTX_TRY_NUMBER='1' AIRFLOW_CTX_DAG_RUN_ID='scheduled__2024-06-07T00:00:00+00:00'
[2026-06-10T22:50:01.806+0000] {taskinstance.py:430} INFO - ::endgroup::
[2026-06-10T22:50:02.553+0000] {taskinstance.py:441} INFO - ::group::Post task execution logs
[2026-06-10T22:50:02.553+0000] {taskinstance.py:2905} ERROR - Task failed with exception
Traceback (most recent call last):
  File "/home/airflow/.local/lib/python3.11/site-packages/airflow/models/taskinstance.py", line 465, in _execute_task
    result = _execute_callable(context=context, **execute_callable_kwargs)
             ^^^^^^^^^^^^^^^^^^^^^^^^^^^^^^^^^^^^^^^^^^^^^^^^^^^^^^^^^^^^^
  File "/home/airflow/.local/lib/python3.11/site-packages/airflow/models/taskinstance.py", line 432, in _execute_callable
    return execute_callable(context=context, **execute_callable_kwargs)
           ^^^^^^^^^^^^^^^^^^^^^^^^^^^^^^^^^^^^^^^^^^^^^^^^^^^^^^^^^^^^
  File "/home/airflow/.local/lib/python3.11/site-packages/airflow/models/baseoperator.py", line 401, in wrapper
    return func(self, *args, **kwargs)
           ^^^^^^^^^^^^^^^^^^^^^^^^^^^
  File "/home/airflow/.local/lib/python3.11/site-packages/airflow/decorators/base.py", line 265, in execute
    return_value = super().execute(context)
                   ^^^^^^^^^^^^^^^^^^^^^^^^
  File "/home/airflow/.local/lib/python3.11/site-packages/airflow/models/baseoperator.py", line 401, in wrapper
    return func(self, *args, **kwargs)
           ^^^^^^^^^^^^^^^^^^^^^^^^^^^
  File "/home/airflow/.local/lib/python3.11/site-packages/airflow/operators/python.py", line 235, in execute
    return_value = self.execute_callable()
                   ^^^^^^^^^^^^^^^^^^^^^^^
  File "/home/airflow/.local/lib/python3.11/site-packages/airflow/operators/python.py", line 252, in execute_callable
    return self.python_callable(*self.op_args, **self.op_kwargs)
           ^^^^^^^^^^^^^^^^^^^^^^^^^^^^^^^^^^^^^^^^^^^^^^^^^^^^^
  File "/opt/airflow/dags/dag_monolitico.py", line 53, in fetch_rio_de_janeiro
    response.raise_for_status()
  File "/home/airflow/.local/lib/python3.11/site-packages/requests/models.py", line 1024, in raise_for_status
    raise HTTPError(http_error_msg, response=self)
requests.exceptions.HTTPError: 429 Client Error: Too Many Requests for url: https://api.open-meteo.com/v1/forecast?latitude=-22.9068&longitude=-43.1729&hourly=temperature_2m%2Cprecipitation&forecast_days=1
[2026-06-10T22:50:02.569+0000] {taskinstance.py:1206} INFO - Marking task as FAILED. dag_id=pipeline_clima_monolitico, task_id=fetch_rio_de_janeiro, run_id=scheduled__2024-06-07T00:00:00+00:00, execution_date=20240607T000000, start_date=20260610T225001, end_date=20260610T225002
[2026-06-10T22:50:02.587+0000] {standard_task_runner.py:110} ERROR - Failed to execute job 1302 for task fetch_rio_de_janeiro (429 Client Error: Too Many Requests for url: https://api.open-meteo.com/v1/forecast?latitude=-22.9068&longitude=-43.1729&hourly=temperature_2m%2Cprecipitation&forecast_days=1; 7800)
[2026-06-10T22:50:02.633+0000] {local_task_job_runner.py:243} INFO - Task exited with return code 1
[2026-06-10T22:50:02.673+0000] {taskinstance.py:3503} INFO - 0 downstream tasks scheduled from follow-on schedule check
[2026-06-10T22:50:02.680+0000] {local_task_job_runner.py:222} INFO - ::endgroup::
