[2026-06-28T19:06:49.130+0000] {local_task_job_runner.py:120} INFO - ::group::Pre task execution logs
[2026-06-28T19:06:49.184+0000] {taskinstance.py:2076} INFO - Dependencies all met for dep_context=non-requeueable deps ti=<TaskInstance: shopbrasil_panorama_precos.analise.verificar manual__2026-06-28T19:06:36.508370+00:00 [queued]>
[2026-06-28T19:06:49.202+0000] {taskinstance.py:2076} INFO - Dependencies all met for dep_context=requeueable deps ti=<TaskInstance: shopbrasil_panorama_precos.analise.verificar manual__2026-06-28T19:06:36.508370+00:00 [queued]>
[2026-06-28T19:06:49.202+0000] {taskinstance.py:2306} INFO - Starting attempt 1 of 4
[2026-06-28T19:06:49.222+0000] {taskinstance.py:2330} INFO - Executing <Task(_PythonDecoratedOperator): analise.verificar> on 2026-06-28 19:06:36.508370+00:00
[2026-06-28T19:06:49.227+0000] {standard_task_runner.py:64} INFO - Started process 27375 to run task
[2026-06-28T19:06:49.234+0000] {standard_task_runner.py:90} INFO - Running: ['***', 'tasks', 'run', 'shopbrasil_panorama_precos', 'analise.verificar', 'manual__2026-06-28T19:06:36.508370+00:00', '--job-id', '852', '--raw', '--subdir', 'DAGS_FOLDER/shopbrasil_panorama_precos.py', '--cfg-path', '/tmp/tmpygvc_5_2']
[2026-06-28T19:06:49.235+0000] {standard_task_runner.py:91} INFO - Job 852: Subtask analise.verificar
[2026-06-28T19:06:49.341+0000] {task_command.py:426} INFO - Running <TaskInstance: shopbrasil_panorama_precos.analise.verificar manual__2026-06-28T19:06:36.508370+00:00 [running]> on host cc8c651b391b
[2026-06-28T19:06:49.652+0000] {taskinstance.py:2648} INFO - Exporting env vars: AIRFLOW_CTX_DAG_OWNER='shopbrasil_data' AIRFLOW_CTX_DAG_ID='shopbrasil_panorama_precos' AIRFLOW_CTX_TASK_ID='analise.verificar' AIRFLOW_CTX_EXECUTION_DATE='2026-06-28T19:06:36.508370+00:00' AIRFLOW_CTX_TRY_NUMBER='1' AIRFLOW_CTX_DAG_RUN_ID='manual__2026-06-28T19:06:36.508370+00:00'
[2026-06-28T19:06:49.653+0000] {taskinstance.py:430} INFO - ::endgroup::
[2026-06-28T19:06:49.704+0000] {base.py:84} INFO - Using connection ID 'postgres_lab' for task execution.
[2026-06-28T19:06:49.715+0000] {sql.py:495} INFO - Running statement: 
        SELECT COUNT(*)
        FROM precos_categoria
        WHERE data_referencia = %s AND dag_run_id = %s
        , parameters: ('2026-06-28', 'manual__2026-06-28T19:06:36.508370+00:00')
[2026-06-28T19:06:49.719+0000] {sql.py:504} INFO - Rows affected: 1
[2026-06-28T19:06:49.720+0000] {load.py:140} INFO - === VERIFICAÇÃO SHOPBRASIL ===
[2026-06-28T19:06:49.720+0000] {load.py:141} INFO - Registros para 2026-06-28 (run manual__2026-06-28T19:06:36.508370+00:00): 4 (esperado: 4)
[2026-06-28T19:06:49.733+0000] {base.py:84} INFO - Using connection ID 'postgres_lab' for task execution.
[2026-06-28T19:06:49.740+0000] {sql.py:495} INFO - Running statement: 
        SELECT categoria, preco_medio, preco_min, preco_max, qtd_produtos
        FROM precos_categoria
        WHERE data_referencia = %s AND dag_run_id = %s
        ORDER BY categoria
        , parameters: ('2026-06-28', 'manual__2026-06-28T19:06:36.508370+00:00')
[2026-06-28T19:06:49.742+0000] {sql.py:504} INFO - Rows affected: 4
[2026-06-28T19:06:49.742+0000] {load.py:164} INFO -   electronics | médio=332.50 | min=64.00 | max=999.99 | qtd=6
[2026-06-28T19:06:49.743+0000] {load.py:164} INFO -   jewelery | médio=221.00 | min=9.99 | max=695.00 | qtd=4
[2026-06-28T19:06:49.743+0000] {load.py:164} INFO -   men's clothing | médio=51.06 | min=15.99 | max=109.95 | qtd=4
[2026-06-28T19:06:49.744+0000] {load.py:164} INFO -   women's clothing | médio=26.29 | min=7.95 | max=56.99 | qtd=6
[2026-06-28T19:06:49.744+0000] {load.py:173} INFO - ✓ Verificação OK — painel pronto para o time de pricing
[2026-06-28T19:06:49.744+0000] {python.py:237} INFO - Done. Returned value was: None
[2026-06-28T19:06:49.744+0000] {taskinstance.py:441} INFO - ::group::Post task execution logs
[2026-06-28T19:06:49.757+0000] {taskinstance.py:1206} INFO - Marking task as SUCCESS. dag_id=shopbrasil_panorama_precos, task_id=analise.verificar, run_id=manual__2026-06-28T19:06:36.508370+00:00, execution_date=20260628T190636, start_date=20260628T190649, end_date=20260628T190649
[2026-06-28T19:06:49.795+0000] {local_task_job_runner.py:243} INFO - Task exited with return code 0
[2026-06-28T19:06:49.819+0000] {taskinstance.py:3503} INFO - 0 downstream tasks scheduled from follow-on schedule check
[2026-06-28T19:06:49.822+0000] {local_task_job_runner.py:222} INFO - ::endgroup::
