[2026-06-28T18:39:20.718+0000] {local_task_job_runner.py:120} INFO - ::group::Pre task execution logs
[2026-06-28T18:39:20.788+0000] {taskinstance.py:2076} INFO - Dependencies all met for dep_context=non-requeueable deps ti=<TaskInstance: shopbrasil_panorama_precos.calcular_metricas manual__2026-06-28T18:33:37.649899+00:00 map_index=1 [queued]>
[2026-06-28T18:39:20.814+0000] {taskinstance.py:2066} INFO - Dependencies not met for <TaskInstance: shopbrasil_panorama_precos.calcular_metricas manual__2026-06-28T18:33:37.649899+00:00 map_index=1 [queued]>, dependency 'Pool Slots Available' FAILED: Not scheduling since there are 0 open slots in pool ecommerce_pool and require 1 pool slots
[2026-06-28T18:39:20.814+0000] {taskinstance.py:2291} WARNING - Rescheduling due to concurrency limits reached at task runtime. Attempt 2 of 4. State set to NONE.
[2026-06-28T18:39:20.833+0000] {local_task_job_runner.py:163} INFO - Task is not able to be run
[2026-06-28T18:39:22.886+0000] {local_task_job_runner.py:120} INFO - ::group::Pre task execution logs
[2026-06-28T18:39:22.954+0000] {taskinstance.py:2076} INFO - Dependencies all met for dep_context=non-requeueable deps ti=<TaskInstance: shopbrasil_panorama_precos.calcular_metricas manual__2026-06-28T18:33:37.649899+00:00 map_index=1 [queued]>
[2026-06-28T18:39:22.976+0000] {taskinstance.py:2076} INFO - Dependencies all met for dep_context=requeueable deps ti=<TaskInstance: shopbrasil_panorama_precos.calcular_metricas manual__2026-06-28T18:33:37.649899+00:00 map_index=1 [queued]>
[2026-06-28T18:39:22.976+0000] {taskinstance.py:2306} INFO - Starting attempt 2 of 4
[2026-06-28T18:39:23.011+0000] {taskinstance.py:2330} INFO - Executing <Mapped(_PythonDecoratedOperator): calcular_metricas> on 2026-06-28 18:33:37.649899+00:00
[2026-06-28T18:39:23.026+0000] {standard_task_runner.py:64} INFO - Started process 24046 to run task
[2026-06-28T18:39:23.025+0000] {standard_task_runner.py:90} INFO - Running: ['***', 'tasks', 'run', 'shopbrasil_panorama_precos', 'calcular_metricas', 'manual__2026-06-28T18:33:37.649899+00:00', '--job-id', '788', '--raw', '--subdir', 'DAGS_FOLDER/shopbrasil_panorama_precos.py', '--cfg-path', '/tmp/tmpvjlgtaay', '--map-index', '1']
[2026-06-28T18:39:23.028+0000] {standard_task_runner.py:91} INFO - Job 788: Subtask calcular_metricas
[2026-06-28T18:39:23.191+0000] {task_command.py:426} INFO - Running <TaskInstance: shopbrasil_panorama_precos.calcular_metricas manual__2026-06-28T18:33:37.649899+00:00 map_index=1 [running]> on host cc8c651b391b
[2026-06-28T18:39:23.605+0000] {taskinstance.py:2648} INFO - Exporting env vars: AIRFLOW_CTX_DAG_OWNER='shopbrasil_data' AIRFLOW_CTX_DAG_ID='shopbrasil_panorama_precos' AIRFLOW_CTX_TASK_ID='calcular_metricas' AIRFLOW_CTX_EXECUTION_DATE='2026-06-28T18:33:37.649899+00:00' AIRFLOW_CTX_TRY_NUMBER='2' AIRFLOW_CTX_DAG_RUN_ID='manual__2026-06-28T18:33:37.649899+00:00'
[2026-06-28T18:39:23.606+0000] {taskinstance.py:430} INFO - ::endgroup::
[2026-06-28T18:39:23.608+0000] {shopbrasil_panorama_precos.py:253} INFO - Calculando métricas — categoria=jewelery | pool=ecommerce_pool
[2026-06-28T18:39:23.608+0000] {transform.py:40} INFO - ✓ jewelery — médio=221.00 | min=9.99 | max=695.00 | qtd=4
[2026-06-28T18:39:23.608+0000] {python.py:237} INFO - Done. Returned value was: {'categoria': 'jewelery', 'preco_medio': 221.0, 'preco_min': 9.99, 'preco_max': 695.0, 'qtd_produtos': 4}
[2026-06-28T18:39:23.609+0000] {taskinstance.py:441} INFO - ::group::Post task execution logs
[2026-06-28T18:39:23.695+0000] {taskinstance.py:1206} INFO - Marking task as SUCCESS. dag_id=shopbrasil_panorama_precos, task_id=calcular_metricas, run_id=manual__2026-06-28T18:33:37.649899+00:00, map_index=1, execution_date=20260628T183337, start_date=20260628T183922, end_date=20260628T183923
[2026-06-28T18:39:23.805+0000] {local_task_job_runner.py:243} INFO - Task exited with return code 0
[2026-06-28T18:39:23.869+0000] {taskinstance.py:3503} INFO - 0 downstream tasks scheduled from follow-on schedule check
[2026-06-28T18:39:23.874+0000] {local_task_job_runner.py:222} INFO - ::endgroup::
